[2022-11-29 04:15:14,505] {taskinstance.py:1037} INFO - Dependencies all met for <TaskInstance: Covid_dags.creatableLoad manual__2022-11-29T04:15:05.851842+00:00 [queued]>
[2022-11-29 04:15:14,518] {taskinstance.py:1037} INFO - Dependencies all met for <TaskInstance: Covid_dags.creatableLoad manual__2022-11-29T04:15:05.851842+00:00 [queued]>
[2022-11-29 04:15:14,519] {taskinstance.py:1243} INFO - 
--------------------------------------------------------------------------------
[2022-11-29 04:15:14,519] {taskinstance.py:1244} INFO - Starting attempt 1 of 2
[2022-11-29 04:15:14,519] {taskinstance.py:1245} INFO - 
--------------------------------------------------------------------------------
[2022-11-29 04:15:14,532] {taskinstance.py:1264} INFO - Executing <Task(PythonOperator): creatableLoad> on 2022-11-29 04:15:05.851842+00:00
[2022-11-29 04:15:14,538] {standard_task_runner.py:52} INFO - Started process 5980 to run task
[2022-11-29 04:15:14,542] {standard_task_runner.py:76} INFO - Running: ['***', 'tasks', 'run', 'Covid_dags', 'creatableLoad', 'manual__2022-11-29T04:15:05.851842+00:00', '--job-id', '1043', '--raw', '--subdir', 'DAGS_FOLDER/dbtest.py', '--cfg-path', '/tmp/tmpqb37quq5', '--error-file', '/tmp/tmpidciioce']
[2022-11-29 04:15:14,543] {standard_task_runner.py:77} INFO - Job 1043: Subtask creatableLoad
[2022-11-29 04:15:14,602] {logging_mixin.py:109} INFO - Running <TaskInstance: Covid_dags.creatableLoad manual__2022-11-29T04:15:05.851842+00:00 [running]> on host acb48b0a6e0d
[2022-11-29 04:15:14,657] {taskinstance.py:1431} INFO - Exporting the following env vars:
AIRFLOW_CTX_DAG_OWNER=***
AIRFLOW_CTX_DAG_ID=Covid_dags
AIRFLOW_CTX_TASK_ID=creatableLoad
AIRFLOW_CTX_EXECUTION_DATE=2022-11-29T04:15:05.851842+00:00
AIRFLOW_CTX_DAG_RUN_ID=manual__2022-11-29T04:15:05.851842+00:00
[2022-11-29 04:15:14,804] {python.py:175} INFO - Done. Returned value was: None
[2022-11-29 04:15:14,812] {taskinstance.py:1282} INFO - Marking task as SUCCESS. dag_id=Covid_dags, task_id=creatableLoad, execution_date=20221129T041505, start_date=20221129T041514, end_date=20221129T041514
[2022-11-29 04:15:14,834] {local_task_job.py:154} INFO - Task exited with return code 0
[2022-11-29 04:15:14,856] {local_task_job.py:264} INFO - 0 downstream tasks scheduled from follow-on schedule check
