[2022-11-30 05:47:51,285] {taskinstance.py:1037} INFO - Dependencies all met for <TaskInstance: Covid_dags.transformData scheduled__2022-11-29T00:00:00+00:00 [queued]>
[2022-11-30 05:47:51,294] {taskinstance.py:1037} INFO - Dependencies all met for <TaskInstance: Covid_dags.transformData scheduled__2022-11-29T00:00:00+00:00 [queued]>
[2022-11-30 05:47:51,294] {taskinstance.py:1243} INFO - 
--------------------------------------------------------------------------------
[2022-11-30 05:47:51,295] {taskinstance.py:1244} INFO - Starting attempt 1 of 2
[2022-11-30 05:47:51,295] {taskinstance.py:1245} INFO - 
--------------------------------------------------------------------------------
[2022-11-30 05:47:51,304] {taskinstance.py:1264} INFO - Executing <Task(PythonOperator): transformData> on 2022-11-29 00:00:00+00:00
[2022-11-30 05:47:51,308] {standard_task_runner.py:52} INFO - Started process 5927 to run task
[2022-11-30 05:47:51,311] {standard_task_runner.py:76} INFO - Running: ['***', 'tasks', 'run', 'Covid_dags', 'transformData', 'scheduled__2022-11-29T00:00:00+00:00', '--job-id', '1402', '--raw', '--subdir', 'DAGS_FOLDER/covid.py', '--cfg-path', '/tmp/tmpjqd9z2ul', '--error-file', '/tmp/tmpml8jfswi']
[2022-11-30 05:47:51,311] {standard_task_runner.py:77} INFO - Job 1402: Subtask transformData
[2022-11-30 05:47:51,357] {logging_mixin.py:109} INFO - Running <TaskInstance: Covid_dags.transformData scheduled__2022-11-29T00:00:00+00:00 [running]> on host acb48b0a6e0d
[2022-11-30 05:47:51,399] {taskinstance.py:1431} INFO - Exporting the following env vars:
AIRFLOW_CTX_DAG_OWNER=***
AIRFLOW_CTX_DAG_ID=Covid_dags
AIRFLOW_CTX_TASK_ID=transformData
AIRFLOW_CTX_EXECUTION_DATE=2022-11-29T00:00:00+00:00
AIRFLOW_CTX_DAG_RUN_ID=scheduled__2022-11-29T00:00:00+00:00
[2022-11-30 05:47:51,468] {python.py:175} INFO - Done. Returned value was: None
[2022-11-30 05:47:51,478] {taskinstance.py:1282} INFO - Marking task as SUCCESS. dag_id=Covid_dags, task_id=transformData, execution_date=20221129T000000, start_date=20221130T054751, end_date=20221130T054751
[2022-11-30 05:47:51,523] {local_task_job.py:154} INFO - Task exited with return code 0
[2022-11-30 05:47:51,552] {local_task_job.py:264} INFO - 1 downstream tasks scheduled from follow-on schedule check
