[2022-11-28 18:45:43,744] {taskinstance.py:1031} INFO - Dependencies not met for <TaskInstance: hello_world_dag.hello_world_task scheduled__2022-11-28T18:24:00+00:00 [up_for_retry]>, dependency 'Not In Retry Period' FAILED: Task is not ready for retry yet but will be retried automatically. Current date is 2022-11-28T18:45:43.744152+00:00 and task will be retried at 2022-11-28T18:50:38.283408+00:00.
[2022-11-28 18:45:43,748] {local_task_job.py:99} INFO - Task is not able to be run
[2022-11-28 18:51:52,206] {taskinstance.py:1037} INFO - Dependencies all met for <TaskInstance: hello_world_dag.hello_world_task scheduled__2022-11-28T18:24:00+00:00 [queued]>
[2022-11-28 18:51:52,222] {taskinstance.py:1037} INFO - Dependencies all met for <TaskInstance: hello_world_dag.hello_world_task scheduled__2022-11-28T18:24:00+00:00 [queued]>
[2022-11-28 18:51:52,223] {taskinstance.py:1243} INFO - 
--------------------------------------------------------------------------------
[2022-11-28 18:51:52,223] {taskinstance.py:1244} INFO - Starting attempt 2 of 4
[2022-11-28 18:51:52,223] {taskinstance.py:1245} INFO - 
--------------------------------------------------------------------------------
[2022-11-28 18:51:52,242] {taskinstance.py:1264} INFO - Executing <Task(PythonOperator): hello_world_task> on 2022-11-28 18:24:00+00:00
[2022-11-28 18:51:52,247] {standard_task_runner.py:52} INFO - Started process 73 to run task
[2022-11-28 18:51:52,252] {standard_task_runner.py:76} INFO - Running: ['***', 'tasks', 'run', 'hello_world_dag', 'hello_world_task', 'scheduled__2022-11-28T18:24:00+00:00', '--job-id', '379', '--raw', '--subdir', 'DAGS_FOLDER/test.py', '--cfg-path', '/tmp/tmpfr0h8dj6', '--error-file', '/tmp/tmpqhhrs_vv']
[2022-11-28 18:51:52,253] {standard_task_runner.py:77} INFO - Job 379: Subtask hello_world_task
[2022-11-28 18:51:52,367] {logging_mixin.py:109} INFO - Running <TaskInstance: hello_world_dag.hello_world_task scheduled__2022-11-28T18:24:00+00:00 [running]> on host acb48b0a6e0d
[2022-11-28 18:51:52,454] {taskinstance.py:1431} INFO - Exporting the following env vars:
AIRFLOW_CTX_DAG_OWNER=Ranga
AIRFLOW_CTX_DAG_ID=hello_world_dag
AIRFLOW_CTX_TASK_ID=hello_world_task
AIRFLOW_CTX_EXECUTION_DATE=2022-11-28T18:24:00+00:00
AIRFLOW_CTX_DAG_RUN_ID=scheduled__2022-11-28T18:24:00+00:00
[2022-11-28 18:51:52,455] {python.py:175} INFO - Done. Returned value was: Hello World!
[2022-11-28 18:51:52,487] {taskinstance.py:1282} INFO - Marking task as SUCCESS. dag_id=hello_world_dag, task_id=hello_world_task, execution_date=20221128T182400, start_date=20221128T185152, end_date=20221128T185152
[2022-11-28 18:51:52,545] {local_task_job.py:154} INFO - Task exited with return code 0
[2022-11-28 18:51:52,621] {local_task_job.py:264} INFO - 1 downstream tasks scheduled from follow-on schedule check
