[2022-11-29 14:15:37,624] {taskinstance.py:1037} INFO - Dependencies all met for <TaskInstance: vaccine_dags.creatableLoad manual__2022-11-29T14:05:29.887577+00:00 [queued]>
[2022-11-29 14:15:37,632] {taskinstance.py:1037} INFO - Dependencies all met for <TaskInstance: vaccine_dags.creatableLoad manual__2022-11-29T14:05:29.887577+00:00 [queued]>
[2022-11-29 14:15:37,632] {taskinstance.py:1243} INFO - 
--------------------------------------------------------------------------------
[2022-11-29 14:15:37,632] {taskinstance.py:1244} INFO - Starting attempt 2 of 2
[2022-11-29 14:15:37,632] {taskinstance.py:1245} INFO - 
--------------------------------------------------------------------------------
[2022-11-29 14:15:37,641] {taskinstance.py:1264} INFO - Executing <Task(PythonOperator): creatableLoad> on 2022-11-29 14:05:29.887577+00:00
[2022-11-29 14:15:37,645] {standard_task_runner.py:52} INFO - Started process 1075 to run task
[2022-11-29 14:15:37,648] {standard_task_runner.py:76} INFO - Running: ['***', 'tasks', 'run', 'vaccine_dags', 'creatableLoad', 'manual__2022-11-29T14:05:29.887577+00:00', '--job-id', '1218', '--raw', '--subdir', 'DAGS_FOLDER/vaccine.py', '--cfg-path', '/tmp/tmp_1nkyb82', '--error-file', '/tmp/tmppse1jetg']
[2022-11-29 14:15:37,649] {standard_task_runner.py:77} INFO - Job 1218: Subtask creatableLoad
[2022-11-29 14:15:37,690] {logging_mixin.py:109} INFO - Running <TaskInstance: vaccine_dags.creatableLoad manual__2022-11-29T14:05:29.887577+00:00 [running]> on host acb48b0a6e0d
[2022-11-29 14:15:37,731] {taskinstance.py:1431} INFO - Exporting the following env vars:
AIRFLOW_CTX_DAG_OWNER=***
AIRFLOW_CTX_DAG_ID=vaccine_dags
AIRFLOW_CTX_TASK_ID=creatableLoad
AIRFLOW_CTX_EXECUTION_DATE=2022-11-29T14:05:29.887577+00:00
AIRFLOW_CTX_DAG_RUN_ID=manual__2022-11-29T14:05:29.887577+00:00
[2022-11-29 14:15:37,822] {python.py:175} INFO - Done. Returned value was: None
[2022-11-29 14:15:37,831] {taskinstance.py:1282} INFO - Marking task as SUCCESS. dag_id=vaccine_dags, task_id=creatableLoad, execution_date=20221129T140529, start_date=20221129T141537, end_date=20221129T141537
[2022-11-29 14:15:37,861] {local_task_job.py:154} INFO - Task exited with return code 0
[2022-11-29 14:15:37,881] {local_task_job.py:264} INFO - 0 downstream tasks scheduled from follow-on schedule check
