[2022-11-28 10:04:01,436] {taskinstance.py:1037} INFO - Dependencies all met for <TaskInstance: hello_world_dag.hello_world_task scheduled__2022-11-28T10:03:00+00:00 [queued]>
[2022-11-28 10:04:01,446] {taskinstance.py:1037} INFO - Dependencies all met for <TaskInstance: hello_world_dag.hello_world_task scheduled__2022-11-28T10:03:00+00:00 [queued]>
[2022-11-28 10:04:01,447] {taskinstance.py:1243} INFO - 
--------------------------------------------------------------------------------
[2022-11-28 10:04:01,447] {taskinstance.py:1244} INFO - Starting attempt 1 of 4
[2022-11-28 10:04:01,447] {taskinstance.py:1245} INFO - 
--------------------------------------------------------------------------------
[2022-11-28 10:04:01,460] {taskinstance.py:1264} INFO - Executing <Task(PythonOperator): hello_world_task> on 2022-11-28 10:03:00+00:00
[2022-11-28 10:04:01,465] {standard_task_runner.py:52} INFO - Started process 449 to run task
[2022-11-28 10:04:01,469] {standard_task_runner.py:76} INFO - Running: ['***', 'tasks', 'run', 'hello_world_dag', 'hello_world_task', 'scheduled__2022-11-28T10:03:00+00:00', '--job-id', '300', '--raw', '--subdir', 'DAGS_FOLDER/test.py', '--cfg-path', '/tmp/tmp1bfec51l', '--error-file', '/tmp/tmp42znq08_']
[2022-11-28 10:04:01,469] {standard_task_runner.py:77} INFO - Job 300: Subtask hello_world_task
[2022-11-28 10:04:01,526] {logging_mixin.py:109} INFO - Running <TaskInstance: hello_world_dag.hello_world_task scheduled__2022-11-28T10:03:00+00:00 [running]> on host 92519a1e9910
[2022-11-28 10:04:01,588] {taskinstance.py:1431} INFO - Exporting the following env vars:
AIRFLOW_CTX_DAG_OWNER=Ranga
AIRFLOW_CTX_DAG_ID=hello_world_dag
AIRFLOW_CTX_TASK_ID=hello_world_task
AIRFLOW_CTX_EXECUTION_DATE=2022-11-28T10:03:00+00:00
AIRFLOW_CTX_DAG_RUN_ID=scheduled__2022-11-28T10:03:00+00:00
[2022-11-28 10:04:01,589] {python.py:175} INFO - Done. Returned value was: Hello World!
[2022-11-28 10:04:01,615] {taskinstance.py:1282} INFO - Marking task as SUCCESS. dag_id=hello_world_dag, task_id=hello_world_task, execution_date=20221128T100300, start_date=20221128T100401, end_date=20221128T100401
[2022-11-28 10:04:01,640] {local_task_job.py:154} INFO - Task exited with return code 0
[2022-11-28 10:04:01,677] {local_task_job.py:264} INFO - 1 downstream tasks scheduled from follow-on schedule check
