[2022-11-29 01:28:17,461] {taskinstance.py:1037} INFO - Dependencies all met for <TaskInstance: hello_world_dag.hello_world_task scheduled__2022-11-29T01:27:00+00:00 [queued]>
[2022-11-29 01:28:17,471] {taskinstance.py:1037} INFO - Dependencies all met for <TaskInstance: hello_world_dag.hello_world_task scheduled__2022-11-29T01:27:00+00:00 [queued]>
[2022-11-29 01:28:17,471] {taskinstance.py:1243} INFO - 
--------------------------------------------------------------------------------
[2022-11-29 01:28:17,471] {taskinstance.py:1244} INFO - Starting attempt 1 of 4
[2022-11-29 01:28:17,471] {taskinstance.py:1245} INFO - 
--------------------------------------------------------------------------------
[2022-11-29 01:28:17,484] {taskinstance.py:1264} INFO - Executing <Task(PythonOperator): hello_world_task> on 2022-11-29 01:27:00+00:00
[2022-11-29 01:28:17,488] {standard_task_runner.py:52} INFO - Started process 69 to run task
[2022-11-29 01:28:17,492] {standard_task_runner.py:76} INFO - Running: ['***', 'tasks', 'run', 'hello_world_dag', 'hello_world_task', 'scheduled__2022-11-29T01:27:00+00:00', '--job-id', '736', '--raw', '--subdir', 'DAGS_FOLDER/test.py', '--cfg-path', '/tmp/tmpfghuq4d8', '--error-file', '/tmp/tmpwqy6t08i']
[2022-11-29 01:28:17,492] {standard_task_runner.py:77} INFO - Job 736: Subtask hello_world_task
[2022-11-29 01:28:17,549] {logging_mixin.py:109} INFO - Running <TaskInstance: hello_world_dag.hello_world_task scheduled__2022-11-29T01:27:00+00:00 [running]> on host acb48b0a6e0d
[2022-11-29 01:28:17,602] {taskinstance.py:1431} INFO - Exporting the following env vars:
AIRFLOW_CTX_DAG_OWNER=Ranga
AIRFLOW_CTX_DAG_ID=hello_world_dag
AIRFLOW_CTX_TASK_ID=hello_world_task
AIRFLOW_CTX_EXECUTION_DATE=2022-11-29T01:27:00+00:00
AIRFLOW_CTX_DAG_RUN_ID=scheduled__2022-11-29T01:27:00+00:00
[2022-11-29 01:28:17,602] {python.py:175} INFO - Done. Returned value was: Hello World!
[2022-11-29 01:28:17,628] {taskinstance.py:1282} INFO - Marking task as SUCCESS. dag_id=hello_world_dag, task_id=hello_world_task, execution_date=20221129T012700, start_date=20221129T012817, end_date=20221129T012817
[2022-11-29 01:28:17,665] {local_task_job.py:154} INFO - Task exited with return code 0
[2022-11-29 01:28:17,703] {local_task_job.py:264} INFO - 1 downstream tasks scheduled from follow-on schedule check
