[2022-11-29 02:24:58,387] {taskinstance.py:1037} INFO - Dependencies all met for <TaskInstance: Covid_dags.transformData manual__2022-11-29T02:24:52.196930+00:00 [queued]>
[2022-11-29 02:24:58,394] {taskinstance.py:1037} INFO - Dependencies all met for <TaskInstance: Covid_dags.transformData manual__2022-11-29T02:24:52.196930+00:00 [queued]>
[2022-11-29 02:24:58,394] {taskinstance.py:1243} INFO - 
--------------------------------------------------------------------------------
[2022-11-29 02:24:58,395] {taskinstance.py:1244} INFO - Starting attempt 1 of 2
[2022-11-29 02:24:58,395] {taskinstance.py:1245} INFO - 
--------------------------------------------------------------------------------
[2022-11-29 02:24:58,404] {taskinstance.py:1264} INFO - Executing <Task(PythonOperator): transformData> on 2022-11-29 02:24:52.196930+00:00
[2022-11-29 02:24:58,408] {standard_task_runner.py:52} INFO - Started process 837 to run task
[2022-11-29 02:24:58,410] {standard_task_runner.py:76} INFO - Running: ['***', 'tasks', 'run', 'Covid_dags', 'transformData', 'manual__2022-11-29T02:24:52.196930+00:00', '--job-id', '874', '--raw', '--subdir', 'DAGS_FOLDER/dbtest.py', '--cfg-path', '/tmp/tmpcg4czajv', '--error-file', '/tmp/tmpfjinq5kf']
[2022-11-29 02:24:58,411] {standard_task_runner.py:77} INFO - Job 874: Subtask transformData
[2022-11-29 02:24:58,448] {logging_mixin.py:109} INFO - Running <TaskInstance: Covid_dags.transformData manual__2022-11-29T02:24:52.196930+00:00 [running]> on host acb48b0a6e0d
[2022-11-29 02:24:58,486] {taskinstance.py:1431} INFO - Exporting the following env vars:
AIRFLOW_CTX_DAG_OWNER=***
AIRFLOW_CTX_DAG_ID=Covid_dags
AIRFLOW_CTX_TASK_ID=transformData
AIRFLOW_CTX_EXECUTION_DATE=2022-11-29T02:24:52.196930+00:00
AIRFLOW_CTX_DAG_RUN_ID=manual__2022-11-29T02:24:52.196930+00:00
[2022-11-29 02:24:58,549] {python.py:175} INFO - Done. Returned value was: None
[2022-11-29 02:24:58,626] {taskinstance.py:1282} INFO - Marking task as SUCCESS. dag_id=Covid_dags, task_id=transformData, execution_date=20221129T022452, start_date=20221129T022458, end_date=20221129T022458
[2022-11-29 02:24:58,663] {local_task_job.py:154} INFO - Task exited with return code 0
[2022-11-29 02:24:58,689] {local_task_job.py:264} INFO - 1 downstream tasks scheduled from follow-on schedule check
