[2022-11-30 14:02:09,446] {taskinstance.py:1037} INFO - Dependencies all met for <TaskInstance: Covid_dags.creatableLoad manual__2022-11-30T14:02:01.409022+00:00 [queued]>
[2022-11-30 14:02:09,461] {taskinstance.py:1037} INFO - Dependencies all met for <TaskInstance: Covid_dags.creatableLoad manual__2022-11-30T14:02:01.409022+00:00 [queued]>
[2022-11-30 14:02:09,462] {taskinstance.py:1243} INFO - 
--------------------------------------------------------------------------------
[2022-11-30 14:02:09,462] {taskinstance.py:1244} INFO - Starting attempt 1 of 2
[2022-11-30 14:02:09,462] {taskinstance.py:1245} INFO - 
--------------------------------------------------------------------------------
[2022-11-30 14:02:09,481] {taskinstance.py:1264} INFO - Executing <Task(PythonOperator): creatableLoad> on 2022-11-30 14:02:01.409022+00:00
[2022-11-30 14:02:09,489] {standard_task_runner.py:52} INFO - Started process 139 to run task
[2022-11-30 14:02:09,494] {standard_task_runner.py:76} INFO - Running: ['***', 'tasks', 'run', 'Covid_dags', 'creatableLoad', 'manual__2022-11-30T14:02:01.409022+00:00', '--job-id', '1821', '--raw', '--subdir', 'DAGS_FOLDER/covid.py', '--cfg-path', '/tmp/tmp16o6wbj4', '--error-file', '/tmp/tmpp6ir9q_u']
[2022-11-30 14:02:09,495] {standard_task_runner.py:77} INFO - Job 1821: Subtask creatableLoad
[2022-11-30 14:02:09,579] {logging_mixin.py:109} INFO - Running <TaskInstance: Covid_dags.creatableLoad manual__2022-11-30T14:02:01.409022+00:00 [running]> on host acb48b0a6e0d
[2022-11-30 14:02:09,666] {taskinstance.py:1431} INFO - Exporting the following env vars:
AIRFLOW_CTX_DAG_OWNER=***
AIRFLOW_CTX_DAG_ID=Covid_dags
AIRFLOW_CTX_TASK_ID=creatableLoad
AIRFLOW_CTX_EXECUTION_DATE=2022-11-30T14:02:01.409022+00:00
AIRFLOW_CTX_DAG_RUN_ID=manual__2022-11-30T14:02:01.409022+00:00
[2022-11-30 14:02:09,976] {python.py:175} INFO - Done. Returned value was: None
[2022-11-30 14:02:09,999] {taskinstance.py:1282} INFO - Marking task as SUCCESS. dag_id=Covid_dags, task_id=creatableLoad, execution_date=20221130T140201, start_date=20221130T140209, end_date=20221130T140209
[2022-11-30 14:02:10,067] {local_task_job.py:154} INFO - Task exited with return code 0
[2022-11-30 14:02:10,128] {local_task_job.py:264} INFO - 0 downstream tasks scheduled from follow-on schedule check
