[2022-11-28 18:45:43,742] {taskinstance.py:1031} INFO - Dependencies not met for <TaskInstance: hello_world_dag.hello_world_task scheduled__2022-11-28T18:22:00+00:00 [up_for_retry]>, dependency 'Not In Retry Period' FAILED: Task is not ready for retry yet but will be retried automatically. Current date is 2022-11-28T18:45:43.742042+00:00 and task will be retried at 2022-11-28T18:50:38.213605+00:00.
[2022-11-28 18:45:43,745] {local_task_job.py:99} INFO - Task is not able to be run
[2022-11-28 18:51:52,216] {taskinstance.py:1037} INFO - Dependencies all met for <TaskInstance: hello_world_dag.hello_world_task scheduled__2022-11-28T18:22:00+00:00 [queued]>
[2022-11-28 18:51:52,235] {taskinstance.py:1037} INFO - Dependencies all met for <TaskInstance: hello_world_dag.hello_world_task scheduled__2022-11-28T18:22:00+00:00 [queued]>
[2022-11-28 18:51:52,235] {taskinstance.py:1243} INFO - 
--------------------------------------------------------------------------------
[2022-11-28 18:51:52,235] {taskinstance.py:1244} INFO - Starting attempt 2 of 4
[2022-11-28 18:51:52,235] {taskinstance.py:1245} INFO - 
--------------------------------------------------------------------------------
[2022-11-28 18:51:52,256] {taskinstance.py:1264} INFO - Executing <Task(PythonOperator): hello_world_task> on 2022-11-28 18:22:00+00:00
[2022-11-28 18:51:52,261] {standard_task_runner.py:52} INFO - Started process 76 to run task
[2022-11-28 18:51:52,271] {standard_task_runner.py:76} INFO - Running: ['***', 'tasks', 'run', 'hello_world_dag', 'hello_world_task', 'scheduled__2022-11-28T18:22:00+00:00', '--job-id', '377', '--raw', '--subdir', 'DAGS_FOLDER/test.py', '--cfg-path', '/tmp/tmpdzgu4cfv', '--error-file', '/tmp/tmpf_r4gtvw']
[2022-11-28 18:51:52,272] {standard_task_runner.py:77} INFO - Job 377: Subtask hello_world_task
[2022-11-28 18:51:52,384] {logging_mixin.py:109} INFO - Running <TaskInstance: hello_world_dag.hello_world_task scheduled__2022-11-28T18:22:00+00:00 [running]> on host acb48b0a6e0d
[2022-11-28 18:51:52,473] {taskinstance.py:1431} INFO - Exporting the following env vars:
AIRFLOW_CTX_DAG_OWNER=Ranga
AIRFLOW_CTX_DAG_ID=hello_world_dag
AIRFLOW_CTX_TASK_ID=hello_world_task
AIRFLOW_CTX_EXECUTION_DATE=2022-11-28T18:22:00+00:00
AIRFLOW_CTX_DAG_RUN_ID=scheduled__2022-11-28T18:22:00+00:00
[2022-11-28 18:51:52,474] {python.py:175} INFO - Done. Returned value was: Hello World!
[2022-11-28 18:51:52,528] {taskinstance.py:1282} INFO - Marking task as SUCCESS. dag_id=hello_world_dag, task_id=hello_world_task, execution_date=20221128T182200, start_date=20221128T185152, end_date=20221128T185152
[2022-11-28 18:51:52,607] {local_task_job.py:154} INFO - Task exited with return code 0
[2022-11-28 18:51:52,663] {local_task_job.py:264} INFO - 1 downstream tasks scheduled from follow-on schedule check
