[2022-11-29 01:29:02,954] {taskinstance.py:1037} INFO - Dependencies all met for <TaskInstance: Covid_dags.transformData scheduled__2022-11-28T00:00:00+00:00 [queued]>
[2022-11-29 01:29:02,961] {taskinstance.py:1037} INFO - Dependencies all met for <TaskInstance: Covid_dags.transformData scheduled__2022-11-28T00:00:00+00:00 [queued]>
[2022-11-29 01:29:02,961] {taskinstance.py:1243} INFO - 
--------------------------------------------------------------------------------
[2022-11-29 01:29:02,961] {taskinstance.py:1244} INFO - Starting attempt 1 of 2
[2022-11-29 01:29:02,961] {taskinstance.py:1245} INFO - 
--------------------------------------------------------------------------------
[2022-11-29 01:29:02,970] {taskinstance.py:1264} INFO - Executing <Task(PythonOperator): transformData> on 2022-11-28 00:00:00+00:00
[2022-11-29 01:29:02,973] {standard_task_runner.py:52} INFO - Started process 113 to run task
[2022-11-29 01:29:02,976] {standard_task_runner.py:76} INFO - Running: ['***', 'tasks', 'run', 'Covid_dags', 'transformData', 'scheduled__2022-11-28T00:00:00+00:00', '--job-id', '742', '--raw', '--subdir', 'DAGS_FOLDER/dbtest.py', '--cfg-path', '/tmp/tmp0xiprps8', '--error-file', '/tmp/tmpi1gfsl2v']
[2022-11-29 01:29:02,976] {standard_task_runner.py:77} INFO - Job 742: Subtask transformData
[2022-11-29 01:29:03,015] {logging_mixin.py:109} INFO - Running <TaskInstance: Covid_dags.transformData scheduled__2022-11-28T00:00:00+00:00 [running]> on host acb48b0a6e0d
[2022-11-29 01:29:03,055] {taskinstance.py:1431} INFO - Exporting the following env vars:
AIRFLOW_CTX_DAG_OWNER=***
AIRFLOW_CTX_DAG_ID=Covid_dags
AIRFLOW_CTX_TASK_ID=transformData
AIRFLOW_CTX_EXECUTION_DATE=2022-11-28T00:00:00+00:00
AIRFLOW_CTX_DAG_RUN_ID=scheduled__2022-11-28T00:00:00+00:00
[2022-11-29 01:29:03,104] {python.py:175} INFO - Done. Returned value was: None
[2022-11-29 01:29:03,113] {taskinstance.py:1282} INFO - Marking task as SUCCESS. dag_id=Covid_dags, task_id=transformData, execution_date=20221128T000000, start_date=20221129T012902, end_date=20221129T012903
[2022-11-29 01:29:03,149] {local_task_job.py:154} INFO - Task exited with return code 0
[2022-11-29 01:29:03,172] {local_task_job.py:264} INFO - 1 downstream tasks scheduled from follow-on schedule check
