[2022-11-29 14:08:22,967] {taskinstance.py:1037} INFO - Dependencies all met for <TaskInstance: vaccine_dags.getDataToLocal manual__2022-11-29T14:08:21.751178+00:00 [queued]>
[2022-11-29 14:08:22,978] {taskinstance.py:1037} INFO - Dependencies all met for <TaskInstance: vaccine_dags.getDataToLocal manual__2022-11-29T14:08:21.751178+00:00 [queued]>
[2022-11-29 14:08:22,979] {taskinstance.py:1243} INFO - 
--------------------------------------------------------------------------------
[2022-11-29 14:08:22,979] {taskinstance.py:1244} INFO - Starting attempt 1 of 2
[2022-11-29 14:08:22,979] {taskinstance.py:1245} INFO - 
--------------------------------------------------------------------------------
[2022-11-29 14:08:22,991] {taskinstance.py:1264} INFO - Executing <Task(PythonOperator): getDataToLocal> on 2022-11-29 14:08:21.751178+00:00
[2022-11-29 14:08:22,995] {standard_task_runner.py:52} INFO - Started process 715 to run task
[2022-11-29 14:08:22,999] {standard_task_runner.py:76} INFO - Running: ['***', 'tasks', 'run', 'vaccine_dags', 'getDataToLocal', 'manual__2022-11-29T14:08:21.751178+00:00', '--job-id', '1189', '--raw', '--subdir', 'DAGS_FOLDER/vaccine.py', '--cfg-path', '/tmp/tmpcd9z5phs', '--error-file', '/tmp/tmp_nmqrr6f']
[2022-11-29 14:08:23,000] {standard_task_runner.py:77} INFO - Job 1189: Subtask getDataToLocal
[2022-11-29 14:08:23,065] {logging_mixin.py:109} INFO - Running <TaskInstance: vaccine_dags.getDataToLocal manual__2022-11-29T14:08:21.751178+00:00 [running]> on host acb48b0a6e0d
[2022-11-29 14:08:23,133] {taskinstance.py:1431} INFO - Exporting the following env vars:
AIRFLOW_CTX_DAG_OWNER=***
AIRFLOW_CTX_DAG_ID=vaccine_dags
AIRFLOW_CTX_TASK_ID=getDataToLocal
AIRFLOW_CTX_EXECUTION_DATE=2022-11-29T14:08:21.751178+00:00
AIRFLOW_CTX_DAG_RUN_ID=manual__2022-11-29T14:08:21.751178+00:00
[2022-11-29 14:08:23,460] {python.py:175} INFO - Done. Returned value was: None
[2022-11-29 14:08:23,473] {taskinstance.py:1282} INFO - Marking task as SUCCESS. dag_id=vaccine_dags, task_id=getDataToLocal, execution_date=20221129T140821, start_date=20221129T140822, end_date=20221129T140823
[2022-11-29 14:08:23,492] {local_task_job.py:154} INFO - Task exited with return code 0
[2022-11-29 14:08:23,533] {local_task_job.py:264} INFO - 1 downstream tasks scheduled from follow-on schedule check
