[2022-11-29 01:41:07,284] {taskinstance.py:1037} INFO - Dependencies all met for <TaskInstance: Covid_dags.transformData manual__2022-11-29T01:40:46.655949+00:00 [queued]>
[2022-11-29 01:41:07,291] {taskinstance.py:1037} INFO - Dependencies all met for <TaskInstance: Covid_dags.transformData manual__2022-11-29T01:40:46.655949+00:00 [queued]>
[2022-11-29 01:41:07,292] {taskinstance.py:1243} INFO - 
--------------------------------------------------------------------------------
[2022-11-29 01:41:07,292] {taskinstance.py:1244} INFO - Starting attempt 1 of 2
[2022-11-29 01:41:07,292] {taskinstance.py:1245} INFO - 
--------------------------------------------------------------------------------
[2022-11-29 01:41:07,301] {taskinstance.py:1264} INFO - Executing <Task(PythonOperator): transformData> on 2022-11-29 01:40:46.655949+00:00
[2022-11-29 01:41:07,304] {standard_task_runner.py:52} INFO - Started process 707 to run task
[2022-11-29 01:41:07,306] {standard_task_runner.py:76} INFO - Running: ['***', 'tasks', 'run', 'Covid_dags', 'transformData', 'manual__2022-11-29T01:40:46.655949+00:00', '--job-id', '769', '--raw', '--subdir', 'DAGS_FOLDER/dbtest.py', '--cfg-path', '/tmp/tmpk49qylcv', '--error-file', '/tmp/tmpl6495lvk']
[2022-11-29 01:41:07,307] {standard_task_runner.py:77} INFO - Job 769: Subtask transformData
[2022-11-29 01:41:07,343] {logging_mixin.py:109} INFO - Running <TaskInstance: Covid_dags.transformData manual__2022-11-29T01:40:46.655949+00:00 [running]> on host acb48b0a6e0d
[2022-11-29 01:41:07,379] {taskinstance.py:1431} INFO - Exporting the following env vars:
AIRFLOW_CTX_DAG_OWNER=***
AIRFLOW_CTX_DAG_ID=Covid_dags
AIRFLOW_CTX_TASK_ID=transformData
AIRFLOW_CTX_EXECUTION_DATE=2022-11-29T01:40:46.655949+00:00
AIRFLOW_CTX_DAG_RUN_ID=manual__2022-11-29T01:40:46.655949+00:00
[2022-11-29 01:41:07,431] {python.py:175} INFO - Done. Returned value was: None
[2022-11-29 01:41:07,440] {taskinstance.py:1282} INFO - Marking task as SUCCESS. dag_id=Covid_dags, task_id=transformData, execution_date=20221129T014046, start_date=20221129T014107, end_date=20221129T014107
[2022-11-29 01:41:07,478] {local_task_job.py:154} INFO - Task exited with return code 0
[2022-11-29 01:41:07,503] {local_task_job.py:264} INFO - 1 downstream tasks scheduled from follow-on schedule check
