[2022-11-29 04:05:58,452] {taskinstance.py:1037} INFO - Dependencies all met for <TaskInstance: Covid_dags.creatableLoad manual__2022-11-29T04:05:51.584992+00:00 [queued]>
[2022-11-29 04:05:58,459] {taskinstance.py:1037} INFO - Dependencies all met for <TaskInstance: Covid_dags.creatableLoad manual__2022-11-29T04:05:51.584992+00:00 [queued]>
[2022-11-29 04:05:58,460] {taskinstance.py:1243} INFO - 
--------------------------------------------------------------------------------
[2022-11-29 04:05:58,460] {taskinstance.py:1244} INFO - Starting attempt 1 of 2
[2022-11-29 04:05:58,460] {taskinstance.py:1245} INFO - 
--------------------------------------------------------------------------------
[2022-11-29 04:05:58,469] {taskinstance.py:1264} INFO - Executing <Task(PythonOperator): creatableLoad> on 2022-11-29 04:05:51.584992+00:00
[2022-11-29 04:05:58,473] {standard_task_runner.py:52} INFO - Started process 5538 to run task
[2022-11-29 04:05:58,475] {standard_task_runner.py:76} INFO - Running: ['***', 'tasks', 'run', 'Covid_dags', 'creatableLoad', 'manual__2022-11-29T04:05:51.584992+00:00', '--job-id', '1026', '--raw', '--subdir', 'DAGS_FOLDER/dbtest.py', '--cfg-path', '/tmp/tmp_07ttwi_', '--error-file', '/tmp/tmpkb7o74u0']
[2022-11-29 04:05:58,476] {standard_task_runner.py:77} INFO - Job 1026: Subtask creatableLoad
[2022-11-29 04:05:58,519] {logging_mixin.py:109} INFO - Running <TaskInstance: Covid_dags.creatableLoad manual__2022-11-29T04:05:51.584992+00:00 [running]> on host acb48b0a6e0d
[2022-11-29 04:05:58,561] {taskinstance.py:1431} INFO - Exporting the following env vars:
AIRFLOW_CTX_DAG_OWNER=***
AIRFLOW_CTX_DAG_ID=Covid_dags
AIRFLOW_CTX_TASK_ID=creatableLoad
AIRFLOW_CTX_EXECUTION_DATE=2022-11-29T04:05:51.584992+00:00
AIRFLOW_CTX_DAG_RUN_ID=manual__2022-11-29T04:05:51.584992+00:00
[2022-11-29 04:05:58,702] {python.py:175} INFO - Done. Returned value was: None
[2022-11-29 04:05:58,710] {taskinstance.py:1282} INFO - Marking task as SUCCESS. dag_id=Covid_dags, task_id=creatableLoad, execution_date=20221129T040551, start_date=20221129T040558, end_date=20221129T040558
[2022-11-29 04:05:58,728] {local_task_job.py:154} INFO - Task exited with return code 0
[2022-11-29 04:05:58,748] {local_task_job.py:264} INFO - 0 downstream tasks scheduled from follow-on schedule check
