[2022-11-29 12:44:49,589] {taskinstance.py:1037} INFO - Dependencies all met for <TaskInstance: Covid_dags.getDataToLocal manual__2022-11-29T12:44:48.021919+00:00 [queued]>
[2022-11-29 12:44:49,601] {taskinstance.py:1037} INFO - Dependencies all met for <TaskInstance: Covid_dags.getDataToLocal manual__2022-11-29T12:44:48.021919+00:00 [queued]>
[2022-11-29 12:44:49,601] {taskinstance.py:1243} INFO - 
--------------------------------------------------------------------------------
[2022-11-29 12:44:49,601] {taskinstance.py:1244} INFO - Starting attempt 1 of 2
[2022-11-29 12:44:49,601] {taskinstance.py:1245} INFO - 
--------------------------------------------------------------------------------
[2022-11-29 12:44:49,616] {taskinstance.py:1264} INFO - Executing <Task(PythonOperator): getDataToLocal> on 2022-11-29 12:44:48.021919+00:00
[2022-11-29 12:44:49,621] {standard_task_runner.py:52} INFO - Started process 192 to run task
[2022-11-29 12:44:49,625] {standard_task_runner.py:76} INFO - Running: ['***', 'tasks', 'run', 'Covid_dags', 'getDataToLocal', 'manual__2022-11-29T12:44:48.021919+00:00', '--job-id', '1115', '--raw', '--subdir', 'DAGS_FOLDER/covid.py', '--cfg-path', '/tmp/tmp4pwt38dw', '--error-file', '/tmp/tmpfh5r34ko']
[2022-11-29 12:44:49,626] {standard_task_runner.py:77} INFO - Job 1115: Subtask getDataToLocal
[2022-11-29 12:44:49,774] {logging_mixin.py:109} INFO - Running <TaskInstance: Covid_dags.getDataToLocal manual__2022-11-29T12:44:48.021919+00:00 [running]> on host acb48b0a6e0d
[2022-11-29 12:44:49,845] {taskinstance.py:1431} INFO - Exporting the following env vars:
AIRFLOW_CTX_DAG_OWNER=***
AIRFLOW_CTX_DAG_ID=Covid_dags
AIRFLOW_CTX_TASK_ID=getDataToLocal
AIRFLOW_CTX_EXECUTION_DATE=2022-11-29T12:44:48.021919+00:00
AIRFLOW_CTX_DAG_RUN_ID=manual__2022-11-29T12:44:48.021919+00:00
[2022-11-29 12:44:50,119] {python.py:175} INFO - Done. Returned value was: None
[2022-11-29 12:44:50,133] {taskinstance.py:1282} INFO - Marking task as SUCCESS. dag_id=Covid_dags, task_id=getDataToLocal, execution_date=20221129T124448, start_date=20221129T124449, end_date=20221129T124450
[2022-11-29 12:44:50,158] {local_task_job.py:154} INFO - Task exited with return code 0
[2022-11-29 12:44:50,215] {local_task_job.py:264} INFO - 0 downstream tasks scheduled from follow-on schedule check
