[2022-11-28 19:17:48,125] {taskinstance.py:1037} INFO - Dependencies all met for <TaskInstance: using_pandas_demo.getDataToLocal manual__2022-11-28T19:17:46.812256+00:00 [queued]>
[2022-11-28 19:17:48,137] {taskinstance.py:1037} INFO - Dependencies all met for <TaskInstance: using_pandas_demo.getDataToLocal manual__2022-11-28T19:17:46.812256+00:00 [queued]>
[2022-11-28 19:17:48,137] {taskinstance.py:1243} INFO - 
--------------------------------------------------------------------------------
[2022-11-28 19:17:48,137] {taskinstance.py:1244} INFO - Starting attempt 1 of 2
[2022-11-28 19:17:48,137] {taskinstance.py:1245} INFO - 
--------------------------------------------------------------------------------
[2022-11-28 19:17:48,153] {taskinstance.py:1264} INFO - Executing <Task(PythonOperator): getDataToLocal> on 2022-11-28 19:17:46.812256+00:00
[2022-11-28 19:17:48,157] {standard_task_runner.py:52} INFO - Started process 1001 to run task
[2022-11-28 19:17:48,161] {standard_task_runner.py:76} INFO - Running: ['***', 'tasks', 'run', 'using_pandas_demo', 'getDataToLocal', 'manual__2022-11-28T19:17:46.812256+00:00', '--job-id', '421', '--raw', '--subdir', 'DAGS_FOLDER/dbtest.py', '--cfg-path', '/tmp/tmptya4zc99', '--error-file', '/tmp/tmpam3f4r96']
[2022-11-28 19:17:48,162] {standard_task_runner.py:77} INFO - Job 421: Subtask getDataToLocal
[2022-11-28 19:17:48,221] {logging_mixin.py:109} INFO - Running <TaskInstance: using_pandas_demo.getDataToLocal manual__2022-11-28T19:17:46.812256+00:00 [running]> on host acb48b0a6e0d
[2022-11-28 19:17:48,274] {taskinstance.py:1431} INFO - Exporting the following env vars:
AIRFLOW_CTX_DAG_OWNER=***
AIRFLOW_CTX_DAG_ID=using_pandas_demo
AIRFLOW_CTX_TASK_ID=getDataToLocal
AIRFLOW_CTX_EXECUTION_DATE=2022-11-28T19:17:46.812256+00:00
AIRFLOW_CTX_DAG_RUN_ID=manual__2022-11-28T19:17:46.812256+00:00
[2022-11-28 19:17:51,231] {python.py:175} INFO - Done. Returned value was: None
[2022-11-28 19:17:51,245] {taskinstance.py:1282} INFO - Marking task as SUCCESS. dag_id=using_pandas_demo, task_id=getDataToLocal, execution_date=20221128T191746, start_date=20221128T191748, end_date=20221128T191751
[2022-11-28 19:17:51,305] {local_task_job.py:154} INFO - Task exited with return code 0
[2022-11-28 19:17:51,351] {local_task_job.py:264} INFO - 1 downstream tasks scheduled from follow-on schedule check
