[2022-11-29 02:23:23,974] {taskinstance.py:1037} INFO - Dependencies all met for <TaskInstance: Covid_dags.getDataToLocal manual__2022-11-29T02:23:22.874495+00:00 [queued]>
[2022-11-29 02:23:23,981] {taskinstance.py:1037} INFO - Dependencies all met for <TaskInstance: Covid_dags.getDataToLocal manual__2022-11-29T02:23:22.874495+00:00 [queued]>
[2022-11-29 02:23:23,981] {taskinstance.py:1243} INFO - 
--------------------------------------------------------------------------------
[2022-11-29 02:23:23,981] {taskinstance.py:1244} INFO - Starting attempt 1 of 2
[2022-11-29 02:23:23,981] {taskinstance.py:1245} INFO - 
--------------------------------------------------------------------------------
[2022-11-29 02:23:23,990] {taskinstance.py:1264} INFO - Executing <Task(PythonOperator): getDataToLocal> on 2022-11-29 02:23:22.874495+00:00
[2022-11-29 02:23:23,994] {standard_task_runner.py:52} INFO - Started process 748 to run task
[2022-11-29 02:23:23,996] {standard_task_runner.py:76} INFO - Running: ['***', 'tasks', 'run', 'Covid_dags', 'getDataToLocal', 'manual__2022-11-29T02:23:22.874495+00:00', '--job-id', '865', '--raw', '--subdir', 'DAGS_FOLDER/dbtest.py', '--cfg-path', '/tmp/tmp6cr75n7j', '--error-file', '/tmp/tmp58mowfih']
[2022-11-29 02:23:23,997] {standard_task_runner.py:77} INFO - Job 865: Subtask getDataToLocal
[2022-11-29 02:23:24,032] {logging_mixin.py:109} INFO - Running <TaskInstance: Covid_dags.getDataToLocal manual__2022-11-29T02:23:22.874495+00:00 [running]> on host acb48b0a6e0d
[2022-11-29 02:23:24,066] {taskinstance.py:1431} INFO - Exporting the following env vars:
AIRFLOW_CTX_DAG_OWNER=***
AIRFLOW_CTX_DAG_ID=Covid_dags
AIRFLOW_CTX_TASK_ID=getDataToLocal
AIRFLOW_CTX_EXECUTION_DATE=2022-11-29T02:23:22.874495+00:00
AIRFLOW_CTX_DAG_RUN_ID=manual__2022-11-29T02:23:22.874495+00:00
[2022-11-29 02:23:28,247] {python.py:175} INFO - Done. Returned value was: None
[2022-11-29 02:23:28,260] {taskinstance.py:1282} INFO - Marking task as SUCCESS. dag_id=Covid_dags, task_id=getDataToLocal, execution_date=20221129T022322, start_date=20221129T022323, end_date=20221129T022328
[2022-11-29 02:23:28,304] {local_task_job.py:154} INFO - Task exited with return code 0
[2022-11-29 02:23:28,337] {local_task_job.py:264} INFO - 1 downstream tasks scheduled from follow-on schedule check
