[2022-11-29 03:48:58,094] {taskinstance.py:1037} INFO - Dependencies all met for <TaskInstance: Covid_dags.getDataToLocal manual__2022-11-29T03:48:56.963964+00:00 [queued]>
[2022-11-29 03:48:58,101] {taskinstance.py:1037} INFO - Dependencies all met for <TaskInstance: Covid_dags.getDataToLocal manual__2022-11-29T03:48:56.963964+00:00 [queued]>
[2022-11-29 03:48:58,101] {taskinstance.py:1243} INFO - 
--------------------------------------------------------------------------------
[2022-11-29 03:48:58,102] {taskinstance.py:1244} INFO - Starting attempt 1 of 2
[2022-11-29 03:48:58,102] {taskinstance.py:1245} INFO - 
--------------------------------------------------------------------------------
[2022-11-29 03:48:58,112] {taskinstance.py:1264} INFO - Executing <Task(PythonOperator): getDataToLocal> on 2022-11-29 03:48:56.963964+00:00
[2022-11-29 03:48:58,116] {standard_task_runner.py:52} INFO - Started process 4738 to run task
[2022-11-29 03:48:58,118] {standard_task_runner.py:76} INFO - Running: ['***', 'tasks', 'run', 'Covid_dags', 'getDataToLocal', 'manual__2022-11-29T03:48:56.963964+00:00', '--job-id', '998', '--raw', '--subdir', 'DAGS_FOLDER/dbtest.py', '--cfg-path', '/tmp/tmp_p0whszt', '--error-file', '/tmp/tmpk7qek8a5']
[2022-11-29 03:48:58,119] {standard_task_runner.py:77} INFO - Job 998: Subtask getDataToLocal
[2022-11-29 03:48:58,159] {logging_mixin.py:109} INFO - Running <TaskInstance: Covid_dags.getDataToLocal manual__2022-11-29T03:48:56.963964+00:00 [running]> on host acb48b0a6e0d
[2022-11-29 03:48:58,202] {taskinstance.py:1431} INFO - Exporting the following env vars:
AIRFLOW_CTX_DAG_OWNER=***
AIRFLOW_CTX_DAG_ID=Covid_dags
AIRFLOW_CTX_TASK_ID=getDataToLocal
AIRFLOW_CTX_EXECUTION_DATE=2022-11-29T03:48:56.963964+00:00
AIRFLOW_CTX_DAG_RUN_ID=manual__2022-11-29T03:48:56.963964+00:00
[2022-11-29 03:49:10,993] {python.py:175} INFO - Done. Returned value was: None
[2022-11-29 03:49:11,006] {taskinstance.py:1282} INFO - Marking task as SUCCESS. dag_id=Covid_dags, task_id=getDataToLocal, execution_date=20221129T034856, start_date=20221129T034858, end_date=20221129T034911
[2022-11-29 03:49:11,054] {local_task_job.py:154} INFO - Task exited with return code 0
[2022-11-29 03:49:11,082] {local_task_job.py:264} INFO - 1 downstream tasks scheduled from follow-on schedule check
