[2022-11-30 07:23:02,110] {taskinstance.py:1037} INFO - Dependencies all met for <TaskInstance: hello_world_dag.hello_world_task scheduled__2022-11-30T07:22:00+00:00 [queued]>
[2022-11-30 07:23:02,118] {taskinstance.py:1037} INFO - Dependencies all met for <TaskInstance: hello_world_dag.hello_world_task scheduled__2022-11-30T07:22:00+00:00 [queued]>
[2022-11-30 07:23:02,118] {taskinstance.py:1243} INFO - 
--------------------------------------------------------------------------------
[2022-11-30 07:23:02,118] {taskinstance.py:1244} INFO - Starting attempt 1 of 4
[2022-11-30 07:23:02,118] {taskinstance.py:1245} INFO - 
--------------------------------------------------------------------------------
[2022-11-30 07:23:02,128] {taskinstance.py:1264} INFO - Executing <Task(PythonOperator): hello_world_task> on 2022-11-30 07:22:00+00:00
[2022-11-30 07:23:02,130] {standard_task_runner.py:52} INFO - Started process 10278 to run task
[2022-11-30 07:23:02,133] {standard_task_runner.py:76} INFO - Running: ['***', 'tasks', 'run', 'hello_world_dag', 'hello_world_task', 'scheduled__2022-11-30T07:22:00+00:00', '--job-id', '1502', '--raw', '--subdir', 'DAGS_FOLDER/test.py', '--cfg-path', '/tmp/tmp8q0l7361', '--error-file', '/tmp/tmpyg3t8i7x']
[2022-11-30 07:23:02,133] {standard_task_runner.py:77} INFO - Job 1502: Subtask hello_world_task
[2022-11-30 07:23:02,177] {logging_mixin.py:109} INFO - Running <TaskInstance: hello_world_dag.hello_world_task scheduled__2022-11-30T07:22:00+00:00 [running]> on host acb48b0a6e0d
[2022-11-30 07:23:02,219] {taskinstance.py:1431} INFO - Exporting the following env vars:
AIRFLOW_CTX_DAG_OWNER=Ranga
AIRFLOW_CTX_DAG_ID=hello_world_dag
AIRFLOW_CTX_TASK_ID=hello_world_task
AIRFLOW_CTX_EXECUTION_DATE=2022-11-30T07:22:00+00:00
AIRFLOW_CTX_DAG_RUN_ID=scheduled__2022-11-30T07:22:00+00:00
[2022-11-30 07:23:02,219] {python.py:175} INFO - Done. Returned value was: Hello World!
[2022-11-30 07:23:02,236] {taskinstance.py:1282} INFO - Marking task as SUCCESS. dag_id=hello_world_dag, task_id=hello_world_task, execution_date=20221130T072200, start_date=20221130T072302, end_date=20221130T072302
[2022-11-30 07:23:02,265] {local_task_job.py:154} INFO - Task exited with return code 0
[2022-11-30 07:23:02,289] {local_task_job.py:264} INFO - 1 downstream tasks scheduled from follow-on schedule check
