[2022-11-30 12:00:02,195] {taskinstance.py:1037} INFO - Dependencies all met for <TaskInstance: hello_world_dag.hello_world_task scheduled__2022-11-30T11:59:00+00:00 [queued]>
[2022-11-30 12:00:02,210] {taskinstance.py:1037} INFO - Dependencies all met for <TaskInstance: hello_world_dag.hello_world_task scheduled__2022-11-30T11:59:00+00:00 [queued]>
[2022-11-30 12:00:02,210] {taskinstance.py:1243} INFO - 
--------------------------------------------------------------------------------
[2022-11-30 12:00:02,210] {taskinstance.py:1244} INFO - Starting attempt 1 of 4
[2022-11-30 12:00:02,210] {taskinstance.py:1245} INFO - 
--------------------------------------------------------------------------------
[2022-11-30 12:00:02,224] {taskinstance.py:1264} INFO - Executing <Task(PythonOperator): hello_world_task> on 2022-11-30 11:59:00+00:00
[2022-11-30 12:00:02,228] {standard_task_runner.py:52} INFO - Started process 1798 to run task
[2022-11-30 12:00:02,232] {standard_task_runner.py:76} INFO - Running: ['***', 'tasks', 'run', 'hello_world_dag', 'hello_world_task', 'scheduled__2022-11-30T11:59:00+00:00', '--job-id', '1694', '--raw', '--subdir', 'DAGS_FOLDER/test.py', '--cfg-path', '/tmp/tmpq0bnttk7', '--error-file', '/tmp/tmp54g03qwy']
[2022-11-30 12:00:02,232] {standard_task_runner.py:77} INFO - Job 1694: Subtask hello_world_task
[2022-11-30 12:00:02,285] {logging_mixin.py:109} INFO - Running <TaskInstance: hello_world_dag.hello_world_task scheduled__2022-11-30T11:59:00+00:00 [running]> on host acb48b0a6e0d
[2022-11-30 12:00:02,332] {taskinstance.py:1431} INFO - Exporting the following env vars:
AIRFLOW_CTX_DAG_OWNER=Ranga
AIRFLOW_CTX_DAG_ID=hello_world_dag
AIRFLOW_CTX_TASK_ID=hello_world_task
AIRFLOW_CTX_EXECUTION_DATE=2022-11-30T11:59:00+00:00
AIRFLOW_CTX_DAG_RUN_ID=scheduled__2022-11-30T11:59:00+00:00
[2022-11-30 12:00:02,332] {python.py:175} INFO - Done. Returned value was: Hello World!
[2022-11-30 12:00:02,350] {taskinstance.py:1282} INFO - Marking task as SUCCESS. dag_id=hello_world_dag, task_id=hello_world_task, execution_date=20221130T115900, start_date=20221130T120002, end_date=20221130T120002
[2022-11-30 12:00:02,404] {local_task_job.py:154} INFO - Task exited with return code 0
[2022-11-30 12:00:02,523] {local_task_job.py:264} INFO - 1 downstream tasks scheduled from follow-on schedule check
