[2022-11-30 05:48:08,349] {taskinstance.py:1037} INFO - Dependencies all met for <TaskInstance: vaccine_dags.transformData scheduled__2022-11-29T00:00:00+00:00 [queued]>
[2022-11-30 05:48:08,356] {taskinstance.py:1037} INFO - Dependencies all met for <TaskInstance: vaccine_dags.transformData scheduled__2022-11-29T00:00:00+00:00 [queued]>
[2022-11-30 05:48:08,357] {taskinstance.py:1243} INFO - 
--------------------------------------------------------------------------------
[2022-11-30 05:48:08,357] {taskinstance.py:1244} INFO - Starting attempt 1 of 2
[2022-11-30 05:48:08,357] {taskinstance.py:1245} INFO - 
--------------------------------------------------------------------------------
[2022-11-30 05:48:08,367] {taskinstance.py:1264} INFO - Executing <Task(PythonOperator): transformData> on 2022-11-29 00:00:00+00:00
[2022-11-30 05:48:08,370] {standard_task_runner.py:52} INFO - Started process 5956 to run task
[2022-11-30 05:48:08,372] {standard_task_runner.py:76} INFO - Running: ['***', 'tasks', 'run', 'vaccine_dags', 'transformData', 'scheduled__2022-11-29T00:00:00+00:00', '--job-id', '1406', '--raw', '--subdir', 'DAGS_FOLDER/vaccine.py', '--cfg-path', '/tmp/tmpz1d_v5b7', '--error-file', '/tmp/tmp6p4vl89b']
[2022-11-30 05:48:08,373] {standard_task_runner.py:77} INFO - Job 1406: Subtask transformData
[2022-11-30 05:48:08,412] {logging_mixin.py:109} INFO - Running <TaskInstance: vaccine_dags.transformData scheduled__2022-11-29T00:00:00+00:00 [running]> on host acb48b0a6e0d
[2022-11-30 05:48:08,448] {taskinstance.py:1431} INFO - Exporting the following env vars:
AIRFLOW_CTX_DAG_OWNER=***
AIRFLOW_CTX_DAG_ID=vaccine_dags
AIRFLOW_CTX_TASK_ID=transformData
AIRFLOW_CTX_EXECUTION_DATE=2022-11-29T00:00:00+00:00
AIRFLOW_CTX_DAG_RUN_ID=scheduled__2022-11-29T00:00:00+00:00
[2022-11-30 05:48:08,476] {python.py:175} INFO - Done. Returned value was: None
[2022-11-30 05:48:08,484] {taskinstance.py:1282} INFO - Marking task as SUCCESS. dag_id=vaccine_dags, task_id=transformData, execution_date=20221129T000000, start_date=20221130T054808, end_date=20221130T054808
[2022-11-30 05:48:08,505] {local_task_job.py:154} INFO - Task exited with return code 0
[2022-11-30 05:48:08,528] {local_task_job.py:264} INFO - 1 downstream tasks scheduled from follow-on schedule check
