[2022-11-29 15:37:03,444] {taskinstance.py:1037} INFO - Dependencies all met for <TaskInstance: vaccine_dags.creatableLoad manual__2022-11-29T15:36:57.380361+00:00 [queued]>
[2022-11-29 15:37:03,458] {taskinstance.py:1037} INFO - Dependencies all met for <TaskInstance: vaccine_dags.creatableLoad manual__2022-11-29T15:36:57.380361+00:00 [queued]>
[2022-11-29 15:37:03,458] {taskinstance.py:1243} INFO - 
--------------------------------------------------------------------------------
[2022-11-29 15:37:03,458] {taskinstance.py:1244} INFO - Starting attempt 1 of 2
[2022-11-29 15:37:03,458] {taskinstance.py:1245} INFO - 
--------------------------------------------------------------------------------
[2022-11-29 15:37:03,477] {taskinstance.py:1264} INFO - Executing <Task(PythonOperator): creatableLoad> on 2022-11-29 15:36:57.380361+00:00
[2022-11-29 15:37:03,482] {standard_task_runner.py:52} INFO - Started process 117 to run task
[2022-11-29 15:37:03,487] {standard_task_runner.py:76} INFO - Running: ['***', 'tasks', 'run', 'vaccine_dags', 'creatableLoad', 'manual__2022-11-29T15:36:57.380361+00:00', '--job-id', '1268', '--raw', '--subdir', 'DAGS_FOLDER/vaccine.py', '--cfg-path', '/tmp/tmpy2b1p_cg', '--error-file', '/tmp/tmp_r5kluli']
[2022-11-29 15:37:03,488] {standard_task_runner.py:77} INFO - Job 1268: Subtask creatableLoad
[2022-11-29 15:37:03,557] {logging_mixin.py:109} INFO - Running <TaskInstance: vaccine_dags.creatableLoad manual__2022-11-29T15:36:57.380361+00:00 [running]> on host acb48b0a6e0d
[2022-11-29 15:37:03,627] {taskinstance.py:1431} INFO - Exporting the following env vars:
AIRFLOW_CTX_DAG_OWNER=***
AIRFLOW_CTX_DAG_ID=vaccine_dags
AIRFLOW_CTX_TASK_ID=creatableLoad
AIRFLOW_CTX_EXECUTION_DATE=2022-11-29T15:36:57.380361+00:00
AIRFLOW_CTX_DAG_RUN_ID=manual__2022-11-29T15:36:57.380361+00:00
[2022-11-29 15:37:03,779] {python.py:175} INFO - Done. Returned value was: None
[2022-11-29 15:37:03,796] {taskinstance.py:1282} INFO - Marking task as SUCCESS. dag_id=vaccine_dags, task_id=creatableLoad, execution_date=20221129T153657, start_date=20221129T153703, end_date=20221129T153703
[2022-11-29 15:37:03,820] {local_task_job.py:154} INFO - Task exited with return code 0
[2022-11-29 15:37:03,857] {local_task_job.py:264} INFO - 0 downstream tasks scheduled from follow-on schedule check
