[2022-11-30 04:43:01,489] {taskinstance.py:1037} INFO - Dependencies all met for <TaskInstance: hello_world_dag.hello_world_task scheduled__2022-11-30T04:42:00+00:00 [queued]>
[2022-11-30 04:43:01,497] {taskinstance.py:1037} INFO - Dependencies all met for <TaskInstance: hello_world_dag.hello_world_task scheduled__2022-11-30T04:42:00+00:00 [queued]>
[2022-11-30 04:43:01,497] {taskinstance.py:1243} INFO - 
--------------------------------------------------------------------------------
[2022-11-30 04:43:01,497] {taskinstance.py:1244} INFO - Starting attempt 1 of 4
[2022-11-30 04:43:01,497] {taskinstance.py:1245} INFO - 
--------------------------------------------------------------------------------
[2022-11-30 04:43:01,505] {taskinstance.py:1264} INFO - Executing <Task(PythonOperator): hello_world_task> on 2022-11-30 04:42:00+00:00
[2022-11-30 04:43:01,508] {standard_task_runner.py:52} INFO - Started process 2993 to run task
[2022-11-30 04:43:01,511] {standard_task_runner.py:76} INFO - Running: ['***', 'tasks', 'run', 'hello_world_dag', 'hello_world_task', 'scheduled__2022-11-30T04:42:00+00:00', '--job-id', '1336', '--raw', '--subdir', 'DAGS_FOLDER/test.py', '--cfg-path', '/tmp/tmp5cuqvbmi', '--error-file', '/tmp/tmpuebrp6dr']
[2022-11-30 04:43:01,511] {standard_task_runner.py:77} INFO - Job 1336: Subtask hello_world_task
[2022-11-30 04:43:01,552] {logging_mixin.py:109} INFO - Running <TaskInstance: hello_world_dag.hello_world_task scheduled__2022-11-30T04:42:00+00:00 [running]> on host acb48b0a6e0d
[2022-11-30 04:43:01,594] {taskinstance.py:1431} INFO - Exporting the following env vars:
AIRFLOW_CTX_DAG_OWNER=Ranga
AIRFLOW_CTX_DAG_ID=hello_world_dag
AIRFLOW_CTX_TASK_ID=hello_world_task
AIRFLOW_CTX_EXECUTION_DATE=2022-11-30T04:42:00+00:00
AIRFLOW_CTX_DAG_RUN_ID=scheduled__2022-11-30T04:42:00+00:00
[2022-11-30 04:43:01,594] {python.py:175} INFO - Done. Returned value was: Hello World!
[2022-11-30 04:43:01,610] {taskinstance.py:1282} INFO - Marking task as SUCCESS. dag_id=hello_world_dag, task_id=hello_world_task, execution_date=20221130T044200, start_date=20221130T044301, end_date=20221130T044301
[2022-11-30 04:43:01,643] {local_task_job.py:154} INFO - Task exited with return code 0
[2022-11-30 04:43:01,667] {local_task_job.py:264} INFO - 1 downstream tasks scheduled from follow-on schedule check
