[2022-11-29 04:13:15,885] {taskinstance.py:1037} INFO - Dependencies all met for <TaskInstance: Covid_dags.transformData manual__2022-11-29T04:13:08.107182+00:00 [queued]>
[2022-11-29 04:13:15,891] {taskinstance.py:1037} INFO - Dependencies all met for <TaskInstance: Covid_dags.transformData manual__2022-11-29T04:13:08.107182+00:00 [queued]>
[2022-11-29 04:13:15,891] {taskinstance.py:1243} INFO - 
--------------------------------------------------------------------------------
[2022-11-29 04:13:15,891] {taskinstance.py:1244} INFO - Starting attempt 1 of 2
[2022-11-29 04:13:15,892] {taskinstance.py:1245} INFO - 
--------------------------------------------------------------------------------
[2022-11-29 04:13:15,900] {taskinstance.py:1264} INFO - Executing <Task(PythonOperator): transformData> on 2022-11-29 04:13:08.107182+00:00
[2022-11-29 04:13:15,904] {standard_task_runner.py:52} INFO - Started process 5873 to run task
[2022-11-29 04:13:15,906] {standard_task_runner.py:76} INFO - Running: ['***', 'tasks', 'run', 'Covid_dags', 'transformData', 'manual__2022-11-29T04:13:08.107182+00:00', '--job-id', '1037', '--raw', '--subdir', 'DAGS_FOLDER/dbtest.py', '--cfg-path', '/tmp/tmp5aydwgng', '--error-file', '/tmp/tmptgu2j74g']
[2022-11-29 04:13:15,907] {standard_task_runner.py:77} INFO - Job 1037: Subtask transformData
[2022-11-29 04:13:15,949] {logging_mixin.py:109} INFO - Running <TaskInstance: Covid_dags.transformData manual__2022-11-29T04:13:08.107182+00:00 [running]> on host acb48b0a6e0d
[2022-11-29 04:13:15,988] {taskinstance.py:1431} INFO - Exporting the following env vars:
AIRFLOW_CTX_DAG_OWNER=***
AIRFLOW_CTX_DAG_ID=Covid_dags
AIRFLOW_CTX_TASK_ID=transformData
AIRFLOW_CTX_EXECUTION_DATE=2022-11-29T04:13:08.107182+00:00
AIRFLOW_CTX_DAG_RUN_ID=manual__2022-11-29T04:13:08.107182+00:00
[2022-11-29 04:13:16,044] {python.py:175} INFO - Done. Returned value was: None
[2022-11-29 04:13:16,053] {taskinstance.py:1282} INFO - Marking task as SUCCESS. dag_id=Covid_dags, task_id=transformData, execution_date=20221129T041308, start_date=20221129T041315, end_date=20221129T041316
[2022-11-29 04:13:16,080] {local_task_job.py:154} INFO - Task exited with return code 0
[2022-11-29 04:13:16,102] {local_task_job.py:264} INFO - 1 downstream tasks scheduled from follow-on schedule check
