[2022-11-28 10:10:02,264] {taskinstance.py:1037} INFO - Dependencies all met for <TaskInstance: hello_world_dag.hello_world_task scheduled__2022-11-28T10:09:00+00:00 [queued]>
[2022-11-28 10:10:02,274] {taskinstance.py:1037} INFO - Dependencies all met for <TaskInstance: hello_world_dag.hello_world_task scheduled__2022-11-28T10:09:00+00:00 [queued]>
[2022-11-28 10:10:02,274] {taskinstance.py:1243} INFO - 
--------------------------------------------------------------------------------
[2022-11-28 10:10:02,274] {taskinstance.py:1244} INFO - Starting attempt 1 of 4
[2022-11-28 10:10:02,274] {taskinstance.py:1245} INFO - 
--------------------------------------------------------------------------------
[2022-11-28 10:10:02,288] {taskinstance.py:1264} INFO - Executing <Task(PythonOperator): hello_world_task> on 2022-11-28 10:09:00+00:00
[2022-11-28 10:10:02,293] {standard_task_runner.py:52} INFO - Started process 723 to run task
[2022-11-28 10:10:02,296] {standard_task_runner.py:76} INFO - Running: ['***', 'tasks', 'run', 'hello_world_dag', 'hello_world_task', 'scheduled__2022-11-28T10:09:00+00:00', '--job-id', '306', '--raw', '--subdir', 'DAGS_FOLDER/test.py', '--cfg-path', '/tmp/tmpbcv091pu', '--error-file', '/tmp/tmp8h7bkxlq']
[2022-11-28 10:10:02,296] {standard_task_runner.py:77} INFO - Job 306: Subtask hello_world_task
[2022-11-28 10:10:02,359] {logging_mixin.py:109} INFO - Running <TaskInstance: hello_world_dag.hello_world_task scheduled__2022-11-28T10:09:00+00:00 [running]> on host 92519a1e9910
[2022-11-28 10:10:02,419] {taskinstance.py:1431} INFO - Exporting the following env vars:
AIRFLOW_CTX_DAG_OWNER=Ranga
AIRFLOW_CTX_DAG_ID=hello_world_dag
AIRFLOW_CTX_TASK_ID=hello_world_task
AIRFLOW_CTX_EXECUTION_DATE=2022-11-28T10:09:00+00:00
AIRFLOW_CTX_DAG_RUN_ID=scheduled__2022-11-28T10:09:00+00:00
[2022-11-28 10:10:02,420] {python.py:175} INFO - Done. Returned value was: Hello World!
[2022-11-28 10:10:02,447] {taskinstance.py:1282} INFO - Marking task as SUCCESS. dag_id=hello_world_dag, task_id=hello_world_task, execution_date=20221128T100900, start_date=20221128T101002, end_date=20221128T101002
[2022-11-28 10:10:02,468] {local_task_job.py:154} INFO - Task exited with return code 0
[2022-11-28 10:10:02,499] {local_task_job.py:264} INFO - 1 downstream tasks scheduled from follow-on schedule check
