[2022-11-29 03:27:01,494] {taskinstance.py:1037} INFO - Dependencies all met for <TaskInstance: hello_world_dag.hello_world_task scheduled__2022-11-29T03:26:00+00:00 [queued]>
[2022-11-29 03:27:01,501] {taskinstance.py:1037} INFO - Dependencies all met for <TaskInstance: hello_world_dag.hello_world_task scheduled__2022-11-29T03:26:00+00:00 [queued]>
[2022-11-29 03:27:01,501] {taskinstance.py:1243} INFO - 
--------------------------------------------------------------------------------
[2022-11-29 03:27:01,501] {taskinstance.py:1244} INFO - Starting attempt 1 of 4
[2022-11-29 03:27:01,501] {taskinstance.py:1245} INFO - 
--------------------------------------------------------------------------------
[2022-11-29 03:27:01,510] {taskinstance.py:1264} INFO - Executing <Task(PythonOperator): hello_world_task> on 2022-11-29 03:26:00+00:00
[2022-11-29 03:27:01,513] {standard_task_runner.py:52} INFO - Started process 3724 to run task
[2022-11-29 03:27:01,515] {standard_task_runner.py:76} INFO - Running: ['***', 'tasks', 'run', 'hello_world_dag', 'hello_world_task', 'scheduled__2022-11-29T03:26:00+00:00', '--job-id', '966', '--raw', '--subdir', 'DAGS_FOLDER/test.py', '--cfg-path', '/tmp/tmpjlvnu9md', '--error-file', '/tmp/tmp6ag_4krt']
[2022-11-29 03:27:01,515] {standard_task_runner.py:77} INFO - Job 966: Subtask hello_world_task
[2022-11-29 03:27:01,557] {logging_mixin.py:109} INFO - Running <TaskInstance: hello_world_dag.hello_world_task scheduled__2022-11-29T03:26:00+00:00 [running]> on host acb48b0a6e0d
[2022-11-29 03:27:01,602] {taskinstance.py:1431} INFO - Exporting the following env vars:
AIRFLOW_CTX_DAG_OWNER=Ranga
AIRFLOW_CTX_DAG_ID=hello_world_dag
AIRFLOW_CTX_TASK_ID=hello_world_task
AIRFLOW_CTX_EXECUTION_DATE=2022-11-29T03:26:00+00:00
AIRFLOW_CTX_DAG_RUN_ID=scheduled__2022-11-29T03:26:00+00:00
[2022-11-29 03:27:01,603] {python.py:175} INFO - Done. Returned value was: Hello World!
[2022-11-29 03:27:01,620] {taskinstance.py:1282} INFO - Marking task as SUCCESS. dag_id=hello_world_dag, task_id=hello_world_task, execution_date=20221129T032600, start_date=20221129T032701, end_date=20221129T032701
[2022-11-29 03:27:01,647] {local_task_job.py:154} INFO - Task exited with return code 0
[2022-11-29 03:27:01,675] {local_task_job.py:264} INFO - 1 downstream tasks scheduled from follow-on schedule check
