[2022-11-30 05:48:07,112] {taskinstance.py:1037} INFO - Dependencies all met for <TaskInstance: vaccine_dags.getDataToLocal scheduled__2022-11-29T00:00:00+00:00 [queued]>
[2022-11-30 05:48:07,119] {taskinstance.py:1037} INFO - Dependencies all met for <TaskInstance: vaccine_dags.getDataToLocal scheduled__2022-11-29T00:00:00+00:00 [queued]>
[2022-11-30 05:48:07,119] {taskinstance.py:1243} INFO - 
--------------------------------------------------------------------------------
[2022-11-30 05:48:07,119] {taskinstance.py:1244} INFO - Starting attempt 1 of 2
[2022-11-30 05:48:07,119] {taskinstance.py:1245} INFO - 
--------------------------------------------------------------------------------
[2022-11-30 05:48:07,129] {taskinstance.py:1264} INFO - Executing <Task(PythonOperator): getDataToLocal> on 2022-11-29 00:00:00+00:00
[2022-11-30 05:48:07,132] {standard_task_runner.py:52} INFO - Started process 5953 to run task
[2022-11-30 05:48:07,135] {standard_task_runner.py:76} INFO - Running: ['***', 'tasks', 'run', 'vaccine_dags', 'getDataToLocal', 'scheduled__2022-11-29T00:00:00+00:00', '--job-id', '1405', '--raw', '--subdir', 'DAGS_FOLDER/vaccine.py', '--cfg-path', '/tmp/tmpwkqhuz8d', '--error-file', '/tmp/tmpzb2upg_n']
[2022-11-30 05:48:07,135] {standard_task_runner.py:77} INFO - Job 1405: Subtask getDataToLocal
[2022-11-30 05:48:07,177] {logging_mixin.py:109} INFO - Running <TaskInstance: vaccine_dags.getDataToLocal scheduled__2022-11-29T00:00:00+00:00 [running]> on host acb48b0a6e0d
[2022-11-30 05:48:07,219] {taskinstance.py:1431} INFO - Exporting the following env vars:
AIRFLOW_CTX_DAG_OWNER=***
AIRFLOW_CTX_DAG_ID=vaccine_dags
AIRFLOW_CTX_TASK_ID=getDataToLocal
AIRFLOW_CTX_EXECUTION_DATE=2022-11-29T00:00:00+00:00
AIRFLOW_CTX_DAG_RUN_ID=scheduled__2022-11-29T00:00:00+00:00
[2022-11-30 05:48:07,622] {python.py:175} INFO - Done. Returned value was: None
[2022-11-30 05:48:07,632] {taskinstance.py:1282} INFO - Marking task as SUCCESS. dag_id=vaccine_dags, task_id=getDataToLocal, execution_date=20221129T000000, start_date=20221130T054807, end_date=20221130T054807
[2022-11-30 05:48:07,668] {local_task_job.py:154} INFO - Task exited with return code 0
[2022-11-30 05:48:07,702] {local_task_job.py:264} INFO - 1 downstream tasks scheduled from follow-on schedule check
