[2022-11-28 22:44:01,945] {taskinstance.py:1037} INFO - Dependencies all met for <TaskInstance: hello_world_dag.hello_world_task scheduled__2022-11-28T22:43:00+00:00 [queued]>
[2022-11-28 22:44:01,953] {taskinstance.py:1037} INFO - Dependencies all met for <TaskInstance: hello_world_dag.hello_world_task scheduled__2022-11-28T22:43:00+00:00 [queued]>
[2022-11-28 22:44:01,953] {taskinstance.py:1243} INFO - 
--------------------------------------------------------------------------------
[2022-11-28 22:44:01,953] {taskinstance.py:1244} INFO - Starting attempt 1 of 4
[2022-11-28 22:44:01,954] {taskinstance.py:1245} INFO - 
--------------------------------------------------------------------------------
[2022-11-28 22:44:01,963] {taskinstance.py:1264} INFO - Executing <Task(PythonOperator): hello_world_task> on 2022-11-28 22:43:00+00:00
[2022-11-28 22:44:01,965] {standard_task_runner.py:52} INFO - Started process 3684 to run task
[2022-11-28 22:44:01,968] {standard_task_runner.py:76} INFO - Running: ['***', 'tasks', 'run', 'hello_world_dag', 'hello_world_task', 'scheduled__2022-11-28T22:43:00+00:00', '--job-id', '570', '--raw', '--subdir', 'DAGS_FOLDER/test.py', '--cfg-path', '/tmp/tmp3krp5v3t', '--error-file', '/tmp/tmpac2vb_ct']
[2022-11-28 22:44:01,968] {standard_task_runner.py:77} INFO - Job 570: Subtask hello_world_task
[2022-11-28 22:44:02,012] {logging_mixin.py:109} INFO - Running <TaskInstance: hello_world_dag.hello_world_task scheduled__2022-11-28T22:43:00+00:00 [running]> on host acb48b0a6e0d
[2022-11-28 22:44:02,089] {taskinstance.py:1431} INFO - Exporting the following env vars:
AIRFLOW_CTX_DAG_OWNER=Ranga
AIRFLOW_CTX_DAG_ID=hello_world_dag
AIRFLOW_CTX_TASK_ID=hello_world_task
AIRFLOW_CTX_EXECUTION_DATE=2022-11-28T22:43:00+00:00
AIRFLOW_CTX_DAG_RUN_ID=scheduled__2022-11-28T22:43:00+00:00
[2022-11-28 22:44:02,091] {python.py:175} INFO - Done. Returned value was: Hello World!
[2022-11-28 22:44:02,123] {taskinstance.py:1282} INFO - Marking task as SUCCESS. dag_id=hello_world_dag, task_id=hello_world_task, execution_date=20221128T224300, start_date=20221128T224401, end_date=20221128T224402
[2022-11-28 22:44:02,140] {local_task_job.py:154} INFO - Task exited with return code 0
[2022-11-28 22:44:02,167] {local_task_job.py:264} INFO - 1 downstream tasks scheduled from follow-on schedule check
