[2022-11-29 04:05:57,345] {taskinstance.py:1037} INFO - Dependencies all met for <TaskInstance: Covid_dags.transformData manual__2022-11-29T04:05:51.584992+00:00 [queued]>
[2022-11-29 04:05:57,353] {taskinstance.py:1037} INFO - Dependencies all met for <TaskInstance: Covid_dags.transformData manual__2022-11-29T04:05:51.584992+00:00 [queued]>
[2022-11-29 04:05:57,353] {taskinstance.py:1243} INFO - 
--------------------------------------------------------------------------------
[2022-11-29 04:05:57,353] {taskinstance.py:1244} INFO - Starting attempt 1 of 2
[2022-11-29 04:05:57,353] {taskinstance.py:1245} INFO - 
--------------------------------------------------------------------------------
[2022-11-29 04:05:57,363] {taskinstance.py:1264} INFO - Executing <Task(PythonOperator): transformData> on 2022-11-29 04:05:51.584992+00:00
[2022-11-29 04:05:57,367] {standard_task_runner.py:52} INFO - Started process 5535 to run task
[2022-11-29 04:05:57,369] {standard_task_runner.py:76} INFO - Running: ['***', 'tasks', 'run', 'Covid_dags', 'transformData', 'manual__2022-11-29T04:05:51.584992+00:00', '--job-id', '1025', '--raw', '--subdir', 'DAGS_FOLDER/dbtest.py', '--cfg-path', '/tmp/tmpvtoz1x1c', '--error-file', '/tmp/tmp2pq27m6h']
[2022-11-29 04:05:57,370] {standard_task_runner.py:77} INFO - Job 1025: Subtask transformData
[2022-11-29 04:05:57,425] {logging_mixin.py:109} INFO - Running <TaskInstance: Covid_dags.transformData manual__2022-11-29T04:05:51.584992+00:00 [running]> on host acb48b0a6e0d
[2022-11-29 04:05:57,469] {taskinstance.py:1431} INFO - Exporting the following env vars:
AIRFLOW_CTX_DAG_OWNER=***
AIRFLOW_CTX_DAG_ID=Covid_dags
AIRFLOW_CTX_TASK_ID=transformData
AIRFLOW_CTX_EXECUTION_DATE=2022-11-29T04:05:51.584992+00:00
AIRFLOW_CTX_DAG_RUN_ID=manual__2022-11-29T04:05:51.584992+00:00
[2022-11-29 04:05:57,545] {python.py:175} INFO - Done. Returned value was: None
[2022-11-29 04:05:57,555] {taskinstance.py:1282} INFO - Marking task as SUCCESS. dag_id=Covid_dags, task_id=transformData, execution_date=20221129T040551, start_date=20221129T040557, end_date=20221129T040557
[2022-11-29 04:05:57,582] {local_task_job.py:154} INFO - Task exited with return code 0
[2022-11-29 04:05:57,610] {local_task_job.py:264} INFO - 1 downstream tasks scheduled from follow-on schedule check
