[2022-11-29 14:01:25,828] {taskinstance.py:1037} INFO - Dependencies all met for <TaskInstance: Covid_dags.transformData manual__2022-11-29T14:01:22.283842+00:00 [queued]>
[2022-11-29 14:01:25,841] {taskinstance.py:1037} INFO - Dependencies all met for <TaskInstance: Covid_dags.transformData manual__2022-11-29T14:01:22.283842+00:00 [queued]>
[2022-11-29 14:01:25,841] {taskinstance.py:1243} INFO - 
--------------------------------------------------------------------------------
[2022-11-29 14:01:25,841] {taskinstance.py:1244} INFO - Starting attempt 1 of 2
[2022-11-29 14:01:25,842] {taskinstance.py:1245} INFO - 
--------------------------------------------------------------------------------
[2022-11-29 14:01:25,857] {taskinstance.py:1264} INFO - Executing <Task(PythonOperator): transformData> on 2022-11-29 14:01:22.283842+00:00
[2022-11-29 14:01:25,862] {standard_task_runner.py:52} INFO - Started process 400 to run task
[2022-11-29 14:01:25,866] {standard_task_runner.py:76} INFO - Running: ['***', 'tasks', 'run', 'Covid_dags', 'transformData', 'manual__2022-11-29T14:01:22.283842+00:00', '--job-id', '1172', '--raw', '--subdir', 'DAGS_FOLDER/covid.py', '--cfg-path', '/tmp/tmpv54cd2aq', '--error-file', '/tmp/tmpa9te9rju']
[2022-11-29 14:01:25,867] {standard_task_runner.py:77} INFO - Job 1172: Subtask transformData
[2022-11-29 14:01:25,936] {logging_mixin.py:109} INFO - Running <TaskInstance: Covid_dags.transformData manual__2022-11-29T14:01:22.283842+00:00 [running]> on host acb48b0a6e0d
[2022-11-29 14:01:25,998] {taskinstance.py:1431} INFO - Exporting the following env vars:
AIRFLOW_CTX_DAG_OWNER=***
AIRFLOW_CTX_DAG_ID=Covid_dags
AIRFLOW_CTX_TASK_ID=transformData
AIRFLOW_CTX_EXECUTION_DATE=2022-11-29T14:01:22.283842+00:00
AIRFLOW_CTX_DAG_RUN_ID=manual__2022-11-29T14:01:22.283842+00:00
[2022-11-29 14:01:26,096] {python.py:175} INFO - Done. Returned value was: None
[2022-11-29 14:01:26,112] {taskinstance.py:1282} INFO - Marking task as SUCCESS. dag_id=Covid_dags, task_id=transformData, execution_date=20221129T140122, start_date=20221129T140125, end_date=20221129T140126
[2022-11-29 14:01:26,159] {local_task_job.py:154} INFO - Task exited with return code 0
[2022-11-29 14:01:26,196] {local_task_job.py:264} INFO - 1 downstream tasks scheduled from follow-on schedule check
