[2022-11-29 01:36:15,462] {taskinstance.py:1037} INFO - Dependencies all met for <TaskInstance: Covid_dags.transformData manual__2022-11-29T01:35:52.144576+00:00 [queued]>
[2022-11-29 01:36:15,469] {taskinstance.py:1037} INFO - Dependencies all met for <TaskInstance: Covid_dags.transformData manual__2022-11-29T01:35:52.144576+00:00 [queued]>
[2022-11-29 01:36:15,469] {taskinstance.py:1243} INFO - 
--------------------------------------------------------------------------------
[2022-11-29 01:36:15,469] {taskinstance.py:1244} INFO - Starting attempt 1 of 2
[2022-11-29 01:36:15,469] {taskinstance.py:1245} INFO - 
--------------------------------------------------------------------------------
[2022-11-29 01:36:15,477] {taskinstance.py:1264} INFO - Executing <Task(PythonOperator): transformData> on 2022-11-29 01:35:52.144576+00:00
[2022-11-29 01:36:15,481] {standard_task_runner.py:52} INFO - Started process 469 to run task
[2022-11-29 01:36:15,483] {standard_task_runner.py:76} INFO - Running: ['***', 'tasks', 'run', 'Covid_dags', 'transformData', 'manual__2022-11-29T01:35:52.144576+00:00', '--job-id', '757', '--raw', '--subdir', 'DAGS_FOLDER/dbtest.py', '--cfg-path', '/tmp/tmp9gbff75g', '--error-file', '/tmp/tmps1u283d2']
[2022-11-29 01:36:15,483] {standard_task_runner.py:77} INFO - Job 757: Subtask transformData
[2022-11-29 01:36:15,520] {logging_mixin.py:109} INFO - Running <TaskInstance: Covid_dags.transformData manual__2022-11-29T01:35:52.144576+00:00 [running]> on host acb48b0a6e0d
[2022-11-29 01:36:15,557] {taskinstance.py:1431} INFO - Exporting the following env vars:
AIRFLOW_CTX_DAG_OWNER=***
AIRFLOW_CTX_DAG_ID=Covid_dags
AIRFLOW_CTX_TASK_ID=transformData
AIRFLOW_CTX_EXECUTION_DATE=2022-11-29T01:35:52.144576+00:00
AIRFLOW_CTX_DAG_RUN_ID=manual__2022-11-29T01:35:52.144576+00:00
[2022-11-29 01:36:15,609] {python.py:175} INFO - Done. Returned value was: None
[2022-11-29 01:36:15,618] {taskinstance.py:1282} INFO - Marking task as SUCCESS. dag_id=Covid_dags, task_id=transformData, execution_date=20221129T013552, start_date=20221129T013615, end_date=20221129T013615
[2022-11-29 01:36:15,655] {local_task_job.py:154} INFO - Task exited with return code 0
[2022-11-29 01:36:15,679] {local_task_job.py:264} INFO - 1 downstream tasks scheduled from follow-on schedule check
