[2022-11-30 12:49:01,247] {taskinstance.py:1037} INFO - Dependencies all met for <TaskInstance: hello_world_dag.hello_world_task scheduled__2022-11-30T12:48:00+00:00 [queued]>
[2022-11-30 12:49:01,255] {taskinstance.py:1037} INFO - Dependencies all met for <TaskInstance: hello_world_dag.hello_world_task scheduled__2022-11-30T12:48:00+00:00 [queued]>
[2022-11-30 12:49:01,255] {taskinstance.py:1243} INFO - 
--------------------------------------------------------------------------------
[2022-11-30 12:49:01,255] {taskinstance.py:1244} INFO - Starting attempt 1 of 4
[2022-11-30 12:49:01,255] {taskinstance.py:1245} INFO - 
--------------------------------------------------------------------------------
[2022-11-30 12:49:01,264] {taskinstance.py:1264} INFO - Executing <Task(PythonOperator): hello_world_task> on 2022-11-30 12:48:00+00:00
[2022-11-30 12:49:01,267] {standard_task_runner.py:52} INFO - Started process 3976 to run task
[2022-11-30 12:49:01,269] {standard_task_runner.py:76} INFO - Running: ['***', 'tasks', 'run', 'hello_world_dag', 'hello_world_task', 'scheduled__2022-11-30T12:48:00+00:00', '--job-id', '1743', '--raw', '--subdir', 'DAGS_FOLDER/test.py', '--cfg-path', '/tmp/tmpgwp05yr1', '--error-file', '/tmp/tmpc4x7jy2b']
[2022-11-30 12:49:01,269] {standard_task_runner.py:77} INFO - Job 1743: Subtask hello_world_task
[2022-11-30 12:49:01,314] {logging_mixin.py:109} INFO - Running <TaskInstance: hello_world_dag.hello_world_task scheduled__2022-11-30T12:48:00+00:00 [running]> on host acb48b0a6e0d
[2022-11-30 12:49:01,355] {taskinstance.py:1431} INFO - Exporting the following env vars:
AIRFLOW_CTX_DAG_OWNER=Ranga
AIRFLOW_CTX_DAG_ID=hello_world_dag
AIRFLOW_CTX_TASK_ID=hello_world_task
AIRFLOW_CTX_EXECUTION_DATE=2022-11-30T12:48:00+00:00
AIRFLOW_CTX_DAG_RUN_ID=scheduled__2022-11-30T12:48:00+00:00
[2022-11-30 12:49:01,356] {python.py:175} INFO - Done. Returned value was: Hello World!
[2022-11-30 12:49:01,375] {taskinstance.py:1282} INFO - Marking task as SUCCESS. dag_id=hello_world_dag, task_id=hello_world_task, execution_date=20221130T124800, start_date=20221130T124901, end_date=20221130T124901
[2022-11-30 12:49:01,401] {local_task_job.py:154} INFO - Task exited with return code 0
[2022-11-30 12:49:01,425] {local_task_job.py:264} INFO - 1 downstream tasks scheduled from follow-on schedule check
