[2022-11-30 07:39:02,395] {taskinstance.py:1037} INFO - Dependencies all met for <TaskInstance: hello_world_dag.hello_world_task scheduled__2022-11-30T07:38:00+00:00 [queued]>
[2022-11-30 07:39:02,409] {taskinstance.py:1037} INFO - Dependencies all met for <TaskInstance: hello_world_dag.hello_world_task scheduled__2022-11-30T07:38:00+00:00 [queued]>
[2022-11-30 07:39:02,409] {taskinstance.py:1243} INFO - 
--------------------------------------------------------------------------------
[2022-11-30 07:39:02,409] {taskinstance.py:1244} INFO - Starting attempt 1 of 4
[2022-11-30 07:39:02,409] {taskinstance.py:1245} INFO - 
--------------------------------------------------------------------------------
[2022-11-30 07:39:02,425] {taskinstance.py:1264} INFO - Executing <Task(PythonOperator): hello_world_task> on 2022-11-30 07:38:00+00:00
[2022-11-30 07:39:02,429] {standard_task_runner.py:52} INFO - Started process 10999 to run task
[2022-11-30 07:39:02,433] {standard_task_runner.py:76} INFO - Running: ['***', 'tasks', 'run', 'hello_world_dag', 'hello_world_task', 'scheduled__2022-11-30T07:38:00+00:00', '--job-id', '1518', '--raw', '--subdir', 'DAGS_FOLDER/test.py', '--cfg-path', '/tmp/tmpcakfll5c', '--error-file', '/tmp/tmp6311xshi']
[2022-11-30 07:39:02,434] {standard_task_runner.py:77} INFO - Job 1518: Subtask hello_world_task
[2022-11-30 07:39:02,498] {logging_mixin.py:109} INFO - Running <TaskInstance: hello_world_dag.hello_world_task scheduled__2022-11-30T07:38:00+00:00 [running]> on host acb48b0a6e0d
[2022-11-30 07:39:02,563] {taskinstance.py:1431} INFO - Exporting the following env vars:
AIRFLOW_CTX_DAG_OWNER=Ranga
AIRFLOW_CTX_DAG_ID=hello_world_dag
AIRFLOW_CTX_TASK_ID=hello_world_task
AIRFLOW_CTX_EXECUTION_DATE=2022-11-30T07:38:00+00:00
AIRFLOW_CTX_DAG_RUN_ID=scheduled__2022-11-30T07:38:00+00:00
[2022-11-30 07:39:02,563] {python.py:175} INFO - Done. Returned value was: Hello World!
[2022-11-30 07:39:02,591] {taskinstance.py:1282} INFO - Marking task as SUCCESS. dag_id=hello_world_dag, task_id=hello_world_task, execution_date=20221130T073800, start_date=20221130T073902, end_date=20221130T073902
[2022-11-30 07:39:02,645] {local_task_job.py:154} INFO - Task exited with return code 0
[2022-11-30 07:39:02,686] {local_task_job.py:264} INFO - 1 downstream tasks scheduled from follow-on schedule check
