[2022-11-30 03:58:20,986] {processor.py:163} INFO - Started process (PID=3522) to work on /home/airflow/.local/lib/python3.7/site-packages/airflow/example_dags/example_trigger_controller_dag.py
[2022-11-30 03:58:20,988] {processor.py:642} INFO - Processing file /home/airflow/.local/lib/python3.7/site-packages/airflow/example_dags/example_trigger_controller_dag.py for tasks to queue
[2022-11-30 03:58:20,989] {logging_mixin.py:109} INFO - [2022-11-30 03:58:20,989] {dagbag.py:500} INFO - Filling up the DagBag from /home/airflow/.local/lib/python3.7/site-packages/airflow/example_dags/example_trigger_controller_dag.py
[2022-11-30 03:58:21,050] {processor.py:654} INFO - DAG(s) dict_keys(['example_trigger_controller_dag']) retrieved from /home/airflow/.local/lib/python3.7/site-packages/airflow/example_dags/example_trigger_controller_dag.py
[2022-11-30 03:58:21,070] {logging_mixin.py:109} INFO - [2022-11-30 03:58:21,070] {dag.py:2398} INFO - Sync 1 DAGs
[2022-11-30 03:58:21,099] {logging_mixin.py:109} INFO - [2022-11-30 03:58:21,099] {dag.py:2937} INFO - Setting next_dagrun for example_trigger_controller_dag to 2021-01-01T00:00:00+00:00
[2022-11-30 03:58:21,125] {processor.py:171} INFO - Processing /home/airflow/.local/lib/python3.7/site-packages/airflow/example_dags/example_trigger_controller_dag.py took 0.143 seconds
[2022-11-30 03:58:51,439] {processor.py:163} INFO - Started process (PID=3598) to work on /home/airflow/.local/lib/python3.7/site-packages/airflow/example_dags/example_trigger_controller_dag.py
[2022-11-30 03:58:51,440] {processor.py:642} INFO - Processing file /home/airflow/.local/lib/python3.7/site-packages/airflow/example_dags/example_trigger_controller_dag.py for tasks to queue
[2022-11-30 03:58:51,441] {logging_mixin.py:109} INFO - [2022-11-30 03:58:51,441] {dagbag.py:500} INFO - Filling up the DagBag from /home/airflow/.local/lib/python3.7/site-packages/airflow/example_dags/example_trigger_controller_dag.py
[2022-11-30 03:58:51,468] {processor.py:654} INFO - DAG(s) dict_keys(['example_trigger_controller_dag']) retrieved from /home/airflow/.local/lib/python3.7/site-packages/airflow/example_dags/example_trigger_controller_dag.py
[2022-11-30 03:58:51,476] {logging_mixin.py:109} INFO - [2022-11-30 03:58:51,476] {dag.py:2398} INFO - Sync 1 DAGs
[2022-11-30 03:58:51,491] {logging_mixin.py:109} INFO - [2022-11-30 03:58:51,491] {dag.py:2937} INFO - Setting next_dagrun for example_trigger_controller_dag to 2021-01-01T00:00:00+00:00
[2022-11-30 03:58:51,499] {processor.py:171} INFO - Processing /home/airflow/.local/lib/python3.7/site-packages/airflow/example_dags/example_trigger_controller_dag.py took 0.062 seconds
[2022-11-30 03:59:22,336] {processor.py:163} INFO - Started process (PID=3684) to work on /home/airflow/.local/lib/python3.7/site-packages/airflow/example_dags/example_trigger_controller_dag.py
[2022-11-30 03:59:22,337] {processor.py:642} INFO - Processing file /home/airflow/.local/lib/python3.7/site-packages/airflow/example_dags/example_trigger_controller_dag.py for tasks to queue
[2022-11-30 03:59:22,338] {logging_mixin.py:109} INFO - [2022-11-30 03:59:22,338] {dagbag.py:500} INFO - Filling up the DagBag from /home/airflow/.local/lib/python3.7/site-packages/airflow/example_dags/example_trigger_controller_dag.py
[2022-11-30 03:59:22,362] {processor.py:654} INFO - DAG(s) dict_keys(['example_trigger_controller_dag']) retrieved from /home/airflow/.local/lib/python3.7/site-packages/airflow/example_dags/example_trigger_controller_dag.py
[2022-11-30 03:59:22,370] {logging_mixin.py:109} INFO - [2022-11-30 03:59:22,370] {dag.py:2398} INFO - Sync 1 DAGs
[2022-11-30 03:59:22,387] {logging_mixin.py:109} INFO - [2022-11-30 03:59:22,387] {dag.py:2937} INFO - Setting next_dagrun for example_trigger_controller_dag to 2021-01-01T00:00:00+00:00
[2022-11-30 03:59:22,400] {processor.py:171} INFO - Processing /home/airflow/.local/lib/python3.7/site-packages/airflow/example_dags/example_trigger_controller_dag.py took 0.066 seconds
[2022-11-30 03:59:52,658] {processor.py:163} INFO - Started process (PID=3761) to work on /home/airflow/.local/lib/python3.7/site-packages/airflow/example_dags/example_trigger_controller_dag.py
[2022-11-30 03:59:52,659] {processor.py:642} INFO - Processing file /home/airflow/.local/lib/python3.7/site-packages/airflow/example_dags/example_trigger_controller_dag.py for tasks to queue
[2022-11-30 03:59:52,659] {logging_mixin.py:109} INFO - [2022-11-30 03:59:52,659] {dagbag.py:500} INFO - Filling up the DagBag from /home/airflow/.local/lib/python3.7/site-packages/airflow/example_dags/example_trigger_controller_dag.py
[2022-11-30 03:59:52,682] {processor.py:654} INFO - DAG(s) dict_keys(['example_trigger_controller_dag']) retrieved from /home/airflow/.local/lib/python3.7/site-packages/airflow/example_dags/example_trigger_controller_dag.py
[2022-11-30 03:59:52,691] {logging_mixin.py:109} INFO - [2022-11-30 03:59:52,691] {dag.py:2398} INFO - Sync 1 DAGs
[2022-11-30 03:59:52,704] {logging_mixin.py:109} INFO - [2022-11-30 03:59:52,704] {dag.py:2937} INFO - Setting next_dagrun for example_trigger_controller_dag to 2021-01-01T00:00:00+00:00
[2022-11-30 03:59:52,712] {processor.py:171} INFO - Processing /home/airflow/.local/lib/python3.7/site-packages/airflow/example_dags/example_trigger_controller_dag.py took 0.057 seconds
[2022-11-30 04:00:23,223] {processor.py:163} INFO - Started process (PID=3848) to work on /home/airflow/.local/lib/python3.7/site-packages/airflow/example_dags/example_trigger_controller_dag.py
[2022-11-30 04:00:23,224] {processor.py:642} INFO - Processing file /home/airflow/.local/lib/python3.7/site-packages/airflow/example_dags/example_trigger_controller_dag.py for tasks to queue
[2022-11-30 04:00:23,225] {logging_mixin.py:109} INFO - [2022-11-30 04:00:23,225] {dagbag.py:500} INFO - Filling up the DagBag from /home/airflow/.local/lib/python3.7/site-packages/airflow/example_dags/example_trigger_controller_dag.py
[2022-11-30 04:00:23,254] {processor.py:654} INFO - DAG(s) dict_keys(['example_trigger_controller_dag']) retrieved from /home/airflow/.local/lib/python3.7/site-packages/airflow/example_dags/example_trigger_controller_dag.py
[2022-11-30 04:00:23,267] {logging_mixin.py:109} INFO - [2022-11-30 04:00:23,267] {dag.py:2398} INFO - Sync 1 DAGs
[2022-11-30 04:00:23,284] {logging_mixin.py:109} INFO - [2022-11-30 04:00:23,284] {dag.py:2937} INFO - Setting next_dagrun for example_trigger_controller_dag to 2021-01-01T00:00:00+00:00
[2022-11-30 04:00:23,293] {processor.py:171} INFO - Processing /home/airflow/.local/lib/python3.7/site-packages/airflow/example_dags/example_trigger_controller_dag.py took 0.074 seconds
[2022-11-30 04:00:53,941] {processor.py:163} INFO - Started process (PID=3925) to work on /home/airflow/.local/lib/python3.7/site-packages/airflow/example_dags/example_trigger_controller_dag.py
[2022-11-30 04:00:53,942] {processor.py:642} INFO - Processing file /home/airflow/.local/lib/python3.7/site-packages/airflow/example_dags/example_trigger_controller_dag.py for tasks to queue
[2022-11-30 04:00:53,942] {logging_mixin.py:109} INFO - [2022-11-30 04:00:53,942] {dagbag.py:500} INFO - Filling up the DagBag from /home/airflow/.local/lib/python3.7/site-packages/airflow/example_dags/example_trigger_controller_dag.py
[2022-11-30 04:00:53,970] {processor.py:654} INFO - DAG(s) dict_keys(['example_trigger_controller_dag']) retrieved from /home/airflow/.local/lib/python3.7/site-packages/airflow/example_dags/example_trigger_controller_dag.py
[2022-11-30 04:00:53,979] {logging_mixin.py:109} INFO - [2022-11-30 04:00:53,979] {dag.py:2398} INFO - Sync 1 DAGs
[2022-11-30 04:00:53,995] {logging_mixin.py:109} INFO - [2022-11-30 04:00:53,995] {dag.py:2937} INFO - Setting next_dagrun for example_trigger_controller_dag to 2021-01-01T00:00:00+00:00
[2022-11-30 04:00:54,005] {processor.py:171} INFO - Processing /home/airflow/.local/lib/python3.7/site-packages/airflow/example_dags/example_trigger_controller_dag.py took 0.067 seconds
[2022-11-30 04:01:24,260] {processor.py:163} INFO - Started process (PID=4002) to work on /home/airflow/.local/lib/python3.7/site-packages/airflow/example_dags/example_trigger_controller_dag.py
[2022-11-30 04:01:24,261] {processor.py:642} INFO - Processing file /home/airflow/.local/lib/python3.7/site-packages/airflow/example_dags/example_trigger_controller_dag.py for tasks to queue
[2022-11-30 04:01:24,262] {logging_mixin.py:109} INFO - [2022-11-30 04:01:24,262] {dagbag.py:500} INFO - Filling up the DagBag from /home/airflow/.local/lib/python3.7/site-packages/airflow/example_dags/example_trigger_controller_dag.py
[2022-11-30 04:01:24,285] {processor.py:654} INFO - DAG(s) dict_keys(['example_trigger_controller_dag']) retrieved from /home/airflow/.local/lib/python3.7/site-packages/airflow/example_dags/example_trigger_controller_dag.py
[2022-11-30 04:01:24,293] {logging_mixin.py:109} INFO - [2022-11-30 04:01:24,293] {dag.py:2398} INFO - Sync 1 DAGs
[2022-11-30 04:01:24,307] {logging_mixin.py:109} INFO - [2022-11-30 04:01:24,306] {dag.py:2937} INFO - Setting next_dagrun for example_trigger_controller_dag to 2021-01-01T00:00:00+00:00
[2022-11-30 04:01:24,315] {processor.py:171} INFO - Processing /home/airflow/.local/lib/python3.7/site-packages/airflow/example_dags/example_trigger_controller_dag.py took 0.058 seconds
[2022-11-30 04:01:55,149] {processor.py:163} INFO - Started process (PID=4088) to work on /home/airflow/.local/lib/python3.7/site-packages/airflow/example_dags/example_trigger_controller_dag.py
[2022-11-30 04:01:55,151] {processor.py:642} INFO - Processing file /home/airflow/.local/lib/python3.7/site-packages/airflow/example_dags/example_trigger_controller_dag.py for tasks to queue
[2022-11-30 04:01:55,151] {logging_mixin.py:109} INFO - [2022-11-30 04:01:55,151] {dagbag.py:500} INFO - Filling up the DagBag from /home/airflow/.local/lib/python3.7/site-packages/airflow/example_dags/example_trigger_controller_dag.py
[2022-11-30 04:01:55,181] {processor.py:654} INFO - DAG(s) dict_keys(['example_trigger_controller_dag']) retrieved from /home/airflow/.local/lib/python3.7/site-packages/airflow/example_dags/example_trigger_controller_dag.py
[2022-11-30 04:01:55,189] {logging_mixin.py:109} INFO - [2022-11-30 04:01:55,189] {dag.py:2398} INFO - Sync 1 DAGs
[2022-11-30 04:01:55,206] {logging_mixin.py:109} INFO - [2022-11-30 04:01:55,206] {dag.py:2937} INFO - Setting next_dagrun for example_trigger_controller_dag to 2021-01-01T00:00:00+00:00
[2022-11-30 04:01:55,217] {processor.py:171} INFO - Processing /home/airflow/.local/lib/python3.7/site-packages/airflow/example_dags/example_trigger_controller_dag.py took 0.072 seconds
[2022-11-30 04:02:28,681] {processor.py:163} INFO - Started process (PID=4165) to work on /home/airflow/.local/lib/python3.7/site-packages/airflow/example_dags/example_trigger_controller_dag.py
[2022-11-30 04:02:28,683] {processor.py:642} INFO - Processing file /home/airflow/.local/lib/python3.7/site-packages/airflow/example_dags/example_trigger_controller_dag.py for tasks to queue
[2022-11-30 04:02:28,684] {logging_mixin.py:109} INFO - [2022-11-30 04:02:28,684] {dagbag.py:500} INFO - Filling up the DagBag from /home/airflow/.local/lib/python3.7/site-packages/airflow/example_dags/example_trigger_controller_dag.py
[2022-11-30 04:02:28,772] {processor.py:654} INFO - DAG(s) dict_keys(['example_trigger_controller_dag']) retrieved from /home/airflow/.local/lib/python3.7/site-packages/airflow/example_dags/example_trigger_controller_dag.py
[2022-11-30 04:02:28,799] {logging_mixin.py:109} INFO - [2022-11-30 04:02:28,799] {dag.py:2398} INFO - Sync 1 DAGs
[2022-11-30 04:02:28,829] {logging_mixin.py:109} INFO - [2022-11-30 04:02:28,829] {dag.py:2937} INFO - Setting next_dagrun for example_trigger_controller_dag to 2021-01-01T00:00:00+00:00
[2022-11-30 04:02:28,843] {processor.py:171} INFO - Processing /home/airflow/.local/lib/python3.7/site-packages/airflow/example_dags/example_trigger_controller_dag.py took 0.176 seconds
[2022-11-30 04:02:59,289] {processor.py:163} INFO - Started process (PID=4241) to work on /home/airflow/.local/lib/python3.7/site-packages/airflow/example_dags/example_trigger_controller_dag.py
[2022-11-30 04:02:59,290] {processor.py:642} INFO - Processing file /home/airflow/.local/lib/python3.7/site-packages/airflow/example_dags/example_trigger_controller_dag.py for tasks to queue
[2022-11-30 04:02:59,290] {logging_mixin.py:109} INFO - [2022-11-30 04:02:59,290] {dagbag.py:500} INFO - Filling up the DagBag from /home/airflow/.local/lib/python3.7/site-packages/airflow/example_dags/example_trigger_controller_dag.py
[2022-11-30 04:02:59,316] {processor.py:654} INFO - DAG(s) dict_keys(['example_trigger_controller_dag']) retrieved from /home/airflow/.local/lib/python3.7/site-packages/airflow/example_dags/example_trigger_controller_dag.py
[2022-11-30 04:02:59,325] {logging_mixin.py:109} INFO - [2022-11-30 04:02:59,325] {dag.py:2398} INFO - Sync 1 DAGs
[2022-11-30 04:02:59,339] {logging_mixin.py:109} INFO - [2022-11-30 04:02:59,339] {dag.py:2937} INFO - Setting next_dagrun for example_trigger_controller_dag to 2021-01-01T00:00:00+00:00
[2022-11-30 04:02:59,350] {processor.py:171} INFO - Processing /home/airflow/.local/lib/python3.7/site-packages/airflow/example_dags/example_trigger_controller_dag.py took 0.064 seconds
[2022-11-30 04:03:30,344] {processor.py:163} INFO - Started process (PID=4328) to work on /home/airflow/.local/lib/python3.7/site-packages/airflow/example_dags/example_trigger_controller_dag.py
[2022-11-30 04:03:30,346] {processor.py:642} INFO - Processing file /home/airflow/.local/lib/python3.7/site-packages/airflow/example_dags/example_trigger_controller_dag.py for tasks to queue
[2022-11-30 04:03:30,346] {logging_mixin.py:109} INFO - [2022-11-30 04:03:30,346] {dagbag.py:500} INFO - Filling up the DagBag from /home/airflow/.local/lib/python3.7/site-packages/airflow/example_dags/example_trigger_controller_dag.py
[2022-11-30 04:03:30,370] {processor.py:654} INFO - DAG(s) dict_keys(['example_trigger_controller_dag']) retrieved from /home/airflow/.local/lib/python3.7/site-packages/airflow/example_dags/example_trigger_controller_dag.py
[2022-11-30 04:03:30,379] {logging_mixin.py:109} INFO - [2022-11-30 04:03:30,379] {dag.py:2398} INFO - Sync 1 DAGs
[2022-11-30 04:03:30,393] {logging_mixin.py:109} INFO - [2022-11-30 04:03:30,393] {dag.py:2937} INFO - Setting next_dagrun for example_trigger_controller_dag to 2021-01-01T00:00:00+00:00
[2022-11-30 04:03:30,401] {processor.py:171} INFO - Processing /home/airflow/.local/lib/python3.7/site-packages/airflow/example_dags/example_trigger_controller_dag.py took 0.059 seconds
[2022-11-30 04:04:00,604] {processor.py:163} INFO - Started process (PID=4405) to work on /home/airflow/.local/lib/python3.7/site-packages/airflow/example_dags/example_trigger_controller_dag.py
[2022-11-30 04:04:00,605] {processor.py:642} INFO - Processing file /home/airflow/.local/lib/python3.7/site-packages/airflow/example_dags/example_trigger_controller_dag.py for tasks to queue
[2022-11-30 04:04:00,605] {logging_mixin.py:109} INFO - [2022-11-30 04:04:00,605] {dagbag.py:500} INFO - Filling up the DagBag from /home/airflow/.local/lib/python3.7/site-packages/airflow/example_dags/example_trigger_controller_dag.py
[2022-11-30 04:04:00,629] {processor.py:654} INFO - DAG(s) dict_keys(['example_trigger_controller_dag']) retrieved from /home/airflow/.local/lib/python3.7/site-packages/airflow/example_dags/example_trigger_controller_dag.py
[2022-11-30 04:04:00,635] {logging_mixin.py:109} INFO - [2022-11-30 04:04:00,635] {dag.py:2398} INFO - Sync 1 DAGs
[2022-11-30 04:04:00,650] {logging_mixin.py:109} INFO - [2022-11-30 04:04:00,649] {dag.py:2937} INFO - Setting next_dagrun for example_trigger_controller_dag to 2021-01-01T00:00:00+00:00
[2022-11-30 04:04:00,658] {processor.py:171} INFO - Processing /home/airflow/.local/lib/python3.7/site-packages/airflow/example_dags/example_trigger_controller_dag.py took 0.056 seconds
[2022-11-30 04:04:32,085] {processor.py:163} INFO - Started process (PID=4491) to work on /home/airflow/.local/lib/python3.7/site-packages/airflow/example_dags/example_trigger_controller_dag.py
[2022-11-30 04:04:32,087] {processor.py:642} INFO - Processing file /home/airflow/.local/lib/python3.7/site-packages/airflow/example_dags/example_trigger_controller_dag.py for tasks to queue
[2022-11-30 04:04:32,087] {logging_mixin.py:109} INFO - [2022-11-30 04:04:32,087] {dagbag.py:500} INFO - Filling up the DagBag from /home/airflow/.local/lib/python3.7/site-packages/airflow/example_dags/example_trigger_controller_dag.py
[2022-11-30 04:04:32,119] {processor.py:654} INFO - DAG(s) dict_keys(['example_trigger_controller_dag']) retrieved from /home/airflow/.local/lib/python3.7/site-packages/airflow/example_dags/example_trigger_controller_dag.py
[2022-11-30 04:04:32,131] {logging_mixin.py:109} INFO - [2022-11-30 04:04:32,131] {dag.py:2398} INFO - Sync 1 DAGs
[2022-11-30 04:04:32,148] {logging_mixin.py:109} INFO - [2022-11-30 04:04:32,148] {dag.py:2937} INFO - Setting next_dagrun for example_trigger_controller_dag to 2021-01-01T00:00:00+00:00
[2022-11-30 04:04:32,157] {processor.py:171} INFO - Processing /home/airflow/.local/lib/python3.7/site-packages/airflow/example_dags/example_trigger_controller_dag.py took 0.074 seconds
[2022-11-30 04:05:03,440] {processor.py:163} INFO - Started process (PID=4568) to work on /home/airflow/.local/lib/python3.7/site-packages/airflow/example_dags/example_trigger_controller_dag.py
[2022-11-30 04:05:03,441] {processor.py:642} INFO - Processing file /home/airflow/.local/lib/python3.7/site-packages/airflow/example_dags/example_trigger_controller_dag.py for tasks to queue
[2022-11-30 04:05:03,442] {logging_mixin.py:109} INFO - [2022-11-30 04:05:03,442] {dagbag.py:500} INFO - Filling up the DagBag from /home/airflow/.local/lib/python3.7/site-packages/airflow/example_dags/example_trigger_controller_dag.py
[2022-11-30 04:05:03,467] {processor.py:654} INFO - DAG(s) dict_keys(['example_trigger_controller_dag']) retrieved from /home/airflow/.local/lib/python3.7/site-packages/airflow/example_dags/example_trigger_controller_dag.py
[2022-11-30 04:05:03,476] {logging_mixin.py:109} INFO - [2022-11-30 04:05:03,476] {dag.py:2398} INFO - Sync 1 DAGs
[2022-11-30 04:05:03,489] {logging_mixin.py:109} INFO - [2022-11-30 04:05:03,489] {dag.py:2937} INFO - Setting next_dagrun for example_trigger_controller_dag to 2021-01-01T00:00:00+00:00
[2022-11-30 04:05:03,498] {processor.py:171} INFO - Processing /home/airflow/.local/lib/python3.7/site-packages/airflow/example_dags/example_trigger_controller_dag.py took 0.062 seconds
[2022-11-30 04:05:34,818] {processor.py:163} INFO - Started process (PID=4654) to work on /home/airflow/.local/lib/python3.7/site-packages/airflow/example_dags/example_trigger_controller_dag.py
[2022-11-30 04:05:34,818] {processor.py:642} INFO - Processing file /home/airflow/.local/lib/python3.7/site-packages/airflow/example_dags/example_trigger_controller_dag.py for tasks to queue
[2022-11-30 04:05:34,819] {logging_mixin.py:109} INFO - [2022-11-30 04:05:34,819] {dagbag.py:500} INFO - Filling up the DagBag from /home/airflow/.local/lib/python3.7/site-packages/airflow/example_dags/example_trigger_controller_dag.py
[2022-11-30 04:05:34,842] {processor.py:654} INFO - DAG(s) dict_keys(['example_trigger_controller_dag']) retrieved from /home/airflow/.local/lib/python3.7/site-packages/airflow/example_dags/example_trigger_controller_dag.py
[2022-11-30 04:05:34,850] {logging_mixin.py:109} INFO - [2022-11-30 04:05:34,850] {dag.py:2398} INFO - Sync 1 DAGs
[2022-11-30 04:05:34,863] {logging_mixin.py:109} INFO - [2022-11-30 04:05:34,863] {dag.py:2937} INFO - Setting next_dagrun for example_trigger_controller_dag to 2021-01-01T00:00:00+00:00
[2022-11-30 04:05:34,872] {processor.py:171} INFO - Processing /home/airflow/.local/lib/python3.7/site-packages/airflow/example_dags/example_trigger_controller_dag.py took 0.057 seconds
[2022-11-30 04:06:06,189] {processor.py:163} INFO - Started process (PID=4731) to work on /home/airflow/.local/lib/python3.7/site-packages/airflow/example_dags/example_trigger_controller_dag.py
[2022-11-30 04:06:06,191] {processor.py:642} INFO - Processing file /home/airflow/.local/lib/python3.7/site-packages/airflow/example_dags/example_trigger_controller_dag.py for tasks to queue
[2022-11-30 04:06:06,191] {logging_mixin.py:109} INFO - [2022-11-30 04:06:06,191] {dagbag.py:500} INFO - Filling up the DagBag from /home/airflow/.local/lib/python3.7/site-packages/airflow/example_dags/example_trigger_controller_dag.py
[2022-11-30 04:06:06,219] {processor.py:654} INFO - DAG(s) dict_keys(['example_trigger_controller_dag']) retrieved from /home/airflow/.local/lib/python3.7/site-packages/airflow/example_dags/example_trigger_controller_dag.py
[2022-11-30 04:06:06,228] {logging_mixin.py:109} INFO - [2022-11-30 04:06:06,228] {dag.py:2398} INFO - Sync 1 DAGs
[2022-11-30 04:06:06,243] {logging_mixin.py:109} INFO - [2022-11-30 04:06:06,243] {dag.py:2937} INFO - Setting next_dagrun for example_trigger_controller_dag to 2021-01-01T00:00:00+00:00
[2022-11-30 04:06:06,251] {processor.py:171} INFO - Processing /home/airflow/.local/lib/python3.7/site-packages/airflow/example_dags/example_trigger_controller_dag.py took 0.064 seconds
[2022-11-30 04:06:37,686] {processor.py:163} INFO - Started process (PID=4817) to work on /home/airflow/.local/lib/python3.7/site-packages/airflow/example_dags/example_trigger_controller_dag.py
[2022-11-30 04:06:37,687] {processor.py:642} INFO - Processing file /home/airflow/.local/lib/python3.7/site-packages/airflow/example_dags/example_trigger_controller_dag.py for tasks to queue
[2022-11-30 04:06:37,688] {logging_mixin.py:109} INFO - [2022-11-30 04:06:37,688] {dagbag.py:500} INFO - Filling up the DagBag from /home/airflow/.local/lib/python3.7/site-packages/airflow/example_dags/example_trigger_controller_dag.py
[2022-11-30 04:06:37,713] {processor.py:654} INFO - DAG(s) dict_keys(['example_trigger_controller_dag']) retrieved from /home/airflow/.local/lib/python3.7/site-packages/airflow/example_dags/example_trigger_controller_dag.py
[2022-11-30 04:06:37,721] {logging_mixin.py:109} INFO - [2022-11-30 04:06:37,721] {dag.py:2398} INFO - Sync 1 DAGs
[2022-11-30 04:06:37,734] {logging_mixin.py:109} INFO - [2022-11-30 04:06:37,734] {dag.py:2937} INFO - Setting next_dagrun for example_trigger_controller_dag to 2021-01-01T00:00:00+00:00
[2022-11-30 04:06:37,744] {processor.py:171} INFO - Processing /home/airflow/.local/lib/python3.7/site-packages/airflow/example_dags/example_trigger_controller_dag.py took 0.061 seconds
[2022-11-30 04:07:09,137] {processor.py:163} INFO - Started process (PID=4894) to work on /home/airflow/.local/lib/python3.7/site-packages/airflow/example_dags/example_trigger_controller_dag.py
[2022-11-30 04:07:09,138] {processor.py:642} INFO - Processing file /home/airflow/.local/lib/python3.7/site-packages/airflow/example_dags/example_trigger_controller_dag.py for tasks to queue
[2022-11-30 04:07:09,139] {logging_mixin.py:109} INFO - [2022-11-30 04:07:09,139] {dagbag.py:500} INFO - Filling up the DagBag from /home/airflow/.local/lib/python3.7/site-packages/airflow/example_dags/example_trigger_controller_dag.py
[2022-11-30 04:07:09,161] {processor.py:654} INFO - DAG(s) dict_keys(['example_trigger_controller_dag']) retrieved from /home/airflow/.local/lib/python3.7/site-packages/airflow/example_dags/example_trigger_controller_dag.py
[2022-11-30 04:07:09,168] {logging_mixin.py:109} INFO - [2022-11-30 04:07:09,168] {dag.py:2398} INFO - Sync 1 DAGs
[2022-11-30 04:07:09,181] {logging_mixin.py:109} INFO - [2022-11-30 04:07:09,181] {dag.py:2937} INFO - Setting next_dagrun for example_trigger_controller_dag to 2021-01-01T00:00:00+00:00
[2022-11-30 04:07:09,190] {processor.py:171} INFO - Processing /home/airflow/.local/lib/python3.7/site-packages/airflow/example_dags/example_trigger_controller_dag.py took 0.056 seconds
[2022-11-30 04:07:40,751] {processor.py:163} INFO - Started process (PID=4980) to work on /home/airflow/.local/lib/python3.7/site-packages/airflow/example_dags/example_trigger_controller_dag.py
[2022-11-30 04:07:40,752] {processor.py:642} INFO - Processing file /home/airflow/.local/lib/python3.7/site-packages/airflow/example_dags/example_trigger_controller_dag.py for tasks to queue
[2022-11-30 04:07:40,752] {logging_mixin.py:109} INFO - [2022-11-30 04:07:40,752] {dagbag.py:500} INFO - Filling up the DagBag from /home/airflow/.local/lib/python3.7/site-packages/airflow/example_dags/example_trigger_controller_dag.py
[2022-11-30 04:07:40,776] {processor.py:654} INFO - DAG(s) dict_keys(['example_trigger_controller_dag']) retrieved from /home/airflow/.local/lib/python3.7/site-packages/airflow/example_dags/example_trigger_controller_dag.py
[2022-11-30 04:07:40,784] {logging_mixin.py:109} INFO - [2022-11-30 04:07:40,784] {dag.py:2398} INFO - Sync 1 DAGs
[2022-11-30 04:07:40,797] {logging_mixin.py:109} INFO - [2022-11-30 04:07:40,797] {dag.py:2937} INFO - Setting next_dagrun for example_trigger_controller_dag to 2021-01-01T00:00:00+00:00
[2022-11-30 04:07:40,807] {processor.py:171} INFO - Processing /home/airflow/.local/lib/python3.7/site-packages/airflow/example_dags/example_trigger_controller_dag.py took 0.060 seconds
[2022-11-30 04:08:12,287] {processor.py:163} INFO - Started process (PID=5057) to work on /home/airflow/.local/lib/python3.7/site-packages/airflow/example_dags/example_trigger_controller_dag.py
[2022-11-30 04:08:12,289] {processor.py:642} INFO - Processing file /home/airflow/.local/lib/python3.7/site-packages/airflow/example_dags/example_trigger_controller_dag.py for tasks to queue
[2022-11-30 04:08:12,290] {logging_mixin.py:109} INFO - [2022-11-30 04:08:12,290] {dagbag.py:500} INFO - Filling up the DagBag from /home/airflow/.local/lib/python3.7/site-packages/airflow/example_dags/example_trigger_controller_dag.py
[2022-11-30 04:08:12,322] {processor.py:654} INFO - DAG(s) dict_keys(['example_trigger_controller_dag']) retrieved from /home/airflow/.local/lib/python3.7/site-packages/airflow/example_dags/example_trigger_controller_dag.py
[2022-11-30 04:08:12,330] {logging_mixin.py:109} INFO - [2022-11-30 04:08:12,330] {dag.py:2398} INFO - Sync 1 DAGs
[2022-11-30 04:08:12,346] {logging_mixin.py:109} INFO - [2022-11-30 04:08:12,346] {dag.py:2937} INFO - Setting next_dagrun for example_trigger_controller_dag to 2021-01-01T00:00:00+00:00
[2022-11-30 04:08:12,355] {processor.py:171} INFO - Processing /home/airflow/.local/lib/python3.7/site-packages/airflow/example_dags/example_trigger_controller_dag.py took 0.070 seconds
[2022-11-30 04:08:43,823] {processor.py:163} INFO - Started process (PID=5143) to work on /home/airflow/.local/lib/python3.7/site-packages/airflow/example_dags/example_trigger_controller_dag.py
[2022-11-30 04:08:43,824] {processor.py:642} INFO - Processing file /home/airflow/.local/lib/python3.7/site-packages/airflow/example_dags/example_trigger_controller_dag.py for tasks to queue
[2022-11-30 04:08:43,825] {logging_mixin.py:109} INFO - [2022-11-30 04:08:43,825] {dagbag.py:500} INFO - Filling up the DagBag from /home/airflow/.local/lib/python3.7/site-packages/airflow/example_dags/example_trigger_controller_dag.py
[2022-11-30 04:08:43,846] {processor.py:654} INFO - DAG(s) dict_keys(['example_trigger_controller_dag']) retrieved from /home/airflow/.local/lib/python3.7/site-packages/airflow/example_dags/example_trigger_controller_dag.py
[2022-11-30 04:08:43,861] {logging_mixin.py:109} INFO - [2022-11-30 04:08:43,861] {dag.py:2398} INFO - Sync 1 DAGs
[2022-11-30 04:08:43,877] {logging_mixin.py:109} INFO - [2022-11-30 04:08:43,877] {dag.py:2937} INFO - Setting next_dagrun for example_trigger_controller_dag to 2021-01-01T00:00:00+00:00
[2022-11-30 04:08:43,891] {processor.py:171} INFO - Processing /home/airflow/.local/lib/python3.7/site-packages/airflow/example_dags/example_trigger_controller_dag.py took 0.071 seconds
[2022-11-30 04:09:14,109] {processor.py:163} INFO - Started process (PID=5221) to work on /home/airflow/.local/lib/python3.7/site-packages/airflow/example_dags/example_trigger_controller_dag.py
[2022-11-30 04:09:14,110] {processor.py:642} INFO - Processing file /home/airflow/.local/lib/python3.7/site-packages/airflow/example_dags/example_trigger_controller_dag.py for tasks to queue
[2022-11-30 04:09:14,110] {logging_mixin.py:109} INFO - [2022-11-30 04:09:14,110] {dagbag.py:500} INFO - Filling up the DagBag from /home/airflow/.local/lib/python3.7/site-packages/airflow/example_dags/example_trigger_controller_dag.py
[2022-11-30 04:09:14,133] {processor.py:654} INFO - DAG(s) dict_keys(['example_trigger_controller_dag']) retrieved from /home/airflow/.local/lib/python3.7/site-packages/airflow/example_dags/example_trigger_controller_dag.py
[2022-11-30 04:09:14,142] {logging_mixin.py:109} INFO - [2022-11-30 04:09:14,141] {dag.py:2398} INFO - Sync 1 DAGs
[2022-11-30 04:09:14,154] {logging_mixin.py:109} INFO - [2022-11-30 04:09:14,154] {dag.py:2937} INFO - Setting next_dagrun for example_trigger_controller_dag to 2021-01-01T00:00:00+00:00
[2022-11-30 04:09:14,164] {processor.py:171} INFO - Processing /home/airflow/.local/lib/python3.7/site-packages/airflow/example_dags/example_trigger_controller_dag.py took 0.058 seconds
[2022-11-30 04:09:45,837] {processor.py:163} INFO - Started process (PID=5308) to work on /home/airflow/.local/lib/python3.7/site-packages/airflow/example_dags/example_trigger_controller_dag.py
[2022-11-30 04:09:45,838] {processor.py:642} INFO - Processing file /home/airflow/.local/lib/python3.7/site-packages/airflow/example_dags/example_trigger_controller_dag.py for tasks to queue
[2022-11-30 04:09:45,839] {logging_mixin.py:109} INFO - [2022-11-30 04:09:45,839] {dagbag.py:500} INFO - Filling up the DagBag from /home/airflow/.local/lib/python3.7/site-packages/airflow/example_dags/example_trigger_controller_dag.py
[2022-11-30 04:09:45,876] {processor.py:654} INFO - DAG(s) dict_keys(['example_trigger_controller_dag']) retrieved from /home/airflow/.local/lib/python3.7/site-packages/airflow/example_dags/example_trigger_controller_dag.py
[2022-11-30 04:09:45,889] {logging_mixin.py:109} INFO - [2022-11-30 04:09:45,888] {dag.py:2398} INFO - Sync 1 DAGs
[2022-11-30 04:09:45,904] {logging_mixin.py:109} INFO - [2022-11-30 04:09:45,904] {dag.py:2937} INFO - Setting next_dagrun for example_trigger_controller_dag to 2021-01-01T00:00:00+00:00
[2022-11-30 04:09:45,914] {processor.py:171} INFO - Processing /home/airflow/.local/lib/python3.7/site-packages/airflow/example_dags/example_trigger_controller_dag.py took 0.080 seconds
[2022-11-30 04:10:16,477] {processor.py:163} INFO - Started process (PID=5384) to work on /home/airflow/.local/lib/python3.7/site-packages/airflow/example_dags/example_trigger_controller_dag.py
[2022-11-30 04:10:16,478] {processor.py:642} INFO - Processing file /home/airflow/.local/lib/python3.7/site-packages/airflow/example_dags/example_trigger_controller_dag.py for tasks to queue
[2022-11-30 04:10:16,479] {logging_mixin.py:109} INFO - [2022-11-30 04:10:16,479] {dagbag.py:500} INFO - Filling up the DagBag from /home/airflow/.local/lib/python3.7/site-packages/airflow/example_dags/example_trigger_controller_dag.py
[2022-11-30 04:10:16,502] {processor.py:654} INFO - DAG(s) dict_keys(['example_trigger_controller_dag']) retrieved from /home/airflow/.local/lib/python3.7/site-packages/airflow/example_dags/example_trigger_controller_dag.py
[2022-11-30 04:10:16,511] {logging_mixin.py:109} INFO - [2022-11-30 04:10:16,510] {dag.py:2398} INFO - Sync 1 DAGs
[2022-11-30 04:10:16,524] {logging_mixin.py:109} INFO - [2022-11-30 04:10:16,524] {dag.py:2937} INFO - Setting next_dagrun for example_trigger_controller_dag to 2021-01-01T00:00:00+00:00
[2022-11-30 04:10:16,532] {processor.py:171} INFO - Processing /home/airflow/.local/lib/python3.7/site-packages/airflow/example_dags/example_trigger_controller_dag.py took 0.058 seconds
[2022-11-30 04:10:48,024] {processor.py:163} INFO - Started process (PID=5471) to work on /home/airflow/.local/lib/python3.7/site-packages/airflow/example_dags/example_trigger_controller_dag.py
[2022-11-30 04:10:48,025] {processor.py:642} INFO - Processing file /home/airflow/.local/lib/python3.7/site-packages/airflow/example_dags/example_trigger_controller_dag.py for tasks to queue
[2022-11-30 04:10:48,025] {logging_mixin.py:109} INFO - [2022-11-30 04:10:48,025] {dagbag.py:500} INFO - Filling up the DagBag from /home/airflow/.local/lib/python3.7/site-packages/airflow/example_dags/example_trigger_controller_dag.py
[2022-11-30 04:10:48,050] {processor.py:654} INFO - DAG(s) dict_keys(['example_trigger_controller_dag']) retrieved from /home/airflow/.local/lib/python3.7/site-packages/airflow/example_dags/example_trigger_controller_dag.py
[2022-11-30 04:10:48,058] {logging_mixin.py:109} INFO - [2022-11-30 04:10:48,058] {dag.py:2398} INFO - Sync 1 DAGs
[2022-11-30 04:10:48,073] {logging_mixin.py:109} INFO - [2022-11-30 04:10:48,073] {dag.py:2937} INFO - Setting next_dagrun for example_trigger_controller_dag to 2021-01-01T00:00:00+00:00
[2022-11-30 04:10:48,083] {processor.py:171} INFO - Processing /home/airflow/.local/lib/python3.7/site-packages/airflow/example_dags/example_trigger_controller_dag.py took 0.062 seconds
[2022-11-30 04:11:19,375] {processor.py:163} INFO - Started process (PID=5548) to work on /home/airflow/.local/lib/python3.7/site-packages/airflow/example_dags/example_trigger_controller_dag.py
[2022-11-30 04:11:19,376] {processor.py:642} INFO - Processing file /home/airflow/.local/lib/python3.7/site-packages/airflow/example_dags/example_trigger_controller_dag.py for tasks to queue
[2022-11-30 04:11:19,376] {logging_mixin.py:109} INFO - [2022-11-30 04:11:19,376] {dagbag.py:500} INFO - Filling up the DagBag from /home/airflow/.local/lib/python3.7/site-packages/airflow/example_dags/example_trigger_controller_dag.py
[2022-11-30 04:11:19,401] {processor.py:654} INFO - DAG(s) dict_keys(['example_trigger_controller_dag']) retrieved from /home/airflow/.local/lib/python3.7/site-packages/airflow/example_dags/example_trigger_controller_dag.py
[2022-11-30 04:11:19,411] {logging_mixin.py:109} INFO - [2022-11-30 04:11:19,411] {dag.py:2398} INFO - Sync 1 DAGs
[2022-11-30 04:11:19,425] {logging_mixin.py:109} INFO - [2022-11-30 04:11:19,425] {dag.py:2937} INFO - Setting next_dagrun for example_trigger_controller_dag to 2021-01-01T00:00:00+00:00
[2022-11-30 04:11:19,433] {processor.py:171} INFO - Processing /home/airflow/.local/lib/python3.7/site-packages/airflow/example_dags/example_trigger_controller_dag.py took 0.061 seconds
[2022-11-30 04:11:51,026] {processor.py:163} INFO - Started process (PID=5634) to work on /home/airflow/.local/lib/python3.7/site-packages/airflow/example_dags/example_trigger_controller_dag.py
[2022-11-30 04:11:51,027] {processor.py:642} INFO - Processing file /home/airflow/.local/lib/python3.7/site-packages/airflow/example_dags/example_trigger_controller_dag.py for tasks to queue
[2022-11-30 04:11:51,028] {logging_mixin.py:109} INFO - [2022-11-30 04:11:51,028] {dagbag.py:500} INFO - Filling up the DagBag from /home/airflow/.local/lib/python3.7/site-packages/airflow/example_dags/example_trigger_controller_dag.py
[2022-11-30 04:11:51,058] {processor.py:654} INFO - DAG(s) dict_keys(['example_trigger_controller_dag']) retrieved from /home/airflow/.local/lib/python3.7/site-packages/airflow/example_dags/example_trigger_controller_dag.py
[2022-11-30 04:11:51,068] {logging_mixin.py:109} INFO - [2022-11-30 04:11:51,068] {dag.py:2398} INFO - Sync 1 DAGs
[2022-11-30 04:11:51,085] {logging_mixin.py:109} INFO - [2022-11-30 04:11:51,085] {dag.py:2937} INFO - Setting next_dagrun for example_trigger_controller_dag to 2021-01-01T00:00:00+00:00
[2022-11-30 04:11:51,096] {processor.py:171} INFO - Processing /home/airflow/.local/lib/python3.7/site-packages/airflow/example_dags/example_trigger_controller_dag.py took 0.073 seconds
[2022-11-30 04:12:21,427] {processor.py:163} INFO - Started process (PID=5711) to work on /home/airflow/.local/lib/python3.7/site-packages/airflow/example_dags/example_trigger_controller_dag.py
[2022-11-30 04:12:21,428] {processor.py:642} INFO - Processing file /home/airflow/.local/lib/python3.7/site-packages/airflow/example_dags/example_trigger_controller_dag.py for tasks to queue
[2022-11-30 04:12:21,429] {logging_mixin.py:109} INFO - [2022-11-30 04:12:21,429] {dagbag.py:500} INFO - Filling up the DagBag from /home/airflow/.local/lib/python3.7/site-packages/airflow/example_dags/example_trigger_controller_dag.py
[2022-11-30 04:12:21,451] {processor.py:654} INFO - DAG(s) dict_keys(['example_trigger_controller_dag']) retrieved from /home/airflow/.local/lib/python3.7/site-packages/airflow/example_dags/example_trigger_controller_dag.py
[2022-11-30 04:12:21,459] {logging_mixin.py:109} INFO - [2022-11-30 04:12:21,459] {dag.py:2398} INFO - Sync 1 DAGs
[2022-11-30 04:12:21,472] {logging_mixin.py:109} INFO - [2022-11-30 04:12:21,472] {dag.py:2937} INFO - Setting next_dagrun for example_trigger_controller_dag to 2021-01-01T00:00:00+00:00
[2022-11-30 04:12:21,479] {processor.py:171} INFO - Processing /home/airflow/.local/lib/python3.7/site-packages/airflow/example_dags/example_trigger_controller_dag.py took 0.055 seconds
[2022-11-30 04:12:52,770] {processor.py:163} INFO - Started process (PID=5797) to work on /home/airflow/.local/lib/python3.7/site-packages/airflow/example_dags/example_trigger_controller_dag.py
[2022-11-30 04:12:52,772] {processor.py:642} INFO - Processing file /home/airflow/.local/lib/python3.7/site-packages/airflow/example_dags/example_trigger_controller_dag.py for tasks to queue
[2022-11-30 04:12:52,773] {logging_mixin.py:109} INFO - [2022-11-30 04:12:52,773] {dagbag.py:500} INFO - Filling up the DagBag from /home/airflow/.local/lib/python3.7/site-packages/airflow/example_dags/example_trigger_controller_dag.py
[2022-11-30 04:12:52,797] {processor.py:654} INFO - DAG(s) dict_keys(['example_trigger_controller_dag']) retrieved from /home/airflow/.local/lib/python3.7/site-packages/airflow/example_dags/example_trigger_controller_dag.py
[2022-11-30 04:12:52,806] {logging_mixin.py:109} INFO - [2022-11-30 04:12:52,805] {dag.py:2398} INFO - Sync 1 DAGs
[2022-11-30 04:12:52,819] {logging_mixin.py:109} INFO - [2022-11-30 04:12:52,819] {dag.py:2937} INFO - Setting next_dagrun for example_trigger_controller_dag to 2021-01-01T00:00:00+00:00
[2022-11-30 04:12:52,829] {processor.py:171} INFO - Processing /home/airflow/.local/lib/python3.7/site-packages/airflow/example_dags/example_trigger_controller_dag.py took 0.062 seconds
[2022-11-30 04:13:24,151] {processor.py:163} INFO - Started process (PID=5875) to work on /home/airflow/.local/lib/python3.7/site-packages/airflow/example_dags/example_trigger_controller_dag.py
[2022-11-30 04:13:24,153] {processor.py:642} INFO - Processing file /home/airflow/.local/lib/python3.7/site-packages/airflow/example_dags/example_trigger_controller_dag.py for tasks to queue
[2022-11-30 04:13:24,153] {logging_mixin.py:109} INFO - [2022-11-30 04:13:24,153] {dagbag.py:500} INFO - Filling up the DagBag from /home/airflow/.local/lib/python3.7/site-packages/airflow/example_dags/example_trigger_controller_dag.py
[2022-11-30 04:13:24,177] {processor.py:654} INFO - DAG(s) dict_keys(['example_trigger_controller_dag']) retrieved from /home/airflow/.local/lib/python3.7/site-packages/airflow/example_dags/example_trigger_controller_dag.py
[2022-11-30 04:13:24,186] {logging_mixin.py:109} INFO - [2022-11-30 04:13:24,186] {dag.py:2398} INFO - Sync 1 DAGs
[2022-11-30 04:13:24,200] {logging_mixin.py:109} INFO - [2022-11-30 04:13:24,200] {dag.py:2937} INFO - Setting next_dagrun for example_trigger_controller_dag to 2021-01-01T00:00:00+00:00
[2022-11-30 04:13:24,207] {processor.py:171} INFO - Processing /home/airflow/.local/lib/python3.7/site-packages/airflow/example_dags/example_trigger_controller_dag.py took 0.059 seconds
[2022-11-30 04:13:56,440] {processor.py:163} INFO - Started process (PID=5961) to work on /home/airflow/.local/lib/python3.7/site-packages/airflow/example_dags/example_trigger_controller_dag.py
[2022-11-30 04:13:56,441] {processor.py:642} INFO - Processing file /home/airflow/.local/lib/python3.7/site-packages/airflow/example_dags/example_trigger_controller_dag.py for tasks to queue
[2022-11-30 04:13:56,442] {logging_mixin.py:109} INFO - [2022-11-30 04:13:56,442] {dagbag.py:500} INFO - Filling up the DagBag from /home/airflow/.local/lib/python3.7/site-packages/airflow/example_dags/example_trigger_controller_dag.py
[2022-11-30 04:13:56,464] {processor.py:654} INFO - DAG(s) dict_keys(['example_trigger_controller_dag']) retrieved from /home/airflow/.local/lib/python3.7/site-packages/airflow/example_dags/example_trigger_controller_dag.py
[2022-11-30 04:13:56,472] {logging_mixin.py:109} INFO - [2022-11-30 04:13:56,472] {dag.py:2398} INFO - Sync 1 DAGs
[2022-11-30 04:13:56,486] {logging_mixin.py:109} INFO - [2022-11-30 04:13:56,486] {dag.py:2937} INFO - Setting next_dagrun for example_trigger_controller_dag to 2021-01-01T00:00:00+00:00
[2022-11-30 04:13:56,493] {processor.py:171} INFO - Processing /home/airflow/.local/lib/python3.7/site-packages/airflow/example_dags/example_trigger_controller_dag.py took 0.056 seconds
[2022-11-30 04:14:26,765] {processor.py:163} INFO - Started process (PID=6038) to work on /home/airflow/.local/lib/python3.7/site-packages/airflow/example_dags/example_trigger_controller_dag.py
[2022-11-30 04:14:26,767] {processor.py:642} INFO - Processing file /home/airflow/.local/lib/python3.7/site-packages/airflow/example_dags/example_trigger_controller_dag.py for tasks to queue
[2022-11-30 04:14:26,767] {logging_mixin.py:109} INFO - [2022-11-30 04:14:26,767] {dagbag.py:500} INFO - Filling up the DagBag from /home/airflow/.local/lib/python3.7/site-packages/airflow/example_dags/example_trigger_controller_dag.py
[2022-11-30 04:14:26,792] {processor.py:654} INFO - DAG(s) dict_keys(['example_trigger_controller_dag']) retrieved from /home/airflow/.local/lib/python3.7/site-packages/airflow/example_dags/example_trigger_controller_dag.py
[2022-11-30 04:14:26,800] {logging_mixin.py:109} INFO - [2022-11-30 04:14:26,800] {dag.py:2398} INFO - Sync 1 DAGs
[2022-11-30 04:14:26,813] {logging_mixin.py:109} INFO - [2022-11-30 04:14:26,813] {dag.py:2937} INFO - Setting next_dagrun for example_trigger_controller_dag to 2021-01-01T00:00:00+00:00
[2022-11-30 04:14:26,821] {processor.py:171} INFO - Processing /home/airflow/.local/lib/python3.7/site-packages/airflow/example_dags/example_trigger_controller_dag.py took 0.059 seconds
[2022-11-30 04:14:58,463] {processor.py:163} INFO - Started process (PID=6124) to work on /home/airflow/.local/lib/python3.7/site-packages/airflow/example_dags/example_trigger_controller_dag.py
[2022-11-30 04:14:58,464] {processor.py:642} INFO - Processing file /home/airflow/.local/lib/python3.7/site-packages/airflow/example_dags/example_trigger_controller_dag.py for tasks to queue
[2022-11-30 04:14:58,465] {logging_mixin.py:109} INFO - [2022-11-30 04:14:58,465] {dagbag.py:500} INFO - Filling up the DagBag from /home/airflow/.local/lib/python3.7/site-packages/airflow/example_dags/example_trigger_controller_dag.py
[2022-11-30 04:14:58,492] {processor.py:654} INFO - DAG(s) dict_keys(['example_trigger_controller_dag']) retrieved from /home/airflow/.local/lib/python3.7/site-packages/airflow/example_dags/example_trigger_controller_dag.py
[2022-11-30 04:14:58,502] {logging_mixin.py:109} INFO - [2022-11-30 04:14:58,502] {dag.py:2398} INFO - Sync 1 DAGs
[2022-11-30 04:14:58,518] {logging_mixin.py:109} INFO - [2022-11-30 04:14:58,518] {dag.py:2937} INFO - Setting next_dagrun for example_trigger_controller_dag to 2021-01-01T00:00:00+00:00
[2022-11-30 04:14:58,529] {processor.py:171} INFO - Processing /home/airflow/.local/lib/python3.7/site-packages/airflow/example_dags/example_trigger_controller_dag.py took 0.069 seconds
[2022-11-30 04:15:29,211] {processor.py:163} INFO - Started process (PID=6201) to work on /home/airflow/.local/lib/python3.7/site-packages/airflow/example_dags/example_trigger_controller_dag.py
[2022-11-30 04:15:29,213] {processor.py:642} INFO - Processing file /home/airflow/.local/lib/python3.7/site-packages/airflow/example_dags/example_trigger_controller_dag.py for tasks to queue
[2022-11-30 04:15:29,213] {logging_mixin.py:109} INFO - [2022-11-30 04:15:29,213] {dagbag.py:500} INFO - Filling up the DagBag from /home/airflow/.local/lib/python3.7/site-packages/airflow/example_dags/example_trigger_controller_dag.py
[2022-11-30 04:15:29,240] {processor.py:654} INFO - DAG(s) dict_keys(['example_trigger_controller_dag']) retrieved from /home/airflow/.local/lib/python3.7/site-packages/airflow/example_dags/example_trigger_controller_dag.py
[2022-11-30 04:15:29,249] {logging_mixin.py:109} INFO - [2022-11-30 04:15:29,248] {dag.py:2398} INFO - Sync 1 DAGs
[2022-11-30 04:15:29,265] {logging_mixin.py:109} INFO - [2022-11-30 04:15:29,265] {dag.py:2937} INFO - Setting next_dagrun for example_trigger_controller_dag to 2021-01-01T00:00:00+00:00
[2022-11-30 04:15:29,275] {processor.py:171} INFO - Processing /home/airflow/.local/lib/python3.7/site-packages/airflow/example_dags/example_trigger_controller_dag.py took 0.067 seconds
[2022-11-30 04:16:00,052] {processor.py:163} INFO - Started process (PID=6287) to work on /home/airflow/.local/lib/python3.7/site-packages/airflow/example_dags/example_trigger_controller_dag.py
[2022-11-30 04:16:00,053] {processor.py:642} INFO - Processing file /home/airflow/.local/lib/python3.7/site-packages/airflow/example_dags/example_trigger_controller_dag.py for tasks to queue
[2022-11-30 04:16:00,053] {logging_mixin.py:109} INFO - [2022-11-30 04:16:00,053] {dagbag.py:500} INFO - Filling up the DagBag from /home/airflow/.local/lib/python3.7/site-packages/airflow/example_dags/example_trigger_controller_dag.py
[2022-11-30 04:16:00,083] {processor.py:654} INFO - DAG(s) dict_keys(['example_trigger_controller_dag']) retrieved from /home/airflow/.local/lib/python3.7/site-packages/airflow/example_dags/example_trigger_controller_dag.py
[2022-11-30 04:16:00,093] {logging_mixin.py:109} INFO - [2022-11-30 04:16:00,093] {dag.py:2398} INFO - Sync 1 DAGs
[2022-11-30 04:16:00,109] {logging_mixin.py:109} INFO - [2022-11-30 04:16:00,109] {dag.py:2937} INFO - Setting next_dagrun for example_trigger_controller_dag to 2021-01-01T00:00:00+00:00
[2022-11-30 04:16:00,119] {processor.py:171} INFO - Processing /home/airflow/.local/lib/python3.7/site-packages/airflow/example_dags/example_trigger_controller_dag.py took 0.071 seconds
[2022-11-30 04:16:30,762] {processor.py:163} INFO - Started process (PID=6364) to work on /home/airflow/.local/lib/python3.7/site-packages/airflow/example_dags/example_trigger_controller_dag.py
[2022-11-30 04:16:30,763] {processor.py:642} INFO - Processing file /home/airflow/.local/lib/python3.7/site-packages/airflow/example_dags/example_trigger_controller_dag.py for tasks to queue
[2022-11-30 04:16:30,764] {logging_mixin.py:109} INFO - [2022-11-30 04:16:30,764] {dagbag.py:500} INFO - Filling up the DagBag from /home/airflow/.local/lib/python3.7/site-packages/airflow/example_dags/example_trigger_controller_dag.py
[2022-11-30 04:16:30,791] {processor.py:654} INFO - DAG(s) dict_keys(['example_trigger_controller_dag']) retrieved from /home/airflow/.local/lib/python3.7/site-packages/airflow/example_dags/example_trigger_controller_dag.py
[2022-11-30 04:16:30,801] {logging_mixin.py:109} INFO - [2022-11-30 04:16:30,801] {dag.py:2398} INFO - Sync 1 DAGs
[2022-11-30 04:16:30,815] {logging_mixin.py:109} INFO - [2022-11-30 04:16:30,814] {dag.py:2937} INFO - Setting next_dagrun for example_trigger_controller_dag to 2021-01-01T00:00:00+00:00
[2022-11-30 04:16:30,822] {processor.py:171} INFO - Processing /home/airflow/.local/lib/python3.7/site-packages/airflow/example_dags/example_trigger_controller_dag.py took 0.062 seconds
[2022-11-30 04:17:01,488] {processor.py:163} INFO - Started process (PID=6441) to work on /home/airflow/.local/lib/python3.7/site-packages/airflow/example_dags/example_trigger_controller_dag.py
[2022-11-30 04:17:01,490] {processor.py:642} INFO - Processing file /home/airflow/.local/lib/python3.7/site-packages/airflow/example_dags/example_trigger_controller_dag.py for tasks to queue
[2022-11-30 04:17:01,491] {logging_mixin.py:109} INFO - [2022-11-30 04:17:01,491] {dagbag.py:500} INFO - Filling up the DagBag from /home/airflow/.local/lib/python3.7/site-packages/airflow/example_dags/example_trigger_controller_dag.py
[2022-11-30 04:17:01,527] {processor.py:654} INFO - DAG(s) dict_keys(['example_trigger_controller_dag']) retrieved from /home/airflow/.local/lib/python3.7/site-packages/airflow/example_dags/example_trigger_controller_dag.py
[2022-11-30 04:17:01,544] {logging_mixin.py:109} INFO - [2022-11-30 04:17:01,543] {dag.py:2398} INFO - Sync 1 DAGs
[2022-11-30 04:17:01,567] {logging_mixin.py:109} INFO - [2022-11-30 04:17:01,567] {dag.py:2937} INFO - Setting next_dagrun for example_trigger_controller_dag to 2021-01-01T00:00:00+00:00
[2022-11-30 04:17:01,581] {processor.py:171} INFO - Processing /home/airflow/.local/lib/python3.7/site-packages/airflow/example_dags/example_trigger_controller_dag.py took 0.098 seconds
[2022-11-30 04:17:32,226] {processor.py:163} INFO - Started process (PID=6527) to work on /home/airflow/.local/lib/python3.7/site-packages/airflow/example_dags/example_trigger_controller_dag.py
[2022-11-30 04:17:32,227] {processor.py:642} INFO - Processing file /home/airflow/.local/lib/python3.7/site-packages/airflow/example_dags/example_trigger_controller_dag.py for tasks to queue
[2022-11-30 04:17:32,227] {logging_mixin.py:109} INFO - [2022-11-30 04:17:32,227] {dagbag.py:500} INFO - Filling up the DagBag from /home/airflow/.local/lib/python3.7/site-packages/airflow/example_dags/example_trigger_controller_dag.py
[2022-11-30 04:17:32,251] {processor.py:654} INFO - DAG(s) dict_keys(['example_trigger_controller_dag']) retrieved from /home/airflow/.local/lib/python3.7/site-packages/airflow/example_dags/example_trigger_controller_dag.py
[2022-11-30 04:17:32,260] {logging_mixin.py:109} INFO - [2022-11-30 04:17:32,260] {dag.py:2398} INFO - Sync 1 DAGs
[2022-11-30 04:17:32,273] {logging_mixin.py:109} INFO - [2022-11-30 04:17:32,273] {dag.py:2937} INFO - Setting next_dagrun for example_trigger_controller_dag to 2021-01-01T00:00:00+00:00
[2022-11-30 04:17:32,282] {processor.py:171} INFO - Processing /home/airflow/.local/lib/python3.7/site-packages/airflow/example_dags/example_trigger_controller_dag.py took 0.059 seconds
[2022-11-30 04:18:03,627] {processor.py:163} INFO - Started process (PID=6604) to work on /home/airflow/.local/lib/python3.7/site-packages/airflow/example_dags/example_trigger_controller_dag.py
[2022-11-30 04:18:03,628] {processor.py:642} INFO - Processing file /home/airflow/.local/lib/python3.7/site-packages/airflow/example_dags/example_trigger_controller_dag.py for tasks to queue
[2022-11-30 04:18:03,629] {logging_mixin.py:109} INFO - [2022-11-30 04:18:03,629] {dagbag.py:500} INFO - Filling up the DagBag from /home/airflow/.local/lib/python3.7/site-packages/airflow/example_dags/example_trigger_controller_dag.py
[2022-11-30 04:18:03,651] {processor.py:654} INFO - DAG(s) dict_keys(['example_trigger_controller_dag']) retrieved from /home/airflow/.local/lib/python3.7/site-packages/airflow/example_dags/example_trigger_controller_dag.py
[2022-11-30 04:18:03,659] {logging_mixin.py:109} INFO - [2022-11-30 04:18:03,659] {dag.py:2398} INFO - Sync 1 DAGs
[2022-11-30 04:18:03,673] {logging_mixin.py:109} INFO - [2022-11-30 04:18:03,672] {dag.py:2937} INFO - Setting next_dagrun for example_trigger_controller_dag to 2021-01-01T00:00:00+00:00
[2022-11-30 04:18:03,681] {processor.py:171} INFO - Processing /home/airflow/.local/lib/python3.7/site-packages/airflow/example_dags/example_trigger_controller_dag.py took 0.056 seconds
[2022-11-30 04:18:35,246] {processor.py:163} INFO - Started process (PID=6690) to work on /home/airflow/.local/lib/python3.7/site-packages/airflow/example_dags/example_trigger_controller_dag.py
[2022-11-30 04:18:35,248] {processor.py:642} INFO - Processing file /home/airflow/.local/lib/python3.7/site-packages/airflow/example_dags/example_trigger_controller_dag.py for tasks to queue
[2022-11-30 04:18:35,248] {logging_mixin.py:109} INFO - [2022-11-30 04:18:35,248] {dagbag.py:500} INFO - Filling up the DagBag from /home/airflow/.local/lib/python3.7/site-packages/airflow/example_dags/example_trigger_controller_dag.py
[2022-11-30 04:18:35,300] {processor.py:654} INFO - DAG(s) dict_keys(['example_trigger_controller_dag']) retrieved from /home/airflow/.local/lib/python3.7/site-packages/airflow/example_dags/example_trigger_controller_dag.py
[2022-11-30 04:18:35,309] {logging_mixin.py:109} INFO - [2022-11-30 04:18:35,309] {dag.py:2398} INFO - Sync 1 DAGs
[2022-11-30 04:18:35,324] {logging_mixin.py:109} INFO - [2022-11-30 04:18:35,324] {dag.py:2937} INFO - Setting next_dagrun for example_trigger_controller_dag to 2021-01-01T00:00:00+00:00
[2022-11-30 04:18:35,332] {processor.py:171} INFO - Processing /home/airflow/.local/lib/python3.7/site-packages/airflow/example_dags/example_trigger_controller_dag.py took 0.089 seconds
[2022-11-30 04:19:05,924] {processor.py:163} INFO - Started process (PID=6767) to work on /home/airflow/.local/lib/python3.7/site-packages/airflow/example_dags/example_trigger_controller_dag.py
[2022-11-30 04:19:05,925] {processor.py:642} INFO - Processing file /home/airflow/.local/lib/python3.7/site-packages/airflow/example_dags/example_trigger_controller_dag.py for tasks to queue
[2022-11-30 04:19:05,925] {logging_mixin.py:109} INFO - [2022-11-30 04:19:05,925] {dagbag.py:500} INFO - Filling up the DagBag from /home/airflow/.local/lib/python3.7/site-packages/airflow/example_dags/example_trigger_controller_dag.py
[2022-11-30 04:19:05,951] {processor.py:654} INFO - DAG(s) dict_keys(['example_trigger_controller_dag']) retrieved from /home/airflow/.local/lib/python3.7/site-packages/airflow/example_dags/example_trigger_controller_dag.py
[2022-11-30 04:19:05,958] {logging_mixin.py:109} INFO - [2022-11-30 04:19:05,958] {dag.py:2398} INFO - Sync 1 DAGs
[2022-11-30 04:19:05,970] {logging_mixin.py:109} INFO - [2022-11-30 04:19:05,970] {dag.py:2937} INFO - Setting next_dagrun for example_trigger_controller_dag to 2021-01-01T00:00:00+00:00
[2022-11-30 04:19:05,977] {processor.py:171} INFO - Processing /home/airflow/.local/lib/python3.7/site-packages/airflow/example_dags/example_trigger_controller_dag.py took 0.056 seconds
[2022-11-30 04:19:37,229] {processor.py:163} INFO - Started process (PID=6853) to work on /home/airflow/.local/lib/python3.7/site-packages/airflow/example_dags/example_trigger_controller_dag.py
[2022-11-30 04:19:37,231] {processor.py:642} INFO - Processing file /home/airflow/.local/lib/python3.7/site-packages/airflow/example_dags/example_trigger_controller_dag.py for tasks to queue
[2022-11-30 04:19:37,231] {logging_mixin.py:109} INFO - [2022-11-30 04:19:37,231] {dagbag.py:500} INFO - Filling up the DagBag from /home/airflow/.local/lib/python3.7/site-packages/airflow/example_dags/example_trigger_controller_dag.py
[2022-11-30 04:19:37,258] {processor.py:654} INFO - DAG(s) dict_keys(['example_trigger_controller_dag']) retrieved from /home/airflow/.local/lib/python3.7/site-packages/airflow/example_dags/example_trigger_controller_dag.py
[2022-11-30 04:19:37,267] {logging_mixin.py:109} INFO - [2022-11-30 04:19:37,267] {dag.py:2398} INFO - Sync 1 DAGs
[2022-11-30 04:19:37,283] {logging_mixin.py:109} INFO - [2022-11-30 04:19:37,283] {dag.py:2937} INFO - Setting next_dagrun for example_trigger_controller_dag to 2021-01-01T00:00:00+00:00
[2022-11-30 04:19:37,292] {processor.py:171} INFO - Processing /home/airflow/.local/lib/python3.7/site-packages/airflow/example_dags/example_trigger_controller_dag.py took 0.066 seconds
[2022-11-30 04:20:08,626] {processor.py:163} INFO - Started process (PID=6933) to work on /home/airflow/.local/lib/python3.7/site-packages/airflow/example_dags/example_trigger_controller_dag.py
[2022-11-30 04:20:08,627] {processor.py:642} INFO - Processing file /home/airflow/.local/lib/python3.7/site-packages/airflow/example_dags/example_trigger_controller_dag.py for tasks to queue
[2022-11-30 04:20:08,628] {logging_mixin.py:109} INFO - [2022-11-30 04:20:08,628] {dagbag.py:500} INFO - Filling up the DagBag from /home/airflow/.local/lib/python3.7/site-packages/airflow/example_dags/example_trigger_controller_dag.py
[2022-11-30 04:20:08,656] {processor.py:654} INFO - DAG(s) dict_keys(['example_trigger_controller_dag']) retrieved from /home/airflow/.local/lib/python3.7/site-packages/airflow/example_dags/example_trigger_controller_dag.py
[2022-11-30 04:20:08,666] {logging_mixin.py:109} INFO - [2022-11-30 04:20:08,666] {dag.py:2398} INFO - Sync 1 DAGs
[2022-11-30 04:20:08,678] {logging_mixin.py:109} INFO - [2022-11-30 04:20:08,678] {dag.py:2937} INFO - Setting next_dagrun for example_trigger_controller_dag to 2021-01-01T00:00:00+00:00
[2022-11-30 04:20:08,686] {processor.py:171} INFO - Processing /home/airflow/.local/lib/python3.7/site-packages/airflow/example_dags/example_trigger_controller_dag.py took 0.063 seconds
[2022-11-30 04:20:40,256] {processor.py:163} INFO - Started process (PID=7019) to work on /home/airflow/.local/lib/python3.7/site-packages/airflow/example_dags/example_trigger_controller_dag.py
[2022-11-30 04:20:40,257] {processor.py:642} INFO - Processing file /home/airflow/.local/lib/python3.7/site-packages/airflow/example_dags/example_trigger_controller_dag.py for tasks to queue
[2022-11-30 04:20:40,258] {logging_mixin.py:109} INFO - [2022-11-30 04:20:40,258] {dagbag.py:500} INFO - Filling up the DagBag from /home/airflow/.local/lib/python3.7/site-packages/airflow/example_dags/example_trigger_controller_dag.py
[2022-11-30 04:20:40,284] {processor.py:654} INFO - DAG(s) dict_keys(['example_trigger_controller_dag']) retrieved from /home/airflow/.local/lib/python3.7/site-packages/airflow/example_dags/example_trigger_controller_dag.py
[2022-11-30 04:20:40,293] {logging_mixin.py:109} INFO - [2022-11-30 04:20:40,293] {dag.py:2398} INFO - Sync 1 DAGs
[2022-11-30 04:20:40,306] {logging_mixin.py:109} INFO - [2022-11-30 04:20:40,306] {dag.py:2937} INFO - Setting next_dagrun for example_trigger_controller_dag to 2021-01-01T00:00:00+00:00
[2022-11-30 04:20:40,313] {processor.py:171} INFO - Processing /home/airflow/.local/lib/python3.7/site-packages/airflow/example_dags/example_trigger_controller_dag.py took 0.060 seconds
[2022-11-30 04:21:11,254] {processor.py:163} INFO - Started process (PID=7096) to work on /home/airflow/.local/lib/python3.7/site-packages/airflow/example_dags/example_trigger_controller_dag.py
[2022-11-30 04:21:11,255] {processor.py:642} INFO - Processing file /home/airflow/.local/lib/python3.7/site-packages/airflow/example_dags/example_trigger_controller_dag.py for tasks to queue
[2022-11-30 04:21:11,255] {logging_mixin.py:109} INFO - [2022-11-30 04:21:11,255] {dagbag.py:500} INFO - Filling up the DagBag from /home/airflow/.local/lib/python3.7/site-packages/airflow/example_dags/example_trigger_controller_dag.py
[2022-11-30 04:21:11,282] {processor.py:654} INFO - DAG(s) dict_keys(['example_trigger_controller_dag']) retrieved from /home/airflow/.local/lib/python3.7/site-packages/airflow/example_dags/example_trigger_controller_dag.py
[2022-11-30 04:21:11,293] {logging_mixin.py:109} INFO - [2022-11-30 04:21:11,293] {dag.py:2398} INFO - Sync 1 DAGs
[2022-11-30 04:21:11,310] {logging_mixin.py:109} INFO - [2022-11-30 04:21:11,310] {dag.py:2937} INFO - Setting next_dagrun for example_trigger_controller_dag to 2021-01-01T00:00:00+00:00
[2022-11-30 04:21:11,322] {processor.py:171} INFO - Processing /home/airflow/.local/lib/python3.7/site-packages/airflow/example_dags/example_trigger_controller_dag.py took 0.070 seconds
[2022-11-30 04:21:42,052] {processor.py:163} INFO - Started process (PID=7182) to work on /home/airflow/.local/lib/python3.7/site-packages/airflow/example_dags/example_trigger_controller_dag.py
[2022-11-30 04:21:42,054] {processor.py:642} INFO - Processing file /home/airflow/.local/lib/python3.7/site-packages/airflow/example_dags/example_trigger_controller_dag.py for tasks to queue
[2022-11-30 04:21:42,054] {logging_mixin.py:109} INFO - [2022-11-30 04:21:42,054] {dagbag.py:500} INFO - Filling up the DagBag from /home/airflow/.local/lib/python3.7/site-packages/airflow/example_dags/example_trigger_controller_dag.py
[2022-11-30 04:21:42,079] {processor.py:654} INFO - DAG(s) dict_keys(['example_trigger_controller_dag']) retrieved from /home/airflow/.local/lib/python3.7/site-packages/airflow/example_dags/example_trigger_controller_dag.py
[2022-11-30 04:21:42,088] {logging_mixin.py:109} INFO - [2022-11-30 04:21:42,088] {dag.py:2398} INFO - Sync 1 DAGs
[2022-11-30 04:21:42,101] {logging_mixin.py:109} INFO - [2022-11-30 04:21:42,101] {dag.py:2937} INFO - Setting next_dagrun for example_trigger_controller_dag to 2021-01-01T00:00:00+00:00
[2022-11-30 04:21:42,109] {processor.py:171} INFO - Processing /home/airflow/.local/lib/python3.7/site-packages/airflow/example_dags/example_trigger_controller_dag.py took 0.059 seconds
[2022-11-30 04:22:12,382] {processor.py:163} INFO - Started process (PID=7259) to work on /home/airflow/.local/lib/python3.7/site-packages/airflow/example_dags/example_trigger_controller_dag.py
[2022-11-30 04:22:12,383] {processor.py:642} INFO - Processing file /home/airflow/.local/lib/python3.7/site-packages/airflow/example_dags/example_trigger_controller_dag.py for tasks to queue
[2022-11-30 04:22:12,384] {logging_mixin.py:109} INFO - [2022-11-30 04:22:12,384] {dagbag.py:500} INFO - Filling up the DagBag from /home/airflow/.local/lib/python3.7/site-packages/airflow/example_dags/example_trigger_controller_dag.py
[2022-11-30 04:22:12,409] {processor.py:654} INFO - DAG(s) dict_keys(['example_trigger_controller_dag']) retrieved from /home/airflow/.local/lib/python3.7/site-packages/airflow/example_dags/example_trigger_controller_dag.py
[2022-11-30 04:22:12,417] {logging_mixin.py:109} INFO - [2022-11-30 04:22:12,417] {dag.py:2398} INFO - Sync 1 DAGs
[2022-11-30 04:22:12,429] {logging_mixin.py:109} INFO - [2022-11-30 04:22:12,429] {dag.py:2937} INFO - Setting next_dagrun for example_trigger_controller_dag to 2021-01-01T00:00:00+00:00
[2022-11-30 04:22:12,436] {processor.py:171} INFO - Processing /home/airflow/.local/lib/python3.7/site-packages/airflow/example_dags/example_trigger_controller_dag.py took 0.057 seconds
