[2022-11-30 03:58:21,352] {processor.py:163} INFO - Started process (PID=3524) to work on /home/airflow/.local/lib/python3.7/site-packages/airflow/example_dags/example_trigger_target_dag.py
[2022-11-30 03:58:21,353] {processor.py:642} INFO - Processing file /home/airflow/.local/lib/python3.7/site-packages/airflow/example_dags/example_trigger_target_dag.py for tasks to queue
[2022-11-30 03:58:21,357] {logging_mixin.py:109} INFO - [2022-11-30 03:58:21,357] {dagbag.py:500} INFO - Filling up the DagBag from /home/airflow/.local/lib/python3.7/site-packages/airflow/example_dags/example_trigger_target_dag.py
[2022-11-30 03:58:21,418] {processor.py:654} INFO - DAG(s) dict_keys(['example_trigger_target_dag']) retrieved from /home/airflow/.local/lib/python3.7/site-packages/airflow/example_dags/example_trigger_target_dag.py
[2022-11-30 03:58:21,439] {logging_mixin.py:109} INFO - [2022-11-30 03:58:21,439] {dag.py:2398} INFO - Sync 1 DAGs
[2022-11-30 03:58:21,470] {logging_mixin.py:109} INFO - [2022-11-30 03:58:21,469] {dag.py:2937} INFO - Setting next_dagrun for example_trigger_target_dag to None
[2022-11-30 03:58:21,503] {processor.py:171} INFO - Processing /home/airflow/.local/lib/python3.7/site-packages/airflow/example_dags/example_trigger_target_dag.py took 0.156 seconds
[2022-11-30 03:58:51,579] {processor.py:163} INFO - Started process (PID=3601) to work on /home/airflow/.local/lib/python3.7/site-packages/airflow/example_dags/example_trigger_target_dag.py
[2022-11-30 03:58:51,580] {processor.py:642} INFO - Processing file /home/airflow/.local/lib/python3.7/site-packages/airflow/example_dags/example_trigger_target_dag.py for tasks to queue
[2022-11-30 03:58:51,581] {logging_mixin.py:109} INFO - [2022-11-30 03:58:51,581] {dagbag.py:500} INFO - Filling up the DagBag from /home/airflow/.local/lib/python3.7/site-packages/airflow/example_dags/example_trigger_target_dag.py
[2022-11-30 03:58:51,609] {processor.py:654} INFO - DAG(s) dict_keys(['example_trigger_target_dag']) retrieved from /home/airflow/.local/lib/python3.7/site-packages/airflow/example_dags/example_trigger_target_dag.py
[2022-11-30 03:58:51,619] {logging_mixin.py:109} INFO - [2022-11-30 03:58:51,618] {dag.py:2398} INFO - Sync 1 DAGs
[2022-11-30 03:58:51,632] {logging_mixin.py:109} INFO - [2022-11-30 03:58:51,632] {dag.py:2937} INFO - Setting next_dagrun for example_trigger_target_dag to None
[2022-11-30 03:58:51,641] {processor.py:171} INFO - Processing /home/airflow/.local/lib/python3.7/site-packages/airflow/example_dags/example_trigger_target_dag.py took 0.064 seconds
[2022-11-30 03:59:22,502] {processor.py:163} INFO - Started process (PID=3687) to work on /home/airflow/.local/lib/python3.7/site-packages/airflow/example_dags/example_trigger_target_dag.py
[2022-11-30 03:59:22,504] {processor.py:642} INFO - Processing file /home/airflow/.local/lib/python3.7/site-packages/airflow/example_dags/example_trigger_target_dag.py for tasks to queue
[2022-11-30 03:59:22,504] {logging_mixin.py:109} INFO - [2022-11-30 03:59:22,504] {dagbag.py:500} INFO - Filling up the DagBag from /home/airflow/.local/lib/python3.7/site-packages/airflow/example_dags/example_trigger_target_dag.py
[2022-11-30 03:59:22,535] {processor.py:654} INFO - DAG(s) dict_keys(['example_trigger_target_dag']) retrieved from /home/airflow/.local/lib/python3.7/site-packages/airflow/example_dags/example_trigger_target_dag.py
[2022-11-30 03:59:22,545] {logging_mixin.py:109} INFO - [2022-11-30 03:59:22,544] {dag.py:2398} INFO - Sync 1 DAGs
[2022-11-30 03:59:22,561] {logging_mixin.py:109} INFO - [2022-11-30 03:59:22,561] {dag.py:2937} INFO - Setting next_dagrun for example_trigger_target_dag to None
[2022-11-30 03:59:22,574] {processor.py:171} INFO - Processing /home/airflow/.local/lib/python3.7/site-packages/airflow/example_dags/example_trigger_target_dag.py took 0.075 seconds
[2022-11-30 03:59:52,725] {processor.py:163} INFO - Started process (PID=3763) to work on /home/airflow/.local/lib/python3.7/site-packages/airflow/example_dags/example_trigger_target_dag.py
[2022-11-30 03:59:52,726] {processor.py:642} INFO - Processing file /home/airflow/.local/lib/python3.7/site-packages/airflow/example_dags/example_trigger_target_dag.py for tasks to queue
[2022-11-30 03:59:52,726] {logging_mixin.py:109} INFO - [2022-11-30 03:59:52,726] {dagbag.py:500} INFO - Filling up the DagBag from /home/airflow/.local/lib/python3.7/site-packages/airflow/example_dags/example_trigger_target_dag.py
[2022-11-30 03:59:52,755] {processor.py:654} INFO - DAG(s) dict_keys(['example_trigger_target_dag']) retrieved from /home/airflow/.local/lib/python3.7/site-packages/airflow/example_dags/example_trigger_target_dag.py
[2022-11-30 03:59:52,763] {logging_mixin.py:109} INFO - [2022-11-30 03:59:52,763] {dag.py:2398} INFO - Sync 1 DAGs
[2022-11-30 03:59:52,776] {logging_mixin.py:109} INFO - [2022-11-30 03:59:52,776] {dag.py:2937} INFO - Setting next_dagrun for example_trigger_target_dag to None
[2022-11-30 03:59:52,784] {processor.py:171} INFO - Processing /home/airflow/.local/lib/python3.7/site-packages/airflow/example_dags/example_trigger_target_dag.py took 0.063 seconds
[2022-11-30 04:00:23,403] {processor.py:163} INFO - Started process (PID=3850) to work on /home/airflow/.local/lib/python3.7/site-packages/airflow/example_dags/example_trigger_target_dag.py
[2022-11-30 04:00:23,405] {processor.py:642} INFO - Processing file /home/airflow/.local/lib/python3.7/site-packages/airflow/example_dags/example_trigger_target_dag.py for tasks to queue
[2022-11-30 04:00:23,406] {logging_mixin.py:109} INFO - [2022-11-30 04:00:23,405] {dagbag.py:500} INFO - Filling up the DagBag from /home/airflow/.local/lib/python3.7/site-packages/airflow/example_dags/example_trigger_target_dag.py
[2022-11-30 04:00:23,451] {processor.py:654} INFO - DAG(s) dict_keys(['example_trigger_target_dag']) retrieved from /home/airflow/.local/lib/python3.7/site-packages/airflow/example_dags/example_trigger_target_dag.py
[2022-11-30 04:00:23,464] {logging_mixin.py:109} INFO - [2022-11-30 04:00:23,464] {dag.py:2398} INFO - Sync 1 DAGs
[2022-11-30 04:00:23,485] {logging_mixin.py:109} INFO - [2022-11-30 04:00:23,485] {dag.py:2937} INFO - Setting next_dagrun for example_trigger_target_dag to None
[2022-11-30 04:00:23,498] {processor.py:171} INFO - Processing /home/airflow/.local/lib/python3.7/site-packages/airflow/example_dags/example_trigger_target_dag.py took 0.098 seconds
[2022-11-30 04:00:54,095] {processor.py:163} INFO - Started process (PID=3927) to work on /home/airflow/.local/lib/python3.7/site-packages/airflow/example_dags/example_trigger_target_dag.py
[2022-11-30 04:00:54,096] {processor.py:642} INFO - Processing file /home/airflow/.local/lib/python3.7/site-packages/airflow/example_dags/example_trigger_target_dag.py for tasks to queue
[2022-11-30 04:00:54,096] {logging_mixin.py:109} INFO - [2022-11-30 04:00:54,096] {dagbag.py:500} INFO - Filling up the DagBag from /home/airflow/.local/lib/python3.7/site-packages/airflow/example_dags/example_trigger_target_dag.py
[2022-11-30 04:00:54,127] {processor.py:654} INFO - DAG(s) dict_keys(['example_trigger_target_dag']) retrieved from /home/airflow/.local/lib/python3.7/site-packages/airflow/example_dags/example_trigger_target_dag.py
[2022-11-30 04:00:54,136] {logging_mixin.py:109} INFO - [2022-11-30 04:00:54,136] {dag.py:2398} INFO - Sync 1 DAGs
[2022-11-30 04:00:54,150] {logging_mixin.py:109} INFO - [2022-11-30 04:00:54,150] {dag.py:2937} INFO - Setting next_dagrun for example_trigger_target_dag to None
[2022-11-30 04:00:54,159] {processor.py:171} INFO - Processing /home/airflow/.local/lib/python3.7/site-packages/airflow/example_dags/example_trigger_target_dag.py took 0.067 seconds
[2022-11-30 04:01:24,399] {processor.py:163} INFO - Started process (PID=4004) to work on /home/airflow/.local/lib/python3.7/site-packages/airflow/example_dags/example_trigger_target_dag.py
[2022-11-30 04:01:24,400] {processor.py:642} INFO - Processing file /home/airflow/.local/lib/python3.7/site-packages/airflow/example_dags/example_trigger_target_dag.py for tasks to queue
[2022-11-30 04:01:24,401] {logging_mixin.py:109} INFO - [2022-11-30 04:01:24,401] {dagbag.py:500} INFO - Filling up the DagBag from /home/airflow/.local/lib/python3.7/site-packages/airflow/example_dags/example_trigger_target_dag.py
[2022-11-30 04:01:24,438] {processor.py:654} INFO - DAG(s) dict_keys(['example_trigger_target_dag']) retrieved from /home/airflow/.local/lib/python3.7/site-packages/airflow/example_dags/example_trigger_target_dag.py
[2022-11-30 04:01:24,447] {logging_mixin.py:109} INFO - [2022-11-30 04:01:24,446] {dag.py:2398} INFO - Sync 1 DAGs
[2022-11-30 04:01:24,460] {logging_mixin.py:109} INFO - [2022-11-30 04:01:24,460] {dag.py:2937} INFO - Setting next_dagrun for example_trigger_target_dag to None
[2022-11-30 04:01:24,468] {processor.py:171} INFO - Processing /home/airflow/.local/lib/python3.7/site-packages/airflow/example_dags/example_trigger_target_dag.py took 0.072 seconds
[2022-11-30 04:01:55,458] {processor.py:163} INFO - Started process (PID=4090) to work on /home/airflow/.local/lib/python3.7/site-packages/airflow/example_dags/example_trigger_target_dag.py
[2022-11-30 04:01:55,460] {processor.py:642} INFO - Processing file /home/airflow/.local/lib/python3.7/site-packages/airflow/example_dags/example_trigger_target_dag.py for tasks to queue
[2022-11-30 04:01:55,461] {logging_mixin.py:109} INFO - [2022-11-30 04:01:55,460] {dagbag.py:500} INFO - Filling up the DagBag from /home/airflow/.local/lib/python3.7/site-packages/airflow/example_dags/example_trigger_target_dag.py
[2022-11-30 04:01:55,516] {processor.py:654} INFO - DAG(s) dict_keys(['example_trigger_target_dag']) retrieved from /home/airflow/.local/lib/python3.7/site-packages/airflow/example_dags/example_trigger_target_dag.py
[2022-11-30 04:01:55,534] {logging_mixin.py:109} INFO - [2022-11-30 04:01:55,534] {dag.py:2398} INFO - Sync 1 DAGs
[2022-11-30 04:01:55,554] {logging_mixin.py:109} INFO - [2022-11-30 04:01:55,554] {dag.py:2937} INFO - Setting next_dagrun for example_trigger_target_dag to None
[2022-11-30 04:01:55,566] {processor.py:171} INFO - Processing /home/airflow/.local/lib/python3.7/site-packages/airflow/example_dags/example_trigger_target_dag.py took 0.116 seconds
[2022-11-30 04:02:29,129] {processor.py:163} INFO - Started process (PID=4167) to work on /home/airflow/.local/lib/python3.7/site-packages/airflow/example_dags/example_trigger_target_dag.py
[2022-11-30 04:02:29,134] {processor.py:642} INFO - Processing file /home/airflow/.local/lib/python3.7/site-packages/airflow/example_dags/example_trigger_target_dag.py for tasks to queue
[2022-11-30 04:02:29,135] {logging_mixin.py:109} INFO - [2022-11-30 04:02:29,134] {dagbag.py:500} INFO - Filling up the DagBag from /home/airflow/.local/lib/python3.7/site-packages/airflow/example_dags/example_trigger_target_dag.py
[2022-11-30 04:02:29,215] {processor.py:654} INFO - DAG(s) dict_keys(['example_trigger_target_dag']) retrieved from /home/airflow/.local/lib/python3.7/site-packages/airflow/example_dags/example_trigger_target_dag.py
[2022-11-30 04:02:29,236] {logging_mixin.py:109} INFO - [2022-11-30 04:02:29,236] {dag.py:2398} INFO - Sync 1 DAGs
[2022-11-30 04:02:29,275] {logging_mixin.py:109} INFO - [2022-11-30 04:02:29,275] {dag.py:2937} INFO - Setting next_dagrun for example_trigger_target_dag to None
[2022-11-30 04:02:29,306] {processor.py:171} INFO - Processing /home/airflow/.local/lib/python3.7/site-packages/airflow/example_dags/example_trigger_target_dag.py took 0.191 seconds
[2022-11-30 04:02:59,624] {processor.py:163} INFO - Started process (PID=4244) to work on /home/airflow/.local/lib/python3.7/site-packages/airflow/example_dags/example_trigger_target_dag.py
[2022-11-30 04:02:59,625] {processor.py:642} INFO - Processing file /home/airflow/.local/lib/python3.7/site-packages/airflow/example_dags/example_trigger_target_dag.py for tasks to queue
[2022-11-30 04:02:59,625] {logging_mixin.py:109} INFO - [2022-11-30 04:02:59,625] {dagbag.py:500} INFO - Filling up the DagBag from /home/airflow/.local/lib/python3.7/site-packages/airflow/example_dags/example_trigger_target_dag.py
[2022-11-30 04:02:59,660] {processor.py:654} INFO - DAG(s) dict_keys(['example_trigger_target_dag']) retrieved from /home/airflow/.local/lib/python3.7/site-packages/airflow/example_dags/example_trigger_target_dag.py
[2022-11-30 04:02:59,670] {logging_mixin.py:109} INFO - [2022-11-30 04:02:59,670] {dag.py:2398} INFO - Sync 1 DAGs
[2022-11-30 04:02:59,686] {logging_mixin.py:109} INFO - [2022-11-30 04:02:59,686] {dag.py:2937} INFO - Setting next_dagrun for example_trigger_target_dag to None
[2022-11-30 04:02:59,695] {processor.py:171} INFO - Processing /home/airflow/.local/lib/python3.7/site-packages/airflow/example_dags/example_trigger_target_dag.py took 0.074 seconds
[2022-11-30 04:03:30,484] {processor.py:163} INFO - Started process (PID=4330) to work on /home/airflow/.local/lib/python3.7/site-packages/airflow/example_dags/example_trigger_target_dag.py
[2022-11-30 04:03:30,485] {processor.py:642} INFO - Processing file /home/airflow/.local/lib/python3.7/site-packages/airflow/example_dags/example_trigger_target_dag.py for tasks to queue
[2022-11-30 04:03:30,485] {logging_mixin.py:109} INFO - [2022-11-30 04:03:30,485] {dagbag.py:500} INFO - Filling up the DagBag from /home/airflow/.local/lib/python3.7/site-packages/airflow/example_dags/example_trigger_target_dag.py
[2022-11-30 04:03:30,511] {processor.py:654} INFO - DAG(s) dict_keys(['example_trigger_target_dag']) retrieved from /home/airflow/.local/lib/python3.7/site-packages/airflow/example_dags/example_trigger_target_dag.py
[2022-11-30 04:03:30,518] {logging_mixin.py:109} INFO - [2022-11-30 04:03:30,518] {dag.py:2398} INFO - Sync 1 DAGs
[2022-11-30 04:03:30,530] {logging_mixin.py:109} INFO - [2022-11-30 04:03:30,530] {dag.py:2937} INFO - Setting next_dagrun for example_trigger_target_dag to None
[2022-11-30 04:03:30,537] {processor.py:171} INFO - Processing /home/airflow/.local/lib/python3.7/site-packages/airflow/example_dags/example_trigger_target_dag.py took 0.056 seconds
[2022-11-30 04:04:00,742] {processor.py:163} INFO - Started process (PID=4407) to work on /home/airflow/.local/lib/python3.7/site-packages/airflow/example_dags/example_trigger_target_dag.py
[2022-11-30 04:04:00,743] {processor.py:642} INFO - Processing file /home/airflow/.local/lib/python3.7/site-packages/airflow/example_dags/example_trigger_target_dag.py for tasks to queue
[2022-11-30 04:04:00,744] {logging_mixin.py:109} INFO - [2022-11-30 04:04:00,744] {dagbag.py:500} INFO - Filling up the DagBag from /home/airflow/.local/lib/python3.7/site-packages/airflow/example_dags/example_trigger_target_dag.py
[2022-11-30 04:04:00,776] {processor.py:654} INFO - DAG(s) dict_keys(['example_trigger_target_dag']) retrieved from /home/airflow/.local/lib/python3.7/site-packages/airflow/example_dags/example_trigger_target_dag.py
[2022-11-30 04:04:00,783] {logging_mixin.py:109} INFO - [2022-11-30 04:04:00,782] {dag.py:2398} INFO - Sync 1 DAGs
[2022-11-30 04:04:00,795] {logging_mixin.py:109} INFO - [2022-11-30 04:04:00,795] {dag.py:2937} INFO - Setting next_dagrun for example_trigger_target_dag to None
[2022-11-30 04:04:00,802] {processor.py:171} INFO - Processing /home/airflow/.local/lib/python3.7/site-packages/airflow/example_dags/example_trigger_target_dag.py took 0.063 seconds
[2022-11-30 04:04:32,173] {processor.py:163} INFO - Started process (PID=4493) to work on /home/airflow/.local/lib/python3.7/site-packages/airflow/example_dags/example_trigger_target_dag.py
[2022-11-30 04:04:32,174] {processor.py:642} INFO - Processing file /home/airflow/.local/lib/python3.7/site-packages/airflow/example_dags/example_trigger_target_dag.py for tasks to queue
[2022-11-30 04:04:32,175] {logging_mixin.py:109} INFO - [2022-11-30 04:04:32,175] {dagbag.py:500} INFO - Filling up the DagBag from /home/airflow/.local/lib/python3.7/site-packages/airflow/example_dags/example_trigger_target_dag.py
[2022-11-30 04:04:32,203] {processor.py:654} INFO - DAG(s) dict_keys(['example_trigger_target_dag']) retrieved from /home/airflow/.local/lib/python3.7/site-packages/airflow/example_dags/example_trigger_target_dag.py
[2022-11-30 04:04:32,211] {logging_mixin.py:109} INFO - [2022-11-30 04:04:32,211] {dag.py:2398} INFO - Sync 1 DAGs
[2022-11-30 04:04:32,226] {logging_mixin.py:109} INFO - [2022-11-30 04:04:32,225] {dag.py:2937} INFO - Setting next_dagrun for example_trigger_target_dag to None
[2022-11-30 04:04:32,233] {processor.py:171} INFO - Processing /home/airflow/.local/lib/python3.7/site-packages/airflow/example_dags/example_trigger_target_dag.py took 0.062 seconds
[2022-11-30 04:05:03,579] {processor.py:163} INFO - Started process (PID=4570) to work on /home/airflow/.local/lib/python3.7/site-packages/airflow/example_dags/example_trigger_target_dag.py
[2022-11-30 04:05:03,580] {processor.py:642} INFO - Processing file /home/airflow/.local/lib/python3.7/site-packages/airflow/example_dags/example_trigger_target_dag.py for tasks to queue
[2022-11-30 04:05:03,581] {logging_mixin.py:109} INFO - [2022-11-30 04:05:03,581] {dagbag.py:500} INFO - Filling up the DagBag from /home/airflow/.local/lib/python3.7/site-packages/airflow/example_dags/example_trigger_target_dag.py
[2022-11-30 04:05:03,609] {processor.py:654} INFO - DAG(s) dict_keys(['example_trigger_target_dag']) retrieved from /home/airflow/.local/lib/python3.7/site-packages/airflow/example_dags/example_trigger_target_dag.py
[2022-11-30 04:05:03,617] {logging_mixin.py:109} INFO - [2022-11-30 04:05:03,617] {dag.py:2398} INFO - Sync 1 DAGs
[2022-11-30 04:05:03,630] {logging_mixin.py:109} INFO - [2022-11-30 04:05:03,630] {dag.py:2937} INFO - Setting next_dagrun for example_trigger_target_dag to None
[2022-11-30 04:05:03,638] {processor.py:171} INFO - Processing /home/airflow/.local/lib/python3.7/site-packages/airflow/example_dags/example_trigger_target_dag.py took 0.062 seconds
[2022-11-30 04:05:34,931] {processor.py:163} INFO - Started process (PID=4656) to work on /home/airflow/.local/lib/python3.7/site-packages/airflow/example_dags/example_trigger_target_dag.py
[2022-11-30 04:05:34,932] {processor.py:642} INFO - Processing file /home/airflow/.local/lib/python3.7/site-packages/airflow/example_dags/example_trigger_target_dag.py for tasks to queue
[2022-11-30 04:05:34,932] {logging_mixin.py:109} INFO - [2022-11-30 04:05:34,932] {dagbag.py:500} INFO - Filling up the DagBag from /home/airflow/.local/lib/python3.7/site-packages/airflow/example_dags/example_trigger_target_dag.py
[2022-11-30 04:05:34,962] {processor.py:654} INFO - DAG(s) dict_keys(['example_trigger_target_dag']) retrieved from /home/airflow/.local/lib/python3.7/site-packages/airflow/example_dags/example_trigger_target_dag.py
[2022-11-30 04:05:34,972] {logging_mixin.py:109} INFO - [2022-11-30 04:05:34,972] {dag.py:2398} INFO - Sync 1 DAGs
[2022-11-30 04:05:34,989] {logging_mixin.py:109} INFO - [2022-11-30 04:05:34,989] {dag.py:2937} INFO - Setting next_dagrun for example_trigger_target_dag to None
[2022-11-30 04:05:34,998] {processor.py:171} INFO - Processing /home/airflow/.local/lib/python3.7/site-packages/airflow/example_dags/example_trigger_target_dag.py took 0.070 seconds
[2022-11-30 04:06:06,270] {processor.py:163} INFO - Started process (PID=4733) to work on /home/airflow/.local/lib/python3.7/site-packages/airflow/example_dags/example_trigger_target_dag.py
[2022-11-30 04:06:06,271] {processor.py:642} INFO - Processing file /home/airflow/.local/lib/python3.7/site-packages/airflow/example_dags/example_trigger_target_dag.py for tasks to queue
[2022-11-30 04:06:06,271] {logging_mixin.py:109} INFO - [2022-11-30 04:06:06,271] {dagbag.py:500} INFO - Filling up the DagBag from /home/airflow/.local/lib/python3.7/site-packages/airflow/example_dags/example_trigger_target_dag.py
[2022-11-30 04:06:06,299] {processor.py:654} INFO - DAG(s) dict_keys(['example_trigger_target_dag']) retrieved from /home/airflow/.local/lib/python3.7/site-packages/airflow/example_dags/example_trigger_target_dag.py
[2022-11-30 04:06:06,308] {logging_mixin.py:109} INFO - [2022-11-30 04:06:06,307] {dag.py:2398} INFO - Sync 1 DAGs
[2022-11-30 04:06:06,319] {logging_mixin.py:109} INFO - [2022-11-30 04:06:06,319] {dag.py:2937} INFO - Setting next_dagrun for example_trigger_target_dag to None
[2022-11-30 04:06:06,327] {processor.py:171} INFO - Processing /home/airflow/.local/lib/python3.7/site-packages/airflow/example_dags/example_trigger_target_dag.py took 0.060 seconds
[2022-11-30 04:06:37,838] {processor.py:163} INFO - Started process (PID=4819) to work on /home/airflow/.local/lib/python3.7/site-packages/airflow/example_dags/example_trigger_target_dag.py
[2022-11-30 04:06:37,839] {processor.py:642} INFO - Processing file /home/airflow/.local/lib/python3.7/site-packages/airflow/example_dags/example_trigger_target_dag.py for tasks to queue
[2022-11-30 04:06:37,839] {logging_mixin.py:109} INFO - [2022-11-30 04:06:37,839] {dagbag.py:500} INFO - Filling up the DagBag from /home/airflow/.local/lib/python3.7/site-packages/airflow/example_dags/example_trigger_target_dag.py
[2022-11-30 04:06:37,873] {processor.py:654} INFO - DAG(s) dict_keys(['example_trigger_target_dag']) retrieved from /home/airflow/.local/lib/python3.7/site-packages/airflow/example_dags/example_trigger_target_dag.py
[2022-11-30 04:06:37,881] {logging_mixin.py:109} INFO - [2022-11-30 04:06:37,881] {dag.py:2398} INFO - Sync 1 DAGs
[2022-11-30 04:06:37,903] {logging_mixin.py:109} INFO - [2022-11-30 04:06:37,903] {dag.py:2937} INFO - Setting next_dagrun for example_trigger_target_dag to None
[2022-11-30 04:06:37,913] {processor.py:171} INFO - Processing /home/airflow/.local/lib/python3.7/site-packages/airflow/example_dags/example_trigger_target_dag.py took 0.080 seconds
[2022-11-30 04:07:09,266] {processor.py:163} INFO - Started process (PID=4896) to work on /home/airflow/.local/lib/python3.7/site-packages/airflow/example_dags/example_trigger_target_dag.py
[2022-11-30 04:07:09,267] {processor.py:642} INFO - Processing file /home/airflow/.local/lib/python3.7/site-packages/airflow/example_dags/example_trigger_target_dag.py for tasks to queue
[2022-11-30 04:07:09,268] {logging_mixin.py:109} INFO - [2022-11-30 04:07:09,268] {dagbag.py:500} INFO - Filling up the DagBag from /home/airflow/.local/lib/python3.7/site-packages/airflow/example_dags/example_trigger_target_dag.py
[2022-11-30 04:07:09,294] {processor.py:654} INFO - DAG(s) dict_keys(['example_trigger_target_dag']) retrieved from /home/airflow/.local/lib/python3.7/site-packages/airflow/example_dags/example_trigger_target_dag.py
[2022-11-30 04:07:09,302] {logging_mixin.py:109} INFO - [2022-11-30 04:07:09,302] {dag.py:2398} INFO - Sync 1 DAGs
[2022-11-30 04:07:09,313] {logging_mixin.py:109} INFO - [2022-11-30 04:07:09,313] {dag.py:2937} INFO - Setting next_dagrun for example_trigger_target_dag to None
[2022-11-30 04:07:09,321] {processor.py:171} INFO - Processing /home/airflow/.local/lib/python3.7/site-packages/airflow/example_dags/example_trigger_target_dag.py took 0.057 seconds
[2022-11-30 04:07:40,863] {processor.py:163} INFO - Started process (PID=4982) to work on /home/airflow/.local/lib/python3.7/site-packages/airflow/example_dags/example_trigger_target_dag.py
[2022-11-30 04:07:40,865] {processor.py:642} INFO - Processing file /home/airflow/.local/lib/python3.7/site-packages/airflow/example_dags/example_trigger_target_dag.py for tasks to queue
[2022-11-30 04:07:40,865] {logging_mixin.py:109} INFO - [2022-11-30 04:07:40,865] {dagbag.py:500} INFO - Filling up the DagBag from /home/airflow/.local/lib/python3.7/site-packages/airflow/example_dags/example_trigger_target_dag.py
[2022-11-30 04:07:40,894] {processor.py:654} INFO - DAG(s) dict_keys(['example_trigger_target_dag']) retrieved from /home/airflow/.local/lib/python3.7/site-packages/airflow/example_dags/example_trigger_target_dag.py
[2022-11-30 04:07:40,903] {logging_mixin.py:109} INFO - [2022-11-30 04:07:40,903] {dag.py:2398} INFO - Sync 1 DAGs
[2022-11-30 04:07:40,917] {logging_mixin.py:109} INFO - [2022-11-30 04:07:40,917] {dag.py:2937} INFO - Setting next_dagrun for example_trigger_target_dag to None
[2022-11-30 04:07:40,925] {processor.py:171} INFO - Processing /home/airflow/.local/lib/python3.7/site-packages/airflow/example_dags/example_trigger_target_dag.py took 0.064 seconds
[2022-11-30 04:08:12,373] {processor.py:163} INFO - Started process (PID=5059) to work on /home/airflow/.local/lib/python3.7/site-packages/airflow/example_dags/example_trigger_target_dag.py
[2022-11-30 04:08:12,374] {processor.py:642} INFO - Processing file /home/airflow/.local/lib/python3.7/site-packages/airflow/example_dags/example_trigger_target_dag.py for tasks to queue
[2022-11-30 04:08:12,375] {logging_mixin.py:109} INFO - [2022-11-30 04:08:12,375] {dagbag.py:500} INFO - Filling up the DagBag from /home/airflow/.local/lib/python3.7/site-packages/airflow/example_dags/example_trigger_target_dag.py
[2022-11-30 04:08:12,400] {processor.py:654} INFO - DAG(s) dict_keys(['example_trigger_target_dag']) retrieved from /home/airflow/.local/lib/python3.7/site-packages/airflow/example_dags/example_trigger_target_dag.py
[2022-11-30 04:08:12,408] {logging_mixin.py:109} INFO - [2022-11-30 04:08:12,408] {dag.py:2398} INFO - Sync 1 DAGs
[2022-11-30 04:08:12,419] {logging_mixin.py:109} INFO - [2022-11-30 04:08:12,419] {dag.py:2937} INFO - Setting next_dagrun for example_trigger_target_dag to None
[2022-11-30 04:08:12,428] {processor.py:171} INFO - Processing /home/airflow/.local/lib/python3.7/site-packages/airflow/example_dags/example_trigger_target_dag.py took 0.058 seconds
[2022-11-30 04:08:43,961] {processor.py:163} INFO - Started process (PID=5145) to work on /home/airflow/.local/lib/python3.7/site-packages/airflow/example_dags/example_trigger_target_dag.py
[2022-11-30 04:08:43,962] {processor.py:642} INFO - Processing file /home/airflow/.local/lib/python3.7/site-packages/airflow/example_dags/example_trigger_target_dag.py for tasks to queue
[2022-11-30 04:08:43,963] {logging_mixin.py:109} INFO - [2022-11-30 04:08:43,962] {dagbag.py:500} INFO - Filling up the DagBag from /home/airflow/.local/lib/python3.7/site-packages/airflow/example_dags/example_trigger_target_dag.py
[2022-11-30 04:08:43,993] {processor.py:654} INFO - DAG(s) dict_keys(['example_trigger_target_dag']) retrieved from /home/airflow/.local/lib/python3.7/site-packages/airflow/example_dags/example_trigger_target_dag.py
[2022-11-30 04:08:44,002] {logging_mixin.py:109} INFO - [2022-11-30 04:08:44,002] {dag.py:2398} INFO - Sync 1 DAGs
[2022-11-30 04:08:44,019] {logging_mixin.py:109} INFO - [2022-11-30 04:08:44,019] {dag.py:2937} INFO - Setting next_dagrun for example_trigger_target_dag to None
[2022-11-30 04:08:44,029] {processor.py:171} INFO - Processing /home/airflow/.local/lib/python3.7/site-packages/airflow/example_dags/example_trigger_target_dag.py took 0.071 seconds
[2022-11-30 04:09:14,253] {processor.py:163} INFO - Started process (PID=5223) to work on /home/airflow/.local/lib/python3.7/site-packages/airflow/example_dags/example_trigger_target_dag.py
[2022-11-30 04:09:14,254] {processor.py:642} INFO - Processing file /home/airflow/.local/lib/python3.7/site-packages/airflow/example_dags/example_trigger_target_dag.py for tasks to queue
[2022-11-30 04:09:14,255] {logging_mixin.py:109} INFO - [2022-11-30 04:09:14,255] {dagbag.py:500} INFO - Filling up the DagBag from /home/airflow/.local/lib/python3.7/site-packages/airflow/example_dags/example_trigger_target_dag.py
[2022-11-30 04:09:14,288] {processor.py:654} INFO - DAG(s) dict_keys(['example_trigger_target_dag']) retrieved from /home/airflow/.local/lib/python3.7/site-packages/airflow/example_dags/example_trigger_target_dag.py
[2022-11-30 04:09:14,298] {logging_mixin.py:109} INFO - [2022-11-30 04:09:14,298] {dag.py:2398} INFO - Sync 1 DAGs
[2022-11-30 04:09:14,314] {logging_mixin.py:109} INFO - [2022-11-30 04:09:14,314] {dag.py:2937} INFO - Setting next_dagrun for example_trigger_target_dag to None
[2022-11-30 04:09:14,325] {processor.py:171} INFO - Processing /home/airflow/.local/lib/python3.7/site-packages/airflow/example_dags/example_trigger_target_dag.py took 0.075 seconds
[2022-11-30 04:09:45,941] {processor.py:163} INFO - Started process (PID=5310) to work on /home/airflow/.local/lib/python3.7/site-packages/airflow/example_dags/example_trigger_target_dag.py
[2022-11-30 04:09:45,942] {processor.py:642} INFO - Processing file /home/airflow/.local/lib/python3.7/site-packages/airflow/example_dags/example_trigger_target_dag.py for tasks to queue
[2022-11-30 04:09:45,942] {logging_mixin.py:109} INFO - [2022-11-30 04:09:45,942] {dagbag.py:500} INFO - Filling up the DagBag from /home/airflow/.local/lib/python3.7/site-packages/airflow/example_dags/example_trigger_target_dag.py
[2022-11-30 04:09:45,971] {processor.py:654} INFO - DAG(s) dict_keys(['example_trigger_target_dag']) retrieved from /home/airflow/.local/lib/python3.7/site-packages/airflow/example_dags/example_trigger_target_dag.py
[2022-11-30 04:09:45,980] {logging_mixin.py:109} INFO - [2022-11-30 04:09:45,980] {dag.py:2398} INFO - Sync 1 DAGs
[2022-11-30 04:09:45,994] {logging_mixin.py:109} INFO - [2022-11-30 04:09:45,994] {dag.py:2937} INFO - Setting next_dagrun for example_trigger_target_dag to None
[2022-11-30 04:09:46,002] {processor.py:171} INFO - Processing /home/airflow/.local/lib/python3.7/site-packages/airflow/example_dags/example_trigger_target_dag.py took 0.064 seconds
[2022-11-30 04:10:16,679] {processor.py:163} INFO - Started process (PID=5387) to work on /home/airflow/.local/lib/python3.7/site-packages/airflow/example_dags/example_trigger_target_dag.py
[2022-11-30 04:10:16,680] {processor.py:642} INFO - Processing file /home/airflow/.local/lib/python3.7/site-packages/airflow/example_dags/example_trigger_target_dag.py for tasks to queue
[2022-11-30 04:10:16,680] {logging_mixin.py:109} INFO - [2022-11-30 04:10:16,680] {dagbag.py:500} INFO - Filling up the DagBag from /home/airflow/.local/lib/python3.7/site-packages/airflow/example_dags/example_trigger_target_dag.py
[2022-11-30 04:10:16,706] {processor.py:654} INFO - DAG(s) dict_keys(['example_trigger_target_dag']) retrieved from /home/airflow/.local/lib/python3.7/site-packages/airflow/example_dags/example_trigger_target_dag.py
[2022-11-30 04:10:16,714] {logging_mixin.py:109} INFO - [2022-11-30 04:10:16,714] {dag.py:2398} INFO - Sync 1 DAGs
[2022-11-30 04:10:16,726] {logging_mixin.py:109} INFO - [2022-11-30 04:10:16,726] {dag.py:2937} INFO - Setting next_dagrun for example_trigger_target_dag to None
[2022-11-30 04:10:16,734] {processor.py:171} INFO - Processing /home/airflow/.local/lib/python3.7/site-packages/airflow/example_dags/example_trigger_target_dag.py took 0.058 seconds
[2022-11-30 04:10:48,184] {processor.py:163} INFO - Started process (PID=5473) to work on /home/airflow/.local/lib/python3.7/site-packages/airflow/example_dags/example_trigger_target_dag.py
[2022-11-30 04:10:48,185] {processor.py:642} INFO - Processing file /home/airflow/.local/lib/python3.7/site-packages/airflow/example_dags/example_trigger_target_dag.py for tasks to queue
[2022-11-30 04:10:48,186] {logging_mixin.py:109} INFO - [2022-11-30 04:10:48,186] {dagbag.py:500} INFO - Filling up the DagBag from /home/airflow/.local/lib/python3.7/site-packages/airflow/example_dags/example_trigger_target_dag.py
[2022-11-30 04:10:48,228] {processor.py:654} INFO - DAG(s) dict_keys(['example_trigger_target_dag']) retrieved from /home/airflow/.local/lib/python3.7/site-packages/airflow/example_dags/example_trigger_target_dag.py
[2022-11-30 04:10:48,239] {logging_mixin.py:109} INFO - [2022-11-30 04:10:48,239] {dag.py:2398} INFO - Sync 1 DAGs
[2022-11-30 04:10:48,259] {logging_mixin.py:109} INFO - [2022-11-30 04:10:48,259] {dag.py:2937} INFO - Setting next_dagrun for example_trigger_target_dag to None
[2022-11-30 04:10:48,274] {processor.py:171} INFO - Processing /home/airflow/.local/lib/python3.7/site-packages/airflow/example_dags/example_trigger_target_dag.py took 0.093 seconds
[2022-11-30 04:11:19,511] {processor.py:163} INFO - Started process (PID=5550) to work on /home/airflow/.local/lib/python3.7/site-packages/airflow/example_dags/example_trigger_target_dag.py
[2022-11-30 04:11:19,513] {processor.py:642} INFO - Processing file /home/airflow/.local/lib/python3.7/site-packages/airflow/example_dags/example_trigger_target_dag.py for tasks to queue
[2022-11-30 04:11:19,514] {logging_mixin.py:109} INFO - [2022-11-30 04:11:19,514] {dagbag.py:500} INFO - Filling up the DagBag from /home/airflow/.local/lib/python3.7/site-packages/airflow/example_dags/example_trigger_target_dag.py
[2022-11-30 04:11:19,630] {processor.py:654} INFO - DAG(s) dict_keys(['example_trigger_target_dag']) retrieved from /home/airflow/.local/lib/python3.7/site-packages/airflow/example_dags/example_trigger_target_dag.py
[2022-11-30 04:11:19,639] {logging_mixin.py:109} INFO - [2022-11-30 04:11:19,638] {dag.py:2398} INFO - Sync 1 DAGs
[2022-11-30 04:11:19,661] {logging_mixin.py:109} INFO - [2022-11-30 04:11:19,661] {dag.py:2937} INFO - Setting next_dagrun for example_trigger_target_dag to None
[2022-11-30 04:11:19,669] {processor.py:171} INFO - Processing /home/airflow/.local/lib/python3.7/site-packages/airflow/example_dags/example_trigger_target_dag.py took 0.161 seconds
[2022-11-30 04:11:51,159] {processor.py:163} INFO - Started process (PID=5636) to work on /home/airflow/.local/lib/python3.7/site-packages/airflow/example_dags/example_trigger_target_dag.py
[2022-11-30 04:11:51,161] {processor.py:642} INFO - Processing file /home/airflow/.local/lib/python3.7/site-packages/airflow/example_dags/example_trigger_target_dag.py for tasks to queue
[2022-11-30 04:11:51,161] {logging_mixin.py:109} INFO - [2022-11-30 04:11:51,161] {dagbag.py:500} INFO - Filling up the DagBag from /home/airflow/.local/lib/python3.7/site-packages/airflow/example_dags/example_trigger_target_dag.py
[2022-11-30 04:11:51,204] {processor.py:654} INFO - DAG(s) dict_keys(['example_trigger_target_dag']) retrieved from /home/airflow/.local/lib/python3.7/site-packages/airflow/example_dags/example_trigger_target_dag.py
[2022-11-30 04:11:51,213] {logging_mixin.py:109} INFO - [2022-11-30 04:11:51,213] {dag.py:2398} INFO - Sync 1 DAGs
[2022-11-30 04:11:51,232] {logging_mixin.py:109} INFO - [2022-11-30 04:11:51,231] {dag.py:2937} INFO - Setting next_dagrun for example_trigger_target_dag to None
[2022-11-30 04:11:51,242] {processor.py:171} INFO - Processing /home/airflow/.local/lib/python3.7/site-packages/airflow/example_dags/example_trigger_target_dag.py took 0.088 seconds
[2022-11-30 04:12:21,577] {processor.py:163} INFO - Started process (PID=5713) to work on /home/airflow/.local/lib/python3.7/site-packages/airflow/example_dags/example_trigger_target_dag.py
[2022-11-30 04:12:21,579] {processor.py:642} INFO - Processing file /home/airflow/.local/lib/python3.7/site-packages/airflow/example_dags/example_trigger_target_dag.py for tasks to queue
[2022-11-30 04:12:21,579] {logging_mixin.py:109} INFO - [2022-11-30 04:12:21,579] {dagbag.py:500} INFO - Filling up the DagBag from /home/airflow/.local/lib/python3.7/site-packages/airflow/example_dags/example_trigger_target_dag.py
[2022-11-30 04:12:21,610] {processor.py:654} INFO - DAG(s) dict_keys(['example_trigger_target_dag']) retrieved from /home/airflow/.local/lib/python3.7/site-packages/airflow/example_dags/example_trigger_target_dag.py
[2022-11-30 04:12:21,619] {logging_mixin.py:109} INFO - [2022-11-30 04:12:21,619] {dag.py:2398} INFO - Sync 1 DAGs
[2022-11-30 04:12:21,637] {logging_mixin.py:109} INFO - [2022-11-30 04:12:21,637] {dag.py:2937} INFO - Setting next_dagrun for example_trigger_target_dag to None
[2022-11-30 04:12:21,646] {processor.py:171} INFO - Processing /home/airflow/.local/lib/python3.7/site-packages/airflow/example_dags/example_trigger_target_dag.py took 0.072 seconds
[2022-11-30 04:12:52,925] {processor.py:163} INFO - Started process (PID=5799) to work on /home/airflow/.local/lib/python3.7/site-packages/airflow/example_dags/example_trigger_target_dag.py
[2022-11-30 04:12:52,926] {processor.py:642} INFO - Processing file /home/airflow/.local/lib/python3.7/site-packages/airflow/example_dags/example_trigger_target_dag.py for tasks to queue
[2022-11-30 04:12:52,926] {logging_mixin.py:109} INFO - [2022-11-30 04:12:52,926] {dagbag.py:500} INFO - Filling up the DagBag from /home/airflow/.local/lib/python3.7/site-packages/airflow/example_dags/example_trigger_target_dag.py
[2022-11-30 04:12:52,954] {processor.py:654} INFO - DAG(s) dict_keys(['example_trigger_target_dag']) retrieved from /home/airflow/.local/lib/python3.7/site-packages/airflow/example_dags/example_trigger_target_dag.py
[2022-11-30 04:12:52,962] {logging_mixin.py:109} INFO - [2022-11-30 04:12:52,962] {dag.py:2398} INFO - Sync 1 DAGs
[2022-11-30 04:12:52,976] {logging_mixin.py:109} INFO - [2022-11-30 04:12:52,975] {dag.py:2937} INFO - Setting next_dagrun for example_trigger_target_dag to None
[2022-11-30 04:12:52,985] {processor.py:171} INFO - Processing /home/airflow/.local/lib/python3.7/site-packages/airflow/example_dags/example_trigger_target_dag.py took 0.063 seconds
[2022-11-30 04:13:24,283] {processor.py:163} INFO - Started process (PID=5877) to work on /home/airflow/.local/lib/python3.7/site-packages/airflow/example_dags/example_trigger_target_dag.py
[2022-11-30 04:13:24,284] {processor.py:642} INFO - Processing file /home/airflow/.local/lib/python3.7/site-packages/airflow/example_dags/example_trigger_target_dag.py for tasks to queue
[2022-11-30 04:13:24,285] {logging_mixin.py:109} INFO - [2022-11-30 04:13:24,284] {dagbag.py:500} INFO - Filling up the DagBag from /home/airflow/.local/lib/python3.7/site-packages/airflow/example_dags/example_trigger_target_dag.py
[2022-11-30 04:13:24,312] {processor.py:654} INFO - DAG(s) dict_keys(['example_trigger_target_dag']) retrieved from /home/airflow/.local/lib/python3.7/site-packages/airflow/example_dags/example_trigger_target_dag.py
[2022-11-30 04:13:24,320] {logging_mixin.py:109} INFO - [2022-11-30 04:13:24,320] {dag.py:2398} INFO - Sync 1 DAGs
[2022-11-30 04:13:24,333] {logging_mixin.py:109} INFO - [2022-11-30 04:13:24,333] {dag.py:2937} INFO - Setting next_dagrun for example_trigger_target_dag to None
[2022-11-30 04:13:24,341] {processor.py:171} INFO - Processing /home/airflow/.local/lib/python3.7/site-packages/airflow/example_dags/example_trigger_target_dag.py took 0.061 seconds
[2022-11-30 04:13:56,511] {processor.py:163} INFO - Started process (PID=5963) to work on /home/airflow/.local/lib/python3.7/site-packages/airflow/example_dags/example_trigger_target_dag.py
[2022-11-30 04:13:56,512] {processor.py:642} INFO - Processing file /home/airflow/.local/lib/python3.7/site-packages/airflow/example_dags/example_trigger_target_dag.py for tasks to queue
[2022-11-30 04:13:56,513] {logging_mixin.py:109} INFO - [2022-11-30 04:13:56,512] {dagbag.py:500} INFO - Filling up the DagBag from /home/airflow/.local/lib/python3.7/site-packages/airflow/example_dags/example_trigger_target_dag.py
[2022-11-30 04:13:56,539] {processor.py:654} INFO - DAG(s) dict_keys(['example_trigger_target_dag']) retrieved from /home/airflow/.local/lib/python3.7/site-packages/airflow/example_dags/example_trigger_target_dag.py
[2022-11-30 04:13:56,547] {logging_mixin.py:109} INFO - [2022-11-30 04:13:56,546] {dag.py:2398} INFO - Sync 1 DAGs
[2022-11-30 04:13:56,558] {logging_mixin.py:109} INFO - [2022-11-30 04:13:56,558] {dag.py:2937} INFO - Setting next_dagrun for example_trigger_target_dag to None
[2022-11-30 04:13:56,565] {processor.py:171} INFO - Processing /home/airflow/.local/lib/python3.7/site-packages/airflow/example_dags/example_trigger_target_dag.py took 0.057 seconds
[2022-11-30 04:14:26,885] {processor.py:163} INFO - Started process (PID=6040) to work on /home/airflow/.local/lib/python3.7/site-packages/airflow/example_dags/example_trigger_target_dag.py
[2022-11-30 04:14:26,886] {processor.py:642} INFO - Processing file /home/airflow/.local/lib/python3.7/site-packages/airflow/example_dags/example_trigger_target_dag.py for tasks to queue
[2022-11-30 04:14:26,887] {logging_mixin.py:109} INFO - [2022-11-30 04:14:26,887] {dagbag.py:500} INFO - Filling up the DagBag from /home/airflow/.local/lib/python3.7/site-packages/airflow/example_dags/example_trigger_target_dag.py
[2022-11-30 04:14:26,915] {processor.py:654} INFO - DAG(s) dict_keys(['example_trigger_target_dag']) retrieved from /home/airflow/.local/lib/python3.7/site-packages/airflow/example_dags/example_trigger_target_dag.py
[2022-11-30 04:14:26,923] {logging_mixin.py:109} INFO - [2022-11-30 04:14:26,923] {dag.py:2398} INFO - Sync 1 DAGs
[2022-11-30 04:14:26,935] {logging_mixin.py:109} INFO - [2022-11-30 04:14:26,935] {dag.py:2937} INFO - Setting next_dagrun for example_trigger_target_dag to None
[2022-11-30 04:14:26,943] {processor.py:171} INFO - Processing /home/airflow/.local/lib/python3.7/site-packages/airflow/example_dags/example_trigger_target_dag.py took 0.061 seconds
[2022-11-30 04:14:58,620] {processor.py:163} INFO - Started process (PID=6126) to work on /home/airflow/.local/lib/python3.7/site-packages/airflow/example_dags/example_trigger_target_dag.py
[2022-11-30 04:14:58,621] {processor.py:642} INFO - Processing file /home/airflow/.local/lib/python3.7/site-packages/airflow/example_dags/example_trigger_target_dag.py for tasks to queue
[2022-11-30 04:14:58,622] {logging_mixin.py:109} INFO - [2022-11-30 04:14:58,622] {dagbag.py:500} INFO - Filling up the DagBag from /home/airflow/.local/lib/python3.7/site-packages/airflow/example_dags/example_trigger_target_dag.py
[2022-11-30 04:14:58,655] {processor.py:654} INFO - DAG(s) dict_keys(['example_trigger_target_dag']) retrieved from /home/airflow/.local/lib/python3.7/site-packages/airflow/example_dags/example_trigger_target_dag.py
[2022-11-30 04:14:58,668] {logging_mixin.py:109} INFO - [2022-11-30 04:14:58,668] {dag.py:2398} INFO - Sync 1 DAGs
[2022-11-30 04:14:58,688] {logging_mixin.py:109} INFO - [2022-11-30 04:14:58,688] {dag.py:2937} INFO - Setting next_dagrun for example_trigger_target_dag to None
[2022-11-30 04:14:58,700] {processor.py:171} INFO - Processing /home/airflow/.local/lib/python3.7/site-packages/airflow/example_dags/example_trigger_target_dag.py took 0.082 seconds
[2022-11-30 04:15:29,356] {processor.py:163} INFO - Started process (PID=6203) to work on /home/airflow/.local/lib/python3.7/site-packages/airflow/example_dags/example_trigger_target_dag.py
[2022-11-30 04:15:29,358] {processor.py:642} INFO - Processing file /home/airflow/.local/lib/python3.7/site-packages/airflow/example_dags/example_trigger_target_dag.py for tasks to queue
[2022-11-30 04:15:29,358] {logging_mixin.py:109} INFO - [2022-11-30 04:15:29,358] {dagbag.py:500} INFO - Filling up the DagBag from /home/airflow/.local/lib/python3.7/site-packages/airflow/example_dags/example_trigger_target_dag.py
[2022-11-30 04:15:29,387] {processor.py:654} INFO - DAG(s) dict_keys(['example_trigger_target_dag']) retrieved from /home/airflow/.local/lib/python3.7/site-packages/airflow/example_dags/example_trigger_target_dag.py
[2022-11-30 04:15:29,395] {logging_mixin.py:109} INFO - [2022-11-30 04:15:29,395] {dag.py:2398} INFO - Sync 1 DAGs
[2022-11-30 04:15:29,410] {logging_mixin.py:109} INFO - [2022-11-30 04:15:29,410] {dag.py:2937} INFO - Setting next_dagrun for example_trigger_target_dag to None
[2022-11-30 04:15:29,419] {processor.py:171} INFO - Processing /home/airflow/.local/lib/python3.7/site-packages/airflow/example_dags/example_trigger_target_dag.py took 0.065 seconds
[2022-11-30 04:16:00,141] {processor.py:163} INFO - Started process (PID=6289) to work on /home/airflow/.local/lib/python3.7/site-packages/airflow/example_dags/example_trigger_target_dag.py
[2022-11-30 04:16:00,142] {processor.py:642} INFO - Processing file /home/airflow/.local/lib/python3.7/site-packages/airflow/example_dags/example_trigger_target_dag.py for tasks to queue
[2022-11-30 04:16:00,143] {logging_mixin.py:109} INFO - [2022-11-30 04:16:00,143] {dagbag.py:500} INFO - Filling up the DagBag from /home/airflow/.local/lib/python3.7/site-packages/airflow/example_dags/example_trigger_target_dag.py
[2022-11-30 04:16:00,179] {processor.py:654} INFO - DAG(s) dict_keys(['example_trigger_target_dag']) retrieved from /home/airflow/.local/lib/python3.7/site-packages/airflow/example_dags/example_trigger_target_dag.py
[2022-11-30 04:16:00,189] {logging_mixin.py:109} INFO - [2022-11-30 04:16:00,189] {dag.py:2398} INFO - Sync 1 DAGs
[2022-11-30 04:16:00,204] {logging_mixin.py:109} INFO - [2022-11-30 04:16:00,204] {dag.py:2937} INFO - Setting next_dagrun for example_trigger_target_dag to None
[2022-11-30 04:16:00,212] {processor.py:171} INFO - Processing /home/airflow/.local/lib/python3.7/site-packages/airflow/example_dags/example_trigger_target_dag.py took 0.074 seconds
[2022-11-30 04:16:30,863] {processor.py:163} INFO - Started process (PID=6366) to work on /home/airflow/.local/lib/python3.7/site-packages/airflow/example_dags/example_trigger_target_dag.py
[2022-11-30 04:16:30,864] {processor.py:642} INFO - Processing file /home/airflow/.local/lib/python3.7/site-packages/airflow/example_dags/example_trigger_target_dag.py for tasks to queue
[2022-11-30 04:16:30,865] {logging_mixin.py:109} INFO - [2022-11-30 04:16:30,864] {dagbag.py:500} INFO - Filling up the DagBag from /home/airflow/.local/lib/python3.7/site-packages/airflow/example_dags/example_trigger_target_dag.py
[2022-11-30 04:16:30,892] {processor.py:654} INFO - DAG(s) dict_keys(['example_trigger_target_dag']) retrieved from /home/airflow/.local/lib/python3.7/site-packages/airflow/example_dags/example_trigger_target_dag.py
[2022-11-30 04:16:30,899] {logging_mixin.py:109} INFO - [2022-11-30 04:16:30,899] {dag.py:2398} INFO - Sync 1 DAGs
[2022-11-30 04:16:30,912] {logging_mixin.py:109} INFO - [2022-11-30 04:16:30,912] {dag.py:2937} INFO - Setting next_dagrun for example_trigger_target_dag to None
[2022-11-30 04:16:30,922] {processor.py:171} INFO - Processing /home/airflow/.local/lib/python3.7/site-packages/airflow/example_dags/example_trigger_target_dag.py took 0.061 seconds
[2022-11-30 04:17:01,671] {processor.py:163} INFO - Started process (PID=6450) to work on /home/airflow/.local/lib/python3.7/site-packages/airflow/example_dags/example_trigger_target_dag.py
[2022-11-30 04:17:01,673] {processor.py:642} INFO - Processing file /home/airflow/.local/lib/python3.7/site-packages/airflow/example_dags/example_trigger_target_dag.py for tasks to queue
[2022-11-30 04:17:01,674] {logging_mixin.py:109} INFO - [2022-11-30 04:17:01,674] {dagbag.py:500} INFO - Filling up the DagBag from /home/airflow/.local/lib/python3.7/site-packages/airflow/example_dags/example_trigger_target_dag.py
[2022-11-30 04:17:01,717] {processor.py:654} INFO - DAG(s) dict_keys(['example_trigger_target_dag']) retrieved from /home/airflow/.local/lib/python3.7/site-packages/airflow/example_dags/example_trigger_target_dag.py
[2022-11-30 04:17:01,732] {logging_mixin.py:109} INFO - [2022-11-30 04:17:01,732] {dag.py:2398} INFO - Sync 1 DAGs
[2022-11-30 04:17:01,755] {logging_mixin.py:109} INFO - [2022-11-30 04:17:01,755] {dag.py:2937} INFO - Setting next_dagrun for example_trigger_target_dag to None
[2022-11-30 04:17:01,767] {processor.py:171} INFO - Processing /home/airflow/.local/lib/python3.7/site-packages/airflow/example_dags/example_trigger_target_dag.py took 0.100 seconds
[2022-11-30 04:17:32,347] {processor.py:163} INFO - Started process (PID=6529) to work on /home/airflow/.local/lib/python3.7/site-packages/airflow/example_dags/example_trigger_target_dag.py
[2022-11-30 04:17:32,348] {processor.py:642} INFO - Processing file /home/airflow/.local/lib/python3.7/site-packages/airflow/example_dags/example_trigger_target_dag.py for tasks to queue
[2022-11-30 04:17:32,349] {logging_mixin.py:109} INFO - [2022-11-30 04:17:32,348] {dagbag.py:500} INFO - Filling up the DagBag from /home/airflow/.local/lib/python3.7/site-packages/airflow/example_dags/example_trigger_target_dag.py
[2022-11-30 04:17:32,375] {processor.py:654} INFO - DAG(s) dict_keys(['example_trigger_target_dag']) retrieved from /home/airflow/.local/lib/python3.7/site-packages/airflow/example_dags/example_trigger_target_dag.py
[2022-11-30 04:17:32,383] {logging_mixin.py:109} INFO - [2022-11-30 04:17:32,383] {dag.py:2398} INFO - Sync 1 DAGs
[2022-11-30 04:17:32,396] {logging_mixin.py:109} INFO - [2022-11-30 04:17:32,396] {dag.py:2937} INFO - Setting next_dagrun for example_trigger_target_dag to None
[2022-11-30 04:17:32,403] {processor.py:171} INFO - Processing /home/airflow/.local/lib/python3.7/site-packages/airflow/example_dags/example_trigger_target_dag.py took 0.059 seconds
[2022-11-30 04:18:03,743] {processor.py:163} INFO - Started process (PID=6606) to work on /home/airflow/.local/lib/python3.7/site-packages/airflow/example_dags/example_trigger_target_dag.py
[2022-11-30 04:18:03,744] {processor.py:642} INFO - Processing file /home/airflow/.local/lib/python3.7/site-packages/airflow/example_dags/example_trigger_target_dag.py for tasks to queue
[2022-11-30 04:18:03,744] {logging_mixin.py:109} INFO - [2022-11-30 04:18:03,744] {dagbag.py:500} INFO - Filling up the DagBag from /home/airflow/.local/lib/python3.7/site-packages/airflow/example_dags/example_trigger_target_dag.py
[2022-11-30 04:18:03,770] {processor.py:654} INFO - DAG(s) dict_keys(['example_trigger_target_dag']) retrieved from /home/airflow/.local/lib/python3.7/site-packages/airflow/example_dags/example_trigger_target_dag.py
[2022-11-30 04:18:03,777] {logging_mixin.py:109} INFO - [2022-11-30 04:18:03,777] {dag.py:2398} INFO - Sync 1 DAGs
[2022-11-30 04:18:03,793] {logging_mixin.py:109} INFO - [2022-11-30 04:18:03,793] {dag.py:2937} INFO - Setting next_dagrun for example_trigger_target_dag to None
[2022-11-30 04:18:03,802] {processor.py:171} INFO - Processing /home/airflow/.local/lib/python3.7/site-packages/airflow/example_dags/example_trigger_target_dag.py took 0.062 seconds
[2022-11-30 04:18:35,365] {processor.py:163} INFO - Started process (PID=6692) to work on /home/airflow/.local/lib/python3.7/site-packages/airflow/example_dags/example_trigger_target_dag.py
[2022-11-30 04:18:35,366] {processor.py:642} INFO - Processing file /home/airflow/.local/lib/python3.7/site-packages/airflow/example_dags/example_trigger_target_dag.py for tasks to queue
[2022-11-30 04:18:35,367] {logging_mixin.py:109} INFO - [2022-11-30 04:18:35,367] {dagbag.py:500} INFO - Filling up the DagBag from /home/airflow/.local/lib/python3.7/site-packages/airflow/example_dags/example_trigger_target_dag.py
[2022-11-30 04:18:35,400] {processor.py:654} INFO - DAG(s) dict_keys(['example_trigger_target_dag']) retrieved from /home/airflow/.local/lib/python3.7/site-packages/airflow/example_dags/example_trigger_target_dag.py
[2022-11-30 04:18:35,409] {logging_mixin.py:109} INFO - [2022-11-30 04:18:35,409] {dag.py:2398} INFO - Sync 1 DAGs
[2022-11-30 04:18:35,425] {logging_mixin.py:109} INFO - [2022-11-30 04:18:35,425] {dag.py:2937} INFO - Setting next_dagrun for example_trigger_target_dag to None
[2022-11-30 04:18:35,436] {processor.py:171} INFO - Processing /home/airflow/.local/lib/python3.7/site-packages/airflow/example_dags/example_trigger_target_dag.py took 0.075 seconds
[2022-11-30 04:19:06,054] {processor.py:163} INFO - Started process (PID=6769) to work on /home/airflow/.local/lib/python3.7/site-packages/airflow/example_dags/example_trigger_target_dag.py
[2022-11-30 04:19:06,055] {processor.py:642} INFO - Processing file /home/airflow/.local/lib/python3.7/site-packages/airflow/example_dags/example_trigger_target_dag.py for tasks to queue
[2022-11-30 04:19:06,056] {logging_mixin.py:109} INFO - [2022-11-30 04:19:06,055] {dagbag.py:500} INFO - Filling up the DagBag from /home/airflow/.local/lib/python3.7/site-packages/airflow/example_dags/example_trigger_target_dag.py
[2022-11-30 04:19:06,082] {processor.py:654} INFO - DAG(s) dict_keys(['example_trigger_target_dag']) retrieved from /home/airflow/.local/lib/python3.7/site-packages/airflow/example_dags/example_trigger_target_dag.py
[2022-11-30 04:19:06,090] {logging_mixin.py:109} INFO - [2022-11-30 04:19:06,090] {dag.py:2398} INFO - Sync 1 DAGs
[2022-11-30 04:19:06,102] {logging_mixin.py:109} INFO - [2022-11-30 04:19:06,102] {dag.py:2937} INFO - Setting next_dagrun for example_trigger_target_dag to None
[2022-11-30 04:19:06,111] {processor.py:171} INFO - Processing /home/airflow/.local/lib/python3.7/site-packages/airflow/example_dags/example_trigger_target_dag.py took 0.059 seconds
[2022-11-30 04:19:37,336] {processor.py:163} INFO - Started process (PID=6855) to work on /home/airflow/.local/lib/python3.7/site-packages/airflow/example_dags/example_trigger_target_dag.py
[2022-11-30 04:19:37,338] {processor.py:642} INFO - Processing file /home/airflow/.local/lib/python3.7/site-packages/airflow/example_dags/example_trigger_target_dag.py for tasks to queue
[2022-11-30 04:19:37,338] {logging_mixin.py:109} INFO - [2022-11-30 04:19:37,338] {dagbag.py:500} INFO - Filling up the DagBag from /home/airflow/.local/lib/python3.7/site-packages/airflow/example_dags/example_trigger_target_dag.py
[2022-11-30 04:19:37,367] {processor.py:654} INFO - DAG(s) dict_keys(['example_trigger_target_dag']) retrieved from /home/airflow/.local/lib/python3.7/site-packages/airflow/example_dags/example_trigger_target_dag.py
[2022-11-30 04:19:37,375] {logging_mixin.py:109} INFO - [2022-11-30 04:19:37,375] {dag.py:2398} INFO - Sync 1 DAGs
[2022-11-30 04:19:37,388] {logging_mixin.py:109} INFO - [2022-11-30 04:19:37,388] {dag.py:2937} INFO - Setting next_dagrun for example_trigger_target_dag to None
[2022-11-30 04:19:37,397] {processor.py:171} INFO - Processing /home/airflow/.local/lib/python3.7/site-packages/airflow/example_dags/example_trigger_target_dag.py took 0.063 seconds
[2022-11-30 04:20:08,837] {processor.py:163} INFO - Started process (PID=6935) to work on /home/airflow/.local/lib/python3.7/site-packages/airflow/example_dags/example_trigger_target_dag.py
[2022-11-30 04:20:08,838] {processor.py:642} INFO - Processing file /home/airflow/.local/lib/python3.7/site-packages/airflow/example_dags/example_trigger_target_dag.py for tasks to queue
[2022-11-30 04:20:08,838] {logging_mixin.py:109} INFO - [2022-11-30 04:20:08,838] {dagbag.py:500} INFO - Filling up the DagBag from /home/airflow/.local/lib/python3.7/site-packages/airflow/example_dags/example_trigger_target_dag.py
[2022-11-30 04:20:08,864] {processor.py:654} INFO - DAG(s) dict_keys(['example_trigger_target_dag']) retrieved from /home/airflow/.local/lib/python3.7/site-packages/airflow/example_dags/example_trigger_target_dag.py
[2022-11-30 04:20:08,871] {logging_mixin.py:109} INFO - [2022-11-30 04:20:08,871] {dag.py:2398} INFO - Sync 1 DAGs
[2022-11-30 04:20:08,883] {logging_mixin.py:109} INFO - [2022-11-30 04:20:08,883] {dag.py:2937} INFO - Setting next_dagrun for example_trigger_target_dag to None
[2022-11-30 04:20:08,891] {processor.py:171} INFO - Processing /home/airflow/.local/lib/python3.7/site-packages/airflow/example_dags/example_trigger_target_dag.py took 0.056 seconds
[2022-11-30 04:20:40,397] {processor.py:163} INFO - Started process (PID=7021) to work on /home/airflow/.local/lib/python3.7/site-packages/airflow/example_dags/example_trigger_target_dag.py
[2022-11-30 04:20:40,398] {processor.py:642} INFO - Processing file /home/airflow/.local/lib/python3.7/site-packages/airflow/example_dags/example_trigger_target_dag.py for tasks to queue
[2022-11-30 04:20:40,399] {logging_mixin.py:109} INFO - [2022-11-30 04:20:40,399] {dagbag.py:500} INFO - Filling up the DagBag from /home/airflow/.local/lib/python3.7/site-packages/airflow/example_dags/example_trigger_target_dag.py
[2022-11-30 04:20:40,428] {processor.py:654} INFO - DAG(s) dict_keys(['example_trigger_target_dag']) retrieved from /home/airflow/.local/lib/python3.7/site-packages/airflow/example_dags/example_trigger_target_dag.py
[2022-11-30 04:20:40,438] {logging_mixin.py:109} INFO - [2022-11-30 04:20:40,438] {dag.py:2398} INFO - Sync 1 DAGs
[2022-11-30 04:20:40,452] {logging_mixin.py:109} INFO - [2022-11-30 04:20:40,452] {dag.py:2937} INFO - Setting next_dagrun for example_trigger_target_dag to None
[2022-11-30 04:20:40,460] {processor.py:171} INFO - Processing /home/airflow/.local/lib/python3.7/site-packages/airflow/example_dags/example_trigger_target_dag.py took 0.066 seconds
[2022-11-30 04:21:11,421] {processor.py:163} INFO - Started process (PID=7098) to work on /home/airflow/.local/lib/python3.7/site-packages/airflow/example_dags/example_trigger_target_dag.py
[2022-11-30 04:21:11,422] {processor.py:642} INFO - Processing file /home/airflow/.local/lib/python3.7/site-packages/airflow/example_dags/example_trigger_target_dag.py for tasks to queue
[2022-11-30 04:21:11,423] {logging_mixin.py:109} INFO - [2022-11-30 04:21:11,423] {dagbag.py:500} INFO - Filling up the DagBag from /home/airflow/.local/lib/python3.7/site-packages/airflow/example_dags/example_trigger_target_dag.py
[2022-11-30 04:21:11,453] {processor.py:654} INFO - DAG(s) dict_keys(['example_trigger_target_dag']) retrieved from /home/airflow/.local/lib/python3.7/site-packages/airflow/example_dags/example_trigger_target_dag.py
[2022-11-30 04:21:11,461] {logging_mixin.py:109} INFO - [2022-11-30 04:21:11,460] {dag.py:2398} INFO - Sync 1 DAGs
[2022-11-30 04:21:11,473] {logging_mixin.py:109} INFO - [2022-11-30 04:21:11,473] {dag.py:2937} INFO - Setting next_dagrun for example_trigger_target_dag to None
[2022-11-30 04:21:11,481] {processor.py:171} INFO - Processing /home/airflow/.local/lib/python3.7/site-packages/airflow/example_dags/example_trigger_target_dag.py took 0.063 seconds
[2022-11-30 04:21:42,188] {processor.py:163} INFO - Started process (PID=7184) to work on /home/airflow/.local/lib/python3.7/site-packages/airflow/example_dags/example_trigger_target_dag.py
[2022-11-30 04:21:42,189] {processor.py:642} INFO - Processing file /home/airflow/.local/lib/python3.7/site-packages/airflow/example_dags/example_trigger_target_dag.py for tasks to queue
[2022-11-30 04:21:42,190] {logging_mixin.py:109} INFO - [2022-11-30 04:21:42,190] {dagbag.py:500} INFO - Filling up the DagBag from /home/airflow/.local/lib/python3.7/site-packages/airflow/example_dags/example_trigger_target_dag.py
[2022-11-30 04:21:42,216] {processor.py:654} INFO - DAG(s) dict_keys(['example_trigger_target_dag']) retrieved from /home/airflow/.local/lib/python3.7/site-packages/airflow/example_dags/example_trigger_target_dag.py
[2022-11-30 04:21:42,224] {logging_mixin.py:109} INFO - [2022-11-30 04:21:42,224] {dag.py:2398} INFO - Sync 1 DAGs
[2022-11-30 04:21:42,237] {logging_mixin.py:109} INFO - [2022-11-30 04:21:42,237] {dag.py:2937} INFO - Setting next_dagrun for example_trigger_target_dag to None
[2022-11-30 04:21:42,245] {processor.py:171} INFO - Processing /home/airflow/.local/lib/python3.7/site-packages/airflow/example_dags/example_trigger_target_dag.py took 0.060 seconds
[2022-11-30 04:22:12,518] {processor.py:163} INFO - Started process (PID=7261) to work on /home/airflow/.local/lib/python3.7/site-packages/airflow/example_dags/example_trigger_target_dag.py
[2022-11-30 04:22:12,519] {processor.py:642} INFO - Processing file /home/airflow/.local/lib/python3.7/site-packages/airflow/example_dags/example_trigger_target_dag.py for tasks to queue
[2022-11-30 04:22:12,520] {logging_mixin.py:109} INFO - [2022-11-30 04:22:12,520] {dagbag.py:500} INFO - Filling up the DagBag from /home/airflow/.local/lib/python3.7/site-packages/airflow/example_dags/example_trigger_target_dag.py
[2022-11-30 04:22:12,552] {processor.py:654} INFO - DAG(s) dict_keys(['example_trigger_target_dag']) retrieved from /home/airflow/.local/lib/python3.7/site-packages/airflow/example_dags/example_trigger_target_dag.py
[2022-11-30 04:22:12,561] {logging_mixin.py:109} INFO - [2022-11-30 04:22:12,561] {dag.py:2398} INFO - Sync 1 DAGs
[2022-11-30 04:22:12,576] {logging_mixin.py:109} INFO - [2022-11-30 04:22:12,576] {dag.py:2937} INFO - Setting next_dagrun for example_trigger_target_dag to None
[2022-11-30 04:22:12,585] {processor.py:171} INFO - Processing /home/airflow/.local/lib/python3.7/site-packages/airflow/example_dags/example_trigger_target_dag.py took 0.071 seconds
