[2022-11-30 03:58:19,161] {processor.py:163} INFO - Started process (PID=3507) to work on /home/airflow/.local/lib/python3.7/site-packages/airflow/example_dags/example_skip_dag.py
[2022-11-30 03:58:19,166] {processor.py:642} INFO - Processing file /home/airflow/.local/lib/python3.7/site-packages/airflow/example_dags/example_skip_dag.py for tasks to queue
[2022-11-30 03:58:19,167] {logging_mixin.py:109} INFO - [2022-11-30 03:58:19,167] {dagbag.py:500} INFO - Filling up the DagBag from /home/airflow/.local/lib/python3.7/site-packages/airflow/example_dags/example_skip_dag.py
[2022-11-30 03:58:19,251] {processor.py:654} INFO - DAG(s) dict_keys(['example_skip_dag']) retrieved from /home/airflow/.local/lib/python3.7/site-packages/airflow/example_dags/example_skip_dag.py
[2022-11-30 03:58:19,284] {logging_mixin.py:109} INFO - [2022-11-30 03:58:19,284] {dag.py:2398} INFO - Sync 1 DAGs
[2022-11-30 03:58:19,331] {logging_mixin.py:109} INFO - [2022-11-30 03:58:19,330] {dag.py:2937} INFO - Setting next_dagrun for example_skip_dag to 2022-11-29T03:58:19.330394+00:00
[2022-11-30 03:58:19,358] {processor.py:171} INFO - Processing /home/airflow/.local/lib/python3.7/site-packages/airflow/example_dags/example_skip_dag.py took 0.209 seconds
[2022-11-30 03:58:49,587] {processor.py:163} INFO - Started process (PID=3584) to work on /home/airflow/.local/lib/python3.7/site-packages/airflow/example_dags/example_skip_dag.py
[2022-11-30 03:58:49,588] {processor.py:642} INFO - Processing file /home/airflow/.local/lib/python3.7/site-packages/airflow/example_dags/example_skip_dag.py for tasks to queue
[2022-11-30 03:58:49,588] {logging_mixin.py:109} INFO - [2022-11-30 03:58:49,588] {dagbag.py:500} INFO - Filling up the DagBag from /home/airflow/.local/lib/python3.7/site-packages/airflow/example_dags/example_skip_dag.py
[2022-11-30 03:58:49,618] {processor.py:654} INFO - DAG(s) dict_keys(['example_skip_dag']) retrieved from /home/airflow/.local/lib/python3.7/site-packages/airflow/example_dags/example_skip_dag.py
[2022-11-30 03:58:49,629] {logging_mixin.py:109} INFO - [2022-11-30 03:58:49,629] {dag.py:2398} INFO - Sync 1 DAGs
[2022-11-30 03:58:49,654] {logging_mixin.py:109} INFO - [2022-11-30 03:58:49,653] {dag.py:2937} INFO - Setting next_dagrun for example_skip_dag to 2022-11-29T03:58:49.653491+00:00
[2022-11-30 03:58:49,664] {processor.py:171} INFO - Processing /home/airflow/.local/lib/python3.7/site-packages/airflow/example_dags/example_skip_dag.py took 0.080 seconds
[2022-11-30 03:59:20,458] {processor.py:163} INFO - Started process (PID=3670) to work on /home/airflow/.local/lib/python3.7/site-packages/airflow/example_dags/example_skip_dag.py
[2022-11-30 03:59:20,461] {processor.py:642} INFO - Processing file /home/airflow/.local/lib/python3.7/site-packages/airflow/example_dags/example_skip_dag.py for tasks to queue
[2022-11-30 03:59:20,461] {logging_mixin.py:109} INFO - [2022-11-30 03:59:20,461] {dagbag.py:500} INFO - Filling up the DagBag from /home/airflow/.local/lib/python3.7/site-packages/airflow/example_dags/example_skip_dag.py
[2022-11-30 03:59:20,491] {processor.py:654} INFO - DAG(s) dict_keys(['example_skip_dag']) retrieved from /home/airflow/.local/lib/python3.7/site-packages/airflow/example_dags/example_skip_dag.py
[2022-11-30 03:59:20,503] {logging_mixin.py:109} INFO - [2022-11-30 03:59:20,503] {dag.py:2398} INFO - Sync 1 DAGs
[2022-11-30 03:59:20,521] {logging_mixin.py:109} INFO - [2022-11-30 03:59:20,520] {dag.py:2937} INFO - Setting next_dagrun for example_skip_dag to 2022-11-29T03:59:20.520613+00:00
[2022-11-30 03:59:20,532] {processor.py:171} INFO - Processing /home/airflow/.local/lib/python3.7/site-packages/airflow/example_dags/example_skip_dag.py took 0.077 seconds
[2022-11-30 03:59:50,951] {processor.py:163} INFO - Started process (PID=3747) to work on /home/airflow/.local/lib/python3.7/site-packages/airflow/example_dags/example_skip_dag.py
[2022-11-30 03:59:50,952] {processor.py:642} INFO - Processing file /home/airflow/.local/lib/python3.7/site-packages/airflow/example_dags/example_skip_dag.py for tasks to queue
[2022-11-30 03:59:50,953] {logging_mixin.py:109} INFO - [2022-11-30 03:59:50,953] {dagbag.py:500} INFO - Filling up the DagBag from /home/airflow/.local/lib/python3.7/site-packages/airflow/example_dags/example_skip_dag.py
[2022-11-30 03:59:50,977] {processor.py:654} INFO - DAG(s) dict_keys(['example_skip_dag']) retrieved from /home/airflow/.local/lib/python3.7/site-packages/airflow/example_dags/example_skip_dag.py
[2022-11-30 03:59:50,991] {logging_mixin.py:109} INFO - [2022-11-30 03:59:50,991] {dag.py:2398} INFO - Sync 1 DAGs
[2022-11-30 03:59:51,006] {logging_mixin.py:109} INFO - [2022-11-30 03:59:51,006] {dag.py:2937} INFO - Setting next_dagrun for example_skip_dag to 2022-11-29T03:59:51.006314+00:00
[2022-11-30 03:59:51,014] {processor.py:171} INFO - Processing /home/airflow/.local/lib/python3.7/site-packages/airflow/example_dags/example_skip_dag.py took 0.066 seconds
[2022-11-30 04:00:21,284] {processor.py:163} INFO - Started process (PID=3824) to work on /home/airflow/.local/lib/python3.7/site-packages/airflow/example_dags/example_skip_dag.py
[2022-11-30 04:00:21,285] {processor.py:642} INFO - Processing file /home/airflow/.local/lib/python3.7/site-packages/airflow/example_dags/example_skip_dag.py for tasks to queue
[2022-11-30 04:00:21,286] {logging_mixin.py:109} INFO - [2022-11-30 04:00:21,286] {dagbag.py:500} INFO - Filling up the DagBag from /home/airflow/.local/lib/python3.7/site-packages/airflow/example_dags/example_skip_dag.py
[2022-11-30 04:00:21,317] {processor.py:654} INFO - DAG(s) dict_keys(['example_skip_dag']) retrieved from /home/airflow/.local/lib/python3.7/site-packages/airflow/example_dags/example_skip_dag.py
[2022-11-30 04:00:21,329] {logging_mixin.py:109} INFO - [2022-11-30 04:00:21,329] {dag.py:2398} INFO - Sync 1 DAGs
[2022-11-30 04:00:21,347] {logging_mixin.py:109} INFO - [2022-11-30 04:00:21,347] {dag.py:2937} INFO - Setting next_dagrun for example_skip_dag to 2022-11-29T04:00:21.347322+00:00
[2022-11-30 04:00:21,358] {processor.py:171} INFO - Processing /home/airflow/.local/lib/python3.7/site-packages/airflow/example_dags/example_skip_dag.py took 0.076 seconds
[2022-11-30 04:00:51,994] {processor.py:163} INFO - Started process (PID=3910) to work on /home/airflow/.local/lib/python3.7/site-packages/airflow/example_dags/example_skip_dag.py
[2022-11-30 04:00:51,996] {processor.py:642} INFO - Processing file /home/airflow/.local/lib/python3.7/site-packages/airflow/example_dags/example_skip_dag.py for tasks to queue
[2022-11-30 04:00:51,996] {logging_mixin.py:109} INFO - [2022-11-30 04:00:51,996] {dagbag.py:500} INFO - Filling up the DagBag from /home/airflow/.local/lib/python3.7/site-packages/airflow/example_dags/example_skip_dag.py
[2022-11-30 04:00:52,022] {processor.py:654} INFO - DAG(s) dict_keys(['example_skip_dag']) retrieved from /home/airflow/.local/lib/python3.7/site-packages/airflow/example_dags/example_skip_dag.py
[2022-11-30 04:00:52,032] {logging_mixin.py:109} INFO - [2022-11-30 04:00:52,032] {dag.py:2398} INFO - Sync 1 DAGs
[2022-11-30 04:00:52,047] {logging_mixin.py:109} INFO - [2022-11-30 04:00:52,047] {dag.py:2937} INFO - Setting next_dagrun for example_skip_dag to 2022-11-29T04:00:52.047073+00:00
[2022-11-30 04:00:52,056] {processor.py:171} INFO - Processing /home/airflow/.local/lib/python3.7/site-packages/airflow/example_dags/example_skip_dag.py took 0.065 seconds
[2022-11-30 04:01:22,521] {processor.py:163} INFO - Started process (PID=3987) to work on /home/airflow/.local/lib/python3.7/site-packages/airflow/example_dags/example_skip_dag.py
[2022-11-30 04:01:22,522] {processor.py:642} INFO - Processing file /home/airflow/.local/lib/python3.7/site-packages/airflow/example_dags/example_skip_dag.py for tasks to queue
[2022-11-30 04:01:22,522] {logging_mixin.py:109} INFO - [2022-11-30 04:01:22,522] {dagbag.py:500} INFO - Filling up the DagBag from /home/airflow/.local/lib/python3.7/site-packages/airflow/example_dags/example_skip_dag.py
[2022-11-30 04:01:22,546] {processor.py:654} INFO - DAG(s) dict_keys(['example_skip_dag']) retrieved from /home/airflow/.local/lib/python3.7/site-packages/airflow/example_dags/example_skip_dag.py
[2022-11-30 04:01:22,555] {logging_mixin.py:109} INFO - [2022-11-30 04:01:22,555] {dag.py:2398} INFO - Sync 1 DAGs
[2022-11-30 04:01:22,569] {logging_mixin.py:109} INFO - [2022-11-30 04:01:22,569] {dag.py:2937} INFO - Setting next_dagrun for example_skip_dag to 2022-11-29T04:01:22.569229+00:00
[2022-11-30 04:01:22,576] {processor.py:171} INFO - Processing /home/airflow/.local/lib/python3.7/site-packages/airflow/example_dags/example_skip_dag.py took 0.058 seconds
[2022-11-30 04:01:54,290] {processor.py:163} INFO - Started process (PID=4073) to work on /home/airflow/.local/lib/python3.7/site-packages/airflow/example_dags/example_skip_dag.py
[2022-11-30 04:01:54,291] {processor.py:642} INFO - Processing file /home/airflow/.local/lib/python3.7/site-packages/airflow/example_dags/example_skip_dag.py for tasks to queue
[2022-11-30 04:01:54,292] {logging_mixin.py:109} INFO - [2022-11-30 04:01:54,292] {dagbag.py:500} INFO - Filling up the DagBag from /home/airflow/.local/lib/python3.7/site-packages/airflow/example_dags/example_skip_dag.py
[2022-11-30 04:01:54,320] {processor.py:654} INFO - DAG(s) dict_keys(['example_skip_dag']) retrieved from /home/airflow/.local/lib/python3.7/site-packages/airflow/example_dags/example_skip_dag.py
[2022-11-30 04:01:54,330] {logging_mixin.py:109} INFO - [2022-11-30 04:01:54,330] {dag.py:2398} INFO - Sync 1 DAGs
[2022-11-30 04:01:54,347] {logging_mixin.py:109} INFO - [2022-11-30 04:01:54,346] {dag.py:2937} INFO - Setting next_dagrun for example_skip_dag to 2022-11-29T04:01:54.346667+00:00
[2022-11-30 04:01:54,356] {processor.py:171} INFO - Processing /home/airflow/.local/lib/python3.7/site-packages/airflow/example_dags/example_skip_dag.py took 0.073 seconds
[2022-11-30 04:02:26,888] {processor.py:163} INFO - Started process (PID=4150) to work on /home/airflow/.local/lib/python3.7/site-packages/airflow/example_dags/example_skip_dag.py
[2022-11-30 04:02:26,890] {processor.py:642} INFO - Processing file /home/airflow/.local/lib/python3.7/site-packages/airflow/example_dags/example_skip_dag.py for tasks to queue
[2022-11-30 04:02:26,890] {logging_mixin.py:109} INFO - [2022-11-30 04:02:26,890] {dagbag.py:500} INFO - Filling up the DagBag from /home/airflow/.local/lib/python3.7/site-packages/airflow/example_dags/example_skip_dag.py
[2022-11-30 04:02:26,977] {processor.py:654} INFO - DAG(s) dict_keys(['example_skip_dag']) retrieved from /home/airflow/.local/lib/python3.7/site-packages/airflow/example_dags/example_skip_dag.py
[2022-11-30 04:02:27,010] {logging_mixin.py:109} INFO - [2022-11-30 04:02:27,009] {dag.py:2398} INFO - Sync 1 DAGs
[2022-11-30 04:02:27,075] {logging_mixin.py:109} INFO - [2022-11-30 04:02:27,074] {dag.py:2937} INFO - Setting next_dagrun for example_skip_dag to 2022-11-29T04:02:27.074437+00:00
[2022-11-30 04:02:27,103] {processor.py:171} INFO - Processing /home/airflow/.local/lib/python3.7/site-packages/airflow/example_dags/example_skip_dag.py took 0.229 seconds
[2022-11-30 04:02:57,546] {processor.py:163} INFO - Started process (PID=4227) to work on /home/airflow/.local/lib/python3.7/site-packages/airflow/example_dags/example_skip_dag.py
[2022-11-30 04:02:57,548] {processor.py:642} INFO - Processing file /home/airflow/.local/lib/python3.7/site-packages/airflow/example_dags/example_skip_dag.py for tasks to queue
[2022-11-30 04:02:57,548] {logging_mixin.py:109} INFO - [2022-11-30 04:02:57,548] {dagbag.py:500} INFO - Filling up the DagBag from /home/airflow/.local/lib/python3.7/site-packages/airflow/example_dags/example_skip_dag.py
[2022-11-30 04:02:57,577] {processor.py:654} INFO - DAG(s) dict_keys(['example_skip_dag']) retrieved from /home/airflow/.local/lib/python3.7/site-packages/airflow/example_dags/example_skip_dag.py
[2022-11-30 04:02:57,588] {logging_mixin.py:109} INFO - [2022-11-30 04:02:57,588] {dag.py:2398} INFO - Sync 1 DAGs
[2022-11-30 04:02:57,603] {logging_mixin.py:109} INFO - [2022-11-30 04:02:57,603] {dag.py:2937} INFO - Setting next_dagrun for example_skip_dag to 2022-11-29T04:02:57.603012+00:00
[2022-11-30 04:02:57,613] {processor.py:171} INFO - Processing /home/airflow/.local/lib/python3.7/site-packages/airflow/example_dags/example_skip_dag.py took 0.069 seconds
[2022-11-30 04:03:29,445] {processor.py:163} INFO - Started process (PID=4313) to work on /home/airflow/.local/lib/python3.7/site-packages/airflow/example_dags/example_skip_dag.py
[2022-11-30 04:03:29,446] {processor.py:642} INFO - Processing file /home/airflow/.local/lib/python3.7/site-packages/airflow/example_dags/example_skip_dag.py for tasks to queue
[2022-11-30 04:03:29,446] {logging_mixin.py:109} INFO - [2022-11-30 04:03:29,446] {dagbag.py:500} INFO - Filling up the DagBag from /home/airflow/.local/lib/python3.7/site-packages/airflow/example_dags/example_skip_dag.py
[2022-11-30 04:03:29,473] {processor.py:654} INFO - DAG(s) dict_keys(['example_skip_dag']) retrieved from /home/airflow/.local/lib/python3.7/site-packages/airflow/example_dags/example_skip_dag.py
[2022-11-30 04:03:29,484] {logging_mixin.py:109} INFO - [2022-11-30 04:03:29,484] {dag.py:2398} INFO - Sync 1 DAGs
[2022-11-30 04:03:29,502] {logging_mixin.py:109} INFO - [2022-11-30 04:03:29,502] {dag.py:2937} INFO - Setting next_dagrun for example_skip_dag to 2022-11-29T04:03:29.501807+00:00
[2022-11-30 04:03:29,512] {processor.py:171} INFO - Processing /home/airflow/.local/lib/python3.7/site-packages/airflow/example_dags/example_skip_dag.py took 0.070 seconds
[2022-11-30 04:03:59,796] {processor.py:163} INFO - Started process (PID=4390) to work on /home/airflow/.local/lib/python3.7/site-packages/airflow/example_dags/example_skip_dag.py
[2022-11-30 04:03:59,798] {processor.py:642} INFO - Processing file /home/airflow/.local/lib/python3.7/site-packages/airflow/example_dags/example_skip_dag.py for tasks to queue
[2022-11-30 04:03:59,798] {logging_mixin.py:109} INFO - [2022-11-30 04:03:59,798] {dagbag.py:500} INFO - Filling up the DagBag from /home/airflow/.local/lib/python3.7/site-packages/airflow/example_dags/example_skip_dag.py
[2022-11-30 04:03:59,825] {processor.py:654} INFO - DAG(s) dict_keys(['example_skip_dag']) retrieved from /home/airflow/.local/lib/python3.7/site-packages/airflow/example_dags/example_skip_dag.py
[2022-11-30 04:03:59,834] {logging_mixin.py:109} INFO - [2022-11-30 04:03:59,834] {dag.py:2398} INFO - Sync 1 DAGs
[2022-11-30 04:03:59,849] {logging_mixin.py:109} INFO - [2022-11-30 04:03:59,849] {dag.py:2937} INFO - Setting next_dagrun for example_skip_dag to 2022-11-29T04:03:59.849292+00:00
[2022-11-30 04:03:59,860] {processor.py:171} INFO - Processing /home/airflow/.local/lib/python3.7/site-packages/airflow/example_dags/example_skip_dag.py took 0.066 seconds
[2022-11-30 04:04:31,092] {processor.py:163} INFO - Started process (PID=4476) to work on /home/airflow/.local/lib/python3.7/site-packages/airflow/example_dags/example_skip_dag.py
[2022-11-30 04:04:31,092] {processor.py:642} INFO - Processing file /home/airflow/.local/lib/python3.7/site-packages/airflow/example_dags/example_skip_dag.py for tasks to queue
[2022-11-30 04:04:31,093] {logging_mixin.py:109} INFO - [2022-11-30 04:04:31,093] {dagbag.py:500} INFO - Filling up the DagBag from /home/airflow/.local/lib/python3.7/site-packages/airflow/example_dags/example_skip_dag.py
[2022-11-30 04:04:31,119] {processor.py:654} INFO - DAG(s) dict_keys(['example_skip_dag']) retrieved from /home/airflow/.local/lib/python3.7/site-packages/airflow/example_dags/example_skip_dag.py
[2022-11-30 04:04:31,130] {logging_mixin.py:109} INFO - [2022-11-30 04:04:31,130] {dag.py:2398} INFO - Sync 1 DAGs
[2022-11-30 04:04:31,148] {logging_mixin.py:109} INFO - [2022-11-30 04:04:31,148] {dag.py:2937} INFO - Setting next_dagrun for example_skip_dag to 2022-11-29T04:04:31.147807+00:00
[2022-11-30 04:04:31,157] {processor.py:171} INFO - Processing /home/airflow/.local/lib/python3.7/site-packages/airflow/example_dags/example_skip_dag.py took 0.068 seconds
[2022-11-30 04:05:02,604] {processor.py:163} INFO - Started process (PID=4553) to work on /home/airflow/.local/lib/python3.7/site-packages/airflow/example_dags/example_skip_dag.py
[2022-11-30 04:05:02,606] {processor.py:642} INFO - Processing file /home/airflow/.local/lib/python3.7/site-packages/airflow/example_dags/example_skip_dag.py for tasks to queue
[2022-11-30 04:05:02,606] {logging_mixin.py:109} INFO - [2022-11-30 04:05:02,606] {dagbag.py:500} INFO - Filling up the DagBag from /home/airflow/.local/lib/python3.7/site-packages/airflow/example_dags/example_skip_dag.py
[2022-11-30 04:05:02,628] {processor.py:654} INFO - DAG(s) dict_keys(['example_skip_dag']) retrieved from /home/airflow/.local/lib/python3.7/site-packages/airflow/example_dags/example_skip_dag.py
[2022-11-30 04:05:02,637] {logging_mixin.py:109} INFO - [2022-11-30 04:05:02,636] {dag.py:2398} INFO - Sync 1 DAGs
[2022-11-30 04:05:02,649] {logging_mixin.py:109} INFO - [2022-11-30 04:05:02,649] {dag.py:2937} INFO - Setting next_dagrun for example_skip_dag to 2022-11-29T04:05:02.648925+00:00
[2022-11-30 04:05:02,658] {processor.py:171} INFO - Processing /home/airflow/.local/lib/python3.7/site-packages/airflow/example_dags/example_skip_dag.py took 0.056 seconds
[2022-11-30 04:05:33,999] {processor.py:163} INFO - Started process (PID=4639) to work on /home/airflow/.local/lib/python3.7/site-packages/airflow/example_dags/example_skip_dag.py
[2022-11-30 04:05:34,000] {processor.py:642} INFO - Processing file /home/airflow/.local/lib/python3.7/site-packages/airflow/example_dags/example_skip_dag.py for tasks to queue
[2022-11-30 04:05:34,001] {logging_mixin.py:109} INFO - [2022-11-30 04:05:34,000] {dagbag.py:500} INFO - Filling up the DagBag from /home/airflow/.local/lib/python3.7/site-packages/airflow/example_dags/example_skip_dag.py
[2022-11-30 04:05:34,026] {processor.py:654} INFO - DAG(s) dict_keys(['example_skip_dag']) retrieved from /home/airflow/.local/lib/python3.7/site-packages/airflow/example_dags/example_skip_dag.py
[2022-11-30 04:05:34,035] {logging_mixin.py:109} INFO - [2022-11-30 04:05:34,034] {dag.py:2398} INFO - Sync 1 DAGs
[2022-11-30 04:05:34,048] {logging_mixin.py:109} INFO - [2022-11-30 04:05:34,048] {dag.py:2937} INFO - Setting next_dagrun for example_skip_dag to 2022-11-29T04:05:34.047971+00:00
[2022-11-30 04:05:34,057] {processor.py:171} INFO - Processing /home/airflow/.local/lib/python3.7/site-packages/airflow/example_dags/example_skip_dag.py took 0.060 seconds
[2022-11-30 04:06:05,331] {processor.py:163} INFO - Started process (PID=4716) to work on /home/airflow/.local/lib/python3.7/site-packages/airflow/example_dags/example_skip_dag.py
[2022-11-30 04:06:05,332] {processor.py:642} INFO - Processing file /home/airflow/.local/lib/python3.7/site-packages/airflow/example_dags/example_skip_dag.py for tasks to queue
[2022-11-30 04:06:05,333] {logging_mixin.py:109} INFO - [2022-11-30 04:06:05,332] {dagbag.py:500} INFO - Filling up the DagBag from /home/airflow/.local/lib/python3.7/site-packages/airflow/example_dags/example_skip_dag.py
[2022-11-30 04:06:05,359] {processor.py:654} INFO - DAG(s) dict_keys(['example_skip_dag']) retrieved from /home/airflow/.local/lib/python3.7/site-packages/airflow/example_dags/example_skip_dag.py
[2022-11-30 04:06:05,369] {logging_mixin.py:109} INFO - [2022-11-30 04:06:05,369] {dag.py:2398} INFO - Sync 1 DAGs
[2022-11-30 04:06:05,382] {logging_mixin.py:109} INFO - [2022-11-30 04:06:05,382] {dag.py:2937} INFO - Setting next_dagrun for example_skip_dag to 2022-11-29T04:06:05.381794+00:00
[2022-11-30 04:06:05,389] {processor.py:171} INFO - Processing /home/airflow/.local/lib/python3.7/site-packages/airflow/example_dags/example_skip_dag.py took 0.061 seconds
[2022-11-30 04:06:36,875] {processor.py:163} INFO - Started process (PID=4802) to work on /home/airflow/.local/lib/python3.7/site-packages/airflow/example_dags/example_skip_dag.py
[2022-11-30 04:06:36,877] {processor.py:642} INFO - Processing file /home/airflow/.local/lib/python3.7/site-packages/airflow/example_dags/example_skip_dag.py for tasks to queue
[2022-11-30 04:06:36,877] {logging_mixin.py:109} INFO - [2022-11-30 04:06:36,877] {dagbag.py:500} INFO - Filling up the DagBag from /home/airflow/.local/lib/python3.7/site-packages/airflow/example_dags/example_skip_dag.py
[2022-11-30 04:06:36,908] {processor.py:654} INFO - DAG(s) dict_keys(['example_skip_dag']) retrieved from /home/airflow/.local/lib/python3.7/site-packages/airflow/example_dags/example_skip_dag.py
[2022-11-30 04:06:36,919] {logging_mixin.py:109} INFO - [2022-11-30 04:06:36,919] {dag.py:2398} INFO - Sync 1 DAGs
[2022-11-30 04:06:36,941] {logging_mixin.py:109} INFO - [2022-11-30 04:06:36,941] {dag.py:2937} INFO - Setting next_dagrun for example_skip_dag to 2022-11-29T04:06:36.940897+00:00
[2022-11-30 04:06:36,959] {processor.py:171} INFO - Processing /home/airflow/.local/lib/python3.7/site-packages/airflow/example_dags/example_skip_dag.py took 0.087 seconds
[2022-11-30 04:07:08,377] {processor.py:163} INFO - Started process (PID=4879) to work on /home/airflow/.local/lib/python3.7/site-packages/airflow/example_dags/example_skip_dag.py
[2022-11-30 04:07:08,378] {processor.py:642} INFO - Processing file /home/airflow/.local/lib/python3.7/site-packages/airflow/example_dags/example_skip_dag.py for tasks to queue
[2022-11-30 04:07:08,379] {logging_mixin.py:109} INFO - [2022-11-30 04:07:08,379] {dagbag.py:500} INFO - Filling up the DagBag from /home/airflow/.local/lib/python3.7/site-packages/airflow/example_dags/example_skip_dag.py
[2022-11-30 04:07:08,415] {processor.py:654} INFO - DAG(s) dict_keys(['example_skip_dag']) retrieved from /home/airflow/.local/lib/python3.7/site-packages/airflow/example_dags/example_skip_dag.py
[2022-11-30 04:07:08,426] {logging_mixin.py:109} INFO - [2022-11-30 04:07:08,425] {dag.py:2398} INFO - Sync 1 DAGs
[2022-11-30 04:07:08,445] {logging_mixin.py:109} INFO - [2022-11-30 04:07:08,445] {dag.py:2937} INFO - Setting next_dagrun for example_skip_dag to 2022-11-29T04:07:08.445535+00:00
[2022-11-30 04:07:08,459] {processor.py:171} INFO - Processing /home/airflow/.local/lib/python3.7/site-packages/airflow/example_dags/example_skip_dag.py took 0.085 seconds
[2022-11-30 04:07:39,771] {processor.py:163} INFO - Started process (PID=4965) to work on /home/airflow/.local/lib/python3.7/site-packages/airflow/example_dags/example_skip_dag.py
[2022-11-30 04:07:39,773] {processor.py:642} INFO - Processing file /home/airflow/.local/lib/python3.7/site-packages/airflow/example_dags/example_skip_dag.py for tasks to queue
[2022-11-30 04:07:39,773] {logging_mixin.py:109} INFO - [2022-11-30 04:07:39,773] {dagbag.py:500} INFO - Filling up the DagBag from /home/airflow/.local/lib/python3.7/site-packages/airflow/example_dags/example_skip_dag.py
[2022-11-30 04:07:39,798] {processor.py:654} INFO - DAG(s) dict_keys(['example_skip_dag']) retrieved from /home/airflow/.local/lib/python3.7/site-packages/airflow/example_dags/example_skip_dag.py
[2022-11-30 04:07:39,809] {logging_mixin.py:109} INFO - [2022-11-30 04:07:39,808] {dag.py:2398} INFO - Sync 1 DAGs
[2022-11-30 04:07:39,823] {logging_mixin.py:109} INFO - [2022-11-30 04:07:39,823] {dag.py:2937} INFO - Setting next_dagrun for example_skip_dag to 2022-11-29T04:07:39.822767+00:00
[2022-11-30 04:07:39,835] {processor.py:171} INFO - Processing /home/airflow/.local/lib/python3.7/site-packages/airflow/example_dags/example_skip_dag.py took 0.066 seconds
[2022-11-30 04:08:11,380] {processor.py:163} INFO - Started process (PID=5042) to work on /home/airflow/.local/lib/python3.7/site-packages/airflow/example_dags/example_skip_dag.py
[2022-11-30 04:08:11,381] {processor.py:642} INFO - Processing file /home/airflow/.local/lib/python3.7/site-packages/airflow/example_dags/example_skip_dag.py for tasks to queue
[2022-11-30 04:08:11,381] {logging_mixin.py:109} INFO - [2022-11-30 04:08:11,381] {dagbag.py:500} INFO - Filling up the DagBag from /home/airflow/.local/lib/python3.7/site-packages/airflow/example_dags/example_skip_dag.py
[2022-11-30 04:08:11,404] {processor.py:654} INFO - DAG(s) dict_keys(['example_skip_dag']) retrieved from /home/airflow/.local/lib/python3.7/site-packages/airflow/example_dags/example_skip_dag.py
[2022-11-30 04:08:11,412] {logging_mixin.py:109} INFO - [2022-11-30 04:08:11,412] {dag.py:2398} INFO - Sync 1 DAGs
[2022-11-30 04:08:11,425] {logging_mixin.py:109} INFO - [2022-11-30 04:08:11,425] {dag.py:2937} INFO - Setting next_dagrun for example_skip_dag to 2022-11-29T04:08:11.424964+00:00
[2022-11-30 04:08:11,434] {processor.py:171} INFO - Processing /home/airflow/.local/lib/python3.7/site-packages/airflow/example_dags/example_skip_dag.py took 0.057 seconds
[2022-11-30 04:08:42,917] {processor.py:163} INFO - Started process (PID=5128) to work on /home/airflow/.local/lib/python3.7/site-packages/airflow/example_dags/example_skip_dag.py
[2022-11-30 04:08:42,922] {processor.py:642} INFO - Processing file /home/airflow/.local/lib/python3.7/site-packages/airflow/example_dags/example_skip_dag.py for tasks to queue
[2022-11-30 04:08:42,923] {logging_mixin.py:109} INFO - [2022-11-30 04:08:42,923] {dagbag.py:500} INFO - Filling up the DagBag from /home/airflow/.local/lib/python3.7/site-packages/airflow/example_dags/example_skip_dag.py
[2022-11-30 04:08:42,975] {processor.py:654} INFO - DAG(s) dict_keys(['example_skip_dag']) retrieved from /home/airflow/.local/lib/python3.7/site-packages/airflow/example_dags/example_skip_dag.py
[2022-11-30 04:08:42,998] {logging_mixin.py:109} INFO - [2022-11-30 04:08:42,998] {dag.py:2398} INFO - Sync 1 DAGs
[2022-11-30 04:08:43,022] {logging_mixin.py:109} INFO - [2022-11-30 04:08:43,022] {dag.py:2937} INFO - Setting next_dagrun for example_skip_dag to 2022-11-29T04:08:43.022380+00:00
[2022-11-30 04:08:43,035] {processor.py:171} INFO - Processing /home/airflow/.local/lib/python3.7/site-packages/airflow/example_dags/example_skip_dag.py took 0.122 seconds
[2022-11-30 04:09:13,267] {processor.py:163} INFO - Started process (PID=5206) to work on /home/airflow/.local/lib/python3.7/site-packages/airflow/example_dags/example_skip_dag.py
[2022-11-30 04:09:13,269] {processor.py:642} INFO - Processing file /home/airflow/.local/lib/python3.7/site-packages/airflow/example_dags/example_skip_dag.py for tasks to queue
[2022-11-30 04:09:13,269] {logging_mixin.py:109} INFO - [2022-11-30 04:09:13,269] {dagbag.py:500} INFO - Filling up the DagBag from /home/airflow/.local/lib/python3.7/site-packages/airflow/example_dags/example_skip_dag.py
[2022-11-30 04:09:13,294] {processor.py:654} INFO - DAG(s) dict_keys(['example_skip_dag']) retrieved from /home/airflow/.local/lib/python3.7/site-packages/airflow/example_dags/example_skip_dag.py
[2022-11-30 04:09:13,302] {logging_mixin.py:109} INFO - [2022-11-30 04:09:13,302] {dag.py:2398} INFO - Sync 1 DAGs
[2022-11-30 04:09:13,315] {logging_mixin.py:109} INFO - [2022-11-30 04:09:13,315] {dag.py:2937} INFO - Setting next_dagrun for example_skip_dag to 2022-11-29T04:09:13.314821+00:00
[2022-11-30 04:09:13,322] {processor.py:171} INFO - Processing /home/airflow/.local/lib/python3.7/site-packages/airflow/example_dags/example_skip_dag.py took 0.058 seconds
[2022-11-30 04:09:44,735] {processor.py:163} INFO - Started process (PID=5293) to work on /home/airflow/.local/lib/python3.7/site-packages/airflow/example_dags/example_skip_dag.py
[2022-11-30 04:09:44,736] {processor.py:642} INFO - Processing file /home/airflow/.local/lib/python3.7/site-packages/airflow/example_dags/example_skip_dag.py for tasks to queue
[2022-11-30 04:09:44,737] {logging_mixin.py:109} INFO - [2022-11-30 04:09:44,737] {dagbag.py:500} INFO - Filling up the DagBag from /home/airflow/.local/lib/python3.7/site-packages/airflow/example_dags/example_skip_dag.py
[2022-11-30 04:09:44,759] {processor.py:654} INFO - DAG(s) dict_keys(['example_skip_dag']) retrieved from /home/airflow/.local/lib/python3.7/site-packages/airflow/example_dags/example_skip_dag.py
[2022-11-30 04:09:44,767] {logging_mixin.py:109} INFO - [2022-11-30 04:09:44,767] {dag.py:2398} INFO - Sync 1 DAGs
[2022-11-30 04:09:44,779] {logging_mixin.py:109} INFO - [2022-11-30 04:09:44,779] {dag.py:2937} INFO - Setting next_dagrun for example_skip_dag to 2022-11-29T04:09:44.779088+00:00
[2022-11-30 04:09:44,787] {processor.py:171} INFO - Processing /home/airflow/.local/lib/python3.7/site-packages/airflow/example_dags/example_skip_dag.py took 0.054 seconds
[2022-11-30 04:10:15,648] {processor.py:163} INFO - Started process (PID=5370) to work on /home/airflow/.local/lib/python3.7/site-packages/airflow/example_dags/example_skip_dag.py
[2022-11-30 04:10:15,649] {processor.py:642} INFO - Processing file /home/airflow/.local/lib/python3.7/site-packages/airflow/example_dags/example_skip_dag.py for tasks to queue
[2022-11-30 04:10:15,650] {logging_mixin.py:109} INFO - [2022-11-30 04:10:15,650] {dagbag.py:500} INFO - Filling up the DagBag from /home/airflow/.local/lib/python3.7/site-packages/airflow/example_dags/example_skip_dag.py
[2022-11-30 04:10:15,676] {processor.py:654} INFO - DAG(s) dict_keys(['example_skip_dag']) retrieved from /home/airflow/.local/lib/python3.7/site-packages/airflow/example_dags/example_skip_dag.py
[2022-11-30 04:10:15,686] {logging_mixin.py:109} INFO - [2022-11-30 04:10:15,686] {dag.py:2398} INFO - Sync 1 DAGs
[2022-11-30 04:10:15,699] {logging_mixin.py:109} INFO - [2022-11-30 04:10:15,699] {dag.py:2937} INFO - Setting next_dagrun for example_skip_dag to 2022-11-29T04:10:15.698919+00:00
[2022-11-30 04:10:15,707] {processor.py:171} INFO - Processing /home/airflow/.local/lib/python3.7/site-packages/airflow/example_dags/example_skip_dag.py took 0.061 seconds
[2022-11-30 04:10:47,121] {processor.py:163} INFO - Started process (PID=5456) to work on /home/airflow/.local/lib/python3.7/site-packages/airflow/example_dags/example_skip_dag.py
[2022-11-30 04:10:47,123] {processor.py:642} INFO - Processing file /home/airflow/.local/lib/python3.7/site-packages/airflow/example_dags/example_skip_dag.py for tasks to queue
[2022-11-30 04:10:47,124] {logging_mixin.py:109} INFO - [2022-11-30 04:10:47,124] {dagbag.py:500} INFO - Filling up the DagBag from /home/airflow/.local/lib/python3.7/site-packages/airflow/example_dags/example_skip_dag.py
[2022-11-30 04:10:47,152] {processor.py:654} INFO - DAG(s) dict_keys(['example_skip_dag']) retrieved from /home/airflow/.local/lib/python3.7/site-packages/airflow/example_dags/example_skip_dag.py
[2022-11-30 04:10:47,162] {logging_mixin.py:109} INFO - [2022-11-30 04:10:47,162] {dag.py:2398} INFO - Sync 1 DAGs
[2022-11-30 04:10:47,178] {logging_mixin.py:109} INFO - [2022-11-30 04:10:47,178] {dag.py:2937} INFO - Setting next_dagrun for example_skip_dag to 2022-11-29T04:10:47.178384+00:00
[2022-11-30 04:10:47,190] {processor.py:171} INFO - Processing /home/airflow/.local/lib/python3.7/site-packages/airflow/example_dags/example_skip_dag.py took 0.072 seconds
[2022-11-30 04:11:18,554] {processor.py:163} INFO - Started process (PID=5533) to work on /home/airflow/.local/lib/python3.7/site-packages/airflow/example_dags/example_skip_dag.py
[2022-11-30 04:11:18,555] {processor.py:642} INFO - Processing file /home/airflow/.local/lib/python3.7/site-packages/airflow/example_dags/example_skip_dag.py for tasks to queue
[2022-11-30 04:11:18,556] {logging_mixin.py:109} INFO - [2022-11-30 04:11:18,556] {dagbag.py:500} INFO - Filling up the DagBag from /home/airflow/.local/lib/python3.7/site-packages/airflow/example_dags/example_skip_dag.py
[2022-11-30 04:11:18,582] {processor.py:654} INFO - DAG(s) dict_keys(['example_skip_dag']) retrieved from /home/airflow/.local/lib/python3.7/site-packages/airflow/example_dags/example_skip_dag.py
[2022-11-30 04:11:18,591] {logging_mixin.py:109} INFO - [2022-11-30 04:11:18,590] {dag.py:2398} INFO - Sync 1 DAGs
[2022-11-30 04:11:18,603] {logging_mixin.py:109} INFO - [2022-11-30 04:11:18,603] {dag.py:2937} INFO - Setting next_dagrun for example_skip_dag to 2022-11-29T04:11:18.603314+00:00
[2022-11-30 04:11:18,611] {processor.py:171} INFO - Processing /home/airflow/.local/lib/python3.7/site-packages/airflow/example_dags/example_skip_dag.py took 0.060 seconds
[2022-11-30 04:11:50,096] {processor.py:163} INFO - Started process (PID=5619) to work on /home/airflow/.local/lib/python3.7/site-packages/airflow/example_dags/example_skip_dag.py
[2022-11-30 04:11:50,097] {processor.py:642} INFO - Processing file /home/airflow/.local/lib/python3.7/site-packages/airflow/example_dags/example_skip_dag.py for tasks to queue
[2022-11-30 04:11:50,098] {logging_mixin.py:109} INFO - [2022-11-30 04:11:50,098] {dagbag.py:500} INFO - Filling up the DagBag from /home/airflow/.local/lib/python3.7/site-packages/airflow/example_dags/example_skip_dag.py
[2022-11-30 04:11:50,127] {processor.py:654} INFO - DAG(s) dict_keys(['example_skip_dag']) retrieved from /home/airflow/.local/lib/python3.7/site-packages/airflow/example_dags/example_skip_dag.py
[2022-11-30 04:11:50,138] {logging_mixin.py:109} INFO - [2022-11-30 04:11:50,137] {dag.py:2398} INFO - Sync 1 DAGs
[2022-11-30 04:11:50,156] {logging_mixin.py:109} INFO - [2022-11-30 04:11:50,156] {dag.py:2937} INFO - Setting next_dagrun for example_skip_dag to 2022-11-29T04:11:50.155607+00:00
[2022-11-30 04:11:50,167] {processor.py:171} INFO - Processing /home/airflow/.local/lib/python3.7/site-packages/airflow/example_dags/example_skip_dag.py took 0.074 seconds
[2022-11-30 04:12:20,648] {processor.py:163} INFO - Started process (PID=5696) to work on /home/airflow/.local/lib/python3.7/site-packages/airflow/example_dags/example_skip_dag.py
[2022-11-30 04:12:20,649] {processor.py:642} INFO - Processing file /home/airflow/.local/lib/python3.7/site-packages/airflow/example_dags/example_skip_dag.py for tasks to queue
[2022-11-30 04:12:20,649] {logging_mixin.py:109} INFO - [2022-11-30 04:12:20,649] {dagbag.py:500} INFO - Filling up the DagBag from /home/airflow/.local/lib/python3.7/site-packages/airflow/example_dags/example_skip_dag.py
[2022-11-30 04:12:20,671] {processor.py:654} INFO - DAG(s) dict_keys(['example_skip_dag']) retrieved from /home/airflow/.local/lib/python3.7/site-packages/airflow/example_dags/example_skip_dag.py
[2022-11-30 04:12:20,680] {logging_mixin.py:109} INFO - [2022-11-30 04:12:20,680] {dag.py:2398} INFO - Sync 1 DAGs
[2022-11-30 04:12:20,693] {logging_mixin.py:109} INFO - [2022-11-30 04:12:20,693] {dag.py:2937} INFO - Setting next_dagrun for example_skip_dag to 2022-11-29T04:12:20.693514+00:00
[2022-11-30 04:12:20,703] {processor.py:171} INFO - Processing /home/airflow/.local/lib/python3.7/site-packages/airflow/example_dags/example_skip_dag.py took 0.058 seconds
[2022-11-30 04:12:52,039] {processor.py:163} INFO - Started process (PID=5782) to work on /home/airflow/.local/lib/python3.7/site-packages/airflow/example_dags/example_skip_dag.py
[2022-11-30 04:12:52,040] {processor.py:642} INFO - Processing file /home/airflow/.local/lib/python3.7/site-packages/airflow/example_dags/example_skip_dag.py for tasks to queue
[2022-11-30 04:12:52,041] {logging_mixin.py:109} INFO - [2022-11-30 04:12:52,040] {dagbag.py:500} INFO - Filling up the DagBag from /home/airflow/.local/lib/python3.7/site-packages/airflow/example_dags/example_skip_dag.py
[2022-11-30 04:12:52,067] {processor.py:654} INFO - DAG(s) dict_keys(['example_skip_dag']) retrieved from /home/airflow/.local/lib/python3.7/site-packages/airflow/example_dags/example_skip_dag.py
[2022-11-30 04:12:52,078] {logging_mixin.py:109} INFO - [2022-11-30 04:12:52,078] {dag.py:2398} INFO - Sync 1 DAGs
[2022-11-30 04:12:52,095] {logging_mixin.py:109} INFO - [2022-11-30 04:12:52,095] {dag.py:2937} INFO - Setting next_dagrun for example_skip_dag to 2022-11-29T04:12:52.094833+00:00
[2022-11-30 04:12:52,105] {processor.py:171} INFO - Processing /home/airflow/.local/lib/python3.7/site-packages/airflow/example_dags/example_skip_dag.py took 0.070 seconds
[2022-11-30 04:13:23,390] {processor.py:163} INFO - Started process (PID=5860) to work on /home/airflow/.local/lib/python3.7/site-packages/airflow/example_dags/example_skip_dag.py
[2022-11-30 04:13:23,392] {processor.py:642} INFO - Processing file /home/airflow/.local/lib/python3.7/site-packages/airflow/example_dags/example_skip_dag.py for tasks to queue
[2022-11-30 04:13:23,392] {logging_mixin.py:109} INFO - [2022-11-30 04:13:23,392] {dagbag.py:500} INFO - Filling up the DagBag from /home/airflow/.local/lib/python3.7/site-packages/airflow/example_dags/example_skip_dag.py
[2022-11-30 04:13:23,416] {processor.py:654} INFO - DAG(s) dict_keys(['example_skip_dag']) retrieved from /home/airflow/.local/lib/python3.7/site-packages/airflow/example_dags/example_skip_dag.py
[2022-11-30 04:13:23,426] {logging_mixin.py:109} INFO - [2022-11-30 04:13:23,426] {dag.py:2398} INFO - Sync 1 DAGs
[2022-11-30 04:13:23,439] {logging_mixin.py:109} INFO - [2022-11-30 04:13:23,439] {dag.py:2937} INFO - Setting next_dagrun for example_skip_dag to 2022-11-29T04:13:23.439434+00:00
[2022-11-30 04:13:23,447] {processor.py:171} INFO - Processing /home/airflow/.local/lib/python3.7/site-packages/airflow/example_dags/example_skip_dag.py took 0.060 seconds
[2022-11-30 04:13:55,228] {processor.py:163} INFO - Started process (PID=5946) to work on /home/airflow/.local/lib/python3.7/site-packages/airflow/example_dags/example_skip_dag.py
[2022-11-30 04:13:55,229] {processor.py:642} INFO - Processing file /home/airflow/.local/lib/python3.7/site-packages/airflow/example_dags/example_skip_dag.py for tasks to queue
[2022-11-30 04:13:55,229] {logging_mixin.py:109} INFO - [2022-11-30 04:13:55,229] {dagbag.py:500} INFO - Filling up the DagBag from /home/airflow/.local/lib/python3.7/site-packages/airflow/example_dags/example_skip_dag.py
[2022-11-30 04:13:55,258] {processor.py:654} INFO - DAG(s) dict_keys(['example_skip_dag']) retrieved from /home/airflow/.local/lib/python3.7/site-packages/airflow/example_dags/example_skip_dag.py
[2022-11-30 04:13:55,271] {logging_mixin.py:109} INFO - [2022-11-30 04:13:55,271] {dag.py:2398} INFO - Sync 1 DAGs
[2022-11-30 04:13:55,286] {logging_mixin.py:109} INFO - [2022-11-30 04:13:55,286] {dag.py:2937} INFO - Setting next_dagrun for example_skip_dag to 2022-11-29T04:13:55.285920+00:00
[2022-11-30 04:13:55,294] {processor.py:171} INFO - Processing /home/airflow/.local/lib/python3.7/site-packages/airflow/example_dags/example_skip_dag.py took 0.069 seconds
[2022-11-30 04:14:25,853] {processor.py:163} INFO - Started process (PID=6023) to work on /home/airflow/.local/lib/python3.7/site-packages/airflow/example_dags/example_skip_dag.py
[2022-11-30 04:14:25,854] {processor.py:642} INFO - Processing file /home/airflow/.local/lib/python3.7/site-packages/airflow/example_dags/example_skip_dag.py for tasks to queue
[2022-11-30 04:14:25,854] {logging_mixin.py:109} INFO - [2022-11-30 04:14:25,854] {dagbag.py:500} INFO - Filling up the DagBag from /home/airflow/.local/lib/python3.7/site-packages/airflow/example_dags/example_skip_dag.py
[2022-11-30 04:14:25,877] {processor.py:654} INFO - DAG(s) dict_keys(['example_skip_dag']) retrieved from /home/airflow/.local/lib/python3.7/site-packages/airflow/example_dags/example_skip_dag.py
[2022-11-30 04:14:25,885] {logging_mixin.py:109} INFO - [2022-11-30 04:14:25,885] {dag.py:2398} INFO - Sync 1 DAGs
[2022-11-30 04:14:25,897] {logging_mixin.py:109} INFO - [2022-11-30 04:14:25,897] {dag.py:2937} INFO - Setting next_dagrun for example_skip_dag to 2022-11-29T04:14:25.897634+00:00
[2022-11-30 04:14:25,906] {processor.py:171} INFO - Processing /home/airflow/.local/lib/python3.7/site-packages/airflow/example_dags/example_skip_dag.py took 0.055 seconds
[2022-11-30 04:14:57,564] {processor.py:163} INFO - Started process (PID=6109) to work on /home/airflow/.local/lib/python3.7/site-packages/airflow/example_dags/example_skip_dag.py
[2022-11-30 04:14:57,565] {processor.py:642} INFO - Processing file /home/airflow/.local/lib/python3.7/site-packages/airflow/example_dags/example_skip_dag.py for tasks to queue
[2022-11-30 04:14:57,566] {logging_mixin.py:109} INFO - [2022-11-30 04:14:57,566] {dagbag.py:500} INFO - Filling up the DagBag from /home/airflow/.local/lib/python3.7/site-packages/airflow/example_dags/example_skip_dag.py
[2022-11-30 04:14:57,596] {processor.py:654} INFO - DAG(s) dict_keys(['example_skip_dag']) retrieved from /home/airflow/.local/lib/python3.7/site-packages/airflow/example_dags/example_skip_dag.py
[2022-11-30 04:14:57,609] {logging_mixin.py:109} INFO - [2022-11-30 04:14:57,609] {dag.py:2398} INFO - Sync 1 DAGs
[2022-11-30 04:14:57,629] {logging_mixin.py:109} INFO - [2022-11-30 04:14:57,629] {dag.py:2937} INFO - Setting next_dagrun for example_skip_dag to 2022-11-29T04:14:57.629273+00:00
[2022-11-30 04:14:57,639] {processor.py:171} INFO - Processing /home/airflow/.local/lib/python3.7/site-packages/airflow/example_dags/example_skip_dag.py took 0.078 seconds
[2022-11-30 04:15:28,305] {processor.py:163} INFO - Started process (PID=6186) to work on /home/airflow/.local/lib/python3.7/site-packages/airflow/example_dags/example_skip_dag.py
[2022-11-30 04:15:28,306] {processor.py:642} INFO - Processing file /home/airflow/.local/lib/python3.7/site-packages/airflow/example_dags/example_skip_dag.py for tasks to queue
[2022-11-30 04:15:28,307] {logging_mixin.py:109} INFO - [2022-11-30 04:15:28,307] {dagbag.py:500} INFO - Filling up the DagBag from /home/airflow/.local/lib/python3.7/site-packages/airflow/example_dags/example_skip_dag.py
[2022-11-30 04:15:28,343] {processor.py:654} INFO - DAG(s) dict_keys(['example_skip_dag']) retrieved from /home/airflow/.local/lib/python3.7/site-packages/airflow/example_dags/example_skip_dag.py
[2022-11-30 04:15:28,363] {logging_mixin.py:109} INFO - [2022-11-30 04:15:28,363] {dag.py:2398} INFO - Sync 1 DAGs
[2022-11-30 04:15:28,386] {logging_mixin.py:109} INFO - [2022-11-30 04:15:28,386] {dag.py:2937} INFO - Setting next_dagrun for example_skip_dag to 2022-11-29T04:15:28.386140+00:00
[2022-11-30 04:15:28,397] {processor.py:171} INFO - Processing /home/airflow/.local/lib/python3.7/site-packages/airflow/example_dags/example_skip_dag.py took 0.095 seconds
[2022-11-30 04:15:59,010] {processor.py:163} INFO - Started process (PID=6270) to work on /home/airflow/.local/lib/python3.7/site-packages/airflow/example_dags/example_skip_dag.py
[2022-11-30 04:15:59,011] {processor.py:642} INFO - Processing file /home/airflow/.local/lib/python3.7/site-packages/airflow/example_dags/example_skip_dag.py for tasks to queue
[2022-11-30 04:15:59,012] {logging_mixin.py:109} INFO - [2022-11-30 04:15:59,012] {dagbag.py:500} INFO - Filling up the DagBag from /home/airflow/.local/lib/python3.7/site-packages/airflow/example_dags/example_skip_dag.py
[2022-11-30 04:15:59,039] {processor.py:654} INFO - DAG(s) dict_keys(['example_skip_dag']) retrieved from /home/airflow/.local/lib/python3.7/site-packages/airflow/example_dags/example_skip_dag.py
[2022-11-30 04:15:59,049] {logging_mixin.py:109} INFO - [2022-11-30 04:15:59,049] {dag.py:2398} INFO - Sync 1 DAGs
[2022-11-30 04:15:59,065] {logging_mixin.py:109} INFO - [2022-11-30 04:15:59,065] {dag.py:2937} INFO - Setting next_dagrun for example_skip_dag to 2022-11-29T04:15:59.064821+00:00
[2022-11-30 04:15:59,077] {processor.py:171} INFO - Processing /home/airflow/.local/lib/python3.7/site-packages/airflow/example_dags/example_skip_dag.py took 0.069 seconds
[2022-11-30 04:16:29,802] {processor.py:163} INFO - Started process (PID=6349) to work on /home/airflow/.local/lib/python3.7/site-packages/airflow/example_dags/example_skip_dag.py
[2022-11-30 04:16:29,803] {processor.py:642} INFO - Processing file /home/airflow/.local/lib/python3.7/site-packages/airflow/example_dags/example_skip_dag.py for tasks to queue
[2022-11-30 04:16:29,805] {logging_mixin.py:109} INFO - [2022-11-30 04:16:29,804] {dagbag.py:500} INFO - Filling up the DagBag from /home/airflow/.local/lib/python3.7/site-packages/airflow/example_dags/example_skip_dag.py
[2022-11-30 04:16:29,835] {processor.py:654} INFO - DAG(s) dict_keys(['example_skip_dag']) retrieved from /home/airflow/.local/lib/python3.7/site-packages/airflow/example_dags/example_skip_dag.py
[2022-11-30 04:16:29,850] {logging_mixin.py:109} INFO - [2022-11-30 04:16:29,850] {dag.py:2398} INFO - Sync 1 DAGs
[2022-11-30 04:16:29,867] {logging_mixin.py:109} INFO - [2022-11-30 04:16:29,867] {dag.py:2937} INFO - Setting next_dagrun for example_skip_dag to 2022-11-29T04:16:29.866923+00:00
[2022-11-30 04:16:29,894] {processor.py:171} INFO - Processing /home/airflow/.local/lib/python3.7/site-packages/airflow/example_dags/example_skip_dag.py took 0.096 seconds
[2022-11-30 04:17:00,540] {processor.py:163} INFO - Started process (PID=6426) to work on /home/airflow/.local/lib/python3.7/site-packages/airflow/example_dags/example_skip_dag.py
[2022-11-30 04:17:00,541] {processor.py:642} INFO - Processing file /home/airflow/.local/lib/python3.7/site-packages/airflow/example_dags/example_skip_dag.py for tasks to queue
[2022-11-30 04:17:00,541] {logging_mixin.py:109} INFO - [2022-11-30 04:17:00,541] {dagbag.py:500} INFO - Filling up the DagBag from /home/airflow/.local/lib/python3.7/site-packages/airflow/example_dags/example_skip_dag.py
[2022-11-30 04:17:00,565] {processor.py:654} INFO - DAG(s) dict_keys(['example_skip_dag']) retrieved from /home/airflow/.local/lib/python3.7/site-packages/airflow/example_dags/example_skip_dag.py
[2022-11-30 04:17:00,574] {logging_mixin.py:109} INFO - [2022-11-30 04:17:00,574] {dag.py:2398} INFO - Sync 1 DAGs
[2022-11-30 04:17:00,589] {logging_mixin.py:109} INFO - [2022-11-30 04:17:00,589] {dag.py:2937} INFO - Setting next_dagrun for example_skip_dag to 2022-11-29T04:17:00.589037+00:00
[2022-11-30 04:17:00,599] {processor.py:171} INFO - Processing /home/airflow/.local/lib/python3.7/site-packages/airflow/example_dags/example_skip_dag.py took 0.061 seconds
[2022-11-30 04:17:31,388] {processor.py:163} INFO - Started process (PID=6512) to work on /home/airflow/.local/lib/python3.7/site-packages/airflow/example_dags/example_skip_dag.py
[2022-11-30 04:17:31,389] {processor.py:642} INFO - Processing file /home/airflow/.local/lib/python3.7/site-packages/airflow/example_dags/example_skip_dag.py for tasks to queue
[2022-11-30 04:17:31,390] {logging_mixin.py:109} INFO - [2022-11-30 04:17:31,390] {dagbag.py:500} INFO - Filling up the DagBag from /home/airflow/.local/lib/python3.7/site-packages/airflow/example_dags/example_skip_dag.py
[2022-11-30 04:17:31,419] {processor.py:654} INFO - DAG(s) dict_keys(['example_skip_dag']) retrieved from /home/airflow/.local/lib/python3.7/site-packages/airflow/example_dags/example_skip_dag.py
[2022-11-30 04:17:31,430] {logging_mixin.py:109} INFO - [2022-11-30 04:17:31,429] {dag.py:2398} INFO - Sync 1 DAGs
[2022-11-30 04:17:31,444] {logging_mixin.py:109} INFO - [2022-11-30 04:17:31,444] {dag.py:2937} INFO - Setting next_dagrun for example_skip_dag to 2022-11-29T04:17:31.444074+00:00
[2022-11-30 04:17:31,453] {processor.py:171} INFO - Processing /home/airflow/.local/lib/python3.7/site-packages/airflow/example_dags/example_skip_dag.py took 0.067 seconds
[2022-11-30 04:18:02,856] {processor.py:163} INFO - Started process (PID=6589) to work on /home/airflow/.local/lib/python3.7/site-packages/airflow/example_dags/example_skip_dag.py
[2022-11-30 04:18:02,857] {processor.py:642} INFO - Processing file /home/airflow/.local/lib/python3.7/site-packages/airflow/example_dags/example_skip_dag.py for tasks to queue
[2022-11-30 04:18:02,857] {logging_mixin.py:109} INFO - [2022-11-30 04:18:02,857] {dagbag.py:500} INFO - Filling up the DagBag from /home/airflow/.local/lib/python3.7/site-packages/airflow/example_dags/example_skip_dag.py
[2022-11-30 04:18:02,879] {processor.py:654} INFO - DAG(s) dict_keys(['example_skip_dag']) retrieved from /home/airflow/.local/lib/python3.7/site-packages/airflow/example_dags/example_skip_dag.py
[2022-11-30 04:18:02,888] {logging_mixin.py:109} INFO - [2022-11-30 04:18:02,888] {dag.py:2398} INFO - Sync 1 DAGs
[2022-11-30 04:18:02,900] {logging_mixin.py:109} INFO - [2022-11-30 04:18:02,900] {dag.py:2937} INFO - Setting next_dagrun for example_skip_dag to 2022-11-29T04:18:02.900022+00:00
[2022-11-30 04:18:02,908] {processor.py:171} INFO - Processing /home/airflow/.local/lib/python3.7/site-packages/airflow/example_dags/example_skip_dag.py took 0.055 seconds
[2022-11-30 04:18:34,429] {processor.py:163} INFO - Started process (PID=6675) to work on /home/airflow/.local/lib/python3.7/site-packages/airflow/example_dags/example_skip_dag.py
[2022-11-30 04:18:34,430] {processor.py:642} INFO - Processing file /home/airflow/.local/lib/python3.7/site-packages/airflow/example_dags/example_skip_dag.py for tasks to queue
[2022-11-30 04:18:34,431] {logging_mixin.py:109} INFO - [2022-11-30 04:18:34,430] {dagbag.py:500} INFO - Filling up the DagBag from /home/airflow/.local/lib/python3.7/site-packages/airflow/example_dags/example_skip_dag.py
[2022-11-30 04:18:34,454] {processor.py:654} INFO - DAG(s) dict_keys(['example_skip_dag']) retrieved from /home/airflow/.local/lib/python3.7/site-packages/airflow/example_dags/example_skip_dag.py
[2022-11-30 04:18:34,462] {logging_mixin.py:109} INFO - [2022-11-30 04:18:34,462] {dag.py:2398} INFO - Sync 1 DAGs
[2022-11-30 04:18:34,476] {logging_mixin.py:109} INFO - [2022-11-30 04:18:34,475] {dag.py:2937} INFO - Setting next_dagrun for example_skip_dag to 2022-11-29T04:18:34.475687+00:00
[2022-11-30 04:18:34,486] {processor.py:171} INFO - Processing /home/airflow/.local/lib/python3.7/site-packages/airflow/example_dags/example_skip_dag.py took 0.059 seconds
[2022-11-30 04:19:05,146] {processor.py:163} INFO - Started process (PID=6752) to work on /home/airflow/.local/lib/python3.7/site-packages/airflow/example_dags/example_skip_dag.py
[2022-11-30 04:19:05,147] {processor.py:642} INFO - Processing file /home/airflow/.local/lib/python3.7/site-packages/airflow/example_dags/example_skip_dag.py for tasks to queue
[2022-11-30 04:19:05,148] {logging_mixin.py:109} INFO - [2022-11-30 04:19:05,147] {dagbag.py:500} INFO - Filling up the DagBag from /home/airflow/.local/lib/python3.7/site-packages/airflow/example_dags/example_skip_dag.py
[2022-11-30 04:19:05,175] {processor.py:654} INFO - DAG(s) dict_keys(['example_skip_dag']) retrieved from /home/airflow/.local/lib/python3.7/site-packages/airflow/example_dags/example_skip_dag.py
[2022-11-30 04:19:05,185] {logging_mixin.py:109} INFO - [2022-11-30 04:19:05,185] {dag.py:2398} INFO - Sync 1 DAGs
[2022-11-30 04:19:05,199] {logging_mixin.py:109} INFO - [2022-11-30 04:19:05,198] {dag.py:2937} INFO - Setting next_dagrun for example_skip_dag to 2022-11-29T04:19:05.198739+00:00
[2022-11-30 04:19:05,207] {processor.py:171} INFO - Processing /home/airflow/.local/lib/python3.7/site-packages/airflow/example_dags/example_skip_dag.py took 0.063 seconds
[2022-11-30 04:19:36,431] {processor.py:163} INFO - Started process (PID=6838) to work on /home/airflow/.local/lib/python3.7/site-packages/airflow/example_dags/example_skip_dag.py
[2022-11-30 04:19:36,432] {processor.py:642} INFO - Processing file /home/airflow/.local/lib/python3.7/site-packages/airflow/example_dags/example_skip_dag.py for tasks to queue
[2022-11-30 04:19:36,433] {logging_mixin.py:109} INFO - [2022-11-30 04:19:36,433] {dagbag.py:500} INFO - Filling up the DagBag from /home/airflow/.local/lib/python3.7/site-packages/airflow/example_dags/example_skip_dag.py
[2022-11-30 04:19:36,455] {processor.py:654} INFO - DAG(s) dict_keys(['example_skip_dag']) retrieved from /home/airflow/.local/lib/python3.7/site-packages/airflow/example_dags/example_skip_dag.py
[2022-11-30 04:19:36,464] {logging_mixin.py:109} INFO - [2022-11-30 04:19:36,464] {dag.py:2398} INFO - Sync 1 DAGs
[2022-11-30 04:19:36,478] {logging_mixin.py:109} INFO - [2022-11-30 04:19:36,478] {dag.py:2937} INFO - Setting next_dagrun for example_skip_dag to 2022-11-29T04:19:36.478266+00:00
[2022-11-30 04:19:36,487] {processor.py:171} INFO - Processing /home/airflow/.local/lib/python3.7/site-packages/airflow/example_dags/example_skip_dag.py took 0.059 seconds
[2022-11-30 04:20:07,780] {processor.py:163} INFO - Started process (PID=6915) to work on /home/airflow/.local/lib/python3.7/site-packages/airflow/example_dags/example_skip_dag.py
[2022-11-30 04:20:07,781] {processor.py:642} INFO - Processing file /home/airflow/.local/lib/python3.7/site-packages/airflow/example_dags/example_skip_dag.py for tasks to queue
[2022-11-30 04:20:07,781] {logging_mixin.py:109} INFO - [2022-11-30 04:20:07,781] {dagbag.py:500} INFO - Filling up the DagBag from /home/airflow/.local/lib/python3.7/site-packages/airflow/example_dags/example_skip_dag.py
[2022-11-30 04:20:07,810] {processor.py:654} INFO - DAG(s) dict_keys(['example_skip_dag']) retrieved from /home/airflow/.local/lib/python3.7/site-packages/airflow/example_dags/example_skip_dag.py
[2022-11-30 04:20:07,822] {logging_mixin.py:109} INFO - [2022-11-30 04:20:07,822] {dag.py:2398} INFO - Sync 1 DAGs
[2022-11-30 04:20:07,836] {logging_mixin.py:109} INFO - [2022-11-30 04:20:07,836] {dag.py:2937} INFO - Setting next_dagrun for example_skip_dag to 2022-11-29T04:20:07.836077+00:00
[2022-11-30 04:20:07,845] {processor.py:171} INFO - Processing /home/airflow/.local/lib/python3.7/site-packages/airflow/example_dags/example_skip_dag.py took 0.068 seconds
[2022-11-30 04:20:39,321] {processor.py:163} INFO - Started process (PID=7001) to work on /home/airflow/.local/lib/python3.7/site-packages/airflow/example_dags/example_skip_dag.py
[2022-11-30 04:20:39,322] {processor.py:642} INFO - Processing file /home/airflow/.local/lib/python3.7/site-packages/airflow/example_dags/example_skip_dag.py for tasks to queue
[2022-11-30 04:20:39,323] {logging_mixin.py:109} INFO - [2022-11-30 04:20:39,322] {dagbag.py:500} INFO - Filling up the DagBag from /home/airflow/.local/lib/python3.7/site-packages/airflow/example_dags/example_skip_dag.py
[2022-11-30 04:20:39,346] {processor.py:654} INFO - DAG(s) dict_keys(['example_skip_dag']) retrieved from /home/airflow/.local/lib/python3.7/site-packages/airflow/example_dags/example_skip_dag.py
[2022-11-30 04:20:39,354] {logging_mixin.py:109} INFO - [2022-11-30 04:20:39,354] {dag.py:2398} INFO - Sync 1 DAGs
[2022-11-30 04:20:39,367] {logging_mixin.py:109} INFO - [2022-11-30 04:20:39,367] {dag.py:2937} INFO - Setting next_dagrun for example_skip_dag to 2022-11-29T04:20:39.366974+00:00
[2022-11-30 04:20:39,375] {processor.py:171} INFO - Processing /home/airflow/.local/lib/python3.7/site-packages/airflow/example_dags/example_skip_dag.py took 0.057 seconds
[2022-11-30 04:21:10,283] {processor.py:163} INFO - Started process (PID=7081) to work on /home/airflow/.local/lib/python3.7/site-packages/airflow/example_dags/example_skip_dag.py
[2022-11-30 04:21:10,284] {processor.py:642} INFO - Processing file /home/airflow/.local/lib/python3.7/site-packages/airflow/example_dags/example_skip_dag.py for tasks to queue
[2022-11-30 04:21:10,284] {logging_mixin.py:109} INFO - [2022-11-30 04:21:10,284] {dagbag.py:500} INFO - Filling up the DagBag from /home/airflow/.local/lib/python3.7/site-packages/airflow/example_dags/example_skip_dag.py
[2022-11-30 04:21:10,312] {processor.py:654} INFO - DAG(s) dict_keys(['example_skip_dag']) retrieved from /home/airflow/.local/lib/python3.7/site-packages/airflow/example_dags/example_skip_dag.py
[2022-11-30 04:21:10,324] {logging_mixin.py:109} INFO - [2022-11-30 04:21:10,324] {dag.py:2398} INFO - Sync 1 DAGs
[2022-11-30 04:21:10,340] {logging_mixin.py:109} INFO - [2022-11-30 04:21:10,340] {dag.py:2937} INFO - Setting next_dagrun for example_skip_dag to 2022-11-29T04:21:10.340464+00:00
[2022-11-30 04:21:10,350] {processor.py:171} INFO - Processing /home/airflow/.local/lib/python3.7/site-packages/airflow/example_dags/example_skip_dag.py took 0.070 seconds
[2022-11-30 04:21:41,247] {processor.py:163} INFO - Started process (PID=7167) to work on /home/airflow/.local/lib/python3.7/site-packages/airflow/example_dags/example_skip_dag.py
[2022-11-30 04:21:41,248] {processor.py:642} INFO - Processing file /home/airflow/.local/lib/python3.7/site-packages/airflow/example_dags/example_skip_dag.py for tasks to queue
[2022-11-30 04:21:41,249] {logging_mixin.py:109} INFO - [2022-11-30 04:21:41,249] {dagbag.py:500} INFO - Filling up the DagBag from /home/airflow/.local/lib/python3.7/site-packages/airflow/example_dags/example_skip_dag.py
[2022-11-30 04:21:41,282] {processor.py:654} INFO - DAG(s) dict_keys(['example_skip_dag']) retrieved from /home/airflow/.local/lib/python3.7/site-packages/airflow/example_dags/example_skip_dag.py
[2022-11-30 04:21:41,298] {logging_mixin.py:109} INFO - [2022-11-30 04:21:41,298] {dag.py:2398} INFO - Sync 1 DAGs
[2022-11-30 04:21:41,323] {logging_mixin.py:109} INFO - [2022-11-30 04:21:41,323] {dag.py:2937} INFO - Setting next_dagrun for example_skip_dag to 2022-11-29T04:21:41.323460+00:00
[2022-11-30 04:21:41,339] {processor.py:171} INFO - Processing /home/airflow/.local/lib/python3.7/site-packages/airflow/example_dags/example_skip_dag.py took 0.095 seconds
[2022-11-30 04:22:11,643] {processor.py:163} INFO - Started process (PID=7244) to work on /home/airflow/.local/lib/python3.7/site-packages/airflow/example_dags/example_skip_dag.py
[2022-11-30 04:22:11,644] {processor.py:642} INFO - Processing file /home/airflow/.local/lib/python3.7/site-packages/airflow/example_dags/example_skip_dag.py for tasks to queue
[2022-11-30 04:22:11,645] {logging_mixin.py:109} INFO - [2022-11-30 04:22:11,644] {dagbag.py:500} INFO - Filling up the DagBag from /home/airflow/.local/lib/python3.7/site-packages/airflow/example_dags/example_skip_dag.py
[2022-11-30 04:22:11,668] {processor.py:654} INFO - DAG(s) dict_keys(['example_skip_dag']) retrieved from /home/airflow/.local/lib/python3.7/site-packages/airflow/example_dags/example_skip_dag.py
[2022-11-30 04:22:11,677] {logging_mixin.py:109} INFO - [2022-11-30 04:22:11,677] {dag.py:2398} INFO - Sync 1 DAGs
[2022-11-30 04:22:11,690] {logging_mixin.py:109} INFO - [2022-11-30 04:22:11,690] {dag.py:2937} INFO - Setting next_dagrun for example_skip_dag to 2022-11-29T04:22:11.690539+00:00
[2022-11-30 04:22:11,699] {processor.py:171} INFO - Processing /home/airflow/.local/lib/python3.7/site-packages/airflow/example_dags/example_skip_dag.py took 0.058 seconds
