[2022-11-30 03:58:20,761] {processor.py:163} INFO - Started process (PID=3520) to work on /home/airflow/.local/lib/python3.7/site-packages/airflow/example_dags/example_task_group_decorator.py
[2022-11-30 03:58:20,762] {processor.py:642} INFO - Processing file /home/airflow/.local/lib/python3.7/site-packages/airflow/example_dags/example_task_group_decorator.py for tasks to queue
[2022-11-30 03:58:20,763] {logging_mixin.py:109} INFO - [2022-11-30 03:58:20,763] {dagbag.py:500} INFO - Filling up the DagBag from /home/airflow/.local/lib/python3.7/site-packages/airflow/example_dags/example_task_group_decorator.py
[2022-11-30 03:58:20,844] {processor.py:654} INFO - DAG(s) dict_keys(['example_task_group_decorator']) retrieved from /home/airflow/.local/lib/python3.7/site-packages/airflow/example_dags/example_task_group_decorator.py
[2022-11-30 03:58:21,246] {logging_mixin.py:109} INFO - [2022-11-30 03:58:21,246] {dag.py:2398} INFO - Sync 1 DAGs
[2022-11-30 03:58:21,280] {logging_mixin.py:109} INFO - [2022-11-30 03:58:21,280] {dag.py:2937} INFO - Setting next_dagrun for example_task_group_decorator to 2022-11-29T03:58:21.280086+00:00
[2022-11-30 03:58:21,330] {processor.py:171} INFO - Processing /home/airflow/.local/lib/python3.7/site-packages/airflow/example_dags/example_task_group_decorator.py took 0.573 seconds
[2022-11-30 03:58:51,511] {processor.py:163} INFO - Started process (PID=3599) to work on /home/airflow/.local/lib/python3.7/site-packages/airflow/example_dags/example_task_group_decorator.py
[2022-11-30 03:58:51,512] {processor.py:642} INFO - Processing file /home/airflow/.local/lib/python3.7/site-packages/airflow/example_dags/example_task_group_decorator.py for tasks to queue
[2022-11-30 03:58:51,512] {logging_mixin.py:109} INFO - [2022-11-30 03:58:51,512] {dagbag.py:500} INFO - Filling up the DagBag from /home/airflow/.local/lib/python3.7/site-packages/airflow/example_dags/example_task_group_decorator.py
[2022-11-30 03:58:51,550] {processor.py:654} INFO - DAG(s) dict_keys(['example_task_group_decorator']) retrieved from /home/airflow/.local/lib/python3.7/site-packages/airflow/example_dags/example_task_group_decorator.py
[2022-11-30 03:58:51,718] {logging_mixin.py:109} INFO - [2022-11-30 03:58:51,718] {dag.py:2398} INFO - Sync 1 DAGs
[2022-11-30 03:58:51,730] {logging_mixin.py:109} INFO - [2022-11-30 03:58:51,730] {dag.py:2937} INFO - Setting next_dagrun for example_task_group_decorator to 2022-11-29T03:58:51.730171+00:00
[2022-11-30 03:58:51,740] {processor.py:171} INFO - Processing /home/airflow/.local/lib/python3.7/site-packages/airflow/example_dags/example_task_group_decorator.py took 0.233 seconds
[2022-11-30 03:59:22,347] {processor.py:163} INFO - Started process (PID=3685) to work on /home/airflow/.local/lib/python3.7/site-packages/airflow/example_dags/example_task_group_decorator.py
[2022-11-30 03:59:22,348] {processor.py:642} INFO - Processing file /home/airflow/.local/lib/python3.7/site-packages/airflow/example_dags/example_task_group_decorator.py for tasks to queue
[2022-11-30 03:59:22,349] {logging_mixin.py:109} INFO - [2022-11-30 03:59:22,349] {dagbag.py:500} INFO - Filling up the DagBag from /home/airflow/.local/lib/python3.7/site-packages/airflow/example_dags/example_task_group_decorator.py
[2022-11-30 03:59:22,389] {processor.py:654} INFO - DAG(s) dict_keys(['example_task_group_decorator']) retrieved from /home/airflow/.local/lib/python3.7/site-packages/airflow/example_dags/example_task_group_decorator.py
[2022-11-30 03:59:22,617] {logging_mixin.py:109} INFO - [2022-11-30 03:59:22,617] {dag.py:2398} INFO - Sync 1 DAGs
[2022-11-30 03:59:22,633] {logging_mixin.py:109} INFO - [2022-11-30 03:59:22,633] {dag.py:2937} INFO - Setting next_dagrun for example_task_group_decorator to 2022-11-29T03:59:22.633306+00:00
[2022-11-30 03:59:22,647] {processor.py:171} INFO - Processing /home/airflow/.local/lib/python3.7/site-packages/airflow/example_dags/example_task_group_decorator.py took 0.303 seconds
[2022-11-30 03:59:52,787] {processor.py:163} INFO - Started process (PID=3764) to work on /home/airflow/.local/lib/python3.7/site-packages/airflow/example_dags/example_task_group_decorator.py
[2022-11-30 03:59:52,788] {processor.py:642} INFO - Processing file /home/airflow/.local/lib/python3.7/site-packages/airflow/example_dags/example_task_group_decorator.py for tasks to queue
[2022-11-30 03:59:52,788] {logging_mixin.py:109} INFO - [2022-11-30 03:59:52,788] {dagbag.py:500} INFO - Filling up the DagBag from /home/airflow/.local/lib/python3.7/site-packages/airflow/example_dags/example_task_group_decorator.py
[2022-11-30 03:59:52,823] {processor.py:654} INFO - DAG(s) dict_keys(['example_task_group_decorator']) retrieved from /home/airflow/.local/lib/python3.7/site-packages/airflow/example_dags/example_task_group_decorator.py
[2022-11-30 03:59:53,008] {logging_mixin.py:109} INFO - [2022-11-30 03:59:53,008] {dag.py:2398} INFO - Sync 1 DAGs
[2022-11-30 03:59:53,020] {logging_mixin.py:109} INFO - [2022-11-30 03:59:53,020] {dag.py:2937} INFO - Setting next_dagrun for example_task_group_decorator to 2022-11-29T03:59:53.019885+00:00
[2022-11-30 03:59:53,032] {processor.py:171} INFO - Processing /home/airflow/.local/lib/python3.7/site-packages/airflow/example_dags/example_task_group_decorator.py took 0.248 seconds
[2022-11-30 04:00:23,122] {processor.py:163} INFO - Started process (PID=3846) to work on /home/airflow/.local/lib/python3.7/site-packages/airflow/example_dags/example_task_group_decorator.py
[2022-11-30 04:00:23,124] {processor.py:642} INFO - Processing file /home/airflow/.local/lib/python3.7/site-packages/airflow/example_dags/example_task_group_decorator.py for tasks to queue
[2022-11-30 04:00:23,124] {logging_mixin.py:109} INFO - [2022-11-30 04:00:23,124] {dagbag.py:500} INFO - Filling up the DagBag from /home/airflow/.local/lib/python3.7/site-packages/airflow/example_dags/example_task_group_decorator.py
[2022-11-30 04:00:23,170] {processor.py:654} INFO - DAG(s) dict_keys(['example_task_group_decorator']) retrieved from /home/airflow/.local/lib/python3.7/site-packages/airflow/example_dags/example_task_group_decorator.py
[2022-11-30 04:00:23,381] {logging_mixin.py:109} INFO - [2022-11-30 04:00:23,381] {dag.py:2398} INFO - Sync 1 DAGs
[2022-11-30 04:00:23,397] {logging_mixin.py:109} INFO - [2022-11-30 04:00:23,397] {dag.py:2937} INFO - Setting next_dagrun for example_task_group_decorator to 2022-11-29T04:00:23.397095+00:00
[2022-11-30 04:00:23,413] {processor.py:171} INFO - Processing /home/airflow/.local/lib/python3.7/site-packages/airflow/example_dags/example_task_group_decorator.py took 0.294 seconds
[2022-11-30 04:00:53,840] {processor.py:163} INFO - Started process (PID=3923) to work on /home/airflow/.local/lib/python3.7/site-packages/airflow/example_dags/example_task_group_decorator.py
[2022-11-30 04:00:53,841] {processor.py:642} INFO - Processing file /home/airflow/.local/lib/python3.7/site-packages/airflow/example_dags/example_task_group_decorator.py for tasks to queue
[2022-11-30 04:00:53,842] {logging_mixin.py:109} INFO - [2022-11-30 04:00:53,842] {dagbag.py:500} INFO - Filling up the DagBag from /home/airflow/.local/lib/python3.7/site-packages/airflow/example_dags/example_task_group_decorator.py
[2022-11-30 04:00:53,888] {processor.py:654} INFO - DAG(s) dict_keys(['example_task_group_decorator']) retrieved from /home/airflow/.local/lib/python3.7/site-packages/airflow/example_dags/example_task_group_decorator.py
[2022-11-30 04:00:54,074] {logging_mixin.py:109} INFO - [2022-11-30 04:00:54,074] {dag.py:2398} INFO - Sync 1 DAGs
[2022-11-30 04:00:54,088] {logging_mixin.py:109} INFO - [2022-11-30 04:00:54,088] {dag.py:2937} INFO - Setting next_dagrun for example_task_group_decorator to 2022-11-29T04:00:54.087840+00:00
[2022-11-30 04:00:54,099] {processor.py:171} INFO - Processing /home/airflow/.local/lib/python3.7/site-packages/airflow/example_dags/example_task_group_decorator.py took 0.262 seconds
[2022-11-30 04:01:24,155] {processor.py:163} INFO - Started process (PID=4000) to work on /home/airflow/.local/lib/python3.7/site-packages/airflow/example_dags/example_task_group_decorator.py
[2022-11-30 04:01:24,157] {processor.py:642} INFO - Processing file /home/airflow/.local/lib/python3.7/site-packages/airflow/example_dags/example_task_group_decorator.py for tasks to queue
[2022-11-30 04:01:24,157] {logging_mixin.py:109} INFO - [2022-11-30 04:01:24,157] {dagbag.py:500} INFO - Filling up the DagBag from /home/airflow/.local/lib/python3.7/site-packages/airflow/example_dags/example_task_group_decorator.py
[2022-11-30 04:01:24,196] {processor.py:654} INFO - DAG(s) dict_keys(['example_task_group_decorator']) retrieved from /home/airflow/.local/lib/python3.7/site-packages/airflow/example_dags/example_task_group_decorator.py
[2022-11-30 04:01:24,365] {logging_mixin.py:109} INFO - [2022-11-30 04:01:24,365] {dag.py:2398} INFO - Sync 1 DAGs
[2022-11-30 04:01:24,379] {logging_mixin.py:109} INFO - [2022-11-30 04:01:24,379] {dag.py:2937} INFO - Setting next_dagrun for example_task_group_decorator to 2022-11-29T04:01:24.378873+00:00
[2022-11-30 04:01:24,390] {processor.py:171} INFO - Processing /home/airflow/.local/lib/python3.7/site-packages/airflow/example_dags/example_task_group_decorator.py took 0.237 seconds
[2022-11-30 04:01:55,046] {processor.py:163} INFO - Started process (PID=4086) to work on /home/airflow/.local/lib/python3.7/site-packages/airflow/example_dags/example_task_group_decorator.py
[2022-11-30 04:01:55,047] {processor.py:642} INFO - Processing file /home/airflow/.local/lib/python3.7/site-packages/airflow/example_dags/example_task_group_decorator.py for tasks to queue
[2022-11-30 04:01:55,048] {logging_mixin.py:109} INFO - [2022-11-30 04:01:55,047] {dagbag.py:500} INFO - Filling up the DagBag from /home/airflow/.local/lib/python3.7/site-packages/airflow/example_dags/example_task_group_decorator.py
[2022-11-30 04:01:55,090] {processor.py:654} INFO - DAG(s) dict_keys(['example_task_group_decorator']) retrieved from /home/airflow/.local/lib/python3.7/site-packages/airflow/example_dags/example_task_group_decorator.py
[2022-11-30 04:01:55,285] {logging_mixin.py:109} INFO - [2022-11-30 04:01:55,285] {dag.py:2398} INFO - Sync 1 DAGs
[2022-11-30 04:01:55,297] {logging_mixin.py:109} INFO - [2022-11-30 04:01:55,297] {dag.py:2937} INFO - Setting next_dagrun for example_task_group_decorator to 2022-11-29T04:01:55.297488+00:00
[2022-11-30 04:01:55,307] {processor.py:171} INFO - Processing /home/airflow/.local/lib/python3.7/site-packages/airflow/example_dags/example_task_group_decorator.py took 0.264 seconds
[2022-11-30 04:02:28,408] {processor.py:163} INFO - Started process (PID=4163) to work on /home/airflow/.local/lib/python3.7/site-packages/airflow/example_dags/example_task_group_decorator.py
[2022-11-30 04:02:28,415] {processor.py:642} INFO - Processing file /home/airflow/.local/lib/python3.7/site-packages/airflow/example_dags/example_task_group_decorator.py for tasks to queue
[2022-11-30 04:02:28,416] {logging_mixin.py:109} INFO - [2022-11-30 04:02:28,416] {dagbag.py:500} INFO - Filling up the DagBag from /home/airflow/.local/lib/python3.7/site-packages/airflow/example_dags/example_task_group_decorator.py
[2022-11-30 04:02:28,510] {processor.py:654} INFO - DAG(s) dict_keys(['example_task_group_decorator']) retrieved from /home/airflow/.local/lib/python3.7/site-packages/airflow/example_dags/example_task_group_decorator.py
[2022-11-30 04:02:29,194] {logging_mixin.py:109} INFO - [2022-11-30 04:02:29,194] {dag.py:2398} INFO - Sync 1 DAGs
[2022-11-30 04:02:29,232] {logging_mixin.py:109} INFO - [2022-11-30 04:02:29,232] {dag.py:2937} INFO - Setting next_dagrun for example_task_group_decorator to 2022-11-29T04:02:29.231704+00:00
[2022-11-30 04:02:29,258] {processor.py:171} INFO - Processing /home/airflow/.local/lib/python3.7/site-packages/airflow/example_dags/example_task_group_decorator.py took 0.854 seconds
[2022-11-30 04:02:59,361] {processor.py:163} INFO - Started process (PID=4242) to work on /home/airflow/.local/lib/python3.7/site-packages/airflow/example_dags/example_task_group_decorator.py
[2022-11-30 04:02:59,363] {processor.py:642} INFO - Processing file /home/airflow/.local/lib/python3.7/site-packages/airflow/example_dags/example_task_group_decorator.py for tasks to queue
[2022-11-30 04:02:59,363] {logging_mixin.py:109} INFO - [2022-11-30 04:02:59,363] {dagbag.py:500} INFO - Filling up the DagBag from /home/airflow/.local/lib/python3.7/site-packages/airflow/example_dags/example_task_group_decorator.py
[2022-11-30 04:02:59,405] {processor.py:654} INFO - DAG(s) dict_keys(['example_task_group_decorator']) retrieved from /home/airflow/.local/lib/python3.7/site-packages/airflow/example_dags/example_task_group_decorator.py
[2022-11-30 04:02:59,580] {logging_mixin.py:109} INFO - [2022-11-30 04:02:59,580] {dag.py:2398} INFO - Sync 1 DAGs
[2022-11-30 04:02:59,595] {logging_mixin.py:109} INFO - [2022-11-30 04:02:59,594] {dag.py:2937} INFO - Setting next_dagrun for example_task_group_decorator to 2022-11-29T04:02:59.594642+00:00
[2022-11-30 04:02:59,607] {processor.py:171} INFO - Processing /home/airflow/.local/lib/python3.7/site-packages/airflow/example_dags/example_task_group_decorator.py took 0.248 seconds
[2022-11-30 04:03:30,211] {processor.py:163} INFO - Started process (PID=4326) to work on /home/airflow/.local/lib/python3.7/site-packages/airflow/example_dags/example_task_group_decorator.py
[2022-11-30 04:03:30,213] {processor.py:642} INFO - Processing file /home/airflow/.local/lib/python3.7/site-packages/airflow/example_dags/example_task_group_decorator.py for tasks to queue
[2022-11-30 04:03:30,214] {logging_mixin.py:109} INFO - [2022-11-30 04:03:30,213] {dagbag.py:500} INFO - Filling up the DagBag from /home/airflow/.local/lib/python3.7/site-packages/airflow/example_dags/example_task_group_decorator.py
[2022-11-30 04:03:30,267] {processor.py:654} INFO - DAG(s) dict_keys(['example_task_group_decorator']) retrieved from /home/airflow/.local/lib/python3.7/site-packages/airflow/example_dags/example_task_group_decorator.py
[2022-11-30 04:03:30,451] {logging_mixin.py:109} INFO - [2022-11-30 04:03:30,451] {dag.py:2398} INFO - Sync 1 DAGs
[2022-11-30 04:03:30,464] {logging_mixin.py:109} INFO - [2022-11-30 04:03:30,464] {dag.py:2937} INFO - Setting next_dagrun for example_task_group_decorator to 2022-11-29T04:03:30.463901+00:00
[2022-11-30 04:03:30,473] {processor.py:171} INFO - Processing /home/airflow/.local/lib/python3.7/site-packages/airflow/example_dags/example_task_group_decorator.py took 0.265 seconds
[2022-11-30 04:04:00,493] {processor.py:163} INFO - Started process (PID=4403) to work on /home/airflow/.local/lib/python3.7/site-packages/airflow/example_dags/example_task_group_decorator.py
[2022-11-30 04:04:00,494] {processor.py:642} INFO - Processing file /home/airflow/.local/lib/python3.7/site-packages/airflow/example_dags/example_task_group_decorator.py for tasks to queue
[2022-11-30 04:04:00,495] {logging_mixin.py:109} INFO - [2022-11-30 04:04:00,495] {dagbag.py:500} INFO - Filling up the DagBag from /home/airflow/.local/lib/python3.7/site-packages/airflow/example_dags/example_task_group_decorator.py
[2022-11-30 04:04:00,537] {processor.py:654} INFO - DAG(s) dict_keys(['example_task_group_decorator']) retrieved from /home/airflow/.local/lib/python3.7/site-packages/airflow/example_dags/example_task_group_decorator.py
[2022-11-30 04:04:00,714] {logging_mixin.py:109} INFO - [2022-11-30 04:04:00,714] {dag.py:2398} INFO - Sync 1 DAGs
[2022-11-30 04:04:00,729] {logging_mixin.py:109} INFO - [2022-11-30 04:04:00,729] {dag.py:2937} INFO - Setting next_dagrun for example_task_group_decorator to 2022-11-29T04:04:00.728937+00:00
[2022-11-30 04:04:00,742] {processor.py:171} INFO - Processing /home/airflow/.local/lib/python3.7/site-packages/airflow/example_dags/example_task_group_decorator.py took 0.252 seconds
[2022-11-30 04:04:31,789] {processor.py:163} INFO - Started process (PID=4489) to work on /home/airflow/.local/lib/python3.7/site-packages/airflow/example_dags/example_task_group_decorator.py
[2022-11-30 04:04:31,790] {processor.py:642} INFO - Processing file /home/airflow/.local/lib/python3.7/site-packages/airflow/example_dags/example_task_group_decorator.py for tasks to queue
[2022-11-30 04:04:31,791] {logging_mixin.py:109} INFO - [2022-11-30 04:04:31,791] {dagbag.py:500} INFO - Filling up the DagBag from /home/airflow/.local/lib/python3.7/site-packages/airflow/example_dags/example_task_group_decorator.py
[2022-11-30 04:04:31,826] {processor.py:654} INFO - DAG(s) dict_keys(['example_task_group_decorator']) retrieved from /home/airflow/.local/lib/python3.7/site-packages/airflow/example_dags/example_task_group_decorator.py
[2022-11-30 04:04:32,024] {logging_mixin.py:109} INFO - [2022-11-30 04:04:32,024] {dag.py:2398} INFO - Sync 1 DAGs
[2022-11-30 04:04:32,037] {logging_mixin.py:109} INFO - [2022-11-30 04:04:32,037] {dag.py:2937} INFO - Setting next_dagrun for example_task_group_decorator to 2022-11-29T04:04:32.037361+00:00
[2022-11-30 04:04:32,048] {processor.py:171} INFO - Processing /home/airflow/.local/lib/python3.7/site-packages/airflow/example_dags/example_task_group_decorator.py took 0.261 seconds
[2022-11-30 04:05:03,315] {processor.py:163} INFO - Started process (PID=4566) to work on /home/airflow/.local/lib/python3.7/site-packages/airflow/example_dags/example_task_group_decorator.py
[2022-11-30 04:05:03,316] {processor.py:642} INFO - Processing file /home/airflow/.local/lib/python3.7/site-packages/airflow/example_dags/example_task_group_decorator.py for tasks to queue
[2022-11-30 04:05:03,317] {logging_mixin.py:109} INFO - [2022-11-30 04:05:03,317] {dagbag.py:500} INFO - Filling up the DagBag from /home/airflow/.local/lib/python3.7/site-packages/airflow/example_dags/example_task_group_decorator.py
[2022-11-30 04:05:03,357] {processor.py:654} INFO - DAG(s) dict_keys(['example_task_group_decorator']) retrieved from /home/airflow/.local/lib/python3.7/site-packages/airflow/example_dags/example_task_group_decorator.py
[2022-11-30 04:05:03,544] {logging_mixin.py:109} INFO - [2022-11-30 04:05:03,544] {dag.py:2398} INFO - Sync 1 DAGs
[2022-11-30 04:05:03,556] {logging_mixin.py:109} INFO - [2022-11-30 04:05:03,556] {dag.py:2937} INFO - Setting next_dagrun for example_task_group_decorator to 2022-11-29T04:05:03.556598+00:00
[2022-11-30 04:05:03,567] {processor.py:171} INFO - Processing /home/airflow/.local/lib/python3.7/site-packages/airflow/example_dags/example_task_group_decorator.py took 0.255 seconds
[2022-11-30 04:05:34,667] {processor.py:163} INFO - Started process (PID=4652) to work on /home/airflow/.local/lib/python3.7/site-packages/airflow/example_dags/example_task_group_decorator.py
[2022-11-30 04:05:34,668] {processor.py:642} INFO - Processing file /home/airflow/.local/lib/python3.7/site-packages/airflow/example_dags/example_task_group_decorator.py for tasks to queue
[2022-11-30 04:05:34,669] {logging_mixin.py:109} INFO - [2022-11-30 04:05:34,669] {dagbag.py:500} INFO - Filling up the DagBag from /home/airflow/.local/lib/python3.7/site-packages/airflow/example_dags/example_task_group_decorator.py
[2022-11-30 04:05:34,715] {processor.py:654} INFO - DAG(s) dict_keys(['example_task_group_decorator']) retrieved from /home/airflow/.local/lib/python3.7/site-packages/airflow/example_dags/example_task_group_decorator.py
[2022-11-30 04:05:34,885] {logging_mixin.py:109} INFO - [2022-11-30 04:05:34,885] {dag.py:2398} INFO - Sync 1 DAGs
[2022-11-30 04:05:34,899] {logging_mixin.py:109} INFO - [2022-11-30 04:05:34,899] {dag.py:2937} INFO - Setting next_dagrun for example_task_group_decorator to 2022-11-29T04:05:34.899520+00:00
[2022-11-30 04:05:34,912] {processor.py:171} INFO - Processing /home/airflow/.local/lib/python3.7/site-packages/airflow/example_dags/example_task_group_decorator.py took 0.248 seconds
[2022-11-30 04:06:05,962] {processor.py:163} INFO - Started process (PID=4729) to work on /home/airflow/.local/lib/python3.7/site-packages/airflow/example_dags/example_task_group_decorator.py
[2022-11-30 04:06:05,963] {processor.py:642} INFO - Processing file /home/airflow/.local/lib/python3.7/site-packages/airflow/example_dags/example_task_group_decorator.py for tasks to queue
[2022-11-30 04:06:05,964] {logging_mixin.py:109} INFO - [2022-11-30 04:06:05,964] {dagbag.py:500} INFO - Filling up the DagBag from /home/airflow/.local/lib/python3.7/site-packages/airflow/example_dags/example_task_group_decorator.py
[2022-11-30 04:06:05,997] {processor.py:654} INFO - DAG(s) dict_keys(['example_task_group_decorator']) retrieved from /home/airflow/.local/lib/python3.7/site-packages/airflow/example_dags/example_task_group_decorator.py
[2022-11-30 04:06:06,148] {logging_mixin.py:109} INFO - [2022-11-30 04:06:06,148] {dag.py:2398} INFO - Sync 1 DAGs
[2022-11-30 04:06:06,162] {logging_mixin.py:109} INFO - [2022-11-30 04:06:06,161] {dag.py:2937} INFO - Setting next_dagrun for example_task_group_decorator to 2022-11-29T04:06:06.161670+00:00
[2022-11-30 04:06:06,174] {processor.py:171} INFO - Processing /home/airflow/.local/lib/python3.7/site-packages/airflow/example_dags/example_task_group_decorator.py took 0.215 seconds
[2022-11-30 04:06:37,608] {processor.py:163} INFO - Started process (PID=4815) to work on /home/airflow/.local/lib/python3.7/site-packages/airflow/example_dags/example_task_group_decorator.py
[2022-11-30 04:06:37,609] {processor.py:642} INFO - Processing file /home/airflow/.local/lib/python3.7/site-packages/airflow/example_dags/example_task_group_decorator.py for tasks to queue
[2022-11-30 04:06:37,609] {logging_mixin.py:109} INFO - [2022-11-30 04:06:37,609] {dagbag.py:500} INFO - Filling up the DagBag from /home/airflow/.local/lib/python3.7/site-packages/airflow/example_dags/example_task_group_decorator.py
[2022-11-30 04:06:37,642] {processor.py:654} INFO - DAG(s) dict_keys(['example_task_group_decorator']) retrieved from /home/airflow/.local/lib/python3.7/site-packages/airflow/example_dags/example_task_group_decorator.py
[2022-11-30 04:06:37,819] {logging_mixin.py:109} INFO - [2022-11-30 04:06:37,819] {dag.py:2398} INFO - Sync 1 DAGs
[2022-11-30 04:06:37,833] {logging_mixin.py:109} INFO - [2022-11-30 04:06:37,833] {dag.py:2937} INFO - Setting next_dagrun for example_task_group_decorator to 2022-11-29T04:06:37.833137+00:00
[2022-11-30 04:06:37,846] {processor.py:171} INFO - Processing /home/airflow/.local/lib/python3.7/site-packages/airflow/example_dags/example_task_group_decorator.py took 0.241 seconds
[2022-11-30 04:07:09,050] {processor.py:163} INFO - Started process (PID=4892) to work on /home/airflow/.local/lib/python3.7/site-packages/airflow/example_dags/example_task_group_decorator.py
[2022-11-30 04:07:09,051] {processor.py:642} INFO - Processing file /home/airflow/.local/lib/python3.7/site-packages/airflow/example_dags/example_task_group_decorator.py for tasks to queue
[2022-11-30 04:07:09,051] {logging_mixin.py:109} INFO - [2022-11-30 04:07:09,051] {dagbag.py:500} INFO - Filling up the DagBag from /home/airflow/.local/lib/python3.7/site-packages/airflow/example_dags/example_task_group_decorator.py
[2022-11-30 04:07:09,093] {processor.py:654} INFO - DAG(s) dict_keys(['example_task_group_decorator']) retrieved from /home/airflow/.local/lib/python3.7/site-packages/airflow/example_dags/example_task_group_decorator.py
[2022-11-30 04:07:09,251] {logging_mixin.py:109} INFO - [2022-11-30 04:07:09,250] {dag.py:2398} INFO - Sync 1 DAGs
[2022-11-30 04:07:09,262] {logging_mixin.py:109} INFO - [2022-11-30 04:07:09,262] {dag.py:2937} INFO - Setting next_dagrun for example_task_group_decorator to 2022-11-29T04:07:09.262505+00:00
[2022-11-30 04:07:09,272] {processor.py:171} INFO - Processing /home/airflow/.local/lib/python3.7/site-packages/airflow/example_dags/example_task_group_decorator.py took 0.224 seconds
[2022-11-30 04:07:40,598] {processor.py:163} INFO - Started process (PID=4978) to work on /home/airflow/.local/lib/python3.7/site-packages/airflow/example_dags/example_task_group_decorator.py
[2022-11-30 04:07:40,599] {processor.py:642} INFO - Processing file /home/airflow/.local/lib/python3.7/site-packages/airflow/example_dags/example_task_group_decorator.py for tasks to queue
[2022-11-30 04:07:40,599] {logging_mixin.py:109} INFO - [2022-11-30 04:07:40,599] {dagbag.py:500} INFO - Filling up the DagBag from /home/airflow/.local/lib/python3.7/site-packages/airflow/example_dags/example_task_group_decorator.py
[2022-11-30 04:07:40,633] {processor.py:654} INFO - DAG(s) dict_keys(['example_task_group_decorator']) retrieved from /home/airflow/.local/lib/python3.7/site-packages/airflow/example_dags/example_task_group_decorator.py
[2022-11-30 04:07:40,819] {logging_mixin.py:109} INFO - [2022-11-30 04:07:40,819] {dag.py:2398} INFO - Sync 1 DAGs
[2022-11-30 04:07:40,838] {logging_mixin.py:109} INFO - [2022-11-30 04:07:40,838] {dag.py:2937} INFO - Setting next_dagrun for example_task_group_decorator to 2022-11-29T04:07:40.838063+00:00
[2022-11-30 04:07:40,850] {processor.py:171} INFO - Processing /home/airflow/.local/lib/python3.7/site-packages/airflow/example_dags/example_task_group_decorator.py took 0.255 seconds
[2022-11-30 04:08:12,022] {processor.py:163} INFO - Started process (PID=5055) to work on /home/airflow/.local/lib/python3.7/site-packages/airflow/example_dags/example_task_group_decorator.py
[2022-11-30 04:08:12,023] {processor.py:642} INFO - Processing file /home/airflow/.local/lib/python3.7/site-packages/airflow/example_dags/example_task_group_decorator.py for tasks to queue
[2022-11-30 04:08:12,024] {logging_mixin.py:109} INFO - [2022-11-30 04:08:12,024] {dagbag.py:500} INFO - Filling up the DagBag from /home/airflow/.local/lib/python3.7/site-packages/airflow/example_dags/example_task_group_decorator.py
[2022-11-30 04:08:12,056] {processor.py:654} INFO - DAG(s) dict_keys(['example_task_group_decorator']) retrieved from /home/airflow/.local/lib/python3.7/site-packages/airflow/example_dags/example_task_group_decorator.py
[2022-11-30 04:08:12,208] {logging_mixin.py:109} INFO - [2022-11-30 04:08:12,208] {dag.py:2398} INFO - Sync 1 DAGs
[2022-11-30 04:08:12,222] {logging_mixin.py:109} INFO - [2022-11-30 04:08:12,222] {dag.py:2937} INFO - Setting next_dagrun for example_task_group_decorator to 2022-11-29T04:08:12.222168+00:00
[2022-11-30 04:08:12,231] {processor.py:171} INFO - Processing /home/airflow/.local/lib/python3.7/site-packages/airflow/example_dags/example_task_group_decorator.py took 0.212 seconds
[2022-11-30 04:08:43,672] {processor.py:163} INFO - Started process (PID=5141) to work on /home/airflow/.local/lib/python3.7/site-packages/airflow/example_dags/example_task_group_decorator.py
[2022-11-30 04:08:43,673] {processor.py:642} INFO - Processing file /home/airflow/.local/lib/python3.7/site-packages/airflow/example_dags/example_task_group_decorator.py for tasks to queue
[2022-11-30 04:08:43,673] {logging_mixin.py:109} INFO - [2022-11-30 04:08:43,673] {dagbag.py:500} INFO - Filling up the DagBag from /home/airflow/.local/lib/python3.7/site-packages/airflow/example_dags/example_task_group_decorator.py
[2022-11-30 04:08:43,711] {processor.py:654} INFO - DAG(s) dict_keys(['example_task_group_decorator']) retrieved from /home/airflow/.local/lib/python3.7/site-packages/airflow/example_dags/example_task_group_decorator.py
[2022-11-30 04:08:43,925] {logging_mixin.py:109} INFO - [2022-11-30 04:08:43,925] {dag.py:2398} INFO - Sync 1 DAGs
[2022-11-30 04:08:43,938] {logging_mixin.py:109} INFO - [2022-11-30 04:08:43,938] {dag.py:2937} INFO - Setting next_dagrun for example_task_group_decorator to 2022-11-29T04:08:43.937897+00:00
[2022-11-30 04:08:43,948] {processor.py:171} INFO - Processing /home/airflow/.local/lib/python3.7/site-packages/airflow/example_dags/example_task_group_decorator.py took 0.279 seconds
[2022-11-30 04:09:14,078] {processor.py:163} INFO - Started process (PID=5220) to work on /home/airflow/.local/lib/python3.7/site-packages/airflow/example_dags/example_task_group_decorator.py
[2022-11-30 04:09:14,079] {processor.py:642} INFO - Processing file /home/airflow/.local/lib/python3.7/site-packages/airflow/example_dags/example_task_group_decorator.py for tasks to queue
[2022-11-30 04:09:14,080] {logging_mixin.py:109} INFO - [2022-11-30 04:09:14,079] {dagbag.py:500} INFO - Filling up the DagBag from /home/airflow/.local/lib/python3.7/site-packages/airflow/example_dags/example_task_group_decorator.py
[2022-11-30 04:09:14,117] {processor.py:654} INFO - DAG(s) dict_keys(['example_task_group_decorator']) retrieved from /home/airflow/.local/lib/python3.7/site-packages/airflow/example_dags/example_task_group_decorator.py
[2022-11-30 04:09:14,308] {logging_mixin.py:109} INFO - [2022-11-30 04:09:14,307] {dag.py:2398} INFO - Sync 1 DAGs
[2022-11-30 04:09:14,322] {logging_mixin.py:109} INFO - [2022-11-30 04:09:14,322] {dag.py:2937} INFO - Setting next_dagrun for example_task_group_decorator to 2022-11-29T04:09:14.322038+00:00
[2022-11-30 04:09:14,336] {processor.py:171} INFO - Processing /home/airflow/.local/lib/python3.7/site-packages/airflow/example_dags/example_task_group_decorator.py took 0.261 seconds
[2022-11-30 04:09:45,581] {processor.py:163} INFO - Started process (PID=5306) to work on /home/airflow/.local/lib/python3.7/site-packages/airflow/example_dags/example_task_group_decorator.py
[2022-11-30 04:09:45,582] {processor.py:642} INFO - Processing file /home/airflow/.local/lib/python3.7/site-packages/airflow/example_dags/example_task_group_decorator.py for tasks to queue
[2022-11-30 04:09:45,582] {logging_mixin.py:109} INFO - [2022-11-30 04:09:45,582] {dagbag.py:500} INFO - Filling up the DagBag from /home/airflow/.local/lib/python3.7/site-packages/airflow/example_dags/example_task_group_decorator.py
[2022-11-30 04:09:45,624] {processor.py:654} INFO - DAG(s) dict_keys(['example_task_group_decorator']) retrieved from /home/airflow/.local/lib/python3.7/site-packages/airflow/example_dags/example_task_group_decorator.py
[2022-11-30 04:09:45,786] {logging_mixin.py:109} INFO - [2022-11-30 04:09:45,786] {dag.py:2398} INFO - Sync 1 DAGs
[2022-11-30 04:09:45,799] {logging_mixin.py:109} INFO - [2022-11-30 04:09:45,799] {dag.py:2937} INFO - Setting next_dagrun for example_task_group_decorator to 2022-11-29T04:09:45.799083+00:00
[2022-11-30 04:09:45,808] {processor.py:171} INFO - Processing /home/airflow/.local/lib/python3.7/site-packages/airflow/example_dags/example_task_group_decorator.py took 0.229 seconds
[2022-11-30 04:10:16,425] {processor.py:163} INFO - Started process (PID=5383) to work on /home/airflow/.local/lib/python3.7/site-packages/airflow/example_dags/example_task_group_decorator.py
[2022-11-30 04:10:16,427] {processor.py:642} INFO - Processing file /home/airflow/.local/lib/python3.7/site-packages/airflow/example_dags/example_task_group_decorator.py for tasks to queue
[2022-11-30 04:10:16,428] {logging_mixin.py:109} INFO - [2022-11-30 04:10:16,427] {dagbag.py:500} INFO - Filling up the DagBag from /home/airflow/.local/lib/python3.7/site-packages/airflow/example_dags/example_task_group_decorator.py
[2022-11-30 04:10:16,466] {processor.py:654} INFO - DAG(s) dict_keys(['example_task_group_decorator']) retrieved from /home/airflow/.local/lib/python3.7/site-packages/airflow/example_dags/example_task_group_decorator.py
[2022-11-30 04:10:16,641] {logging_mixin.py:109} INFO - [2022-11-30 04:10:16,641] {dag.py:2398} INFO - Sync 1 DAGs
[2022-11-30 04:10:16,655] {logging_mixin.py:109} INFO - [2022-11-30 04:10:16,655] {dag.py:2937} INFO - Setting next_dagrun for example_task_group_decorator to 2022-11-29T04:10:16.654839+00:00
[2022-11-30 04:10:16,666] {processor.py:171} INFO - Processing /home/airflow/.local/lib/python3.7/site-packages/airflow/example_dags/example_task_group_decorator.py took 0.245 seconds
[2022-11-30 04:10:47,919] {processor.py:163} INFO - Started process (PID=5469) to work on /home/airflow/.local/lib/python3.7/site-packages/airflow/example_dags/example_task_group_decorator.py
[2022-11-30 04:10:47,921] {processor.py:642} INFO - Processing file /home/airflow/.local/lib/python3.7/site-packages/airflow/example_dags/example_task_group_decorator.py for tasks to queue
[2022-11-30 04:10:47,922] {logging_mixin.py:109} INFO - [2022-11-30 04:10:47,922] {dagbag.py:500} INFO - Filling up the DagBag from /home/airflow/.local/lib/python3.7/site-packages/airflow/example_dags/example_task_group_decorator.py
[2022-11-30 04:10:47,961] {processor.py:654} INFO - DAG(s) dict_keys(['example_task_group_decorator']) retrieved from /home/airflow/.local/lib/python3.7/site-packages/airflow/example_dags/example_task_group_decorator.py
[2022-11-30 04:10:48,169] {logging_mixin.py:109} INFO - [2022-11-30 04:10:48,169] {dag.py:2398} INFO - Sync 1 DAGs
[2022-11-30 04:10:48,190] {logging_mixin.py:109} INFO - [2022-11-30 04:10:48,190] {dag.py:2937} INFO - Setting next_dagrun for example_task_group_decorator to 2022-11-29T04:10:48.190068+00:00
[2022-11-30 04:10:48,204] {processor.py:171} INFO - Processing /home/airflow/.local/lib/python3.7/site-packages/airflow/example_dags/example_task_group_decorator.py took 0.287 seconds
[2022-11-30 04:11:19,279] {processor.py:163} INFO - Started process (PID=5546) to work on /home/airflow/.local/lib/python3.7/site-packages/airflow/example_dags/example_task_group_decorator.py
[2022-11-30 04:11:19,280] {processor.py:642} INFO - Processing file /home/airflow/.local/lib/python3.7/site-packages/airflow/example_dags/example_task_group_decorator.py for tasks to queue
[2022-11-30 04:11:19,281] {logging_mixin.py:109} INFO - [2022-11-30 04:11:19,281] {dagbag.py:500} INFO - Filling up the DagBag from /home/airflow/.local/lib/python3.7/site-packages/airflow/example_dags/example_task_group_decorator.py
[2022-11-30 04:11:19,319] {processor.py:654} INFO - DAG(s) dict_keys(['example_task_group_decorator']) retrieved from /home/airflow/.local/lib/python3.7/site-packages/airflow/example_dags/example_task_group_decorator.py
[2022-11-30 04:11:19,498] {logging_mixin.py:109} INFO - [2022-11-30 04:11:19,497] {dag.py:2398} INFO - Sync 1 DAGs
[2022-11-30 04:11:19,513] {logging_mixin.py:109} INFO - [2022-11-30 04:11:19,513] {dag.py:2937} INFO - Setting next_dagrun for example_task_group_decorator to 2022-11-29T04:11:19.512876+00:00
[2022-11-30 04:11:19,527] {processor.py:171} INFO - Processing /home/airflow/.local/lib/python3.7/site-packages/airflow/example_dags/example_task_group_decorator.py took 0.251 seconds
[2022-11-30 04:11:50,852] {processor.py:163} INFO - Started process (PID=5632) to work on /home/airflow/.local/lib/python3.7/site-packages/airflow/example_dags/example_task_group_decorator.py
[2022-11-30 04:11:50,853] {processor.py:642} INFO - Processing file /home/airflow/.local/lib/python3.7/site-packages/airflow/example_dags/example_task_group_decorator.py for tasks to queue
[2022-11-30 04:11:50,853] {logging_mixin.py:109} INFO - [2022-11-30 04:11:50,853] {dagbag.py:500} INFO - Filling up the DagBag from /home/airflow/.local/lib/python3.7/site-packages/airflow/example_dags/example_task_group_decorator.py
[2022-11-30 04:11:50,895] {processor.py:654} INFO - DAG(s) dict_keys(['example_task_group_decorator']) retrieved from /home/airflow/.local/lib/python3.7/site-packages/airflow/example_dags/example_task_group_decorator.py
[2022-11-30 04:11:51,109] {logging_mixin.py:109} INFO - [2022-11-30 04:11:51,109] {dag.py:2398} INFO - Sync 1 DAGs
[2022-11-30 04:11:51,126] {logging_mixin.py:109} INFO - [2022-11-30 04:11:51,125] {dag.py:2937} INFO - Setting next_dagrun for example_task_group_decorator to 2022-11-29T04:11:51.125700+00:00
[2022-11-30 04:11:51,138] {processor.py:171} INFO - Processing /home/airflow/.local/lib/python3.7/site-packages/airflow/example_dags/example_task_group_decorator.py took 0.290 seconds
[2022-11-30 04:12:21,422] {processor.py:163} INFO - Started process (PID=5710) to work on /home/airflow/.local/lib/python3.7/site-packages/airflow/example_dags/example_task_group_decorator.py
[2022-11-30 04:12:21,423] {processor.py:642} INFO - Processing file /home/airflow/.local/lib/python3.7/site-packages/airflow/example_dags/example_task_group_decorator.py for tasks to queue
[2022-11-30 04:12:21,423] {logging_mixin.py:109} INFO - [2022-11-30 04:12:21,423] {dagbag.py:500} INFO - Filling up the DagBag from /home/airflow/.local/lib/python3.7/site-packages/airflow/example_dags/example_task_group_decorator.py
[2022-11-30 04:12:21,459] {processor.py:654} INFO - DAG(s) dict_keys(['example_task_group_decorator']) retrieved from /home/airflow/.local/lib/python3.7/site-packages/airflow/example_dags/example_task_group_decorator.py
[2022-11-30 04:12:21,649] {logging_mixin.py:109} INFO - [2022-11-30 04:12:21,649] {dag.py:2398} INFO - Sync 1 DAGs
[2022-11-30 04:12:21,663] {logging_mixin.py:109} INFO - [2022-11-30 04:12:21,663] {dag.py:2937} INFO - Setting next_dagrun for example_task_group_decorator to 2022-11-29T04:12:21.663358+00:00
[2022-11-30 04:12:21,673] {processor.py:171} INFO - Processing /home/airflow/.local/lib/python3.7/site-packages/airflow/example_dags/example_task_group_decorator.py took 0.253 seconds
[2022-11-30 04:12:52,661] {processor.py:163} INFO - Started process (PID=5795) to work on /home/airflow/.local/lib/python3.7/site-packages/airflow/example_dags/example_task_group_decorator.py
[2022-11-30 04:12:52,662] {processor.py:642} INFO - Processing file /home/airflow/.local/lib/python3.7/site-packages/airflow/example_dags/example_task_group_decorator.py for tasks to queue
[2022-11-30 04:12:52,662] {logging_mixin.py:109} INFO - [2022-11-30 04:12:52,662] {dagbag.py:500} INFO - Filling up the DagBag from /home/airflow/.local/lib/python3.7/site-packages/airflow/example_dags/example_task_group_decorator.py
[2022-11-30 04:12:52,700] {processor.py:654} INFO - DAG(s) dict_keys(['example_task_group_decorator']) retrieved from /home/airflow/.local/lib/python3.7/site-packages/airflow/example_dags/example_task_group_decorator.py
[2022-11-30 04:12:52,877] {logging_mixin.py:109} INFO - [2022-11-30 04:12:52,877] {dag.py:2398} INFO - Sync 1 DAGs
[2022-11-30 04:12:52,893] {logging_mixin.py:109} INFO - [2022-11-30 04:12:52,892] {dag.py:2937} INFO - Setting next_dagrun for example_task_group_decorator to 2022-11-29T04:12:52.892692+00:00
[2022-11-30 04:12:52,908] {processor.py:171} INFO - Processing /home/airflow/.local/lib/python3.7/site-packages/airflow/example_dags/example_task_group_decorator.py took 0.250 seconds
[2022-11-30 04:13:24,056] {processor.py:163} INFO - Started process (PID=5873) to work on /home/airflow/.local/lib/python3.7/site-packages/airflow/example_dags/example_task_group_decorator.py
[2022-11-30 04:13:24,058] {processor.py:642} INFO - Processing file /home/airflow/.local/lib/python3.7/site-packages/airflow/example_dags/example_task_group_decorator.py for tasks to queue
[2022-11-30 04:13:24,058] {logging_mixin.py:109} INFO - [2022-11-30 04:13:24,058] {dagbag.py:500} INFO - Filling up the DagBag from /home/airflow/.local/lib/python3.7/site-packages/airflow/example_dags/example_task_group_decorator.py
[2022-11-30 04:13:24,099] {processor.py:654} INFO - DAG(s) dict_keys(['example_task_group_decorator']) retrieved from /home/airflow/.local/lib/python3.7/site-packages/airflow/example_dags/example_task_group_decorator.py
[2022-11-30 04:13:24,269] {logging_mixin.py:109} INFO - [2022-11-30 04:13:24,269] {dag.py:2398} INFO - Sync 1 DAGs
[2022-11-30 04:13:24,282] {logging_mixin.py:109} INFO - [2022-11-30 04:13:24,282] {dag.py:2937} INFO - Setting next_dagrun for example_task_group_decorator to 2022-11-29T04:13:24.282603+00:00
[2022-11-30 04:13:24,293] {processor.py:171} INFO - Processing /home/airflow/.local/lib/python3.7/site-packages/airflow/example_dags/example_task_group_decorator.py took 0.239 seconds
[2022-11-30 04:13:56,184] {processor.py:163} INFO - Started process (PID=5959) to work on /home/airflow/.local/lib/python3.7/site-packages/airflow/example_dags/example_task_group_decorator.py
[2022-11-30 04:13:56,185] {processor.py:642} INFO - Processing file /home/airflow/.local/lib/python3.7/site-packages/airflow/example_dags/example_task_group_decorator.py for tasks to queue
[2022-11-30 04:13:56,186] {logging_mixin.py:109} INFO - [2022-11-30 04:13:56,186] {dagbag.py:500} INFO - Filling up the DagBag from /home/airflow/.local/lib/python3.7/site-packages/airflow/example_dags/example_task_group_decorator.py
[2022-11-30 04:13:56,231] {processor.py:654} INFO - DAG(s) dict_keys(['example_task_group_decorator']) retrieved from /home/airflow/.local/lib/python3.7/site-packages/airflow/example_dags/example_task_group_decorator.py
[2022-11-30 04:13:56,403] {logging_mixin.py:109} INFO - [2022-11-30 04:13:56,403] {dag.py:2398} INFO - Sync 1 DAGs
[2022-11-30 04:13:56,414] {logging_mixin.py:109} INFO - [2022-11-30 04:13:56,414] {dag.py:2937} INFO - Setting next_dagrun for example_task_group_decorator to 2022-11-29T04:13:56.414395+00:00
[2022-11-30 04:13:56,425] {processor.py:171} INFO - Processing /home/airflow/.local/lib/python3.7/site-packages/airflow/example_dags/example_task_group_decorator.py took 0.244 seconds
[2022-11-30 04:14:26,633] {processor.py:163} INFO - Started process (PID=6036) to work on /home/airflow/.local/lib/python3.7/site-packages/airflow/example_dags/example_task_group_decorator.py
[2022-11-30 04:14:26,635] {processor.py:642} INFO - Processing file /home/airflow/.local/lib/python3.7/site-packages/airflow/example_dags/example_task_group_decorator.py for tasks to queue
[2022-11-30 04:14:26,636] {logging_mixin.py:109} INFO - [2022-11-30 04:14:26,635] {dagbag.py:500} INFO - Filling up the DagBag from /home/airflow/.local/lib/python3.7/site-packages/airflow/example_dags/example_task_group_decorator.py
[2022-11-30 04:14:26,673] {processor.py:654} INFO - DAG(s) dict_keys(['example_task_group_decorator']) retrieved from /home/airflow/.local/lib/python3.7/site-packages/airflow/example_dags/example_task_group_decorator.py
[2022-11-30 04:14:26,850] {logging_mixin.py:109} INFO - [2022-11-30 04:14:26,850] {dag.py:2398} INFO - Sync 1 DAGs
[2022-11-30 04:14:26,863] {logging_mixin.py:109} INFO - [2022-11-30 04:14:26,863] {dag.py:2937} INFO - Setting next_dagrun for example_task_group_decorator to 2022-11-29T04:14:26.863107+00:00
[2022-11-30 04:14:26,872] {processor.py:171} INFO - Processing /home/airflow/.local/lib/python3.7/site-packages/airflow/example_dags/example_task_group_decorator.py took 0.242 seconds
[2022-11-30 04:14:58,314] {processor.py:163} INFO - Started process (PID=6122) to work on /home/airflow/.local/lib/python3.7/site-packages/airflow/example_dags/example_task_group_decorator.py
[2022-11-30 04:14:58,316] {processor.py:642} INFO - Processing file /home/airflow/.local/lib/python3.7/site-packages/airflow/example_dags/example_task_group_decorator.py for tasks to queue
[2022-11-30 04:14:58,316] {logging_mixin.py:109} INFO - [2022-11-30 04:14:58,316] {dagbag.py:500} INFO - Filling up the DagBag from /home/airflow/.local/lib/python3.7/site-packages/airflow/example_dags/example_task_group_decorator.py
[2022-11-30 04:14:58,367] {processor.py:654} INFO - DAG(s) dict_keys(['example_task_group_decorator']) retrieved from /home/airflow/.local/lib/python3.7/site-packages/airflow/example_dags/example_task_group_decorator.py
[2022-11-30 04:14:58,578] {logging_mixin.py:109} INFO - [2022-11-30 04:14:58,578] {dag.py:2398} INFO - Sync 1 DAGs
[2022-11-30 04:14:58,595] {logging_mixin.py:109} INFO - [2022-11-30 04:14:58,595] {dag.py:2937} INFO - Setting next_dagrun for example_task_group_decorator to 2022-11-29T04:14:58.595480+00:00
[2022-11-30 04:14:58,606] {processor.py:171} INFO - Processing /home/airflow/.local/lib/python3.7/site-packages/airflow/example_dags/example_task_group_decorator.py took 0.296 seconds
[2022-11-30 04:15:29,122] {processor.py:163} INFO - Started process (PID=6199) to work on /home/airflow/.local/lib/python3.7/site-packages/airflow/example_dags/example_task_group_decorator.py
[2022-11-30 04:15:29,123] {processor.py:642} INFO - Processing file /home/airflow/.local/lib/python3.7/site-packages/airflow/example_dags/example_task_group_decorator.py for tasks to queue
[2022-11-30 04:15:29,123] {logging_mixin.py:109} INFO - [2022-11-30 04:15:29,123] {dagbag.py:500} INFO - Filling up the DagBag from /home/airflow/.local/lib/python3.7/site-packages/airflow/example_dags/example_task_group_decorator.py
[2022-11-30 04:15:29,162] {processor.py:654} INFO - DAG(s) dict_keys(['example_task_group_decorator']) retrieved from /home/airflow/.local/lib/python3.7/site-packages/airflow/example_dags/example_task_group_decorator.py
[2022-11-30 04:15:29,352] {logging_mixin.py:109} INFO - [2022-11-30 04:15:29,352] {dag.py:2398} INFO - Sync 1 DAGs
[2022-11-30 04:15:29,365] {logging_mixin.py:109} INFO - [2022-11-30 04:15:29,365] {dag.py:2937} INFO - Setting next_dagrun for example_task_group_decorator to 2022-11-29T04:15:29.365300+00:00
[2022-11-30 04:15:29,375] {processor.py:171} INFO - Processing /home/airflow/.local/lib/python3.7/site-packages/airflow/example_dags/example_task_group_decorator.py took 0.256 seconds
[2022-11-30 04:15:59,761] {processor.py:163} INFO - Started process (PID=6285) to work on /home/airflow/.local/lib/python3.7/site-packages/airflow/example_dags/example_task_group_decorator.py
[2022-11-30 04:15:59,762] {processor.py:642} INFO - Processing file /home/airflow/.local/lib/python3.7/site-packages/airflow/example_dags/example_task_group_decorator.py for tasks to queue
[2022-11-30 04:15:59,762] {logging_mixin.py:109} INFO - [2022-11-30 04:15:59,762] {dagbag.py:500} INFO - Filling up the DagBag from /home/airflow/.local/lib/python3.7/site-packages/airflow/example_dags/example_task_group_decorator.py
[2022-11-30 04:15:59,803] {processor.py:654} INFO - DAG(s) dict_keys(['example_task_group_decorator']) retrieved from /home/airflow/.local/lib/python3.7/site-packages/airflow/example_dags/example_task_group_decorator.py
[2022-11-30 04:16:00,000] {logging_mixin.py:109} INFO - [2022-11-30 04:16:00,000] {dag.py:2398} INFO - Sync 1 DAGs
[2022-11-30 04:16:00,020] {logging_mixin.py:109} INFO - [2022-11-30 04:16:00,020] {dag.py:2937} INFO - Setting next_dagrun for example_task_group_decorator to 2022-11-29T04:16:00.019931+00:00
[2022-11-30 04:16:00,033] {processor.py:171} INFO - Processing /home/airflow/.local/lib/python3.7/site-packages/airflow/example_dags/example_task_group_decorator.py took 0.275 seconds
[2022-11-30 04:16:30,596] {processor.py:163} INFO - Started process (PID=6362) to work on /home/airflow/.local/lib/python3.7/site-packages/airflow/example_dags/example_task_group_decorator.py
[2022-11-30 04:16:30,597] {processor.py:642} INFO - Processing file /home/airflow/.local/lib/python3.7/site-packages/airflow/example_dags/example_task_group_decorator.py for tasks to queue
[2022-11-30 04:16:30,598] {logging_mixin.py:109} INFO - [2022-11-30 04:16:30,598] {dagbag.py:500} INFO - Filling up the DagBag from /home/airflow/.local/lib/python3.7/site-packages/airflow/example_dags/example_task_group_decorator.py
[2022-11-30 04:16:30,643] {processor.py:654} INFO - DAG(s) dict_keys(['example_task_group_decorator']) retrieved from /home/airflow/.local/lib/python3.7/site-packages/airflow/example_dags/example_task_group_decorator.py
[2022-11-30 04:16:30,831] {logging_mixin.py:109} INFO - [2022-11-30 04:16:30,831] {dag.py:2398} INFO - Sync 1 DAGs
[2022-11-30 04:16:30,843] {logging_mixin.py:109} INFO - [2022-11-30 04:16:30,843] {dag.py:2937} INFO - Setting next_dagrun for example_task_group_decorator to 2022-11-29T04:16:30.843346+00:00
[2022-11-30 04:16:30,852] {processor.py:171} INFO - Processing /home/airflow/.local/lib/python3.7/site-packages/airflow/example_dags/example_task_group_decorator.py took 0.258 seconds
[2022-11-30 04:17:01,311] {processor.py:163} INFO - Started process (PID=6439) to work on /home/airflow/.local/lib/python3.7/site-packages/airflow/example_dags/example_task_group_decorator.py
[2022-11-30 04:17:01,313] {processor.py:642} INFO - Processing file /home/airflow/.local/lib/python3.7/site-packages/airflow/example_dags/example_task_group_decorator.py for tasks to queue
[2022-11-30 04:17:01,314] {logging_mixin.py:109} INFO - [2022-11-30 04:17:01,314] {dagbag.py:500} INFO - Filling up the DagBag from /home/airflow/.local/lib/python3.7/site-packages/airflow/example_dags/example_task_group_decorator.py
[2022-11-30 04:17:01,359] {processor.py:654} INFO - DAG(s) dict_keys(['example_task_group_decorator']) retrieved from /home/airflow/.local/lib/python3.7/site-packages/airflow/example_dags/example_task_group_decorator.py
[2022-11-30 04:17:01,610] {logging_mixin.py:109} INFO - [2022-11-30 04:17:01,610] {dag.py:2398} INFO - Sync 1 DAGs
[2022-11-30 04:17:01,631] {logging_mixin.py:109} INFO - [2022-11-30 04:17:01,631] {dag.py:2937} INFO - Setting next_dagrun for example_task_group_decorator to 2022-11-29T04:17:01.630927+00:00
[2022-11-30 04:17:01,647] {processor.py:171} INFO - Processing /home/airflow/.local/lib/python3.7/site-packages/airflow/example_dags/example_task_group_decorator.py took 0.339 seconds
[2022-11-30 04:17:32,086] {processor.py:163} INFO - Started process (PID=6525) to work on /home/airflow/.local/lib/python3.7/site-packages/airflow/example_dags/example_task_group_decorator.py
[2022-11-30 04:17:32,087] {processor.py:642} INFO - Processing file /home/airflow/.local/lib/python3.7/site-packages/airflow/example_dags/example_task_group_decorator.py for tasks to queue
[2022-11-30 04:17:32,088] {logging_mixin.py:109} INFO - [2022-11-30 04:17:32,088] {dagbag.py:500} INFO - Filling up the DagBag from /home/airflow/.local/lib/python3.7/site-packages/airflow/example_dags/example_task_group_decorator.py
[2022-11-30 04:17:32,133] {processor.py:654} INFO - DAG(s) dict_keys(['example_task_group_decorator']) retrieved from /home/airflow/.local/lib/python3.7/site-packages/airflow/example_dags/example_task_group_decorator.py
[2022-11-30 04:17:32,312] {logging_mixin.py:109} INFO - [2022-11-30 04:17:32,312] {dag.py:2398} INFO - Sync 1 DAGs
[2022-11-30 04:17:32,325] {logging_mixin.py:109} INFO - [2022-11-30 04:17:32,325] {dag.py:2937} INFO - Setting next_dagrun for example_task_group_decorator to 2022-11-29T04:17:32.325457+00:00
[2022-11-30 04:17:32,335] {processor.py:171} INFO - Processing /home/airflow/.local/lib/python3.7/site-packages/airflow/example_dags/example_task_group_decorator.py took 0.253 seconds
[2022-11-30 04:18:03,504] {processor.py:163} INFO - Started process (PID=6602) to work on /home/airflow/.local/lib/python3.7/site-packages/airflow/example_dags/example_task_group_decorator.py
[2022-11-30 04:18:03,506] {processor.py:642} INFO - Processing file /home/airflow/.local/lib/python3.7/site-packages/airflow/example_dags/example_task_group_decorator.py for tasks to queue
[2022-11-30 04:18:03,506] {logging_mixin.py:109} INFO - [2022-11-30 04:18:03,506] {dagbag.py:500} INFO - Filling up the DagBag from /home/airflow/.local/lib/python3.7/site-packages/airflow/example_dags/example_task_group_decorator.py
[2022-11-30 04:18:03,539] {processor.py:654} INFO - DAG(s) dict_keys(['example_task_group_decorator']) retrieved from /home/airflow/.local/lib/python3.7/site-packages/airflow/example_dags/example_task_group_decorator.py
[2022-11-30 04:18:03,698] {logging_mixin.py:109} INFO - [2022-11-30 04:18:03,698] {dag.py:2398} INFO - Sync 1 DAGs
[2022-11-30 04:18:03,710] {logging_mixin.py:109} INFO - [2022-11-30 04:18:03,710] {dag.py:2937} INFO - Setting next_dagrun for example_task_group_decorator to 2022-11-29T04:18:03.710350+00:00
[2022-11-30 04:18:03,722] {processor.py:171} INFO - Processing /home/airflow/.local/lib/python3.7/site-packages/airflow/example_dags/example_task_group_decorator.py took 0.220 seconds
[2022-11-30 04:18:35,097] {processor.py:163} INFO - Started process (PID=6688) to work on /home/airflow/.local/lib/python3.7/site-packages/airflow/example_dags/example_task_group_decorator.py
[2022-11-30 04:18:35,097] {processor.py:642} INFO - Processing file /home/airflow/.local/lib/python3.7/site-packages/airflow/example_dags/example_task_group_decorator.py for tasks to queue
[2022-11-30 04:18:35,098] {logging_mixin.py:109} INFO - [2022-11-30 04:18:35,098] {dagbag.py:500} INFO - Filling up the DagBag from /home/airflow/.local/lib/python3.7/site-packages/airflow/example_dags/example_task_group_decorator.py
[2022-11-30 04:18:35,139] {processor.py:654} INFO - DAG(s) dict_keys(['example_task_group_decorator']) retrieved from /home/airflow/.local/lib/python3.7/site-packages/airflow/example_dags/example_task_group_decorator.py
[2022-11-30 04:18:35,323] {logging_mixin.py:109} INFO - [2022-11-30 04:18:35,323] {dag.py:2398} INFO - Sync 1 DAGs
[2022-11-30 04:18:35,337] {logging_mixin.py:109} INFO - [2022-11-30 04:18:35,337] {dag.py:2937} INFO - Setting next_dagrun for example_task_group_decorator to 2022-11-29T04:18:35.336815+00:00
[2022-11-30 04:18:35,348] {processor.py:171} INFO - Processing /home/airflow/.local/lib/python3.7/site-packages/airflow/example_dags/example_task_group_decorator.py took 0.255 seconds
[2022-11-30 04:19:05,848] {processor.py:163} INFO - Started process (PID=6765) to work on /home/airflow/.local/lib/python3.7/site-packages/airflow/example_dags/example_task_group_decorator.py
[2022-11-30 04:19:05,849] {processor.py:642} INFO - Processing file /home/airflow/.local/lib/python3.7/site-packages/airflow/example_dags/example_task_group_decorator.py for tasks to queue
[2022-11-30 04:19:05,849] {logging_mixin.py:109} INFO - [2022-11-30 04:19:05,849] {dagbag.py:500} INFO - Filling up the DagBag from /home/airflow/.local/lib/python3.7/site-packages/airflow/example_dags/example_task_group_decorator.py
[2022-11-30 04:19:05,884] {processor.py:654} INFO - DAG(s) dict_keys(['example_task_group_decorator']) retrieved from /home/airflow/.local/lib/python3.7/site-packages/airflow/example_dags/example_task_group_decorator.py
[2022-11-30 04:19:06,049] {logging_mixin.py:109} INFO - [2022-11-30 04:19:06,048] {dag.py:2398} INFO - Sync 1 DAGs
[2022-11-30 04:19:06,062] {logging_mixin.py:109} INFO - [2022-11-30 04:19:06,062] {dag.py:2937} INFO - Setting next_dagrun for example_task_group_decorator to 2022-11-29T04:19:06.061768+00:00
[2022-11-30 04:19:06,072] {processor.py:171} INFO - Processing /home/airflow/.local/lib/python3.7/site-packages/airflow/example_dags/example_task_group_decorator.py took 0.227 seconds
[2022-11-30 04:19:37,076] {processor.py:163} INFO - Started process (PID=6851) to work on /home/airflow/.local/lib/python3.7/site-packages/airflow/example_dags/example_task_group_decorator.py
[2022-11-30 04:19:37,078] {processor.py:642} INFO - Processing file /home/airflow/.local/lib/python3.7/site-packages/airflow/example_dags/example_task_group_decorator.py for tasks to queue
[2022-11-30 04:19:37,078] {logging_mixin.py:109} INFO - [2022-11-30 04:19:37,078] {dagbag.py:500} INFO - Filling up the DagBag from /home/airflow/.local/lib/python3.7/site-packages/airflow/example_dags/example_task_group_decorator.py
[2022-11-30 04:19:37,122] {processor.py:654} INFO - DAG(s) dict_keys(['example_task_group_decorator']) retrieved from /home/airflow/.local/lib/python3.7/site-packages/airflow/example_dags/example_task_group_decorator.py
[2022-11-30 04:19:37,297] {logging_mixin.py:109} INFO - [2022-11-30 04:19:37,297] {dag.py:2398} INFO - Sync 1 DAGs
[2022-11-30 04:19:37,311] {logging_mixin.py:109} INFO - [2022-11-30 04:19:37,310] {dag.py:2937} INFO - Setting next_dagrun for example_task_group_decorator to 2022-11-29T04:19:37.310625+00:00
[2022-11-30 04:19:37,322] {processor.py:171} INFO - Processing /home/airflow/.local/lib/python3.7/site-packages/airflow/example_dags/example_task_group_decorator.py took 0.250 seconds
[2022-11-30 04:20:08,536] {processor.py:163} INFO - Started process (PID=6931) to work on /home/airflow/.local/lib/python3.7/site-packages/airflow/example_dags/example_task_group_decorator.py
[2022-11-30 04:20:08,537] {processor.py:642} INFO - Processing file /home/airflow/.local/lib/python3.7/site-packages/airflow/example_dags/example_task_group_decorator.py for tasks to queue
[2022-11-30 04:20:08,537] {logging_mixin.py:109} INFO - [2022-11-30 04:20:08,537] {dagbag.py:500} INFO - Filling up the DagBag from /home/airflow/.local/lib/python3.7/site-packages/airflow/example_dags/example_task_group_decorator.py
[2022-11-30 04:20:08,573] {processor.py:654} INFO - DAG(s) dict_keys(['example_task_group_decorator']) retrieved from /home/airflow/.local/lib/python3.7/site-packages/airflow/example_dags/example_task_group_decorator.py
[2022-11-30 04:20:08,741] {logging_mixin.py:109} INFO - [2022-11-30 04:20:08,741] {dag.py:2398} INFO - Sync 1 DAGs
[2022-11-30 04:20:08,752] {logging_mixin.py:109} INFO - [2022-11-30 04:20:08,752] {dag.py:2937} INFO - Setting next_dagrun for example_task_group_decorator to 2022-11-29T04:20:08.752252+00:00
[2022-11-30 04:20:08,762] {processor.py:171} INFO - Processing /home/airflow/.local/lib/python3.7/site-packages/airflow/example_dags/example_task_group_decorator.py took 0.230 seconds
[2022-11-30 04:20:40,118] {processor.py:163} INFO - Started process (PID=7017) to work on /home/airflow/.local/lib/python3.7/site-packages/airflow/example_dags/example_task_group_decorator.py
[2022-11-30 04:20:40,120] {processor.py:642} INFO - Processing file /home/airflow/.local/lib/python3.7/site-packages/airflow/example_dags/example_task_group_decorator.py for tasks to queue
[2022-11-30 04:20:40,121] {logging_mixin.py:109} INFO - [2022-11-30 04:20:40,121] {dagbag.py:500} INFO - Filling up the DagBag from /home/airflow/.local/lib/python3.7/site-packages/airflow/example_dags/example_task_group_decorator.py
[2022-11-30 04:20:40,182] {processor.py:654} INFO - DAG(s) dict_keys(['example_task_group_decorator']) retrieved from /home/airflow/.local/lib/python3.7/site-packages/airflow/example_dags/example_task_group_decorator.py
[2022-11-30 04:20:40,391] {logging_mixin.py:109} INFO - [2022-11-30 04:20:40,391] {dag.py:2398} INFO - Sync 1 DAGs
[2022-11-30 04:20:40,404] {logging_mixin.py:109} INFO - [2022-11-30 04:20:40,404] {dag.py:2937} INFO - Setting next_dagrun for example_task_group_decorator to 2022-11-29T04:20:40.404233+00:00
[2022-11-30 04:20:40,414] {processor.py:171} INFO - Processing /home/airflow/.local/lib/python3.7/site-packages/airflow/example_dags/example_task_group_decorator.py took 0.300 seconds
[2022-11-30 04:21:11,146] {processor.py:163} INFO - Started process (PID=7094) to work on /home/airflow/.local/lib/python3.7/site-packages/airflow/example_dags/example_task_group_decorator.py
[2022-11-30 04:21:11,147] {processor.py:642} INFO - Processing file /home/airflow/.local/lib/python3.7/site-packages/airflow/example_dags/example_task_group_decorator.py for tasks to queue
[2022-11-30 04:21:11,148] {logging_mixin.py:109} INFO - [2022-11-30 04:21:11,148] {dagbag.py:500} INFO - Filling up the DagBag from /home/airflow/.local/lib/python3.7/site-packages/airflow/example_dags/example_task_group_decorator.py
[2022-11-30 04:21:11,192] {processor.py:654} INFO - DAG(s) dict_keys(['example_task_group_decorator']) retrieved from /home/airflow/.local/lib/python3.7/site-packages/airflow/example_dags/example_task_group_decorator.py
[2022-11-30 04:21:11,390] {logging_mixin.py:109} INFO - [2022-11-30 04:21:11,390] {dag.py:2398} INFO - Sync 1 DAGs
[2022-11-30 04:21:11,404] {logging_mixin.py:109} INFO - [2022-11-30 04:21:11,404] {dag.py:2937} INFO - Setting next_dagrun for example_task_group_decorator to 2022-11-29T04:21:11.404282+00:00
[2022-11-30 04:21:11,416] {processor.py:171} INFO - Processing /home/airflow/.local/lib/python3.7/site-packages/airflow/example_dags/example_task_group_decorator.py took 0.273 seconds
[2022-11-30 04:21:41,965] {processor.py:163} INFO - Started process (PID=7180) to work on /home/airflow/.local/lib/python3.7/site-packages/airflow/example_dags/example_task_group_decorator.py
[2022-11-30 04:21:41,966] {processor.py:642} INFO - Processing file /home/airflow/.local/lib/python3.7/site-packages/airflow/example_dags/example_task_group_decorator.py for tasks to queue
[2022-11-30 04:21:41,967] {logging_mixin.py:109} INFO - [2022-11-30 04:21:41,966] {dagbag.py:500} INFO - Filling up the DagBag from /home/airflow/.local/lib/python3.7/site-packages/airflow/example_dags/example_task_group_decorator.py
[2022-11-30 04:21:42,011] {processor.py:654} INFO - DAG(s) dict_keys(['example_task_group_decorator']) retrieved from /home/airflow/.local/lib/python3.7/site-packages/airflow/example_dags/example_task_group_decorator.py
[2022-11-30 04:21:42,191] {logging_mixin.py:109} INFO - [2022-11-30 04:21:42,191] {dag.py:2398} INFO - Sync 1 DAGs
[2022-11-30 04:21:42,204] {logging_mixin.py:109} INFO - [2022-11-30 04:21:42,203] {dag.py:2937} INFO - Setting next_dagrun for example_task_group_decorator to 2022-11-29T04:21:42.203689+00:00
[2022-11-30 04:21:42,214] {processor.py:171} INFO - Processing /home/airflow/.local/lib/python3.7/site-packages/airflow/example_dags/example_task_group_decorator.py took 0.253 seconds
[2022-11-30 04:22:12,291] {processor.py:163} INFO - Started process (PID=7257) to work on /home/airflow/.local/lib/python3.7/site-packages/airflow/example_dags/example_task_group_decorator.py
[2022-11-30 04:22:12,292] {processor.py:642} INFO - Processing file /home/airflow/.local/lib/python3.7/site-packages/airflow/example_dags/example_task_group_decorator.py for tasks to queue
[2022-11-30 04:22:12,292] {logging_mixin.py:109} INFO - [2022-11-30 04:22:12,292] {dagbag.py:500} INFO - Filling up the DagBag from /home/airflow/.local/lib/python3.7/site-packages/airflow/example_dags/example_task_group_decorator.py
[2022-11-30 04:22:12,328] {processor.py:654} INFO - DAG(s) dict_keys(['example_task_group_decorator']) retrieved from /home/airflow/.local/lib/python3.7/site-packages/airflow/example_dags/example_task_group_decorator.py
[2022-11-30 04:22:12,493] {logging_mixin.py:109} INFO - [2022-11-30 04:22:12,493] {dag.py:2398} INFO - Sync 1 DAGs
[2022-11-30 04:22:12,507] {logging_mixin.py:109} INFO - [2022-11-30 04:22:12,507] {dag.py:2937} INFO - Setting next_dagrun for example_task_group_decorator to 2022-11-29T04:22:12.506845+00:00
[2022-11-30 04:22:12,518] {processor.py:171} INFO - Processing /home/airflow/.local/lib/python3.7/site-packages/airflow/example_dags/example_task_group_decorator.py took 0.230 seconds
