[2022-11-30 03:58:20,183] {processor.py:163} INFO - Started process (PID=3516) to work on /home/airflow/.local/lib/python3.7/site-packages/airflow/example_dags/example_nested_branch_dag.py
[2022-11-30 03:58:20,185] {processor.py:642} INFO - Processing file /home/airflow/.local/lib/python3.7/site-packages/airflow/example_dags/example_nested_branch_dag.py for tasks to queue
[2022-11-30 03:58:20,193] {logging_mixin.py:109} INFO - [2022-11-30 03:58:20,192] {dagbag.py:500} INFO - Filling up the DagBag from /home/airflow/.local/lib/python3.7/site-packages/airflow/example_dags/example_nested_branch_dag.py
[2022-11-30 03:58:20,279] {processor.py:654} INFO - DAG(s) dict_keys(['example_nested_branch_dag']) retrieved from /home/airflow/.local/lib/python3.7/site-packages/airflow/example_dags/example_nested_branch_dag.py
[2022-11-30 03:58:20,305] {logging_mixin.py:109} INFO - [2022-11-30 03:58:20,305] {dag.py:2398} INFO - Sync 1 DAGs
[2022-11-30 03:58:20,343] {logging_mixin.py:109} INFO - [2022-11-30 03:58:20,343] {dag.py:2937} INFO - Setting next_dagrun for example_nested_branch_dag to 2022-11-29 00:00:00+00:00
[2022-11-30 03:58:20,365] {processor.py:171} INFO - Processing /home/airflow/.local/lib/python3.7/site-packages/airflow/example_dags/example_nested_branch_dag.py took 0.187 seconds
[2022-11-30 03:58:51,107] {processor.py:163} INFO - Started process (PID=3593) to work on /home/airflow/.local/lib/python3.7/site-packages/airflow/example_dags/example_nested_branch_dag.py
[2022-11-30 03:58:51,108] {processor.py:642} INFO - Processing file /home/airflow/.local/lib/python3.7/site-packages/airflow/example_dags/example_nested_branch_dag.py for tasks to queue
[2022-11-30 03:58:51,108] {logging_mixin.py:109} INFO - [2022-11-30 03:58:51,108] {dagbag.py:500} INFO - Filling up the DagBag from /home/airflow/.local/lib/python3.7/site-packages/airflow/example_dags/example_nested_branch_dag.py
[2022-11-30 03:58:51,135] {processor.py:654} INFO - DAG(s) dict_keys(['example_nested_branch_dag']) retrieved from /home/airflow/.local/lib/python3.7/site-packages/airflow/example_dags/example_nested_branch_dag.py
[2022-11-30 03:58:51,145] {logging_mixin.py:109} INFO - [2022-11-30 03:58:51,145] {dag.py:2398} INFO - Sync 1 DAGs
[2022-11-30 03:58:51,162] {logging_mixin.py:109} INFO - [2022-11-30 03:58:51,162] {dag.py:2937} INFO - Setting next_dagrun for example_nested_branch_dag to 2022-11-29 00:00:00+00:00
[2022-11-30 03:58:51,173] {processor.py:171} INFO - Processing /home/airflow/.local/lib/python3.7/site-packages/airflow/example_dags/example_nested_branch_dag.py took 0.070 seconds
[2022-11-30 03:59:22,000] {processor.py:163} INFO - Started process (PID=3679) to work on /home/airflow/.local/lib/python3.7/site-packages/airflow/example_dags/example_nested_branch_dag.py
[2022-11-30 03:59:22,001] {processor.py:642} INFO - Processing file /home/airflow/.local/lib/python3.7/site-packages/airflow/example_dags/example_nested_branch_dag.py for tasks to queue
[2022-11-30 03:59:22,002] {logging_mixin.py:109} INFO - [2022-11-30 03:59:22,002] {dagbag.py:500} INFO - Filling up the DagBag from /home/airflow/.local/lib/python3.7/site-packages/airflow/example_dags/example_nested_branch_dag.py
[2022-11-30 03:59:22,034] {processor.py:654} INFO - DAG(s) dict_keys(['example_nested_branch_dag']) retrieved from /home/airflow/.local/lib/python3.7/site-packages/airflow/example_dags/example_nested_branch_dag.py
[2022-11-30 03:59:22,047] {logging_mixin.py:109} INFO - [2022-11-30 03:59:22,047] {dag.py:2398} INFO - Sync 1 DAGs
[2022-11-30 03:59:22,068] {logging_mixin.py:109} INFO - [2022-11-30 03:59:22,068] {dag.py:2937} INFO - Setting next_dagrun for example_nested_branch_dag to 2022-11-29 00:00:00+00:00
[2022-11-30 03:59:22,080] {processor.py:171} INFO - Processing /home/airflow/.local/lib/python3.7/site-packages/airflow/example_dags/example_nested_branch_dag.py took 0.084 seconds
[2022-11-30 03:59:52,337] {processor.py:163} INFO - Started process (PID=3755) to work on /home/airflow/.local/lib/python3.7/site-packages/airflow/example_dags/example_nested_branch_dag.py
[2022-11-30 03:59:52,338] {processor.py:642} INFO - Processing file /home/airflow/.local/lib/python3.7/site-packages/airflow/example_dags/example_nested_branch_dag.py for tasks to queue
[2022-11-30 03:59:52,339] {logging_mixin.py:109} INFO - [2022-11-30 03:59:52,339] {dagbag.py:500} INFO - Filling up the DagBag from /home/airflow/.local/lib/python3.7/site-packages/airflow/example_dags/example_nested_branch_dag.py
[2022-11-30 03:59:52,365] {processor.py:654} INFO - DAG(s) dict_keys(['example_nested_branch_dag']) retrieved from /home/airflow/.local/lib/python3.7/site-packages/airflow/example_dags/example_nested_branch_dag.py
[2022-11-30 03:59:52,377] {logging_mixin.py:109} INFO - [2022-11-30 03:59:52,376] {dag.py:2398} INFO - Sync 1 DAGs
[2022-11-30 03:59:52,397] {logging_mixin.py:109} INFO - [2022-11-30 03:59:52,397] {dag.py:2937} INFO - Setting next_dagrun for example_nested_branch_dag to 2022-11-29 00:00:00+00:00
[2022-11-30 03:59:52,407] {processor.py:171} INFO - Processing /home/airflow/.local/lib/python3.7/site-packages/airflow/example_dags/example_nested_branch_dag.py took 0.072 seconds
[2022-11-30 04:00:22,827] {processor.py:163} INFO - Started process (PID=3842) to work on /home/airflow/.local/lib/python3.7/site-packages/airflow/example_dags/example_nested_branch_dag.py
[2022-11-30 04:00:22,829] {processor.py:642} INFO - Processing file /home/airflow/.local/lib/python3.7/site-packages/airflow/example_dags/example_nested_branch_dag.py for tasks to queue
[2022-11-30 04:00:22,829] {logging_mixin.py:109} INFO - [2022-11-30 04:00:22,829] {dagbag.py:500} INFO - Filling up the DagBag from /home/airflow/.local/lib/python3.7/site-packages/airflow/example_dags/example_nested_branch_dag.py
[2022-11-30 04:00:22,865] {processor.py:654} INFO - DAG(s) dict_keys(['example_nested_branch_dag']) retrieved from /home/airflow/.local/lib/python3.7/site-packages/airflow/example_dags/example_nested_branch_dag.py
[2022-11-30 04:00:22,876] {logging_mixin.py:109} INFO - [2022-11-30 04:00:22,876] {dag.py:2398} INFO - Sync 1 DAGs
[2022-11-30 04:00:22,903] {logging_mixin.py:109} INFO - [2022-11-30 04:00:22,903] {dag.py:2937} INFO - Setting next_dagrun for example_nested_branch_dag to 2022-11-29 00:00:00+00:00
[2022-11-30 04:00:22,915] {processor.py:171} INFO - Processing /home/airflow/.local/lib/python3.7/site-packages/airflow/example_dags/example_nested_branch_dag.py took 0.090 seconds
[2022-11-30 04:00:53,551] {processor.py:163} INFO - Started process (PID=3919) to work on /home/airflow/.local/lib/python3.7/site-packages/airflow/example_dags/example_nested_branch_dag.py
[2022-11-30 04:00:53,553] {processor.py:642} INFO - Processing file /home/airflow/.local/lib/python3.7/site-packages/airflow/example_dags/example_nested_branch_dag.py for tasks to queue
[2022-11-30 04:00:53,554] {logging_mixin.py:109} INFO - [2022-11-30 04:00:53,553] {dagbag.py:500} INFO - Filling up the DagBag from /home/airflow/.local/lib/python3.7/site-packages/airflow/example_dags/example_nested_branch_dag.py
[2022-11-30 04:00:53,592] {processor.py:654} INFO - DAG(s) dict_keys(['example_nested_branch_dag']) retrieved from /home/airflow/.local/lib/python3.7/site-packages/airflow/example_dags/example_nested_branch_dag.py
[2022-11-30 04:00:53,605] {logging_mixin.py:109} INFO - [2022-11-30 04:00:53,605] {dag.py:2398} INFO - Sync 1 DAGs
[2022-11-30 04:00:53,625] {logging_mixin.py:109} INFO - [2022-11-30 04:00:53,625] {dag.py:2937} INFO - Setting next_dagrun for example_nested_branch_dag to 2022-11-29 00:00:00+00:00
[2022-11-30 04:00:53,637] {processor.py:171} INFO - Processing /home/airflow/.local/lib/python3.7/site-packages/airflow/example_dags/example_nested_branch_dag.py took 0.091 seconds
[2022-11-30 04:01:23,929] {processor.py:163} INFO - Started process (PID=3996) to work on /home/airflow/.local/lib/python3.7/site-packages/airflow/example_dags/example_nested_branch_dag.py
[2022-11-30 04:01:23,930] {processor.py:642} INFO - Processing file /home/airflow/.local/lib/python3.7/site-packages/airflow/example_dags/example_nested_branch_dag.py for tasks to queue
[2022-11-30 04:01:23,930] {logging_mixin.py:109} INFO - [2022-11-30 04:01:23,930] {dagbag.py:500} INFO - Filling up the DagBag from /home/airflow/.local/lib/python3.7/site-packages/airflow/example_dags/example_nested_branch_dag.py
[2022-11-30 04:01:23,956] {processor.py:654} INFO - DAG(s) dict_keys(['example_nested_branch_dag']) retrieved from /home/airflow/.local/lib/python3.7/site-packages/airflow/example_dags/example_nested_branch_dag.py
[2022-11-30 04:01:23,965] {logging_mixin.py:109} INFO - [2022-11-30 04:01:23,965] {dag.py:2398} INFO - Sync 1 DAGs
[2022-11-30 04:01:23,983] {logging_mixin.py:109} INFO - [2022-11-30 04:01:23,983] {dag.py:2937} INFO - Setting next_dagrun for example_nested_branch_dag to 2022-11-29 00:00:00+00:00
[2022-11-30 04:01:23,991] {processor.py:171} INFO - Processing /home/airflow/.local/lib/python3.7/site-packages/airflow/example_dags/example_nested_branch_dag.py took 0.066 seconds
[2022-11-30 04:01:54,814] {processor.py:163} INFO - Started process (PID=4082) to work on /home/airflow/.local/lib/python3.7/site-packages/airflow/example_dags/example_nested_branch_dag.py
[2022-11-30 04:01:54,815] {processor.py:642} INFO - Processing file /home/airflow/.local/lib/python3.7/site-packages/airflow/example_dags/example_nested_branch_dag.py for tasks to queue
[2022-11-30 04:01:54,816] {logging_mixin.py:109} INFO - [2022-11-30 04:01:54,816] {dagbag.py:500} INFO - Filling up the DagBag from /home/airflow/.local/lib/python3.7/site-packages/airflow/example_dags/example_nested_branch_dag.py
[2022-11-30 04:01:54,849] {processor.py:654} INFO - DAG(s) dict_keys(['example_nested_branch_dag']) retrieved from /home/airflow/.local/lib/python3.7/site-packages/airflow/example_dags/example_nested_branch_dag.py
[2022-11-30 04:01:54,858] {logging_mixin.py:109} INFO - [2022-11-30 04:01:54,858] {dag.py:2398} INFO - Sync 1 DAGs
[2022-11-30 04:01:54,874] {logging_mixin.py:109} INFO - [2022-11-30 04:01:54,874] {dag.py:2937} INFO - Setting next_dagrun for example_nested_branch_dag to 2022-11-29 00:00:00+00:00
[2022-11-30 04:01:54,882] {processor.py:171} INFO - Processing /home/airflow/.local/lib/python3.7/site-packages/airflow/example_dags/example_nested_branch_dag.py took 0.072 seconds
[2022-11-30 04:02:27,837] {processor.py:163} INFO - Started process (PID=4159) to work on /home/airflow/.local/lib/python3.7/site-packages/airflow/example_dags/example_nested_branch_dag.py
[2022-11-30 04:02:27,839] {processor.py:642} INFO - Processing file /home/airflow/.local/lib/python3.7/site-packages/airflow/example_dags/example_nested_branch_dag.py for tasks to queue
[2022-11-30 04:02:27,840] {logging_mixin.py:109} INFO - [2022-11-30 04:02:27,840] {dagbag.py:500} INFO - Filling up the DagBag from /home/airflow/.local/lib/python3.7/site-packages/airflow/example_dags/example_nested_branch_dag.py
[2022-11-30 04:02:27,920] {processor.py:654} INFO - DAG(s) dict_keys(['example_nested_branch_dag']) retrieved from /home/airflow/.local/lib/python3.7/site-packages/airflow/example_dags/example_nested_branch_dag.py
[2022-11-30 04:02:27,951] {logging_mixin.py:109} INFO - [2022-11-30 04:02:27,951] {dag.py:2398} INFO - Sync 1 DAGs
[2022-11-30 04:02:28,001] {logging_mixin.py:109} INFO - [2022-11-30 04:02:28,001] {dag.py:2937} INFO - Setting next_dagrun for example_nested_branch_dag to 2022-11-29 00:00:00+00:00
[2022-11-30 04:02:28,028] {processor.py:171} INFO - Processing /home/airflow/.local/lib/python3.7/site-packages/airflow/example_dags/example_nested_branch_dag.py took 0.195 seconds
[2022-11-30 04:02:58,047] {processor.py:163} INFO - Started process (PID=4235) to work on /home/airflow/.local/lib/python3.7/site-packages/airflow/example_dags/example_nested_branch_dag.py
[2022-11-30 04:02:58,048] {processor.py:642} INFO - Processing file /home/airflow/.local/lib/python3.7/site-packages/airflow/example_dags/example_nested_branch_dag.py for tasks to queue
[2022-11-30 04:02:58,049] {logging_mixin.py:109} INFO - [2022-11-30 04:02:58,049] {dagbag.py:500} INFO - Filling up the DagBag from /home/airflow/.local/lib/python3.7/site-packages/airflow/example_dags/example_nested_branch_dag.py
[2022-11-30 04:02:58,075] {processor.py:654} INFO - DAG(s) dict_keys(['example_nested_branch_dag']) retrieved from /home/airflow/.local/lib/python3.7/site-packages/airflow/example_dags/example_nested_branch_dag.py
[2022-11-30 04:02:58,084] {logging_mixin.py:109} INFO - [2022-11-30 04:02:58,084] {dag.py:2398} INFO - Sync 1 DAGs
[2022-11-30 04:02:58,098] {logging_mixin.py:109} INFO - [2022-11-30 04:02:58,098] {dag.py:2937} INFO - Setting next_dagrun for example_nested_branch_dag to 2022-11-29 00:00:00+00:00
[2022-11-30 04:02:58,107] {processor.py:171} INFO - Processing /home/airflow/.local/lib/python3.7/site-packages/airflow/example_dags/example_nested_branch_dag.py took 0.063 seconds
[2022-11-30 04:03:29,966] {processor.py:163} INFO - Started process (PID=4322) to work on /home/airflow/.local/lib/python3.7/site-packages/airflow/example_dags/example_nested_branch_dag.py
[2022-11-30 04:03:29,968] {processor.py:642} INFO - Processing file /home/airflow/.local/lib/python3.7/site-packages/airflow/example_dags/example_nested_branch_dag.py for tasks to queue
[2022-11-30 04:03:29,968] {logging_mixin.py:109} INFO - [2022-11-30 04:03:29,968] {dagbag.py:500} INFO - Filling up the DagBag from /home/airflow/.local/lib/python3.7/site-packages/airflow/example_dags/example_nested_branch_dag.py
[2022-11-30 04:03:29,999] {processor.py:654} INFO - DAG(s) dict_keys(['example_nested_branch_dag']) retrieved from /home/airflow/.local/lib/python3.7/site-packages/airflow/example_dags/example_nested_branch_dag.py
[2022-11-30 04:03:30,012] {logging_mixin.py:109} INFO - [2022-11-30 04:03:30,011] {dag.py:2398} INFO - Sync 1 DAGs
[2022-11-30 04:03:30,029] {logging_mixin.py:109} INFO - [2022-11-30 04:03:30,029] {dag.py:2937} INFO - Setting next_dagrun for example_nested_branch_dag to 2022-11-29 00:00:00+00:00
[2022-11-30 04:03:30,039] {processor.py:171} INFO - Processing /home/airflow/.local/lib/python3.7/site-packages/airflow/example_dags/example_nested_branch_dag.py took 0.076 seconds
[2022-11-30 04:04:00,249] {processor.py:163} INFO - Started process (PID=4399) to work on /home/airflow/.local/lib/python3.7/site-packages/airflow/example_dags/example_nested_branch_dag.py
[2022-11-30 04:04:00,250] {processor.py:642} INFO - Processing file /home/airflow/.local/lib/python3.7/site-packages/airflow/example_dags/example_nested_branch_dag.py for tasks to queue
[2022-11-30 04:04:00,251] {logging_mixin.py:109} INFO - [2022-11-30 04:04:00,251] {dagbag.py:500} INFO - Filling up the DagBag from /home/airflow/.local/lib/python3.7/site-packages/airflow/example_dags/example_nested_branch_dag.py
[2022-11-30 04:04:00,286] {processor.py:654} INFO - DAG(s) dict_keys(['example_nested_branch_dag']) retrieved from /home/airflow/.local/lib/python3.7/site-packages/airflow/example_dags/example_nested_branch_dag.py
[2022-11-30 04:04:00,299] {logging_mixin.py:109} INFO - [2022-11-30 04:04:00,299] {dag.py:2398} INFO - Sync 1 DAGs
[2022-11-30 04:04:00,321] {logging_mixin.py:109} INFO - [2022-11-30 04:04:00,320] {dag.py:2937} INFO - Setting next_dagrun for example_nested_branch_dag to 2022-11-29 00:00:00+00:00
[2022-11-30 04:04:00,330] {processor.py:171} INFO - Processing /home/airflow/.local/lib/python3.7/site-packages/airflow/example_dags/example_nested_branch_dag.py took 0.084 seconds
[2022-11-30 04:04:31,573] {processor.py:163} INFO - Started process (PID=4485) to work on /home/airflow/.local/lib/python3.7/site-packages/airflow/example_dags/example_nested_branch_dag.py
[2022-11-30 04:04:31,575] {processor.py:642} INFO - Processing file /home/airflow/.local/lib/python3.7/site-packages/airflow/example_dags/example_nested_branch_dag.py for tasks to queue
[2022-11-30 04:04:31,575] {logging_mixin.py:109} INFO - [2022-11-30 04:04:31,575] {dagbag.py:500} INFO - Filling up the DagBag from /home/airflow/.local/lib/python3.7/site-packages/airflow/example_dags/example_nested_branch_dag.py
[2022-11-30 04:04:31,602] {processor.py:654} INFO - DAG(s) dict_keys(['example_nested_branch_dag']) retrieved from /home/airflow/.local/lib/python3.7/site-packages/airflow/example_dags/example_nested_branch_dag.py
[2022-11-30 04:04:31,611] {logging_mixin.py:109} INFO - [2022-11-30 04:04:31,611] {dag.py:2398} INFO - Sync 1 DAGs
[2022-11-30 04:04:31,627] {logging_mixin.py:109} INFO - [2022-11-30 04:04:31,627] {dag.py:2937} INFO - Setting next_dagrun for example_nested_branch_dag to 2022-11-29 00:00:00+00:00
[2022-11-30 04:04:31,635] {processor.py:171} INFO - Processing /home/airflow/.local/lib/python3.7/site-packages/airflow/example_dags/example_nested_branch_dag.py took 0.065 seconds
[2022-11-30 04:05:03,030] {processor.py:163} INFO - Started process (PID=4562) to work on /home/airflow/.local/lib/python3.7/site-packages/airflow/example_dags/example_nested_branch_dag.py
[2022-11-30 04:05:03,031] {processor.py:642} INFO - Processing file /home/airflow/.local/lib/python3.7/site-packages/airflow/example_dags/example_nested_branch_dag.py for tasks to queue
[2022-11-30 04:05:03,031] {logging_mixin.py:109} INFO - [2022-11-30 04:05:03,031] {dagbag.py:500} INFO - Filling up the DagBag from /home/airflow/.local/lib/python3.7/site-packages/airflow/example_dags/example_nested_branch_dag.py
[2022-11-30 04:05:03,060] {processor.py:654} INFO - DAG(s) dict_keys(['example_nested_branch_dag']) retrieved from /home/airflow/.local/lib/python3.7/site-packages/airflow/example_dags/example_nested_branch_dag.py
[2022-11-30 04:05:03,069] {logging_mixin.py:109} INFO - [2022-11-30 04:05:03,069] {dag.py:2398} INFO - Sync 1 DAGs
[2022-11-30 04:05:03,084] {logging_mixin.py:109} INFO - [2022-11-30 04:05:03,084] {dag.py:2937} INFO - Setting next_dagrun for example_nested_branch_dag to 2022-11-29 00:00:00+00:00
[2022-11-30 04:05:03,093] {processor.py:171} INFO - Processing /home/airflow/.local/lib/python3.7/site-packages/airflow/example_dags/example_nested_branch_dag.py took 0.066 seconds
[2022-11-30 04:05:34,427] {processor.py:163} INFO - Started process (PID=4648) to work on /home/airflow/.local/lib/python3.7/site-packages/airflow/example_dags/example_nested_branch_dag.py
[2022-11-30 04:05:34,428] {processor.py:642} INFO - Processing file /home/airflow/.local/lib/python3.7/site-packages/airflow/example_dags/example_nested_branch_dag.py for tasks to queue
[2022-11-30 04:05:34,429] {logging_mixin.py:109} INFO - [2022-11-30 04:05:34,429] {dagbag.py:500} INFO - Filling up the DagBag from /home/airflow/.local/lib/python3.7/site-packages/airflow/example_dags/example_nested_branch_dag.py
[2022-11-30 04:05:34,454] {processor.py:654} INFO - DAG(s) dict_keys(['example_nested_branch_dag']) retrieved from /home/airflow/.local/lib/python3.7/site-packages/airflow/example_dags/example_nested_branch_dag.py
[2022-11-30 04:05:34,464] {logging_mixin.py:109} INFO - [2022-11-30 04:05:34,464] {dag.py:2398} INFO - Sync 1 DAGs
[2022-11-30 04:05:34,480] {logging_mixin.py:109} INFO - [2022-11-30 04:05:34,480] {dag.py:2937} INFO - Setting next_dagrun for example_nested_branch_dag to 2022-11-29 00:00:00+00:00
[2022-11-30 04:05:34,488] {processor.py:171} INFO - Processing /home/airflow/.local/lib/python3.7/site-packages/airflow/example_dags/example_nested_branch_dag.py took 0.063 seconds
[2022-11-30 04:06:05,756] {processor.py:163} INFO - Started process (PID=4725) to work on /home/airflow/.local/lib/python3.7/site-packages/airflow/example_dags/example_nested_branch_dag.py
[2022-11-30 04:06:05,757] {processor.py:642} INFO - Processing file /home/airflow/.local/lib/python3.7/site-packages/airflow/example_dags/example_nested_branch_dag.py for tasks to queue
[2022-11-30 04:06:05,757] {logging_mixin.py:109} INFO - [2022-11-30 04:06:05,757] {dagbag.py:500} INFO - Filling up the DagBag from /home/airflow/.local/lib/python3.7/site-packages/airflow/example_dags/example_nested_branch_dag.py
[2022-11-30 04:06:05,781] {processor.py:654} INFO - DAG(s) dict_keys(['example_nested_branch_dag']) retrieved from /home/airflow/.local/lib/python3.7/site-packages/airflow/example_dags/example_nested_branch_dag.py
[2022-11-30 04:06:05,790] {logging_mixin.py:109} INFO - [2022-11-30 04:06:05,790] {dag.py:2398} INFO - Sync 1 DAGs
[2022-11-30 04:06:05,806] {logging_mixin.py:109} INFO - [2022-11-30 04:06:05,806] {dag.py:2937} INFO - Setting next_dagrun for example_nested_branch_dag to 2022-11-29 00:00:00+00:00
[2022-11-30 04:06:05,814] {processor.py:171} INFO - Processing /home/airflow/.local/lib/python3.7/site-packages/airflow/example_dags/example_nested_branch_dag.py took 0.061 seconds
[2022-11-30 04:06:37,414] {processor.py:163} INFO - Started process (PID=4811) to work on /home/airflow/.local/lib/python3.7/site-packages/airflow/example_dags/example_nested_branch_dag.py
[2022-11-30 04:06:37,416] {processor.py:642} INFO - Processing file /home/airflow/.local/lib/python3.7/site-packages/airflow/example_dags/example_nested_branch_dag.py for tasks to queue
[2022-11-30 04:06:37,416] {logging_mixin.py:109} INFO - [2022-11-30 04:06:37,416] {dagbag.py:500} INFO - Filling up the DagBag from /home/airflow/.local/lib/python3.7/site-packages/airflow/example_dags/example_nested_branch_dag.py
[2022-11-30 04:06:37,441] {processor.py:654} INFO - DAG(s) dict_keys(['example_nested_branch_dag']) retrieved from /home/airflow/.local/lib/python3.7/site-packages/airflow/example_dags/example_nested_branch_dag.py
[2022-11-30 04:06:37,451] {logging_mixin.py:109} INFO - [2022-11-30 04:06:37,450] {dag.py:2398} INFO - Sync 1 DAGs
[2022-11-30 04:06:37,464] {logging_mixin.py:109} INFO - [2022-11-30 04:06:37,464] {dag.py:2937} INFO - Setting next_dagrun for example_nested_branch_dag to 2022-11-29 00:00:00+00:00
[2022-11-30 04:06:37,471] {processor.py:171} INFO - Processing /home/airflow/.local/lib/python3.7/site-packages/airflow/example_dags/example_nested_branch_dag.py took 0.059 seconds
[2022-11-30 04:07:08,832] {processor.py:163} INFO - Started process (PID=4888) to work on /home/airflow/.local/lib/python3.7/site-packages/airflow/example_dags/example_nested_branch_dag.py
[2022-11-30 04:07:08,833] {processor.py:642} INFO - Processing file /home/airflow/.local/lib/python3.7/site-packages/airflow/example_dags/example_nested_branch_dag.py for tasks to queue
[2022-11-30 04:07:08,833] {logging_mixin.py:109} INFO - [2022-11-30 04:07:08,833] {dagbag.py:500} INFO - Filling up the DagBag from /home/airflow/.local/lib/python3.7/site-packages/airflow/example_dags/example_nested_branch_dag.py
[2022-11-30 04:07:08,860] {processor.py:654} INFO - DAG(s) dict_keys(['example_nested_branch_dag']) retrieved from /home/airflow/.local/lib/python3.7/site-packages/airflow/example_dags/example_nested_branch_dag.py
[2022-11-30 04:07:08,870] {logging_mixin.py:109} INFO - [2022-11-30 04:07:08,870] {dag.py:2398} INFO - Sync 1 DAGs
[2022-11-30 04:07:08,886] {logging_mixin.py:109} INFO - [2022-11-30 04:07:08,886] {dag.py:2937} INFO - Setting next_dagrun for example_nested_branch_dag to 2022-11-29 00:00:00+00:00
[2022-11-30 04:07:08,896] {processor.py:171} INFO - Processing /home/airflow/.local/lib/python3.7/site-packages/airflow/example_dags/example_nested_branch_dag.py took 0.067 seconds
[2022-11-30 04:07:40,386] {processor.py:163} INFO - Started process (PID=4974) to work on /home/airflow/.local/lib/python3.7/site-packages/airflow/example_dags/example_nested_branch_dag.py
[2022-11-30 04:07:40,388] {processor.py:642} INFO - Processing file /home/airflow/.local/lib/python3.7/site-packages/airflow/example_dags/example_nested_branch_dag.py for tasks to queue
[2022-11-30 04:07:40,388] {logging_mixin.py:109} INFO - [2022-11-30 04:07:40,388] {dagbag.py:500} INFO - Filling up the DagBag from /home/airflow/.local/lib/python3.7/site-packages/airflow/example_dags/example_nested_branch_dag.py
[2022-11-30 04:07:40,417] {processor.py:654} INFO - DAG(s) dict_keys(['example_nested_branch_dag']) retrieved from /home/airflow/.local/lib/python3.7/site-packages/airflow/example_dags/example_nested_branch_dag.py
[2022-11-30 04:07:40,425] {logging_mixin.py:109} INFO - [2022-11-30 04:07:40,425] {dag.py:2398} INFO - Sync 1 DAGs
[2022-11-30 04:07:40,440] {logging_mixin.py:109} INFO - [2022-11-30 04:07:40,440] {dag.py:2937} INFO - Setting next_dagrun for example_nested_branch_dag to 2022-11-29 00:00:00+00:00
[2022-11-30 04:07:40,448] {processor.py:171} INFO - Processing /home/airflow/.local/lib/python3.7/site-packages/airflow/example_dags/example_nested_branch_dag.py took 0.065 seconds
[2022-11-30 04:08:11,885] {processor.py:163} INFO - Started process (PID=5051) to work on /home/airflow/.local/lib/python3.7/site-packages/airflow/example_dags/example_nested_branch_dag.py
[2022-11-30 04:08:11,886] {processor.py:642} INFO - Processing file /home/airflow/.local/lib/python3.7/site-packages/airflow/example_dags/example_nested_branch_dag.py for tasks to queue
[2022-11-30 04:08:11,887] {logging_mixin.py:109} INFO - [2022-11-30 04:08:11,887] {dagbag.py:500} INFO - Filling up the DagBag from /home/airflow/.local/lib/python3.7/site-packages/airflow/example_dags/example_nested_branch_dag.py
[2022-11-30 04:08:11,913] {processor.py:654} INFO - DAG(s) dict_keys(['example_nested_branch_dag']) retrieved from /home/airflow/.local/lib/python3.7/site-packages/airflow/example_dags/example_nested_branch_dag.py
[2022-11-30 04:08:11,921] {logging_mixin.py:109} INFO - [2022-11-30 04:08:11,921] {dag.py:2398} INFO - Sync 1 DAGs
[2022-11-30 04:08:11,934] {logging_mixin.py:109} INFO - [2022-11-30 04:08:11,934] {dag.py:2937} INFO - Setting next_dagrun for example_nested_branch_dag to 2022-11-29 00:00:00+00:00
[2022-11-30 04:08:11,942] {processor.py:171} INFO - Processing /home/airflow/.local/lib/python3.7/site-packages/airflow/example_dags/example_nested_branch_dag.py took 0.059 seconds
[2022-11-30 04:08:43,512] {processor.py:163} INFO - Started process (PID=5137) to work on /home/airflow/.local/lib/python3.7/site-packages/airflow/example_dags/example_nested_branch_dag.py
[2022-11-30 04:08:43,513] {processor.py:642} INFO - Processing file /home/airflow/.local/lib/python3.7/site-packages/airflow/example_dags/example_nested_branch_dag.py for tasks to queue
[2022-11-30 04:08:43,513] {logging_mixin.py:109} INFO - [2022-11-30 04:08:43,513] {dagbag.py:500} INFO - Filling up the DagBag from /home/airflow/.local/lib/python3.7/site-packages/airflow/example_dags/example_nested_branch_dag.py
[2022-11-30 04:08:43,542] {processor.py:654} INFO - DAG(s) dict_keys(['example_nested_branch_dag']) retrieved from /home/airflow/.local/lib/python3.7/site-packages/airflow/example_dags/example_nested_branch_dag.py
[2022-11-30 04:08:43,552] {logging_mixin.py:109} INFO - [2022-11-30 04:08:43,551] {dag.py:2398} INFO - Sync 1 DAGs
[2022-11-30 04:08:43,568] {logging_mixin.py:109} INFO - [2022-11-30 04:08:43,567] {dag.py:2937} INFO - Setting next_dagrun for example_nested_branch_dag to 2022-11-29 00:00:00+00:00
[2022-11-30 04:08:43,578] {processor.py:171} INFO - Processing /home/airflow/.local/lib/python3.7/site-packages/airflow/example_dags/example_nested_branch_dag.py took 0.069 seconds
[2022-11-30 04:09:13,854] {processor.py:163} INFO - Started process (PID=5215) to work on /home/airflow/.local/lib/python3.7/site-packages/airflow/example_dags/example_nested_branch_dag.py
[2022-11-30 04:09:13,855] {processor.py:642} INFO - Processing file /home/airflow/.local/lib/python3.7/site-packages/airflow/example_dags/example_nested_branch_dag.py for tasks to queue
[2022-11-30 04:09:13,856] {logging_mixin.py:109} INFO - [2022-11-30 04:09:13,856] {dagbag.py:500} INFO - Filling up the DagBag from /home/airflow/.local/lib/python3.7/site-packages/airflow/example_dags/example_nested_branch_dag.py
[2022-11-30 04:09:13,880] {processor.py:654} INFO - DAG(s) dict_keys(['example_nested_branch_dag']) retrieved from /home/airflow/.local/lib/python3.7/site-packages/airflow/example_dags/example_nested_branch_dag.py
[2022-11-30 04:09:13,890] {logging_mixin.py:109} INFO - [2022-11-30 04:09:13,890] {dag.py:2398} INFO - Sync 1 DAGs
[2022-11-30 04:09:13,917] {logging_mixin.py:109} INFO - [2022-11-30 04:09:13,916] {dag.py:2937} INFO - Setting next_dagrun for example_nested_branch_dag to 2022-11-29 00:00:00+00:00
[2022-11-30 04:09:13,929] {processor.py:171} INFO - Processing /home/airflow/.local/lib/python3.7/site-packages/airflow/example_dags/example_nested_branch_dag.py took 0.077 seconds
[2022-11-30 04:09:45,372] {processor.py:163} INFO - Started process (PID=5302) to work on /home/airflow/.local/lib/python3.7/site-packages/airflow/example_dags/example_nested_branch_dag.py
[2022-11-30 04:09:45,373] {processor.py:642} INFO - Processing file /home/airflow/.local/lib/python3.7/site-packages/airflow/example_dags/example_nested_branch_dag.py for tasks to queue
[2022-11-30 04:09:45,374] {logging_mixin.py:109} INFO - [2022-11-30 04:09:45,374] {dagbag.py:500} INFO - Filling up the DagBag from /home/airflow/.local/lib/python3.7/site-packages/airflow/example_dags/example_nested_branch_dag.py
[2022-11-30 04:09:45,399] {processor.py:654} INFO - DAG(s) dict_keys(['example_nested_branch_dag']) retrieved from /home/airflow/.local/lib/python3.7/site-packages/airflow/example_dags/example_nested_branch_dag.py
[2022-11-30 04:09:45,407] {logging_mixin.py:109} INFO - [2022-11-30 04:09:45,407] {dag.py:2398} INFO - Sync 1 DAGs
[2022-11-30 04:09:45,421] {logging_mixin.py:109} INFO - [2022-11-30 04:09:45,421] {dag.py:2937} INFO - Setting next_dagrun for example_nested_branch_dag to 2022-11-29 00:00:00+00:00
[2022-11-30 04:09:45,429] {processor.py:171} INFO - Processing /home/airflow/.local/lib/python3.7/site-packages/airflow/example_dags/example_nested_branch_dag.py took 0.060 seconds
[2022-11-30 04:10:16,232] {processor.py:163} INFO - Started process (PID=5379) to work on /home/airflow/.local/lib/python3.7/site-packages/airflow/example_dags/example_nested_branch_dag.py
[2022-11-30 04:10:16,233] {processor.py:642} INFO - Processing file /home/airflow/.local/lib/python3.7/site-packages/airflow/example_dags/example_nested_branch_dag.py for tasks to queue
[2022-11-30 04:10:16,234] {logging_mixin.py:109} INFO - [2022-11-30 04:10:16,234] {dagbag.py:500} INFO - Filling up the DagBag from /home/airflow/.local/lib/python3.7/site-packages/airflow/example_dags/example_nested_branch_dag.py
[2022-11-30 04:10:16,270] {processor.py:654} INFO - DAG(s) dict_keys(['example_nested_branch_dag']) retrieved from /home/airflow/.local/lib/python3.7/site-packages/airflow/example_dags/example_nested_branch_dag.py
[2022-11-30 04:10:16,280] {logging_mixin.py:109} INFO - [2022-11-30 04:10:16,280] {dag.py:2398} INFO - Sync 1 DAGs
[2022-11-30 04:10:16,297] {logging_mixin.py:109} INFO - [2022-11-30 04:10:16,296] {dag.py:2937} INFO - Setting next_dagrun for example_nested_branch_dag to 2022-11-29 00:00:00+00:00
[2022-11-30 04:10:16,307] {processor.py:171} INFO - Processing /home/airflow/.local/lib/python3.7/site-packages/airflow/example_dags/example_nested_branch_dag.py took 0.079 seconds
[2022-11-30 04:10:47,752] {processor.py:163} INFO - Started process (PID=5465) to work on /home/airflow/.local/lib/python3.7/site-packages/airflow/example_dags/example_nested_branch_dag.py
[2022-11-30 04:10:47,753] {processor.py:642} INFO - Processing file /home/airflow/.local/lib/python3.7/site-packages/airflow/example_dags/example_nested_branch_dag.py for tasks to queue
[2022-11-30 04:10:47,754] {logging_mixin.py:109} INFO - [2022-11-30 04:10:47,754] {dagbag.py:500} INFO - Filling up the DagBag from /home/airflow/.local/lib/python3.7/site-packages/airflow/example_dags/example_nested_branch_dag.py
[2022-11-30 04:10:47,784] {processor.py:654} INFO - DAG(s) dict_keys(['example_nested_branch_dag']) retrieved from /home/airflow/.local/lib/python3.7/site-packages/airflow/example_dags/example_nested_branch_dag.py
[2022-11-30 04:10:47,795] {logging_mixin.py:109} INFO - [2022-11-30 04:10:47,794] {dag.py:2398} INFO - Sync 1 DAGs
[2022-11-30 04:10:47,812] {logging_mixin.py:109} INFO - [2022-11-30 04:10:47,812] {dag.py:2937} INFO - Setting next_dagrun for example_nested_branch_dag to 2022-11-29 00:00:00+00:00
[2022-11-30 04:10:47,822] {processor.py:171} INFO - Processing /home/airflow/.local/lib/python3.7/site-packages/airflow/example_dags/example_nested_branch_dag.py took 0.074 seconds
[2022-11-30 04:11:19,110] {processor.py:163} INFO - Started process (PID=5542) to work on /home/airflow/.local/lib/python3.7/site-packages/airflow/example_dags/example_nested_branch_dag.py
[2022-11-30 04:11:19,112] {processor.py:642} INFO - Processing file /home/airflow/.local/lib/python3.7/site-packages/airflow/example_dags/example_nested_branch_dag.py for tasks to queue
[2022-11-30 04:11:19,112] {logging_mixin.py:109} INFO - [2022-11-30 04:11:19,112] {dagbag.py:500} INFO - Filling up the DagBag from /home/airflow/.local/lib/python3.7/site-packages/airflow/example_dags/example_nested_branch_dag.py
[2022-11-30 04:11:19,151] {processor.py:654} INFO - DAG(s) dict_keys(['example_nested_branch_dag']) retrieved from /home/airflow/.local/lib/python3.7/site-packages/airflow/example_dags/example_nested_branch_dag.py
[2022-11-30 04:11:19,161] {logging_mixin.py:109} INFO - [2022-11-30 04:11:19,161] {dag.py:2398} INFO - Sync 1 DAGs
[2022-11-30 04:11:19,181] {logging_mixin.py:109} INFO - [2022-11-30 04:11:19,181] {dag.py:2937} INFO - Setting next_dagrun for example_nested_branch_dag to 2022-11-29 00:00:00+00:00
[2022-11-30 04:11:19,189] {processor.py:171} INFO - Processing /home/airflow/.local/lib/python3.7/site-packages/airflow/example_dags/example_nested_branch_dag.py took 0.083 seconds
[2022-11-30 04:11:50,688] {processor.py:163} INFO - Started process (PID=5628) to work on /home/airflow/.local/lib/python3.7/site-packages/airflow/example_dags/example_nested_branch_dag.py
[2022-11-30 04:11:50,690] {processor.py:642} INFO - Processing file /home/airflow/.local/lib/python3.7/site-packages/airflow/example_dags/example_nested_branch_dag.py for tasks to queue
[2022-11-30 04:11:50,691] {logging_mixin.py:109} INFO - [2022-11-30 04:11:50,691] {dagbag.py:500} INFO - Filling up the DagBag from /home/airflow/.local/lib/python3.7/site-packages/airflow/example_dags/example_nested_branch_dag.py
[2022-11-30 04:11:50,722] {processor.py:654} INFO - DAG(s) dict_keys(['example_nested_branch_dag']) retrieved from /home/airflow/.local/lib/python3.7/site-packages/airflow/example_dags/example_nested_branch_dag.py
[2022-11-30 04:11:50,732] {logging_mixin.py:109} INFO - [2022-11-30 04:11:50,732] {dag.py:2398} INFO - Sync 1 DAGs
[2022-11-30 04:11:50,749] {logging_mixin.py:109} INFO - [2022-11-30 04:11:50,749] {dag.py:2937} INFO - Setting next_dagrun for example_nested_branch_dag to 2022-11-29 00:00:00+00:00
[2022-11-30 04:11:50,759] {processor.py:171} INFO - Processing /home/airflow/.local/lib/python3.7/site-packages/airflow/example_dags/example_nested_branch_dag.py took 0.073 seconds
[2022-11-30 04:12:21,123] {processor.py:163} INFO - Started process (PID=5705) to work on /home/airflow/.local/lib/python3.7/site-packages/airflow/example_dags/example_nested_branch_dag.py
[2022-11-30 04:12:21,125] {processor.py:642} INFO - Processing file /home/airflow/.local/lib/python3.7/site-packages/airflow/example_dags/example_nested_branch_dag.py for tasks to queue
[2022-11-30 04:12:21,125] {logging_mixin.py:109} INFO - [2022-11-30 04:12:21,125] {dagbag.py:500} INFO - Filling up the DagBag from /home/airflow/.local/lib/python3.7/site-packages/airflow/example_dags/example_nested_branch_dag.py
[2022-11-30 04:12:21,149] {processor.py:654} INFO - DAG(s) dict_keys(['example_nested_branch_dag']) retrieved from /home/airflow/.local/lib/python3.7/site-packages/airflow/example_dags/example_nested_branch_dag.py
[2022-11-30 04:12:21,158] {logging_mixin.py:109} INFO - [2022-11-30 04:12:21,158] {dag.py:2398} INFO - Sync 1 DAGs
[2022-11-30 04:12:21,174] {logging_mixin.py:109} INFO - [2022-11-30 04:12:21,174] {dag.py:2937} INFO - Setting next_dagrun for example_nested_branch_dag to 2022-11-29 00:00:00+00:00
[2022-11-30 04:12:21,183] {processor.py:171} INFO - Processing /home/airflow/.local/lib/python3.7/site-packages/airflow/example_dags/example_nested_branch_dag.py took 0.062 seconds
[2022-11-30 04:12:52,486] {processor.py:163} INFO - Started process (PID=5791) to work on /home/airflow/.local/lib/python3.7/site-packages/airflow/example_dags/example_nested_branch_dag.py
[2022-11-30 04:12:52,487] {processor.py:642} INFO - Processing file /home/airflow/.local/lib/python3.7/site-packages/airflow/example_dags/example_nested_branch_dag.py for tasks to queue
[2022-11-30 04:12:52,488] {logging_mixin.py:109} INFO - [2022-11-30 04:12:52,488] {dagbag.py:500} INFO - Filling up the DagBag from /home/airflow/.local/lib/python3.7/site-packages/airflow/example_dags/example_nested_branch_dag.py
[2022-11-30 04:12:52,518] {processor.py:654} INFO - DAG(s) dict_keys(['example_nested_branch_dag']) retrieved from /home/airflow/.local/lib/python3.7/site-packages/airflow/example_dags/example_nested_branch_dag.py
[2022-11-30 04:12:52,530] {logging_mixin.py:109} INFO - [2022-11-30 04:12:52,530] {dag.py:2398} INFO - Sync 1 DAGs
[2022-11-30 04:12:52,549] {logging_mixin.py:109} INFO - [2022-11-30 04:12:52,549] {dag.py:2937} INFO - Setting next_dagrun for example_nested_branch_dag to 2022-11-29 00:00:00+00:00
[2022-11-30 04:12:52,559] {processor.py:171} INFO - Processing /home/airflow/.local/lib/python3.7/site-packages/airflow/example_dags/example_nested_branch_dag.py took 0.076 seconds
[2022-11-30 04:13:23,854] {processor.py:163} INFO - Started process (PID=5869) to work on /home/airflow/.local/lib/python3.7/site-packages/airflow/example_dags/example_nested_branch_dag.py
[2022-11-30 04:13:23,856] {processor.py:642} INFO - Processing file /home/airflow/.local/lib/python3.7/site-packages/airflow/example_dags/example_nested_branch_dag.py for tasks to queue
[2022-11-30 04:13:23,856] {logging_mixin.py:109} INFO - [2022-11-30 04:13:23,856] {dagbag.py:500} INFO - Filling up the DagBag from /home/airflow/.local/lib/python3.7/site-packages/airflow/example_dags/example_nested_branch_dag.py
[2022-11-30 04:13:23,885] {processor.py:654} INFO - DAG(s) dict_keys(['example_nested_branch_dag']) retrieved from /home/airflow/.local/lib/python3.7/site-packages/airflow/example_dags/example_nested_branch_dag.py
[2022-11-30 04:13:23,895] {logging_mixin.py:109} INFO - [2022-11-30 04:13:23,895] {dag.py:2398} INFO - Sync 1 DAGs
[2022-11-30 04:13:23,911] {logging_mixin.py:109} INFO - [2022-11-30 04:13:23,911] {dag.py:2937} INFO - Setting next_dagrun for example_nested_branch_dag to 2022-11-29 00:00:00+00:00
[2022-11-30 04:13:23,920] {processor.py:171} INFO - Processing /home/airflow/.local/lib/python3.7/site-packages/airflow/example_dags/example_nested_branch_dag.py took 0.069 seconds
[2022-11-30 04:13:55,967] {processor.py:163} INFO - Started process (PID=5955) to work on /home/airflow/.local/lib/python3.7/site-packages/airflow/example_dags/example_nested_branch_dag.py
[2022-11-30 04:13:55,968] {processor.py:642} INFO - Processing file /home/airflow/.local/lib/python3.7/site-packages/airflow/example_dags/example_nested_branch_dag.py for tasks to queue
[2022-11-30 04:13:55,969] {logging_mixin.py:109} INFO - [2022-11-30 04:13:55,969] {dagbag.py:500} INFO - Filling up the DagBag from /home/airflow/.local/lib/python3.7/site-packages/airflow/example_dags/example_nested_branch_dag.py
[2022-11-30 04:13:55,996] {processor.py:654} INFO - DAG(s) dict_keys(['example_nested_branch_dag']) retrieved from /home/airflow/.local/lib/python3.7/site-packages/airflow/example_dags/example_nested_branch_dag.py
[2022-11-30 04:13:56,006] {logging_mixin.py:109} INFO - [2022-11-30 04:13:56,005] {dag.py:2398} INFO - Sync 1 DAGs
[2022-11-30 04:13:56,019] {logging_mixin.py:109} INFO - [2022-11-30 04:13:56,019] {dag.py:2937} INFO - Setting next_dagrun for example_nested_branch_dag to 2022-11-29 00:00:00+00:00
[2022-11-30 04:13:56,028] {processor.py:171} INFO - Processing /home/airflow/.local/lib/python3.7/site-packages/airflow/example_dags/example_nested_branch_dag.py took 0.063 seconds
[2022-11-30 04:14:26,468] {processor.py:163} INFO - Started process (PID=6032) to work on /home/airflow/.local/lib/python3.7/site-packages/airflow/example_dags/example_nested_branch_dag.py
[2022-11-30 04:14:26,469] {processor.py:642} INFO - Processing file /home/airflow/.local/lib/python3.7/site-packages/airflow/example_dags/example_nested_branch_dag.py for tasks to queue
[2022-11-30 04:14:26,470] {logging_mixin.py:109} INFO - [2022-11-30 04:14:26,470] {dagbag.py:500} INFO - Filling up the DagBag from /home/airflow/.local/lib/python3.7/site-packages/airflow/example_dags/example_nested_branch_dag.py
[2022-11-30 04:14:26,495] {processor.py:654} INFO - DAG(s) dict_keys(['example_nested_branch_dag']) retrieved from /home/airflow/.local/lib/python3.7/site-packages/airflow/example_dags/example_nested_branch_dag.py
[2022-11-30 04:14:26,505] {logging_mixin.py:109} INFO - [2022-11-30 04:14:26,505] {dag.py:2398} INFO - Sync 1 DAGs
[2022-11-30 04:14:26,520] {logging_mixin.py:109} INFO - [2022-11-30 04:14:26,520] {dag.py:2937} INFO - Setting next_dagrun for example_nested_branch_dag to 2022-11-29 00:00:00+00:00
[2022-11-30 04:14:26,529] {processor.py:171} INFO - Processing /home/airflow/.local/lib/python3.7/site-packages/airflow/example_dags/example_nested_branch_dag.py took 0.064 seconds
[2022-11-30 04:14:58,129] {processor.py:163} INFO - Started process (PID=6118) to work on /home/airflow/.local/lib/python3.7/site-packages/airflow/example_dags/example_nested_branch_dag.py
[2022-11-30 04:14:58,130] {processor.py:642} INFO - Processing file /home/airflow/.local/lib/python3.7/site-packages/airflow/example_dags/example_nested_branch_dag.py for tasks to queue
[2022-11-30 04:14:58,130] {logging_mixin.py:109} INFO - [2022-11-30 04:14:58,130] {dagbag.py:500} INFO - Filling up the DagBag from /home/airflow/.local/lib/python3.7/site-packages/airflow/example_dags/example_nested_branch_dag.py
[2022-11-30 04:14:58,163] {processor.py:654} INFO - DAG(s) dict_keys(['example_nested_branch_dag']) retrieved from /home/airflow/.local/lib/python3.7/site-packages/airflow/example_dags/example_nested_branch_dag.py
[2022-11-30 04:14:58,173] {logging_mixin.py:109} INFO - [2022-11-30 04:14:58,173] {dag.py:2398} INFO - Sync 1 DAGs
[2022-11-30 04:14:58,190] {logging_mixin.py:109} INFO - [2022-11-30 04:14:58,190] {dag.py:2937} INFO - Setting next_dagrun for example_nested_branch_dag to 2022-11-29 00:00:00+00:00
[2022-11-30 04:14:58,198] {processor.py:171} INFO - Processing /home/airflow/.local/lib/python3.7/site-packages/airflow/example_dags/example_nested_branch_dag.py took 0.072 seconds
[2022-11-30 04:15:28,849] {processor.py:163} INFO - Started process (PID=6195) to work on /home/airflow/.local/lib/python3.7/site-packages/airflow/example_dags/example_nested_branch_dag.py
[2022-11-30 04:15:28,850] {processor.py:642} INFO - Processing file /home/airflow/.local/lib/python3.7/site-packages/airflow/example_dags/example_nested_branch_dag.py for tasks to queue
[2022-11-30 04:15:28,851] {logging_mixin.py:109} INFO - [2022-11-30 04:15:28,851] {dagbag.py:500} INFO - Filling up the DagBag from /home/airflow/.local/lib/python3.7/site-packages/airflow/example_dags/example_nested_branch_dag.py
[2022-11-30 04:15:28,890] {processor.py:654} INFO - DAG(s) dict_keys(['example_nested_branch_dag']) retrieved from /home/airflow/.local/lib/python3.7/site-packages/airflow/example_dags/example_nested_branch_dag.py
[2022-11-30 04:15:28,904] {logging_mixin.py:109} INFO - [2022-11-30 04:15:28,904] {dag.py:2398} INFO - Sync 1 DAGs
[2022-11-30 04:15:28,927] {logging_mixin.py:109} INFO - [2022-11-30 04:15:28,927] {dag.py:2937} INFO - Setting next_dagrun for example_nested_branch_dag to 2022-11-29 00:00:00+00:00
[2022-11-30 04:15:28,940] {processor.py:171} INFO - Processing /home/airflow/.local/lib/python3.7/site-packages/airflow/example_dags/example_nested_branch_dag.py took 0.095 seconds
[2022-11-30 04:15:59,433] {processor.py:163} INFO - Started process (PID=6280) to work on /home/airflow/.local/lib/python3.7/site-packages/airflow/example_dags/example_nested_branch_dag.py
[2022-11-30 04:15:59,434] {processor.py:642} INFO - Processing file /home/airflow/.local/lib/python3.7/site-packages/airflow/example_dags/example_nested_branch_dag.py for tasks to queue
[2022-11-30 04:15:59,435] {logging_mixin.py:109} INFO - [2022-11-30 04:15:59,434] {dagbag.py:500} INFO - Filling up the DagBag from /home/airflow/.local/lib/python3.7/site-packages/airflow/example_dags/example_nested_branch_dag.py
[2022-11-30 04:15:59,472] {processor.py:654} INFO - DAG(s) dict_keys(['example_nested_branch_dag']) retrieved from /home/airflow/.local/lib/python3.7/site-packages/airflow/example_dags/example_nested_branch_dag.py
[2022-11-30 04:15:59,483] {logging_mixin.py:109} INFO - [2022-11-30 04:15:59,483] {dag.py:2398} INFO - Sync 1 DAGs
[2022-11-30 04:15:59,502] {logging_mixin.py:109} INFO - [2022-11-30 04:15:59,502] {dag.py:2937} INFO - Setting next_dagrun for example_nested_branch_dag to 2022-11-29 00:00:00+00:00
[2022-11-30 04:15:59,514] {processor.py:171} INFO - Processing /home/airflow/.local/lib/python3.7/site-packages/airflow/example_dags/example_nested_branch_dag.py took 0.084 seconds
[2022-11-30 04:16:30,393] {processor.py:163} INFO - Started process (PID=6358) to work on /home/airflow/.local/lib/python3.7/site-packages/airflow/example_dags/example_nested_branch_dag.py
[2022-11-30 04:16:30,394] {processor.py:642} INFO - Processing file /home/airflow/.local/lib/python3.7/site-packages/airflow/example_dags/example_nested_branch_dag.py for tasks to queue
[2022-11-30 04:16:30,394] {logging_mixin.py:109} INFO - [2022-11-30 04:16:30,394] {dagbag.py:500} INFO - Filling up the DagBag from /home/airflow/.local/lib/python3.7/site-packages/airflow/example_dags/example_nested_branch_dag.py
[2022-11-30 04:16:30,424] {processor.py:654} INFO - DAG(s) dict_keys(['example_nested_branch_dag']) retrieved from /home/airflow/.local/lib/python3.7/site-packages/airflow/example_dags/example_nested_branch_dag.py
[2022-11-30 04:16:30,433] {logging_mixin.py:109} INFO - [2022-11-30 04:16:30,433] {dag.py:2398} INFO - Sync 1 DAGs
[2022-11-30 04:16:30,449] {logging_mixin.py:109} INFO - [2022-11-30 04:16:30,449] {dag.py:2937} INFO - Setting next_dagrun for example_nested_branch_dag to 2022-11-29 00:00:00+00:00
[2022-11-30 04:16:30,458] {processor.py:171} INFO - Processing /home/airflow/.local/lib/python3.7/site-packages/airflow/example_dags/example_nested_branch_dag.py took 0.068 seconds
[2022-11-30 04:17:01,039] {processor.py:163} INFO - Started process (PID=6435) to work on /home/airflow/.local/lib/python3.7/site-packages/airflow/example_dags/example_nested_branch_dag.py
[2022-11-30 04:17:01,041] {processor.py:642} INFO - Processing file /home/airflow/.local/lib/python3.7/site-packages/airflow/example_dags/example_nested_branch_dag.py for tasks to queue
[2022-11-30 04:17:01,042] {logging_mixin.py:109} INFO - [2022-11-30 04:17:01,042] {dagbag.py:500} INFO - Filling up the DagBag from /home/airflow/.local/lib/python3.7/site-packages/airflow/example_dags/example_nested_branch_dag.py
[2022-11-30 04:17:01,140] {processor.py:654} INFO - DAG(s) dict_keys(['example_nested_branch_dag']) retrieved from /home/airflow/.local/lib/python3.7/site-packages/airflow/example_dags/example_nested_branch_dag.py
[2022-11-30 04:17:01,149] {logging_mixin.py:109} INFO - [2022-11-30 04:17:01,149] {dag.py:2398} INFO - Sync 1 DAGs
[2022-11-30 04:17:01,174] {logging_mixin.py:109} INFO - [2022-11-30 04:17:01,173] {dag.py:2937} INFO - Setting next_dagrun for example_nested_branch_dag to 2022-11-29 00:00:00+00:00
[2022-11-30 04:17:01,186] {processor.py:171} INFO - Processing /home/airflow/.local/lib/python3.7/site-packages/airflow/example_dags/example_nested_branch_dag.py took 0.151 seconds
[2022-11-30 04:17:31,867] {processor.py:163} INFO - Started process (PID=6521) to work on /home/airflow/.local/lib/python3.7/site-packages/airflow/example_dags/example_nested_branch_dag.py
[2022-11-30 04:17:31,868] {processor.py:642} INFO - Processing file /home/airflow/.local/lib/python3.7/site-packages/airflow/example_dags/example_nested_branch_dag.py for tasks to queue
[2022-11-30 04:17:31,869] {logging_mixin.py:109} INFO - [2022-11-30 04:17:31,869] {dagbag.py:500} INFO - Filling up the DagBag from /home/airflow/.local/lib/python3.7/site-packages/airflow/example_dags/example_nested_branch_dag.py
[2022-11-30 04:17:31,895] {processor.py:654} INFO - DAG(s) dict_keys(['example_nested_branch_dag']) retrieved from /home/airflow/.local/lib/python3.7/site-packages/airflow/example_dags/example_nested_branch_dag.py
[2022-11-30 04:17:31,905] {logging_mixin.py:109} INFO - [2022-11-30 04:17:31,905] {dag.py:2398} INFO - Sync 1 DAGs
[2022-11-30 04:17:31,920] {logging_mixin.py:109} INFO - [2022-11-30 04:17:31,920] {dag.py:2937} INFO - Setting next_dagrun for example_nested_branch_dag to 2022-11-29 00:00:00+00:00
[2022-11-30 04:17:31,929] {processor.py:171} INFO - Processing /home/airflow/.local/lib/python3.7/site-packages/airflow/example_dags/example_nested_branch_dag.py took 0.064 seconds
[2022-11-30 04:18:03,339] {processor.py:163} INFO - Started process (PID=6598) to work on /home/airflow/.local/lib/python3.7/site-packages/airflow/example_dags/example_nested_branch_dag.py
[2022-11-30 04:18:03,340] {processor.py:642} INFO - Processing file /home/airflow/.local/lib/python3.7/site-packages/airflow/example_dags/example_nested_branch_dag.py for tasks to queue
[2022-11-30 04:18:03,341] {logging_mixin.py:109} INFO - [2022-11-30 04:18:03,341] {dagbag.py:500} INFO - Filling up the DagBag from /home/airflow/.local/lib/python3.7/site-packages/airflow/example_dags/example_nested_branch_dag.py
[2022-11-30 04:18:03,375] {processor.py:654} INFO - DAG(s) dict_keys(['example_nested_branch_dag']) retrieved from /home/airflow/.local/lib/python3.7/site-packages/airflow/example_dags/example_nested_branch_dag.py
[2022-11-30 04:18:03,385] {logging_mixin.py:109} INFO - [2022-11-30 04:18:03,384] {dag.py:2398} INFO - Sync 1 DAGs
[2022-11-30 04:18:03,402] {logging_mixin.py:109} INFO - [2022-11-30 04:18:03,402] {dag.py:2937} INFO - Setting next_dagrun for example_nested_branch_dag to 2022-11-29 00:00:00+00:00
[2022-11-30 04:18:03,409] {processor.py:171} INFO - Processing /home/airflow/.local/lib/python3.7/site-packages/airflow/example_dags/example_nested_branch_dag.py took 0.073 seconds
[2022-11-30 04:18:34,869] {processor.py:163} INFO - Started process (PID=6684) to work on /home/airflow/.local/lib/python3.7/site-packages/airflow/example_dags/example_nested_branch_dag.py
[2022-11-30 04:18:34,871] {processor.py:642} INFO - Processing file /home/airflow/.local/lib/python3.7/site-packages/airflow/example_dags/example_nested_branch_dag.py for tasks to queue
[2022-11-30 04:18:34,871] {logging_mixin.py:109} INFO - [2022-11-30 04:18:34,871] {dagbag.py:500} INFO - Filling up the DagBag from /home/airflow/.local/lib/python3.7/site-packages/airflow/example_dags/example_nested_branch_dag.py
[2022-11-30 04:18:34,902] {processor.py:654} INFO - DAG(s) dict_keys(['example_nested_branch_dag']) retrieved from /home/airflow/.local/lib/python3.7/site-packages/airflow/example_dags/example_nested_branch_dag.py
[2022-11-30 04:18:34,913] {logging_mixin.py:109} INFO - [2022-11-30 04:18:34,913] {dag.py:2398} INFO - Sync 1 DAGs
[2022-11-30 04:18:34,930] {logging_mixin.py:109} INFO - [2022-11-30 04:18:34,930] {dag.py:2937} INFO - Setting next_dagrun for example_nested_branch_dag to 2022-11-29 00:00:00+00:00
[2022-11-30 04:18:34,940] {processor.py:171} INFO - Processing /home/airflow/.local/lib/python3.7/site-packages/airflow/example_dags/example_nested_branch_dag.py took 0.073 seconds
[2022-11-30 04:19:05,608] {processor.py:163} INFO - Started process (PID=6761) to work on /home/airflow/.local/lib/python3.7/site-packages/airflow/example_dags/example_nested_branch_dag.py
[2022-11-30 04:19:05,609] {processor.py:642} INFO - Processing file /home/airflow/.local/lib/python3.7/site-packages/airflow/example_dags/example_nested_branch_dag.py for tasks to queue
[2022-11-30 04:19:05,610] {logging_mixin.py:109} INFO - [2022-11-30 04:19:05,609] {dagbag.py:500} INFO - Filling up the DagBag from /home/airflow/.local/lib/python3.7/site-packages/airflow/example_dags/example_nested_branch_dag.py
[2022-11-30 04:19:05,640] {processor.py:654} INFO - DAG(s) dict_keys(['example_nested_branch_dag']) retrieved from /home/airflow/.local/lib/python3.7/site-packages/airflow/example_dags/example_nested_branch_dag.py
[2022-11-30 04:19:05,650] {logging_mixin.py:109} INFO - [2022-11-30 04:19:05,650] {dag.py:2398} INFO - Sync 1 DAGs
[2022-11-30 04:19:05,666] {logging_mixin.py:109} INFO - [2022-11-30 04:19:05,666] {dag.py:2937} INFO - Setting next_dagrun for example_nested_branch_dag to 2022-11-29 00:00:00+00:00
[2022-11-30 04:19:05,676] {processor.py:171} INFO - Processing /home/airflow/.local/lib/python3.7/site-packages/airflow/example_dags/example_nested_branch_dag.py took 0.071 seconds
[2022-11-30 04:19:36,844] {processor.py:163} INFO - Started process (PID=6847) to work on /home/airflow/.local/lib/python3.7/site-packages/airflow/example_dags/example_nested_branch_dag.py
[2022-11-30 04:19:36,845] {processor.py:642} INFO - Processing file /home/airflow/.local/lib/python3.7/site-packages/airflow/example_dags/example_nested_branch_dag.py for tasks to queue
[2022-11-30 04:19:36,846] {logging_mixin.py:109} INFO - [2022-11-30 04:19:36,845] {dagbag.py:500} INFO - Filling up the DagBag from /home/airflow/.local/lib/python3.7/site-packages/airflow/example_dags/example_nested_branch_dag.py
[2022-11-30 04:19:36,875] {processor.py:654} INFO - DAG(s) dict_keys(['example_nested_branch_dag']) retrieved from /home/airflow/.local/lib/python3.7/site-packages/airflow/example_dags/example_nested_branch_dag.py
[2022-11-30 04:19:36,884] {logging_mixin.py:109} INFO - [2022-11-30 04:19:36,884] {dag.py:2398} INFO - Sync 1 DAGs
[2022-11-30 04:19:36,899] {logging_mixin.py:109} INFO - [2022-11-30 04:19:36,899] {dag.py:2937} INFO - Setting next_dagrun for example_nested_branch_dag to 2022-11-29 00:00:00+00:00
[2022-11-30 04:19:36,908] {processor.py:171} INFO - Processing /home/airflow/.local/lib/python3.7/site-packages/airflow/example_dags/example_nested_branch_dag.py took 0.067 seconds
[2022-11-30 04:20:08,343] {processor.py:163} INFO - Started process (PID=6927) to work on /home/airflow/.local/lib/python3.7/site-packages/airflow/example_dags/example_nested_branch_dag.py
[2022-11-30 04:20:08,344] {processor.py:642} INFO - Processing file /home/airflow/.local/lib/python3.7/site-packages/airflow/example_dags/example_nested_branch_dag.py for tasks to queue
[2022-11-30 04:20:08,344] {logging_mixin.py:109} INFO - [2022-11-30 04:20:08,344] {dagbag.py:500} INFO - Filling up the DagBag from /home/airflow/.local/lib/python3.7/site-packages/airflow/example_dags/example_nested_branch_dag.py
[2022-11-30 04:20:08,377] {processor.py:654} INFO - DAG(s) dict_keys(['example_nested_branch_dag']) retrieved from /home/airflow/.local/lib/python3.7/site-packages/airflow/example_dags/example_nested_branch_dag.py
[2022-11-30 04:20:08,387] {logging_mixin.py:109} INFO - [2022-11-30 04:20:08,386] {dag.py:2398} INFO - Sync 1 DAGs
[2022-11-30 04:20:08,401] {logging_mixin.py:109} INFO - [2022-11-30 04:20:08,400] {dag.py:2937} INFO - Setting next_dagrun for example_nested_branch_dag to 2022-11-29 00:00:00+00:00
[2022-11-30 04:20:08,409] {processor.py:171} INFO - Processing /home/airflow/.local/lib/python3.7/site-packages/airflow/example_dags/example_nested_branch_dag.py took 0.069 seconds
[2022-11-30 04:20:39,913] {processor.py:163} INFO - Started process (PID=7013) to work on /home/airflow/.local/lib/python3.7/site-packages/airflow/example_dags/example_nested_branch_dag.py
[2022-11-30 04:20:39,915] {processor.py:642} INFO - Processing file /home/airflow/.local/lib/python3.7/site-packages/airflow/example_dags/example_nested_branch_dag.py for tasks to queue
[2022-11-30 04:20:39,915] {logging_mixin.py:109} INFO - [2022-11-30 04:20:39,915] {dagbag.py:500} INFO - Filling up the DagBag from /home/airflow/.local/lib/python3.7/site-packages/airflow/example_dags/example_nested_branch_dag.py
[2022-11-30 04:20:39,943] {processor.py:654} INFO - DAG(s) dict_keys(['example_nested_branch_dag']) retrieved from /home/airflow/.local/lib/python3.7/site-packages/airflow/example_dags/example_nested_branch_dag.py
[2022-11-30 04:20:39,952] {logging_mixin.py:109} INFO - [2022-11-30 04:20:39,952] {dag.py:2398} INFO - Sync 1 DAGs
[2022-11-30 04:20:39,967] {logging_mixin.py:109} INFO - [2022-11-30 04:20:39,967] {dag.py:2937} INFO - Setting next_dagrun for example_nested_branch_dag to 2022-11-29 00:00:00+00:00
[2022-11-30 04:20:39,975] {processor.py:171} INFO - Processing /home/airflow/.local/lib/python3.7/site-packages/airflow/example_dags/example_nested_branch_dag.py took 0.065 seconds
[2022-11-30 04:21:10,844] {processor.py:163} INFO - Started process (PID=7090) to work on /home/airflow/.local/lib/python3.7/site-packages/airflow/example_dags/example_nested_branch_dag.py
[2022-11-30 04:21:10,845] {processor.py:642} INFO - Processing file /home/airflow/.local/lib/python3.7/site-packages/airflow/example_dags/example_nested_branch_dag.py for tasks to queue
[2022-11-30 04:21:10,846] {logging_mixin.py:109} INFO - [2022-11-30 04:21:10,845] {dagbag.py:500} INFO - Filling up the DagBag from /home/airflow/.local/lib/python3.7/site-packages/airflow/example_dags/example_nested_branch_dag.py
[2022-11-30 04:21:10,903] {processor.py:654} INFO - DAG(s) dict_keys(['example_nested_branch_dag']) retrieved from /home/airflow/.local/lib/python3.7/site-packages/airflow/example_dags/example_nested_branch_dag.py
[2022-11-30 04:21:10,921] {logging_mixin.py:109} INFO - [2022-11-30 04:21:10,921] {dag.py:2398} INFO - Sync 1 DAGs
[2022-11-30 04:21:10,944] {logging_mixin.py:109} INFO - [2022-11-30 04:21:10,943] {dag.py:2937} INFO - Setting next_dagrun for example_nested_branch_dag to 2022-11-29 00:00:00+00:00
[2022-11-30 04:21:10,954] {processor.py:171} INFO - Processing /home/airflow/.local/lib/python3.7/site-packages/airflow/example_dags/example_nested_branch_dag.py took 0.114 seconds
[2022-11-30 04:21:41,738] {processor.py:163} INFO - Started process (PID=7176) to work on /home/airflow/.local/lib/python3.7/site-packages/airflow/example_dags/example_nested_branch_dag.py
[2022-11-30 04:21:41,740] {processor.py:642} INFO - Processing file /home/airflow/.local/lib/python3.7/site-packages/airflow/example_dags/example_nested_branch_dag.py for tasks to queue
[2022-11-30 04:21:41,740] {logging_mixin.py:109} INFO - [2022-11-30 04:21:41,740] {dagbag.py:500} INFO - Filling up the DagBag from /home/airflow/.local/lib/python3.7/site-packages/airflow/example_dags/example_nested_branch_dag.py
[2022-11-30 04:21:41,767] {processor.py:654} INFO - DAG(s) dict_keys(['example_nested_branch_dag']) retrieved from /home/airflow/.local/lib/python3.7/site-packages/airflow/example_dags/example_nested_branch_dag.py
[2022-11-30 04:21:41,777] {logging_mixin.py:109} INFO - [2022-11-30 04:21:41,777] {dag.py:2398} INFO - Sync 1 DAGs
[2022-11-30 04:21:41,794] {logging_mixin.py:109} INFO - [2022-11-30 04:21:41,794] {dag.py:2937} INFO - Setting next_dagrun for example_nested_branch_dag to 2022-11-29 00:00:00+00:00
[2022-11-30 04:21:41,804] {processor.py:171} INFO - Processing /home/airflow/.local/lib/python3.7/site-packages/airflow/example_dags/example_nested_branch_dag.py took 0.069 seconds
[2022-11-30 04:22:12,073] {processor.py:163} INFO - Started process (PID=7253) to work on /home/airflow/.local/lib/python3.7/site-packages/airflow/example_dags/example_nested_branch_dag.py
[2022-11-30 04:22:12,075] {processor.py:642} INFO - Processing file /home/airflow/.local/lib/python3.7/site-packages/airflow/example_dags/example_nested_branch_dag.py for tasks to queue
[2022-11-30 04:22:12,076] {logging_mixin.py:109} INFO - [2022-11-30 04:22:12,075] {dagbag.py:500} INFO - Filling up the DagBag from /home/airflow/.local/lib/python3.7/site-packages/airflow/example_dags/example_nested_branch_dag.py
[2022-11-30 04:22:12,102] {processor.py:654} INFO - DAG(s) dict_keys(['example_nested_branch_dag']) retrieved from /home/airflow/.local/lib/python3.7/site-packages/airflow/example_dags/example_nested_branch_dag.py
[2022-11-30 04:22:12,114] {logging_mixin.py:109} INFO - [2022-11-30 04:22:12,113] {dag.py:2398} INFO - Sync 1 DAGs
[2022-11-30 04:22:12,132] {logging_mixin.py:109} INFO - [2022-11-30 04:22:12,132] {dag.py:2937} INFO - Setting next_dagrun for example_nested_branch_dag to 2022-11-29 00:00:00+00:00
[2022-11-30 04:22:12,140] {processor.py:171} INFO - Processing /home/airflow/.local/lib/python3.7/site-packages/airflow/example_dags/example_nested_branch_dag.py took 0.069 seconds
