[2022-11-30 03:58:20,391] {processor.py:163} INFO - Started process (PID=3517) to work on /home/airflow/.local/lib/python3.7/site-packages/airflow/example_dags/example_time_delta_sensor_async.py
[2022-11-30 03:58:20,394] {processor.py:642} INFO - Processing file /home/airflow/.local/lib/python3.7/site-packages/airflow/example_dags/example_time_delta_sensor_async.py for tasks to queue
[2022-11-30 03:58:20,398] {logging_mixin.py:109} INFO - [2022-11-30 03:58:20,397] {dagbag.py:500} INFO - Filling up the DagBag from /home/airflow/.local/lib/python3.7/site-packages/airflow/example_dags/example_time_delta_sensor_async.py
[2022-11-30 03:58:20,449] {processor.py:654} INFO - DAG(s) dict_keys(['example_time_delta_sensor_async']) retrieved from /home/airflow/.local/lib/python3.7/site-packages/airflow/example_dags/example_time_delta_sensor_async.py
[2022-11-30 03:58:20,471] {logging_mixin.py:109} INFO - [2022-11-30 03:58:20,471] {dag.py:2398} INFO - Sync 1 DAGs
[2022-11-30 03:58:20,507] {logging_mixin.py:109} INFO - [2022-11-30 03:58:20,507] {dag.py:2937} INFO - Setting next_dagrun for example_time_delta_sensor_async to None
[2022-11-30 03:58:20,533] {processor.py:171} INFO - Processing /home/airflow/.local/lib/python3.7/site-packages/airflow/example_dags/example_time_delta_sensor_async.py took 0.150 seconds
[2022-11-30 03:58:51,188] {processor.py:163} INFO - Started process (PID=3594) to work on /home/airflow/.local/lib/python3.7/site-packages/airflow/example_dags/example_time_delta_sensor_async.py
[2022-11-30 03:58:51,189] {processor.py:642} INFO - Processing file /home/airflow/.local/lib/python3.7/site-packages/airflow/example_dags/example_time_delta_sensor_async.py for tasks to queue
[2022-11-30 03:58:51,190] {logging_mixin.py:109} INFO - [2022-11-30 03:58:51,190] {dagbag.py:500} INFO - Filling up the DagBag from /home/airflow/.local/lib/python3.7/site-packages/airflow/example_dags/example_time_delta_sensor_async.py
[2022-11-30 03:58:51,224] {processor.py:654} INFO - DAG(s) dict_keys(['example_time_delta_sensor_async']) retrieved from /home/airflow/.local/lib/python3.7/site-packages/airflow/example_dags/example_time_delta_sensor_async.py
[2022-11-30 03:58:51,235] {logging_mixin.py:109} INFO - [2022-11-30 03:58:51,235] {dag.py:2398} INFO - Sync 1 DAGs
[2022-11-30 03:58:51,255] {logging_mixin.py:109} INFO - [2022-11-30 03:58:51,255] {dag.py:2937} INFO - Setting next_dagrun for example_time_delta_sensor_async to None
[2022-11-30 03:58:51,267] {processor.py:171} INFO - Processing /home/airflow/.local/lib/python3.7/site-packages/airflow/example_dags/example_time_delta_sensor_async.py took 0.081 seconds
[2022-11-30 03:59:22,094] {processor.py:163} INFO - Started process (PID=3680) to work on /home/airflow/.local/lib/python3.7/site-packages/airflow/example_dags/example_time_delta_sensor_async.py
[2022-11-30 03:59:22,096] {processor.py:642} INFO - Processing file /home/airflow/.local/lib/python3.7/site-packages/airflow/example_dags/example_time_delta_sensor_async.py for tasks to queue
[2022-11-30 03:59:22,096] {logging_mixin.py:109} INFO - [2022-11-30 03:59:22,096] {dagbag.py:500} INFO - Filling up the DagBag from /home/airflow/.local/lib/python3.7/site-packages/airflow/example_dags/example_time_delta_sensor_async.py
[2022-11-30 03:59:22,128] {processor.py:654} INFO - DAG(s) dict_keys(['example_time_delta_sensor_async']) retrieved from /home/airflow/.local/lib/python3.7/site-packages/airflow/example_dags/example_time_delta_sensor_async.py
[2022-11-30 03:59:22,138] {logging_mixin.py:109} INFO - [2022-11-30 03:59:22,138] {dag.py:2398} INFO - Sync 1 DAGs
[2022-11-30 03:59:22,157] {logging_mixin.py:109} INFO - [2022-11-30 03:59:22,157] {dag.py:2937} INFO - Setting next_dagrun for example_time_delta_sensor_async to None
[2022-11-30 03:59:22,167] {processor.py:171} INFO - Processing /home/airflow/.local/lib/python3.7/site-packages/airflow/example_dags/example_time_delta_sensor_async.py took 0.076 seconds
[2022-11-30 03:59:52,419] {processor.py:163} INFO - Started process (PID=3757) to work on /home/airflow/.local/lib/python3.7/site-packages/airflow/example_dags/example_time_delta_sensor_async.py
[2022-11-30 03:59:52,420] {processor.py:642} INFO - Processing file /home/airflow/.local/lib/python3.7/site-packages/airflow/example_dags/example_time_delta_sensor_async.py for tasks to queue
[2022-11-30 03:59:52,421] {logging_mixin.py:109} INFO - [2022-11-30 03:59:52,421] {dagbag.py:500} INFO - Filling up the DagBag from /home/airflow/.local/lib/python3.7/site-packages/airflow/example_dags/example_time_delta_sensor_async.py
[2022-11-30 03:59:52,447] {processor.py:654} INFO - DAG(s) dict_keys(['example_time_delta_sensor_async']) retrieved from /home/airflow/.local/lib/python3.7/site-packages/airflow/example_dags/example_time_delta_sensor_async.py
[2022-11-30 03:59:52,456] {logging_mixin.py:109} INFO - [2022-11-30 03:59:52,456] {dag.py:2398} INFO - Sync 1 DAGs
[2022-11-30 03:59:52,470] {logging_mixin.py:109} INFO - [2022-11-30 03:59:52,470] {dag.py:2937} INFO - Setting next_dagrun for example_time_delta_sensor_async to None
[2022-11-30 03:59:52,478] {processor.py:171} INFO - Processing /home/airflow/.local/lib/python3.7/site-packages/airflow/example_dags/example_time_delta_sensor_async.py took 0.062 seconds
[2022-11-30 04:00:22,932] {processor.py:163} INFO - Started process (PID=3843) to work on /home/airflow/.local/lib/python3.7/site-packages/airflow/example_dags/example_time_delta_sensor_async.py
[2022-11-30 04:00:22,934] {processor.py:642} INFO - Processing file /home/airflow/.local/lib/python3.7/site-packages/airflow/example_dags/example_time_delta_sensor_async.py for tasks to queue
[2022-11-30 04:00:22,935] {logging_mixin.py:109} INFO - [2022-11-30 04:00:22,935] {dagbag.py:500} INFO - Filling up the DagBag from /home/airflow/.local/lib/python3.7/site-packages/airflow/example_dags/example_time_delta_sensor_async.py
[2022-11-30 04:00:22,972] {processor.py:654} INFO - DAG(s) dict_keys(['example_time_delta_sensor_async']) retrieved from /home/airflow/.local/lib/python3.7/site-packages/airflow/example_dags/example_time_delta_sensor_async.py
[2022-11-30 04:00:22,981] {logging_mixin.py:109} INFO - [2022-11-30 04:00:22,981] {dag.py:2398} INFO - Sync 1 DAGs
[2022-11-30 04:00:23,001] {logging_mixin.py:109} INFO - [2022-11-30 04:00:23,001] {dag.py:2937} INFO - Setting next_dagrun for example_time_delta_sensor_async to None
[2022-11-30 04:00:23,014] {processor.py:171} INFO - Processing /home/airflow/.local/lib/python3.7/site-packages/airflow/example_dags/example_time_delta_sensor_async.py took 0.086 seconds
[2022-11-30 04:00:53,651] {processor.py:163} INFO - Started process (PID=3920) to work on /home/airflow/.local/lib/python3.7/site-packages/airflow/example_dags/example_time_delta_sensor_async.py
[2022-11-30 04:00:53,652] {processor.py:642} INFO - Processing file /home/airflow/.local/lib/python3.7/site-packages/airflow/example_dags/example_time_delta_sensor_async.py for tasks to queue
[2022-11-30 04:00:53,653] {logging_mixin.py:109} INFO - [2022-11-30 04:00:53,653] {dagbag.py:500} INFO - Filling up the DagBag from /home/airflow/.local/lib/python3.7/site-packages/airflow/example_dags/example_time_delta_sensor_async.py
[2022-11-30 04:00:53,687] {processor.py:654} INFO - DAG(s) dict_keys(['example_time_delta_sensor_async']) retrieved from /home/airflow/.local/lib/python3.7/site-packages/airflow/example_dags/example_time_delta_sensor_async.py
[2022-11-30 04:00:53,697] {logging_mixin.py:109} INFO - [2022-11-30 04:00:53,697] {dag.py:2398} INFO - Sync 1 DAGs
[2022-11-30 04:00:53,713] {logging_mixin.py:109} INFO - [2022-11-30 04:00:53,713] {dag.py:2937} INFO - Setting next_dagrun for example_time_delta_sensor_async to None
[2022-11-30 04:00:53,723] {processor.py:171} INFO - Processing /home/airflow/.local/lib/python3.7/site-packages/airflow/example_dags/example_time_delta_sensor_async.py took 0.077 seconds
[2022-11-30 04:01:24,003] {processor.py:163} INFO - Started process (PID=3997) to work on /home/airflow/.local/lib/python3.7/site-packages/airflow/example_dags/example_time_delta_sensor_async.py
[2022-11-30 04:01:24,004] {processor.py:642} INFO - Processing file /home/airflow/.local/lib/python3.7/site-packages/airflow/example_dags/example_time_delta_sensor_async.py for tasks to queue
[2022-11-30 04:01:24,005] {logging_mixin.py:109} INFO - [2022-11-30 04:01:24,005] {dagbag.py:500} INFO - Filling up the DagBag from /home/airflow/.local/lib/python3.7/site-packages/airflow/example_dags/example_time_delta_sensor_async.py
[2022-11-30 04:01:24,029] {processor.py:654} INFO - DAG(s) dict_keys(['example_time_delta_sensor_async']) retrieved from /home/airflow/.local/lib/python3.7/site-packages/airflow/example_dags/example_time_delta_sensor_async.py
[2022-11-30 04:01:24,038] {logging_mixin.py:109} INFO - [2022-11-30 04:01:24,038] {dag.py:2398} INFO - Sync 1 DAGs
[2022-11-30 04:01:24,051] {logging_mixin.py:109} INFO - [2022-11-30 04:01:24,051] {dag.py:2937} INFO - Setting next_dagrun for example_time_delta_sensor_async to None
[2022-11-30 04:01:24,059] {processor.py:171} INFO - Processing /home/airflow/.local/lib/python3.7/site-packages/airflow/example_dags/example_time_delta_sensor_async.py took 0.059 seconds
[2022-11-30 04:01:54,893] {processor.py:163} INFO - Started process (PID=4083) to work on /home/airflow/.local/lib/python3.7/site-packages/airflow/example_dags/example_time_delta_sensor_async.py
[2022-11-30 04:01:54,894] {processor.py:642} INFO - Processing file /home/airflow/.local/lib/python3.7/site-packages/airflow/example_dags/example_time_delta_sensor_async.py for tasks to queue
[2022-11-30 04:01:54,895] {logging_mixin.py:109} INFO - [2022-11-30 04:01:54,895] {dagbag.py:500} INFO - Filling up the DagBag from /home/airflow/.local/lib/python3.7/site-packages/airflow/example_dags/example_time_delta_sensor_async.py
[2022-11-30 04:01:54,923] {processor.py:654} INFO - DAG(s) dict_keys(['example_time_delta_sensor_async']) retrieved from /home/airflow/.local/lib/python3.7/site-packages/airflow/example_dags/example_time_delta_sensor_async.py
[2022-11-30 04:01:54,933] {logging_mixin.py:109} INFO - [2022-11-30 04:01:54,932] {dag.py:2398} INFO - Sync 1 DAGs
[2022-11-30 04:01:54,945] {logging_mixin.py:109} INFO - [2022-11-30 04:01:54,945] {dag.py:2937} INFO - Setting next_dagrun for example_time_delta_sensor_async to None
[2022-11-30 04:01:54,953] {processor.py:171} INFO - Processing /home/airflow/.local/lib/python3.7/site-packages/airflow/example_dags/example_time_delta_sensor_async.py took 0.062 seconds
[2022-11-30 04:02:28,047] {processor.py:163} INFO - Started process (PID=4160) to work on /home/airflow/.local/lib/python3.7/site-packages/airflow/example_dags/example_time_delta_sensor_async.py
[2022-11-30 04:02:28,049] {processor.py:642} INFO - Processing file /home/airflow/.local/lib/python3.7/site-packages/airflow/example_dags/example_time_delta_sensor_async.py for tasks to queue
[2022-11-30 04:02:28,050] {logging_mixin.py:109} INFO - [2022-11-30 04:02:28,050] {dagbag.py:500} INFO - Filling up the DagBag from /home/airflow/.local/lib/python3.7/site-packages/airflow/example_dags/example_time_delta_sensor_async.py
[2022-11-30 04:02:28,084] {processor.py:654} INFO - DAG(s) dict_keys(['example_time_delta_sensor_async']) retrieved from /home/airflow/.local/lib/python3.7/site-packages/airflow/example_dags/example_time_delta_sensor_async.py
[2022-11-30 04:02:28,109] {logging_mixin.py:109} INFO - [2022-11-30 04:02:28,109] {dag.py:2398} INFO - Sync 1 DAGs
[2022-11-30 04:02:28,142] {logging_mixin.py:109} INFO - [2022-11-30 04:02:28,142] {dag.py:2937} INFO - Setting next_dagrun for example_time_delta_sensor_async to None
[2022-11-30 04:02:28,170] {processor.py:171} INFO - Processing /home/airflow/.local/lib/python3.7/site-packages/airflow/example_dags/example_time_delta_sensor_async.py took 0.126 seconds
[2022-11-30 04:02:59,058] {processor.py:163} INFO - Started process (PID=4237) to work on /home/airflow/.local/lib/python3.7/site-packages/airflow/example_dags/example_time_delta_sensor_async.py
[2022-11-30 04:02:59,059] {processor.py:642} INFO - Processing file /home/airflow/.local/lib/python3.7/site-packages/airflow/example_dags/example_time_delta_sensor_async.py for tasks to queue
[2022-11-30 04:02:59,059] {logging_mixin.py:109} INFO - [2022-11-30 04:02:59,059] {dagbag.py:500} INFO - Filling up the DagBag from /home/airflow/.local/lib/python3.7/site-packages/airflow/example_dags/example_time_delta_sensor_async.py
[2022-11-30 04:02:59,087] {processor.py:654} INFO - DAG(s) dict_keys(['example_time_delta_sensor_async']) retrieved from /home/airflow/.local/lib/python3.7/site-packages/airflow/example_dags/example_time_delta_sensor_async.py
[2022-11-30 04:02:59,095] {logging_mixin.py:109} INFO - [2022-11-30 04:02:59,095] {dag.py:2398} INFO - Sync 1 DAGs
[2022-11-30 04:02:59,109] {logging_mixin.py:109} INFO - [2022-11-30 04:02:59,108] {dag.py:2937} INFO - Setting next_dagrun for example_time_delta_sensor_async to None
[2022-11-30 04:02:59,118] {processor.py:171} INFO - Processing /home/airflow/.local/lib/python3.7/site-packages/airflow/example_dags/example_time_delta_sensor_async.py took 0.063 seconds
[2022-11-30 04:03:30,054] {processor.py:163} INFO - Started process (PID=4323) to work on /home/airflow/.local/lib/python3.7/site-packages/airflow/example_dags/example_time_delta_sensor_async.py
[2022-11-30 04:03:30,055] {processor.py:642} INFO - Processing file /home/airflow/.local/lib/python3.7/site-packages/airflow/example_dags/example_time_delta_sensor_async.py for tasks to queue
[2022-11-30 04:03:30,055] {logging_mixin.py:109} INFO - [2022-11-30 04:03:30,055] {dagbag.py:500} INFO - Filling up the DagBag from /home/airflow/.local/lib/python3.7/site-packages/airflow/example_dags/example_time_delta_sensor_async.py
[2022-11-30 04:03:30,087] {processor.py:654} INFO - DAG(s) dict_keys(['example_time_delta_sensor_async']) retrieved from /home/airflow/.local/lib/python3.7/site-packages/airflow/example_dags/example_time_delta_sensor_async.py
[2022-11-30 04:03:30,098] {logging_mixin.py:109} INFO - [2022-11-30 04:03:30,098] {dag.py:2398} INFO - Sync 1 DAGs
[2022-11-30 04:03:30,117] {logging_mixin.py:109} INFO - [2022-11-30 04:03:30,116] {dag.py:2937} INFO - Setting next_dagrun for example_time_delta_sensor_async to None
[2022-11-30 04:03:30,125] {processor.py:171} INFO - Processing /home/airflow/.local/lib/python3.7/site-packages/airflow/example_dags/example_time_delta_sensor_async.py took 0.074 seconds
[2022-11-30 04:04:00,345] {processor.py:163} INFO - Started process (PID=4400) to work on /home/airflow/.local/lib/python3.7/site-packages/airflow/example_dags/example_time_delta_sensor_async.py
[2022-11-30 04:04:00,346] {processor.py:642} INFO - Processing file /home/airflow/.local/lib/python3.7/site-packages/airflow/example_dags/example_time_delta_sensor_async.py for tasks to queue
[2022-11-30 04:04:00,347] {logging_mixin.py:109} INFO - [2022-11-30 04:04:00,346] {dagbag.py:500} INFO - Filling up the DagBag from /home/airflow/.local/lib/python3.7/site-packages/airflow/example_dags/example_time_delta_sensor_async.py
[2022-11-30 04:04:00,370] {processor.py:654} INFO - DAG(s) dict_keys(['example_time_delta_sensor_async']) retrieved from /home/airflow/.local/lib/python3.7/site-packages/airflow/example_dags/example_time_delta_sensor_async.py
[2022-11-30 04:04:00,379] {logging_mixin.py:109} INFO - [2022-11-30 04:04:00,379] {dag.py:2398} INFO - Sync 1 DAGs
[2022-11-30 04:04:00,394] {logging_mixin.py:109} INFO - [2022-11-30 04:04:00,394] {dag.py:2937} INFO - Setting next_dagrun for example_time_delta_sensor_async to None
[2022-11-30 04:04:00,403] {processor.py:171} INFO - Processing /home/airflow/.local/lib/python3.7/site-packages/airflow/example_dags/example_time_delta_sensor_async.py took 0.061 seconds
[2022-11-30 04:04:31,646] {processor.py:163} INFO - Started process (PID=4486) to work on /home/airflow/.local/lib/python3.7/site-packages/airflow/example_dags/example_time_delta_sensor_async.py
[2022-11-30 04:04:31,647] {processor.py:642} INFO - Processing file /home/airflow/.local/lib/python3.7/site-packages/airflow/example_dags/example_time_delta_sensor_async.py for tasks to queue
[2022-11-30 04:04:31,648] {logging_mixin.py:109} INFO - [2022-11-30 04:04:31,648] {dagbag.py:500} INFO - Filling up the DagBag from /home/airflow/.local/lib/python3.7/site-packages/airflow/example_dags/example_time_delta_sensor_async.py
[2022-11-30 04:04:31,673] {processor.py:654} INFO - DAG(s) dict_keys(['example_time_delta_sensor_async']) retrieved from /home/airflow/.local/lib/python3.7/site-packages/airflow/example_dags/example_time_delta_sensor_async.py
[2022-11-30 04:04:31,682] {logging_mixin.py:109} INFO - [2022-11-30 04:04:31,682] {dag.py:2398} INFO - Sync 1 DAGs
[2022-11-30 04:04:31,696] {logging_mixin.py:109} INFO - [2022-11-30 04:04:31,696] {dag.py:2937} INFO - Setting next_dagrun for example_time_delta_sensor_async to None
[2022-11-30 04:04:31,706] {processor.py:171} INFO - Processing /home/airflow/.local/lib/python3.7/site-packages/airflow/example_dags/example_time_delta_sensor_async.py took 0.062 seconds
[2022-11-30 04:05:03,108] {processor.py:163} INFO - Started process (PID=4563) to work on /home/airflow/.local/lib/python3.7/site-packages/airflow/example_dags/example_time_delta_sensor_async.py
[2022-11-30 04:05:03,109] {processor.py:642} INFO - Processing file /home/airflow/.local/lib/python3.7/site-packages/airflow/example_dags/example_time_delta_sensor_async.py for tasks to queue
[2022-11-30 04:05:03,109] {logging_mixin.py:109} INFO - [2022-11-30 04:05:03,109] {dagbag.py:500} INFO - Filling up the DagBag from /home/airflow/.local/lib/python3.7/site-packages/airflow/example_dags/example_time_delta_sensor_async.py
[2022-11-30 04:05:03,212] {processor.py:654} INFO - DAG(s) dict_keys(['example_time_delta_sensor_async']) retrieved from /home/airflow/.local/lib/python3.7/site-packages/airflow/example_dags/example_time_delta_sensor_async.py
[2022-11-30 04:05:03,223] {logging_mixin.py:109} INFO - [2022-11-30 04:05:03,223] {dag.py:2398} INFO - Sync 1 DAGs
[2022-11-30 04:05:03,243] {logging_mixin.py:109} INFO - [2022-11-30 04:05:03,242] {dag.py:2937} INFO - Setting next_dagrun for example_time_delta_sensor_async to None
[2022-11-30 04:05:03,253] {processor.py:171} INFO - Processing /home/airflow/.local/lib/python3.7/site-packages/airflow/example_dags/example_time_delta_sensor_async.py took 0.149 seconds
[2022-11-30 04:05:34,501] {processor.py:163} INFO - Started process (PID=4649) to work on /home/airflow/.local/lib/python3.7/site-packages/airflow/example_dags/example_time_delta_sensor_async.py
[2022-11-30 04:05:34,502] {processor.py:642} INFO - Processing file /home/airflow/.local/lib/python3.7/site-packages/airflow/example_dags/example_time_delta_sensor_async.py for tasks to queue
[2022-11-30 04:05:34,503] {logging_mixin.py:109} INFO - [2022-11-30 04:05:34,503] {dagbag.py:500} INFO - Filling up the DagBag from /home/airflow/.local/lib/python3.7/site-packages/airflow/example_dags/example_time_delta_sensor_async.py
[2022-11-30 04:05:34,530] {processor.py:654} INFO - DAG(s) dict_keys(['example_time_delta_sensor_async']) retrieved from /home/airflow/.local/lib/python3.7/site-packages/airflow/example_dags/example_time_delta_sensor_async.py
[2022-11-30 04:05:34,539] {logging_mixin.py:109} INFO - [2022-11-30 04:05:34,539] {dag.py:2398} INFO - Sync 1 DAGs
[2022-11-30 04:05:34,553] {logging_mixin.py:109} INFO - [2022-11-30 04:05:34,553] {dag.py:2937} INFO - Setting next_dagrun for example_time_delta_sensor_async to None
[2022-11-30 04:05:34,563] {processor.py:171} INFO - Processing /home/airflow/.local/lib/python3.7/site-packages/airflow/example_dags/example_time_delta_sensor_async.py took 0.064 seconds
[2022-11-30 04:06:05,826] {processor.py:163} INFO - Started process (PID=4726) to work on /home/airflow/.local/lib/python3.7/site-packages/airflow/example_dags/example_time_delta_sensor_async.py
[2022-11-30 04:06:05,826] {processor.py:642} INFO - Processing file /home/airflow/.local/lib/python3.7/site-packages/airflow/example_dags/example_time_delta_sensor_async.py for tasks to queue
[2022-11-30 04:06:05,827] {logging_mixin.py:109} INFO - [2022-11-30 04:06:05,827] {dagbag.py:500} INFO - Filling up the DagBag from /home/airflow/.local/lib/python3.7/site-packages/airflow/example_dags/example_time_delta_sensor_async.py
[2022-11-30 04:06:05,848] {processor.py:654} INFO - DAG(s) dict_keys(['example_time_delta_sensor_async']) retrieved from /home/airflow/.local/lib/python3.7/site-packages/airflow/example_dags/example_time_delta_sensor_async.py
[2022-11-30 04:06:05,856] {logging_mixin.py:109} INFO - [2022-11-30 04:06:05,855] {dag.py:2398} INFO - Sync 1 DAGs
[2022-11-30 04:06:05,870] {logging_mixin.py:109} INFO - [2022-11-30 04:06:05,869] {dag.py:2937} INFO - Setting next_dagrun for example_time_delta_sensor_async to None
[2022-11-30 04:06:05,878] {processor.py:171} INFO - Processing /home/airflow/.local/lib/python3.7/site-packages/airflow/example_dags/example_time_delta_sensor_async.py took 0.055 seconds
[2022-11-30 04:06:37,481] {processor.py:163} INFO - Started process (PID=4812) to work on /home/airflow/.local/lib/python3.7/site-packages/airflow/example_dags/example_time_delta_sensor_async.py
[2022-11-30 04:06:37,482] {processor.py:642} INFO - Processing file /home/airflow/.local/lib/python3.7/site-packages/airflow/example_dags/example_time_delta_sensor_async.py for tasks to queue
[2022-11-30 04:06:37,483] {logging_mixin.py:109} INFO - [2022-11-30 04:06:37,483] {dagbag.py:500} INFO - Filling up the DagBag from /home/airflow/.local/lib/python3.7/site-packages/airflow/example_dags/example_time_delta_sensor_async.py
[2022-11-30 04:06:37,506] {processor.py:654} INFO - DAG(s) dict_keys(['example_time_delta_sensor_async']) retrieved from /home/airflow/.local/lib/python3.7/site-packages/airflow/example_dags/example_time_delta_sensor_async.py
[2022-11-30 04:06:37,514] {logging_mixin.py:109} INFO - [2022-11-30 04:06:37,514] {dag.py:2398} INFO - Sync 1 DAGs
[2022-11-30 04:06:37,527] {logging_mixin.py:109} INFO - [2022-11-30 04:06:37,527] {dag.py:2937} INFO - Setting next_dagrun for example_time_delta_sensor_async to None
[2022-11-30 04:06:37,535] {processor.py:171} INFO - Processing /home/airflow/.local/lib/python3.7/site-packages/airflow/example_dags/example_time_delta_sensor_async.py took 0.056 seconds
[2022-11-30 04:07:08,908] {processor.py:163} INFO - Started process (PID=4889) to work on /home/airflow/.local/lib/python3.7/site-packages/airflow/example_dags/example_time_delta_sensor_async.py
[2022-11-30 04:07:08,909] {processor.py:642} INFO - Processing file /home/airflow/.local/lib/python3.7/site-packages/airflow/example_dags/example_time_delta_sensor_async.py for tasks to queue
[2022-11-30 04:07:08,909] {logging_mixin.py:109} INFO - [2022-11-30 04:07:08,909] {dagbag.py:500} INFO - Filling up the DagBag from /home/airflow/.local/lib/python3.7/site-packages/airflow/example_dags/example_time_delta_sensor_async.py
[2022-11-30 04:07:08,934] {processor.py:654} INFO - DAG(s) dict_keys(['example_time_delta_sensor_async']) retrieved from /home/airflow/.local/lib/python3.7/site-packages/airflow/example_dags/example_time_delta_sensor_async.py
[2022-11-30 04:07:08,942] {logging_mixin.py:109} INFO - [2022-11-30 04:07:08,942] {dag.py:2398} INFO - Sync 1 DAGs
[2022-11-30 04:07:08,955] {logging_mixin.py:109} INFO - [2022-11-30 04:07:08,955] {dag.py:2937} INFO - Setting next_dagrun for example_time_delta_sensor_async to None
[2022-11-30 04:07:08,963] {processor.py:171} INFO - Processing /home/airflow/.local/lib/python3.7/site-packages/airflow/example_dags/example_time_delta_sensor_async.py took 0.058 seconds
[2022-11-30 04:07:40,460] {processor.py:163} INFO - Started process (PID=4975) to work on /home/airflow/.local/lib/python3.7/site-packages/airflow/example_dags/example_time_delta_sensor_async.py
[2022-11-30 04:07:40,462] {processor.py:642} INFO - Processing file /home/airflow/.local/lib/python3.7/site-packages/airflow/example_dags/example_time_delta_sensor_async.py for tasks to queue
[2022-11-30 04:07:40,462] {logging_mixin.py:109} INFO - [2022-11-30 04:07:40,462] {dagbag.py:500} INFO - Filling up the DagBag from /home/airflow/.local/lib/python3.7/site-packages/airflow/example_dags/example_time_delta_sensor_async.py
[2022-11-30 04:07:40,485] {processor.py:654} INFO - DAG(s) dict_keys(['example_time_delta_sensor_async']) retrieved from /home/airflow/.local/lib/python3.7/site-packages/airflow/example_dags/example_time_delta_sensor_async.py
[2022-11-30 04:07:40,493] {logging_mixin.py:109} INFO - [2022-11-30 04:07:40,493] {dag.py:2398} INFO - Sync 1 DAGs
[2022-11-30 04:07:40,506] {logging_mixin.py:109} INFO - [2022-11-30 04:07:40,505] {dag.py:2937} INFO - Setting next_dagrun for example_time_delta_sensor_async to None
[2022-11-30 04:07:40,513] {processor.py:171} INFO - Processing /home/airflow/.local/lib/python3.7/site-packages/airflow/example_dags/example_time_delta_sensor_async.py took 0.055 seconds
[2022-11-30 04:08:11,897] {processor.py:163} INFO - Started process (PID=5052) to work on /home/airflow/.local/lib/python3.7/site-packages/airflow/example_dags/example_time_delta_sensor_async.py
[2022-11-30 04:08:11,898] {processor.py:642} INFO - Processing file /home/airflow/.local/lib/python3.7/site-packages/airflow/example_dags/example_time_delta_sensor_async.py for tasks to queue
[2022-11-30 04:08:11,898] {logging_mixin.py:109} INFO - [2022-11-30 04:08:11,898] {dagbag.py:500} INFO - Filling up the DagBag from /home/airflow/.local/lib/python3.7/site-packages/airflow/example_dags/example_time_delta_sensor_async.py
[2022-11-30 04:08:11,920] {processor.py:654} INFO - DAG(s) dict_keys(['example_time_delta_sensor_async']) retrieved from /home/airflow/.local/lib/python3.7/site-packages/airflow/example_dags/example_time_delta_sensor_async.py
[2022-11-30 04:08:11,927] {logging_mixin.py:109} INFO - [2022-11-30 04:08:11,927] {dag.py:2398} INFO - Sync 1 DAGs
[2022-11-30 04:08:11,938] {logging_mixin.py:109} INFO - [2022-11-30 04:08:11,938] {dag.py:2937} INFO - Setting next_dagrun for example_time_delta_sensor_async to None
[2022-11-30 04:08:11,947] {processor.py:171} INFO - Processing /home/airflow/.local/lib/python3.7/site-packages/airflow/example_dags/example_time_delta_sensor_async.py took 0.053 seconds
[2022-11-30 04:08:43,580] {processor.py:163} INFO - Started process (PID=5138) to work on /home/airflow/.local/lib/python3.7/site-packages/airflow/example_dags/example_time_delta_sensor_async.py
[2022-11-30 04:08:43,581] {processor.py:642} INFO - Processing file /home/airflow/.local/lib/python3.7/site-packages/airflow/example_dags/example_time_delta_sensor_async.py for tasks to queue
[2022-11-30 04:08:43,582] {logging_mixin.py:109} INFO - [2022-11-30 04:08:43,582] {dagbag.py:500} INFO - Filling up the DagBag from /home/airflow/.local/lib/python3.7/site-packages/airflow/example_dags/example_time_delta_sensor_async.py
[2022-11-30 04:08:43,609] {processor.py:654} INFO - DAG(s) dict_keys(['example_time_delta_sensor_async']) retrieved from /home/airflow/.local/lib/python3.7/site-packages/airflow/example_dags/example_time_delta_sensor_async.py
[2022-11-30 04:08:43,617] {logging_mixin.py:109} INFO - [2022-11-30 04:08:43,617] {dag.py:2398} INFO - Sync 1 DAGs
[2022-11-30 04:08:43,633] {logging_mixin.py:109} INFO - [2022-11-30 04:08:43,633] {dag.py:2937} INFO - Setting next_dagrun for example_time_delta_sensor_async to None
[2022-11-30 04:08:43,642] {processor.py:171} INFO - Processing /home/airflow/.local/lib/python3.7/site-packages/airflow/example_dags/example_time_delta_sensor_async.py took 0.066 seconds
[2022-11-30 04:09:13,924] {processor.py:163} INFO - Started process (PID=5216) to work on /home/airflow/.local/lib/python3.7/site-packages/airflow/example_dags/example_time_delta_sensor_async.py
[2022-11-30 04:09:13,926] {processor.py:642} INFO - Processing file /home/airflow/.local/lib/python3.7/site-packages/airflow/example_dags/example_time_delta_sensor_async.py for tasks to queue
[2022-11-30 04:09:13,927] {logging_mixin.py:109} INFO - [2022-11-30 04:09:13,926] {dagbag.py:500} INFO - Filling up the DagBag from /home/airflow/.local/lib/python3.7/site-packages/airflow/example_dags/example_time_delta_sensor_async.py
[2022-11-30 04:09:13,956] {processor.py:654} INFO - DAG(s) dict_keys(['example_time_delta_sensor_async']) retrieved from /home/airflow/.local/lib/python3.7/site-packages/airflow/example_dags/example_time_delta_sensor_async.py
[2022-11-30 04:09:13,963] {logging_mixin.py:109} INFO - [2022-11-30 04:09:13,963] {dag.py:2398} INFO - Sync 1 DAGs
[2022-11-30 04:09:13,978] {logging_mixin.py:109} INFO - [2022-11-30 04:09:13,978] {dag.py:2937} INFO - Setting next_dagrun for example_time_delta_sensor_async to None
[2022-11-30 04:09:13,987] {processor.py:171} INFO - Processing /home/airflow/.local/lib/python3.7/site-packages/airflow/example_dags/example_time_delta_sensor_async.py took 0.067 seconds
[2022-11-30 04:09:45,439] {processor.py:163} INFO - Started process (PID=5303) to work on /home/airflow/.local/lib/python3.7/site-packages/airflow/example_dags/example_time_delta_sensor_async.py
[2022-11-30 04:09:45,440] {processor.py:642} INFO - Processing file /home/airflow/.local/lib/python3.7/site-packages/airflow/example_dags/example_time_delta_sensor_async.py for tasks to queue
[2022-11-30 04:09:45,440] {logging_mixin.py:109} INFO - [2022-11-30 04:09:45,440] {dagbag.py:500} INFO - Filling up the DagBag from /home/airflow/.local/lib/python3.7/site-packages/airflow/example_dags/example_time_delta_sensor_async.py
[2022-11-30 04:09:45,464] {processor.py:654} INFO - DAG(s) dict_keys(['example_time_delta_sensor_async']) retrieved from /home/airflow/.local/lib/python3.7/site-packages/airflow/example_dags/example_time_delta_sensor_async.py
[2022-11-30 04:09:45,471] {logging_mixin.py:109} INFO - [2022-11-30 04:09:45,471] {dag.py:2398} INFO - Sync 1 DAGs
[2022-11-30 04:09:45,485] {logging_mixin.py:109} INFO - [2022-11-30 04:09:45,484] {dag.py:2937} INFO - Setting next_dagrun for example_time_delta_sensor_async to None
[2022-11-30 04:09:45,492] {processor.py:171} INFO - Processing /home/airflow/.local/lib/python3.7/site-packages/airflow/example_dags/example_time_delta_sensor_async.py took 0.056 seconds
[2022-11-30 04:10:16,308] {processor.py:163} INFO - Started process (PID=5380) to work on /home/airflow/.local/lib/python3.7/site-packages/airflow/example_dags/example_time_delta_sensor_async.py
[2022-11-30 04:10:16,309] {processor.py:642} INFO - Processing file /home/airflow/.local/lib/python3.7/site-packages/airflow/example_dags/example_time_delta_sensor_async.py for tasks to queue
[2022-11-30 04:10:16,310] {logging_mixin.py:109} INFO - [2022-11-30 04:10:16,310] {dagbag.py:500} INFO - Filling up the DagBag from /home/airflow/.local/lib/python3.7/site-packages/airflow/example_dags/example_time_delta_sensor_async.py
[2022-11-30 04:10:16,344] {processor.py:654} INFO - DAG(s) dict_keys(['example_time_delta_sensor_async']) retrieved from /home/airflow/.local/lib/python3.7/site-packages/airflow/example_dags/example_time_delta_sensor_async.py
[2022-11-30 04:10:16,355] {logging_mixin.py:109} INFO - [2022-11-30 04:10:16,355] {dag.py:2398} INFO - Sync 1 DAGs
[2022-11-30 04:10:16,372] {logging_mixin.py:109} INFO - [2022-11-30 04:10:16,372] {dag.py:2937} INFO - Setting next_dagrun for example_time_delta_sensor_async to None
[2022-11-30 04:10:16,381] {processor.py:171} INFO - Processing /home/airflow/.local/lib/python3.7/site-packages/airflow/example_dags/example_time_delta_sensor_async.py took 0.076 seconds
[2022-11-30 04:10:47,777] {processor.py:163} INFO - Started process (PID=5466) to work on /home/airflow/.local/lib/python3.7/site-packages/airflow/example_dags/example_time_delta_sensor_async.py
[2022-11-30 04:10:47,778] {processor.py:642} INFO - Processing file /home/airflow/.local/lib/python3.7/site-packages/airflow/example_dags/example_time_delta_sensor_async.py for tasks to queue
[2022-11-30 04:10:47,779] {logging_mixin.py:109} INFO - [2022-11-30 04:10:47,779] {dagbag.py:500} INFO - Filling up the DagBag from /home/airflow/.local/lib/python3.7/site-packages/airflow/example_dags/example_time_delta_sensor_async.py
[2022-11-30 04:10:47,805] {processor.py:654} INFO - DAG(s) dict_keys(['example_time_delta_sensor_async']) retrieved from /home/airflow/.local/lib/python3.7/site-packages/airflow/example_dags/example_time_delta_sensor_async.py
[2022-11-30 04:10:47,814] {logging_mixin.py:109} INFO - [2022-11-30 04:10:47,814] {dag.py:2398} INFO - Sync 1 DAGs
[2022-11-30 04:10:47,830] {logging_mixin.py:109} INFO - [2022-11-30 04:10:47,830] {dag.py:2937} INFO - Setting next_dagrun for example_time_delta_sensor_async to None
[2022-11-30 04:10:47,840] {processor.py:171} INFO - Processing /home/airflow/.local/lib/python3.7/site-packages/airflow/example_dags/example_time_delta_sensor_async.py took 0.065 seconds
[2022-11-30 04:11:19,146] {processor.py:163} INFO - Started process (PID=5543) to work on /home/airflow/.local/lib/python3.7/site-packages/airflow/example_dags/example_time_delta_sensor_async.py
[2022-11-30 04:11:19,148] {processor.py:642} INFO - Processing file /home/airflow/.local/lib/python3.7/site-packages/airflow/example_dags/example_time_delta_sensor_async.py for tasks to queue
[2022-11-30 04:11:19,148] {logging_mixin.py:109} INFO - [2022-11-30 04:11:19,148] {dagbag.py:500} INFO - Filling up the DagBag from /home/airflow/.local/lib/python3.7/site-packages/airflow/example_dags/example_time_delta_sensor_async.py
[2022-11-30 04:11:19,177] {processor.py:654} INFO - DAG(s) dict_keys(['example_time_delta_sensor_async']) retrieved from /home/airflow/.local/lib/python3.7/site-packages/airflow/example_dags/example_time_delta_sensor_async.py
[2022-11-30 04:11:19,185] {logging_mixin.py:109} INFO - [2022-11-30 04:11:19,185] {dag.py:2398} INFO - Sync 1 DAGs
[2022-11-30 04:11:19,199] {logging_mixin.py:109} INFO - [2022-11-30 04:11:19,199] {dag.py:2937} INFO - Setting next_dagrun for example_time_delta_sensor_async to None
[2022-11-30 04:11:19,208] {processor.py:171} INFO - Processing /home/airflow/.local/lib/python3.7/site-packages/airflow/example_dags/example_time_delta_sensor_async.py took 0.066 seconds
[2022-11-30 04:11:50,701] {processor.py:163} INFO - Started process (PID=5629) to work on /home/airflow/.local/lib/python3.7/site-packages/airflow/example_dags/example_time_delta_sensor_async.py
[2022-11-30 04:11:50,702] {processor.py:642} INFO - Processing file /home/airflow/.local/lib/python3.7/site-packages/airflow/example_dags/example_time_delta_sensor_async.py for tasks to queue
[2022-11-30 04:11:50,703] {logging_mixin.py:109} INFO - [2022-11-30 04:11:50,703] {dagbag.py:500} INFO - Filling up the DagBag from /home/airflow/.local/lib/python3.7/site-packages/airflow/example_dags/example_time_delta_sensor_async.py
[2022-11-30 04:11:50,729] {processor.py:654} INFO - DAG(s) dict_keys(['example_time_delta_sensor_async']) retrieved from /home/airflow/.local/lib/python3.7/site-packages/airflow/example_dags/example_time_delta_sensor_async.py
[2022-11-30 04:11:50,738] {logging_mixin.py:109} INFO - [2022-11-30 04:11:50,737] {dag.py:2398} INFO - Sync 1 DAGs
[2022-11-30 04:11:50,752] {logging_mixin.py:109} INFO - [2022-11-30 04:11:50,752] {dag.py:2937} INFO - Setting next_dagrun for example_time_delta_sensor_async to None
[2022-11-30 04:11:50,762] {processor.py:171} INFO - Processing /home/airflow/.local/lib/python3.7/site-packages/airflow/example_dags/example_time_delta_sensor_async.py took 0.063 seconds
[2022-11-30 04:12:21,196] {processor.py:163} INFO - Started process (PID=5706) to work on /home/airflow/.local/lib/python3.7/site-packages/airflow/example_dags/example_time_delta_sensor_async.py
[2022-11-30 04:12:21,198] {processor.py:642} INFO - Processing file /home/airflow/.local/lib/python3.7/site-packages/airflow/example_dags/example_time_delta_sensor_async.py for tasks to queue
[2022-11-30 04:12:21,198] {logging_mixin.py:109} INFO - [2022-11-30 04:12:21,198] {dagbag.py:500} INFO - Filling up the DagBag from /home/airflow/.local/lib/python3.7/site-packages/airflow/example_dags/example_time_delta_sensor_async.py
[2022-11-30 04:12:21,229] {processor.py:654} INFO - DAG(s) dict_keys(['example_time_delta_sensor_async']) retrieved from /home/airflow/.local/lib/python3.7/site-packages/airflow/example_dags/example_time_delta_sensor_async.py
[2022-11-30 04:12:21,241] {logging_mixin.py:109} INFO - [2022-11-30 04:12:21,241] {dag.py:2398} INFO - Sync 1 DAGs
[2022-11-30 04:12:21,260] {logging_mixin.py:109} INFO - [2022-11-30 04:12:21,260] {dag.py:2937} INFO - Setting next_dagrun for example_time_delta_sensor_async to None
[2022-11-30 04:12:21,270] {processor.py:171} INFO - Processing /home/airflow/.local/lib/python3.7/site-packages/airflow/example_dags/example_time_delta_sensor_async.py took 0.077 seconds
[2022-11-30 04:12:52,527] {processor.py:163} INFO - Started process (PID=5792) to work on /home/airflow/.local/lib/python3.7/site-packages/airflow/example_dags/example_time_delta_sensor_async.py
[2022-11-30 04:12:52,528] {processor.py:642} INFO - Processing file /home/airflow/.local/lib/python3.7/site-packages/airflow/example_dags/example_time_delta_sensor_async.py for tasks to queue
[2022-11-30 04:12:52,528] {logging_mixin.py:109} INFO - [2022-11-30 04:12:52,528] {dagbag.py:500} INFO - Filling up the DagBag from /home/airflow/.local/lib/python3.7/site-packages/airflow/example_dags/example_time_delta_sensor_async.py
[2022-11-30 04:12:52,555] {processor.py:654} INFO - DAG(s) dict_keys(['example_time_delta_sensor_async']) retrieved from /home/airflow/.local/lib/python3.7/site-packages/airflow/example_dags/example_time_delta_sensor_async.py
[2022-11-30 04:12:52,564] {logging_mixin.py:109} INFO - [2022-11-30 04:12:52,564] {dag.py:2398} INFO - Sync 1 DAGs
[2022-11-30 04:12:52,581] {logging_mixin.py:109} INFO - [2022-11-30 04:12:52,581] {dag.py:2937} INFO - Setting next_dagrun for example_time_delta_sensor_async to None
[2022-11-30 04:12:52,592] {processor.py:171} INFO - Processing /home/airflow/.local/lib/python3.7/site-packages/airflow/example_dags/example_time_delta_sensor_async.py took 0.068 seconds
[2022-11-30 04:13:23,932] {processor.py:163} INFO - Started process (PID=5870) to work on /home/airflow/.local/lib/python3.7/site-packages/airflow/example_dags/example_time_delta_sensor_async.py
[2022-11-30 04:13:23,933] {processor.py:642} INFO - Processing file /home/airflow/.local/lib/python3.7/site-packages/airflow/example_dags/example_time_delta_sensor_async.py for tasks to queue
[2022-11-30 04:13:23,934] {logging_mixin.py:109} INFO - [2022-11-30 04:13:23,934] {dagbag.py:500} INFO - Filling up the DagBag from /home/airflow/.local/lib/python3.7/site-packages/airflow/example_dags/example_time_delta_sensor_async.py
[2022-11-30 04:13:23,957] {processor.py:654} INFO - DAG(s) dict_keys(['example_time_delta_sensor_async']) retrieved from /home/airflow/.local/lib/python3.7/site-packages/airflow/example_dags/example_time_delta_sensor_async.py
[2022-11-30 04:13:23,965] {logging_mixin.py:109} INFO - [2022-11-30 04:13:23,965] {dag.py:2398} INFO - Sync 1 DAGs
[2022-11-30 04:13:23,978] {logging_mixin.py:109} INFO - [2022-11-30 04:13:23,978] {dag.py:2937} INFO - Setting next_dagrun for example_time_delta_sensor_async to None
[2022-11-30 04:13:23,985] {processor.py:171} INFO - Processing /home/airflow/.local/lib/python3.7/site-packages/airflow/example_dags/example_time_delta_sensor_async.py took 0.056 seconds
[2022-11-30 04:13:56,041] {processor.py:163} INFO - Started process (PID=5956) to work on /home/airflow/.local/lib/python3.7/site-packages/airflow/example_dags/example_time_delta_sensor_async.py
[2022-11-30 04:13:56,041] {processor.py:642} INFO - Processing file /home/airflow/.local/lib/python3.7/site-packages/airflow/example_dags/example_time_delta_sensor_async.py for tasks to queue
[2022-11-30 04:13:56,042] {logging_mixin.py:109} INFO - [2022-11-30 04:13:56,042] {dagbag.py:500} INFO - Filling up the DagBag from /home/airflow/.local/lib/python3.7/site-packages/airflow/example_dags/example_time_delta_sensor_async.py
[2022-11-30 04:13:56,067] {processor.py:654} INFO - DAG(s) dict_keys(['example_time_delta_sensor_async']) retrieved from /home/airflow/.local/lib/python3.7/site-packages/airflow/example_dags/example_time_delta_sensor_async.py
[2022-11-30 04:13:56,076] {logging_mixin.py:109} INFO - [2022-11-30 04:13:56,076] {dag.py:2398} INFO - Sync 1 DAGs
[2022-11-30 04:13:56,091] {logging_mixin.py:109} INFO - [2022-11-30 04:13:56,091] {dag.py:2937} INFO - Setting next_dagrun for example_time_delta_sensor_async to None
[2022-11-30 04:13:56,099] {processor.py:171} INFO - Processing /home/airflow/.local/lib/python3.7/site-packages/airflow/example_dags/example_time_delta_sensor_async.py took 0.061 seconds
[2022-11-30 04:14:26,542] {processor.py:163} INFO - Started process (PID=6033) to work on /home/airflow/.local/lib/python3.7/site-packages/airflow/example_dags/example_time_delta_sensor_async.py
[2022-11-30 04:14:26,543] {processor.py:642} INFO - Processing file /home/airflow/.local/lib/python3.7/site-packages/airflow/example_dags/example_time_delta_sensor_async.py for tasks to queue
[2022-11-30 04:14:26,543] {logging_mixin.py:109} INFO - [2022-11-30 04:14:26,543] {dagbag.py:500} INFO - Filling up the DagBag from /home/airflow/.local/lib/python3.7/site-packages/airflow/example_dags/example_time_delta_sensor_async.py
[2022-11-30 04:14:26,568] {processor.py:654} INFO - DAG(s) dict_keys(['example_time_delta_sensor_async']) retrieved from /home/airflow/.local/lib/python3.7/site-packages/airflow/example_dags/example_time_delta_sensor_async.py
[2022-11-30 04:14:26,575] {logging_mixin.py:109} INFO - [2022-11-30 04:14:26,575] {dag.py:2398} INFO - Sync 1 DAGs
[2022-11-30 04:14:26,592] {logging_mixin.py:109} INFO - [2022-11-30 04:14:26,592] {dag.py:2937} INFO - Setting next_dagrun for example_time_delta_sensor_async to None
[2022-11-30 04:14:26,602] {processor.py:171} INFO - Processing /home/airflow/.local/lib/python3.7/site-packages/airflow/example_dags/example_time_delta_sensor_async.py took 0.063 seconds
[2022-11-30 04:14:58,213] {processor.py:163} INFO - Started process (PID=6119) to work on /home/airflow/.local/lib/python3.7/site-packages/airflow/example_dags/example_time_delta_sensor_async.py
[2022-11-30 04:14:58,213] {processor.py:642} INFO - Processing file /home/airflow/.local/lib/python3.7/site-packages/airflow/example_dags/example_time_delta_sensor_async.py for tasks to queue
[2022-11-30 04:14:58,214] {logging_mixin.py:109} INFO - [2022-11-30 04:14:58,214] {dagbag.py:500} INFO - Filling up the DagBag from /home/airflow/.local/lib/python3.7/site-packages/airflow/example_dags/example_time_delta_sensor_async.py
[2022-11-30 04:14:58,242] {processor.py:654} INFO - DAG(s) dict_keys(['example_time_delta_sensor_async']) retrieved from /home/airflow/.local/lib/python3.7/site-packages/airflow/example_dags/example_time_delta_sensor_async.py
[2022-11-30 04:14:58,252] {logging_mixin.py:109} INFO - [2022-11-30 04:14:58,252] {dag.py:2398} INFO - Sync 1 DAGs
[2022-11-30 04:14:58,268] {logging_mixin.py:109} INFO - [2022-11-30 04:14:58,268] {dag.py:2937} INFO - Setting next_dagrun for example_time_delta_sensor_async to None
[2022-11-30 04:14:58,277] {processor.py:171} INFO - Processing /home/airflow/.local/lib/python3.7/site-packages/airflow/example_dags/example_time_delta_sensor_async.py took 0.068 seconds
[2022-11-30 04:15:28,956] {processor.py:163} INFO - Started process (PID=6196) to work on /home/airflow/.local/lib/python3.7/site-packages/airflow/example_dags/example_time_delta_sensor_async.py
[2022-11-30 04:15:28,958] {processor.py:642} INFO - Processing file /home/airflow/.local/lib/python3.7/site-packages/airflow/example_dags/example_time_delta_sensor_async.py for tasks to queue
[2022-11-30 04:15:28,958] {logging_mixin.py:109} INFO - [2022-11-30 04:15:28,958] {dagbag.py:500} INFO - Filling up the DagBag from /home/airflow/.local/lib/python3.7/site-packages/airflow/example_dags/example_time_delta_sensor_async.py
[2022-11-30 04:15:28,990] {processor.py:654} INFO - DAG(s) dict_keys(['example_time_delta_sensor_async']) retrieved from /home/airflow/.local/lib/python3.7/site-packages/airflow/example_dags/example_time_delta_sensor_async.py
[2022-11-30 04:15:28,999] {logging_mixin.py:109} INFO - [2022-11-30 04:15:28,999] {dag.py:2398} INFO - Sync 1 DAGs
[2022-11-30 04:15:29,014] {logging_mixin.py:109} INFO - [2022-11-30 04:15:29,013] {dag.py:2937} INFO - Setting next_dagrun for example_time_delta_sensor_async to None
[2022-11-30 04:15:29,026] {processor.py:171} INFO - Processing /home/airflow/.local/lib/python3.7/site-packages/airflow/example_dags/example_time_delta_sensor_async.py took 0.073 seconds
[2022-11-30 04:15:59,530] {processor.py:163} INFO - Started process (PID=6282) to work on /home/airflow/.local/lib/python3.7/site-packages/airflow/example_dags/example_time_delta_sensor_async.py
[2022-11-30 04:15:59,532] {processor.py:642} INFO - Processing file /home/airflow/.local/lib/python3.7/site-packages/airflow/example_dags/example_time_delta_sensor_async.py for tasks to queue
[2022-11-30 04:15:59,532] {logging_mixin.py:109} INFO - [2022-11-30 04:15:59,532] {dagbag.py:500} INFO - Filling up the DagBag from /home/airflow/.local/lib/python3.7/site-packages/airflow/example_dags/example_time_delta_sensor_async.py
[2022-11-30 04:15:59,560] {processor.py:654} INFO - DAG(s) dict_keys(['example_time_delta_sensor_async']) retrieved from /home/airflow/.local/lib/python3.7/site-packages/airflow/example_dags/example_time_delta_sensor_async.py
[2022-11-30 04:15:59,569] {logging_mixin.py:109} INFO - [2022-11-30 04:15:59,568] {dag.py:2398} INFO - Sync 1 DAGs
[2022-11-30 04:15:59,584] {logging_mixin.py:109} INFO - [2022-11-30 04:15:59,584] {dag.py:2937} INFO - Setting next_dagrun for example_time_delta_sensor_async to None
[2022-11-30 04:15:59,593] {processor.py:171} INFO - Processing /home/airflow/.local/lib/python3.7/site-packages/airflow/example_dags/example_time_delta_sensor_async.py took 0.066 seconds
[2022-11-30 04:16:30,473] {processor.py:163} INFO - Started process (PID=6359) to work on /home/airflow/.local/lib/python3.7/site-packages/airflow/example_dags/example_time_delta_sensor_async.py
[2022-11-30 04:16:30,474] {processor.py:642} INFO - Processing file /home/airflow/.local/lib/python3.7/site-packages/airflow/example_dags/example_time_delta_sensor_async.py for tasks to queue
[2022-11-30 04:16:30,474] {logging_mixin.py:109} INFO - [2022-11-30 04:16:30,474] {dagbag.py:500} INFO - Filling up the DagBag from /home/airflow/.local/lib/python3.7/site-packages/airflow/example_dags/example_time_delta_sensor_async.py
[2022-11-30 04:16:30,500] {processor.py:654} INFO - DAG(s) dict_keys(['example_time_delta_sensor_async']) retrieved from /home/airflow/.local/lib/python3.7/site-packages/airflow/example_dags/example_time_delta_sensor_async.py
[2022-11-30 04:16:30,508] {logging_mixin.py:109} INFO - [2022-11-30 04:16:30,508] {dag.py:2398} INFO - Sync 1 DAGs
[2022-11-30 04:16:30,525] {logging_mixin.py:109} INFO - [2022-11-30 04:16:30,524] {dag.py:2937} INFO - Setting next_dagrun for example_time_delta_sensor_async to None
[2022-11-30 04:16:30,533] {processor.py:171} INFO - Processing /home/airflow/.local/lib/python3.7/site-packages/airflow/example_dags/example_time_delta_sensor_async.py took 0.063 seconds
[2022-11-30 04:17:01,204] {processor.py:163} INFO - Started process (PID=6436) to work on /home/airflow/.local/lib/python3.7/site-packages/airflow/example_dags/example_time_delta_sensor_async.py
[2022-11-30 04:17:01,206] {processor.py:642} INFO - Processing file /home/airflow/.local/lib/python3.7/site-packages/airflow/example_dags/example_time_delta_sensor_async.py for tasks to queue
[2022-11-30 04:17:01,207] {logging_mixin.py:109} INFO - [2022-11-30 04:17:01,207] {dagbag.py:500} INFO - Filling up the DagBag from /home/airflow/.local/lib/python3.7/site-packages/airflow/example_dags/example_time_delta_sensor_async.py
[2022-11-30 04:17:01,240] {processor.py:654} INFO - DAG(s) dict_keys(['example_time_delta_sensor_async']) retrieved from /home/airflow/.local/lib/python3.7/site-packages/airflow/example_dags/example_time_delta_sensor_async.py
[2022-11-30 04:17:01,249] {logging_mixin.py:109} INFO - [2022-11-30 04:17:01,249] {dag.py:2398} INFO - Sync 1 DAGs
[2022-11-30 04:17:01,267] {logging_mixin.py:109} INFO - [2022-11-30 04:17:01,267] {dag.py:2937} INFO - Setting next_dagrun for example_time_delta_sensor_async to None
[2022-11-30 04:17:01,279] {processor.py:171} INFO - Processing /home/airflow/.local/lib/python3.7/site-packages/airflow/example_dags/example_time_delta_sensor_async.py took 0.079 seconds
[2022-11-30 04:17:31,940] {processor.py:163} INFO - Started process (PID=6522) to work on /home/airflow/.local/lib/python3.7/site-packages/airflow/example_dags/example_time_delta_sensor_async.py
[2022-11-30 04:17:31,940] {processor.py:642} INFO - Processing file /home/airflow/.local/lib/python3.7/site-packages/airflow/example_dags/example_time_delta_sensor_async.py for tasks to queue
[2022-11-30 04:17:31,941] {logging_mixin.py:109} INFO - [2022-11-30 04:17:31,941] {dagbag.py:500} INFO - Filling up the DagBag from /home/airflow/.local/lib/python3.7/site-packages/airflow/example_dags/example_time_delta_sensor_async.py
[2022-11-30 04:17:31,969] {processor.py:654} INFO - DAG(s) dict_keys(['example_time_delta_sensor_async']) retrieved from /home/airflow/.local/lib/python3.7/site-packages/airflow/example_dags/example_time_delta_sensor_async.py
[2022-11-30 04:17:31,976] {logging_mixin.py:109} INFO - [2022-11-30 04:17:31,976] {dag.py:2398} INFO - Sync 1 DAGs
[2022-11-30 04:17:31,990] {logging_mixin.py:109} INFO - [2022-11-30 04:17:31,990] {dag.py:2937} INFO - Setting next_dagrun for example_time_delta_sensor_async to None
[2022-11-30 04:17:31,998] {processor.py:171} INFO - Processing /home/airflow/.local/lib/python3.7/site-packages/airflow/example_dags/example_time_delta_sensor_async.py took 0.061 seconds
[2022-11-30 04:18:03,421] {processor.py:163} INFO - Started process (PID=6599) to work on /home/airflow/.local/lib/python3.7/site-packages/airflow/example_dags/example_time_delta_sensor_async.py
[2022-11-30 04:18:03,423] {processor.py:642} INFO - Processing file /home/airflow/.local/lib/python3.7/site-packages/airflow/example_dags/example_time_delta_sensor_async.py for tasks to queue
[2022-11-30 04:18:03,423] {logging_mixin.py:109} INFO - [2022-11-30 04:18:03,423] {dagbag.py:500} INFO - Filling up the DagBag from /home/airflow/.local/lib/python3.7/site-packages/airflow/example_dags/example_time_delta_sensor_async.py
[2022-11-30 04:18:03,446] {processor.py:654} INFO - DAG(s) dict_keys(['example_time_delta_sensor_async']) retrieved from /home/airflow/.local/lib/python3.7/site-packages/airflow/example_dags/example_time_delta_sensor_async.py
[2022-11-30 04:18:03,453] {logging_mixin.py:109} INFO - [2022-11-30 04:18:03,453] {dag.py:2398} INFO - Sync 1 DAGs
[2022-11-30 04:18:03,465] {logging_mixin.py:109} INFO - [2022-11-30 04:18:03,465] {dag.py:2937} INFO - Setting next_dagrun for example_time_delta_sensor_async to None
[2022-11-30 04:18:03,473] {processor.py:171} INFO - Processing /home/airflow/.local/lib/python3.7/site-packages/airflow/example_dags/example_time_delta_sensor_async.py took 0.055 seconds
[2022-11-30 04:18:34,952] {processor.py:163} INFO - Started process (PID=6685) to work on /home/airflow/.local/lib/python3.7/site-packages/airflow/example_dags/example_time_delta_sensor_async.py
[2022-11-30 04:18:34,953] {processor.py:642} INFO - Processing file /home/airflow/.local/lib/python3.7/site-packages/airflow/example_dags/example_time_delta_sensor_async.py for tasks to queue
[2022-11-30 04:18:34,953] {logging_mixin.py:109} INFO - [2022-11-30 04:18:34,953] {dagbag.py:500} INFO - Filling up the DagBag from /home/airflow/.local/lib/python3.7/site-packages/airflow/example_dags/example_time_delta_sensor_async.py
[2022-11-30 04:18:34,979] {processor.py:654} INFO - DAG(s) dict_keys(['example_time_delta_sensor_async']) retrieved from /home/airflow/.local/lib/python3.7/site-packages/airflow/example_dags/example_time_delta_sensor_async.py
[2022-11-30 04:18:34,987] {logging_mixin.py:109} INFO - [2022-11-30 04:18:34,987] {dag.py:2398} INFO - Sync 1 DAGs
[2022-11-30 04:18:35,001] {logging_mixin.py:109} INFO - [2022-11-30 04:18:35,001] {dag.py:2937} INFO - Setting next_dagrun for example_time_delta_sensor_async to None
[2022-11-30 04:18:35,010] {processor.py:171} INFO - Processing /home/airflow/.local/lib/python3.7/site-packages/airflow/example_dags/example_time_delta_sensor_async.py took 0.060 seconds
[2022-11-30 04:19:05,688] {processor.py:163} INFO - Started process (PID=6762) to work on /home/airflow/.local/lib/python3.7/site-packages/airflow/example_dags/example_time_delta_sensor_async.py
[2022-11-30 04:19:05,689] {processor.py:642} INFO - Processing file /home/airflow/.local/lib/python3.7/site-packages/airflow/example_dags/example_time_delta_sensor_async.py for tasks to queue
[2022-11-30 04:19:05,690] {logging_mixin.py:109} INFO - [2022-11-30 04:19:05,690] {dagbag.py:500} INFO - Filling up the DagBag from /home/airflow/.local/lib/python3.7/site-packages/airflow/example_dags/example_time_delta_sensor_async.py
[2022-11-30 04:19:05,717] {processor.py:654} INFO - DAG(s) dict_keys(['example_time_delta_sensor_async']) retrieved from /home/airflow/.local/lib/python3.7/site-packages/airflow/example_dags/example_time_delta_sensor_async.py
[2022-11-30 04:19:05,726] {logging_mixin.py:109} INFO - [2022-11-30 04:19:05,726] {dag.py:2398} INFO - Sync 1 DAGs
[2022-11-30 04:19:05,742] {logging_mixin.py:109} INFO - [2022-11-30 04:19:05,742] {dag.py:2937} INFO - Setting next_dagrun for example_time_delta_sensor_async to None
[2022-11-30 04:19:05,753] {processor.py:171} INFO - Processing /home/airflow/.local/lib/python3.7/site-packages/airflow/example_dags/example_time_delta_sensor_async.py took 0.067 seconds
[2022-11-30 04:19:36,854] {processor.py:163} INFO - Started process (PID=6848) to work on /home/airflow/.local/lib/python3.7/site-packages/airflow/example_dags/example_time_delta_sensor_async.py
[2022-11-30 04:19:36,856] {processor.py:642} INFO - Processing file /home/airflow/.local/lib/python3.7/site-packages/airflow/example_dags/example_time_delta_sensor_async.py for tasks to queue
[2022-11-30 04:19:36,856] {logging_mixin.py:109} INFO - [2022-11-30 04:19:36,856] {dagbag.py:500} INFO - Filling up the DagBag from /home/airflow/.local/lib/python3.7/site-packages/airflow/example_dags/example_time_delta_sensor_async.py
[2022-11-30 04:19:36,879] {processor.py:654} INFO - DAG(s) dict_keys(['example_time_delta_sensor_async']) retrieved from /home/airflow/.local/lib/python3.7/site-packages/airflow/example_dags/example_time_delta_sensor_async.py
[2022-11-30 04:19:36,887] {logging_mixin.py:109} INFO - [2022-11-30 04:19:36,887] {dag.py:2398} INFO - Sync 1 DAGs
[2022-11-30 04:19:36,900] {logging_mixin.py:109} INFO - [2022-11-30 04:19:36,900] {dag.py:2937} INFO - Setting next_dagrun for example_time_delta_sensor_async to None
[2022-11-30 04:19:36,909] {processor.py:171} INFO - Processing /home/airflow/.local/lib/python3.7/site-packages/airflow/example_dags/example_time_delta_sensor_async.py took 0.058 seconds
[2022-11-30 04:20:08,421] {processor.py:163} INFO - Started process (PID=6928) to work on /home/airflow/.local/lib/python3.7/site-packages/airflow/example_dags/example_time_delta_sensor_async.py
[2022-11-30 04:20:08,423] {processor.py:642} INFO - Processing file /home/airflow/.local/lib/python3.7/site-packages/airflow/example_dags/example_time_delta_sensor_async.py for tasks to queue
[2022-11-30 04:20:08,423] {logging_mixin.py:109} INFO - [2022-11-30 04:20:08,423] {dagbag.py:500} INFO - Filling up the DagBag from /home/airflow/.local/lib/python3.7/site-packages/airflow/example_dags/example_time_delta_sensor_async.py
[2022-11-30 04:20:08,450] {processor.py:654} INFO - DAG(s) dict_keys(['example_time_delta_sensor_async']) retrieved from /home/airflow/.local/lib/python3.7/site-packages/airflow/example_dags/example_time_delta_sensor_async.py
[2022-11-30 04:20:08,458] {logging_mixin.py:109} INFO - [2022-11-30 04:20:08,458] {dag.py:2398} INFO - Sync 1 DAGs
[2022-11-30 04:20:08,471] {logging_mixin.py:109} INFO - [2022-11-30 04:20:08,471] {dag.py:2937} INFO - Setting next_dagrun for example_time_delta_sensor_async to None
[2022-11-30 04:20:08,479] {processor.py:171} INFO - Processing /home/airflow/.local/lib/python3.7/site-packages/airflow/example_dags/example_time_delta_sensor_async.py took 0.060 seconds
[2022-11-30 04:20:39,988] {processor.py:163} INFO - Started process (PID=7014) to work on /home/airflow/.local/lib/python3.7/site-packages/airflow/example_dags/example_time_delta_sensor_async.py
[2022-11-30 04:20:39,989] {processor.py:642} INFO - Processing file /home/airflow/.local/lib/python3.7/site-packages/airflow/example_dags/example_time_delta_sensor_async.py for tasks to queue
[2022-11-30 04:20:39,990] {logging_mixin.py:109} INFO - [2022-11-30 04:20:39,990] {dagbag.py:500} INFO - Filling up the DagBag from /home/airflow/.local/lib/python3.7/site-packages/airflow/example_dags/example_time_delta_sensor_async.py
[2022-11-30 04:20:40,014] {processor.py:654} INFO - DAG(s) dict_keys(['example_time_delta_sensor_async']) retrieved from /home/airflow/.local/lib/python3.7/site-packages/airflow/example_dags/example_time_delta_sensor_async.py
[2022-11-30 04:20:40,024] {logging_mixin.py:109} INFO - [2022-11-30 04:20:40,023] {dag.py:2398} INFO - Sync 1 DAGs
[2022-11-30 04:20:40,038] {logging_mixin.py:109} INFO - [2022-11-30 04:20:40,038] {dag.py:2937} INFO - Setting next_dagrun for example_time_delta_sensor_async to None
[2022-11-30 04:20:40,046] {processor.py:171} INFO - Processing /home/airflow/.local/lib/python3.7/site-packages/airflow/example_dags/example_time_delta_sensor_async.py took 0.061 seconds
[2022-11-30 04:21:10,968] {processor.py:163} INFO - Started process (PID=7091) to work on /home/airflow/.local/lib/python3.7/site-packages/airflow/example_dags/example_time_delta_sensor_async.py
[2022-11-30 04:21:10,969] {processor.py:642} INFO - Processing file /home/airflow/.local/lib/python3.7/site-packages/airflow/example_dags/example_time_delta_sensor_async.py for tasks to queue
[2022-11-30 04:21:10,969] {logging_mixin.py:109} INFO - [2022-11-30 04:21:10,969] {dagbag.py:500} INFO - Filling up the DagBag from /home/airflow/.local/lib/python3.7/site-packages/airflow/example_dags/example_time_delta_sensor_async.py
[2022-11-30 04:21:11,002] {processor.py:654} INFO - DAG(s) dict_keys(['example_time_delta_sensor_async']) retrieved from /home/airflow/.local/lib/python3.7/site-packages/airflow/example_dags/example_time_delta_sensor_async.py
[2022-11-30 04:21:11,011] {logging_mixin.py:109} INFO - [2022-11-30 04:21:11,010] {dag.py:2398} INFO - Sync 1 DAGs
[2022-11-30 04:21:11,027] {logging_mixin.py:109} INFO - [2022-11-30 04:21:11,027] {dag.py:2937} INFO - Setting next_dagrun for example_time_delta_sensor_async to None
[2022-11-30 04:21:11,038] {processor.py:171} INFO - Processing /home/airflow/.local/lib/python3.7/site-packages/airflow/example_dags/example_time_delta_sensor_async.py took 0.073 seconds
[2022-11-30 04:21:41,818] {processor.py:163} INFO - Started process (PID=7177) to work on /home/airflow/.local/lib/python3.7/site-packages/airflow/example_dags/example_time_delta_sensor_async.py
[2022-11-30 04:21:41,820] {processor.py:642} INFO - Processing file /home/airflow/.local/lib/python3.7/site-packages/airflow/example_dags/example_time_delta_sensor_async.py for tasks to queue
[2022-11-30 04:21:41,820] {logging_mixin.py:109} INFO - [2022-11-30 04:21:41,820] {dagbag.py:500} INFO - Filling up the DagBag from /home/airflow/.local/lib/python3.7/site-packages/airflow/example_dags/example_time_delta_sensor_async.py
[2022-11-30 04:21:41,845] {processor.py:654} INFO - DAG(s) dict_keys(['example_time_delta_sensor_async']) retrieved from /home/airflow/.local/lib/python3.7/site-packages/airflow/example_dags/example_time_delta_sensor_async.py
[2022-11-30 04:21:41,854] {logging_mixin.py:109} INFO - [2022-11-30 04:21:41,854] {dag.py:2398} INFO - Sync 1 DAGs
[2022-11-30 04:21:41,869] {logging_mixin.py:109} INFO - [2022-11-30 04:21:41,868] {dag.py:2937} INFO - Setting next_dagrun for example_time_delta_sensor_async to None
[2022-11-30 04:21:41,877] {processor.py:171} INFO - Processing /home/airflow/.local/lib/python3.7/site-packages/airflow/example_dags/example_time_delta_sensor_async.py took 0.062 seconds
[2022-11-30 04:22:12,151] {processor.py:163} INFO - Started process (PID=7254) to work on /home/airflow/.local/lib/python3.7/site-packages/airflow/example_dags/example_time_delta_sensor_async.py
[2022-11-30 04:22:12,152] {processor.py:642} INFO - Processing file /home/airflow/.local/lib/python3.7/site-packages/airflow/example_dags/example_time_delta_sensor_async.py for tasks to queue
[2022-11-30 04:22:12,153] {logging_mixin.py:109} INFO - [2022-11-30 04:22:12,153] {dagbag.py:500} INFO - Filling up the DagBag from /home/airflow/.local/lib/python3.7/site-packages/airflow/example_dags/example_time_delta_sensor_async.py
[2022-11-30 04:22:12,176] {processor.py:654} INFO - DAG(s) dict_keys(['example_time_delta_sensor_async']) retrieved from /home/airflow/.local/lib/python3.7/site-packages/airflow/example_dags/example_time_delta_sensor_async.py
[2022-11-30 04:22:12,184] {logging_mixin.py:109} INFO - [2022-11-30 04:22:12,183] {dag.py:2398} INFO - Sync 1 DAGs
[2022-11-30 04:22:12,197] {logging_mixin.py:109} INFO - [2022-11-30 04:22:12,197] {dag.py:2937} INFO - Setting next_dagrun for example_time_delta_sensor_async to None
[2022-11-30 04:22:12,205] {processor.py:171} INFO - Processing /home/airflow/.local/lib/python3.7/site-packages/airflow/example_dags/example_time_delta_sensor_async.py took 0.057 seconds
