[2022-11-30 03:58:20,562] {processor.py:163} INFO - Started process (PID=3518) to work on /home/airflow/.local/lib/python3.7/site-packages/airflow/example_dags/example_bash_operator.py
[2022-11-30 03:58:20,563] {processor.py:642} INFO - Processing file /home/airflow/.local/lib/python3.7/site-packages/airflow/example_dags/example_bash_operator.py for tasks to queue
[2022-11-30 03:58:20,564] {logging_mixin.py:109} INFO - [2022-11-30 03:58:20,564] {dagbag.py:500} INFO - Filling up the DagBag from /home/airflow/.local/lib/python3.7/site-packages/airflow/example_dags/example_bash_operator.py
[2022-11-30 03:58:20,628] {processor.py:654} INFO - DAG(s) dict_keys(['example_bash_operator']) retrieved from /home/airflow/.local/lib/python3.7/site-packages/airflow/example_dags/example_bash_operator.py
[2022-11-30 03:58:20,650] {logging_mixin.py:109} INFO - [2022-11-30 03:58:20,649] {dag.py:2398} INFO - Sync 1 DAGs
[2022-11-30 03:58:20,704] {logging_mixin.py:109} INFO - [2022-11-30 03:58:20,704] {dag.py:2937} INFO - Setting next_dagrun for example_bash_operator to 2022-11-29 00:00:00+00:00
[2022-11-30 03:58:20,736] {processor.py:171} INFO - Processing /home/airflow/.local/lib/python3.7/site-packages/airflow/example_dags/example_bash_operator.py took 0.179 seconds
[2022-11-30 03:58:51,277] {processor.py:163} INFO - Started process (PID=3595) to work on /home/airflow/.local/lib/python3.7/site-packages/airflow/example_dags/example_bash_operator.py
[2022-11-30 03:58:51,278] {processor.py:642} INFO - Processing file /home/airflow/.local/lib/python3.7/site-packages/airflow/example_dags/example_bash_operator.py for tasks to queue
[2022-11-30 03:58:51,278] {logging_mixin.py:109} INFO - [2022-11-30 03:58:51,278] {dagbag.py:500} INFO - Filling up the DagBag from /home/airflow/.local/lib/python3.7/site-packages/airflow/example_dags/example_bash_operator.py
[2022-11-30 03:58:51,312] {processor.py:654} INFO - DAG(s) dict_keys(['example_bash_operator']) retrieved from /home/airflow/.local/lib/python3.7/site-packages/airflow/example_dags/example_bash_operator.py
[2022-11-30 03:58:51,322] {logging_mixin.py:109} INFO - [2022-11-30 03:58:51,321] {dag.py:2398} INFO - Sync 1 DAGs
[2022-11-30 03:58:51,337] {logging_mixin.py:109} INFO - [2022-11-30 03:58:51,337] {dag.py:2937} INFO - Setting next_dagrun for example_bash_operator to 2022-11-29 00:00:00+00:00
[2022-11-30 03:58:51,346] {processor.py:171} INFO - Processing /home/airflow/.local/lib/python3.7/site-packages/airflow/example_dags/example_bash_operator.py took 0.072 seconds
[2022-11-30 03:59:22,179] {processor.py:163} INFO - Started process (PID=3681) to work on /home/airflow/.local/lib/python3.7/site-packages/airflow/example_dags/example_bash_operator.py
[2022-11-30 03:59:22,181] {processor.py:642} INFO - Processing file /home/airflow/.local/lib/python3.7/site-packages/airflow/example_dags/example_bash_operator.py for tasks to queue
[2022-11-30 03:59:22,181] {logging_mixin.py:109} INFO - [2022-11-30 03:59:22,181] {dagbag.py:500} INFO - Filling up the DagBag from /home/airflow/.local/lib/python3.7/site-packages/airflow/example_dags/example_bash_operator.py
[2022-11-30 03:59:22,210] {processor.py:654} INFO - DAG(s) dict_keys(['example_bash_operator']) retrieved from /home/airflow/.local/lib/python3.7/site-packages/airflow/example_dags/example_bash_operator.py
[2022-11-30 03:59:22,220] {logging_mixin.py:109} INFO - [2022-11-30 03:59:22,220] {dag.py:2398} INFO - Sync 1 DAGs
[2022-11-30 03:59:22,237] {logging_mixin.py:109} INFO - [2022-11-30 03:59:22,237] {dag.py:2937} INFO - Setting next_dagrun for example_bash_operator to 2022-11-29 00:00:00+00:00
[2022-11-30 03:59:22,246] {processor.py:171} INFO - Processing /home/airflow/.local/lib/python3.7/site-packages/airflow/example_dags/example_bash_operator.py took 0.070 seconds
[2022-11-30 03:59:52,490] {processor.py:163} INFO - Started process (PID=3758) to work on /home/airflow/.local/lib/python3.7/site-packages/airflow/example_dags/example_bash_operator.py
[2022-11-30 03:59:52,492] {processor.py:642} INFO - Processing file /home/airflow/.local/lib/python3.7/site-packages/airflow/example_dags/example_bash_operator.py for tasks to queue
[2022-11-30 03:59:52,492] {logging_mixin.py:109} INFO - [2022-11-30 03:59:52,492] {dagbag.py:500} INFO - Filling up the DagBag from /home/airflow/.local/lib/python3.7/site-packages/airflow/example_dags/example_bash_operator.py
[2022-11-30 03:59:52,524] {processor.py:654} INFO - DAG(s) dict_keys(['example_bash_operator']) retrieved from /home/airflow/.local/lib/python3.7/site-packages/airflow/example_dags/example_bash_operator.py
[2022-11-30 03:59:52,533] {logging_mixin.py:109} INFO - [2022-11-30 03:59:52,533] {dag.py:2398} INFO - Sync 1 DAGs
[2022-11-30 03:59:52,547] {logging_mixin.py:109} INFO - [2022-11-30 03:59:52,547] {dag.py:2937} INFO - Setting next_dagrun for example_bash_operator to 2022-11-29 00:00:00+00:00
[2022-11-30 03:59:52,557] {processor.py:171} INFO - Processing /home/airflow/.local/lib/python3.7/site-packages/airflow/example_dags/example_bash_operator.py took 0.069 seconds
[2022-11-30 04:00:23,015] {processor.py:163} INFO - Started process (PID=3844) to work on /home/airflow/.local/lib/python3.7/site-packages/airflow/example_dags/example_bash_operator.py
[2022-11-30 04:00:23,016] {processor.py:642} INFO - Processing file /home/airflow/.local/lib/python3.7/site-packages/airflow/example_dags/example_bash_operator.py for tasks to queue
[2022-11-30 04:00:23,017] {logging_mixin.py:109} INFO - [2022-11-30 04:00:23,017] {dagbag.py:500} INFO - Filling up the DagBag from /home/airflow/.local/lib/python3.7/site-packages/airflow/example_dags/example_bash_operator.py
[2022-11-30 04:00:23,060] {processor.py:654} INFO - DAG(s) dict_keys(['example_bash_operator']) retrieved from /home/airflow/.local/lib/python3.7/site-packages/airflow/example_dags/example_bash_operator.py
[2022-11-30 04:00:23,072] {logging_mixin.py:109} INFO - [2022-11-30 04:00:23,072] {dag.py:2398} INFO - Sync 1 DAGs
[2022-11-30 04:00:23,093] {logging_mixin.py:109} INFO - [2022-11-30 04:00:23,093] {dag.py:2937} INFO - Setting next_dagrun for example_bash_operator to 2022-11-29 00:00:00+00:00
[2022-11-30 04:00:23,105] {processor.py:171} INFO - Processing /home/airflow/.local/lib/python3.7/site-packages/airflow/example_dags/example_bash_operator.py took 0.094 seconds
[2022-11-30 04:00:53,740] {processor.py:163} INFO - Started process (PID=3921) to work on /home/airflow/.local/lib/python3.7/site-packages/airflow/example_dags/example_bash_operator.py
[2022-11-30 04:00:53,741] {processor.py:642} INFO - Processing file /home/airflow/.local/lib/python3.7/site-packages/airflow/example_dags/example_bash_operator.py for tasks to queue
[2022-11-30 04:00:53,741] {logging_mixin.py:109} INFO - [2022-11-30 04:00:53,741] {dagbag.py:500} INFO - Filling up the DagBag from /home/airflow/.local/lib/python3.7/site-packages/airflow/example_dags/example_bash_operator.py
[2022-11-30 04:00:53,778] {processor.py:654} INFO - DAG(s) dict_keys(['example_bash_operator']) retrieved from /home/airflow/.local/lib/python3.7/site-packages/airflow/example_dags/example_bash_operator.py
[2022-11-30 04:00:53,792] {logging_mixin.py:109} INFO - [2022-11-30 04:00:53,792] {dag.py:2398} INFO - Sync 1 DAGs
[2022-11-30 04:00:53,813] {logging_mixin.py:109} INFO - [2022-11-30 04:00:53,813] {dag.py:2937} INFO - Setting next_dagrun for example_bash_operator to 2022-11-29 00:00:00+00:00
[2022-11-30 04:00:53,824] {processor.py:171} INFO - Processing /home/airflow/.local/lib/python3.7/site-packages/airflow/example_dags/example_bash_operator.py took 0.088 seconds
[2022-11-30 04:01:24,071] {processor.py:163} INFO - Started process (PID=3998) to work on /home/airflow/.local/lib/python3.7/site-packages/airflow/example_dags/example_bash_operator.py
[2022-11-30 04:01:24,073] {processor.py:642} INFO - Processing file /home/airflow/.local/lib/python3.7/site-packages/airflow/example_dags/example_bash_operator.py for tasks to queue
[2022-11-30 04:01:24,073] {logging_mixin.py:109} INFO - [2022-11-30 04:01:24,073] {dagbag.py:500} INFO - Filling up the DagBag from /home/airflow/.local/lib/python3.7/site-packages/airflow/example_dags/example_bash_operator.py
[2022-11-30 04:01:24,106] {processor.py:654} INFO - DAG(s) dict_keys(['example_bash_operator']) retrieved from /home/airflow/.local/lib/python3.7/site-packages/airflow/example_dags/example_bash_operator.py
[2022-11-30 04:01:24,116] {logging_mixin.py:109} INFO - [2022-11-30 04:01:24,116] {dag.py:2398} INFO - Sync 1 DAGs
[2022-11-30 04:01:24,132] {logging_mixin.py:109} INFO - [2022-11-30 04:01:24,132] {dag.py:2937} INFO - Setting next_dagrun for example_bash_operator to 2022-11-29 00:00:00+00:00
[2022-11-30 04:01:24,142] {processor.py:171} INFO - Processing /home/airflow/.local/lib/python3.7/site-packages/airflow/example_dags/example_bash_operator.py took 0.073 seconds
[2022-11-30 04:01:54,964] {processor.py:163} INFO - Started process (PID=4084) to work on /home/airflow/.local/lib/python3.7/site-packages/airflow/example_dags/example_bash_operator.py
[2022-11-30 04:01:54,965] {processor.py:642} INFO - Processing file /home/airflow/.local/lib/python3.7/site-packages/airflow/example_dags/example_bash_operator.py for tasks to queue
[2022-11-30 04:01:54,965] {logging_mixin.py:109} INFO - [2022-11-30 04:01:54,965] {dagbag.py:500} INFO - Filling up the DagBag from /home/airflow/.local/lib/python3.7/site-packages/airflow/example_dags/example_bash_operator.py
[2022-11-30 04:01:54,995] {processor.py:654} INFO - DAG(s) dict_keys(['example_bash_operator']) retrieved from /home/airflow/.local/lib/python3.7/site-packages/airflow/example_dags/example_bash_operator.py
[2022-11-30 04:01:55,006] {logging_mixin.py:109} INFO - [2022-11-30 04:01:55,006] {dag.py:2398} INFO - Sync 1 DAGs
[2022-11-30 04:01:55,021] {logging_mixin.py:109} INFO - [2022-11-30 04:01:55,021] {dag.py:2937} INFO - Setting next_dagrun for example_bash_operator to 2022-11-29 00:00:00+00:00
[2022-11-30 04:01:55,032] {processor.py:171} INFO - Processing /home/airflow/.local/lib/python3.7/site-packages/airflow/example_dags/example_bash_operator.py took 0.071 seconds
[2022-11-30 04:02:28,169] {processor.py:163} INFO - Started process (PID=4161) to work on /home/airflow/.local/lib/python3.7/site-packages/airflow/example_dags/example_bash_operator.py
[2022-11-30 04:02:28,171] {processor.py:642} INFO - Processing file /home/airflow/.local/lib/python3.7/site-packages/airflow/example_dags/example_bash_operator.py for tasks to queue
[2022-11-30 04:02:28,182] {logging_mixin.py:109} INFO - [2022-11-30 04:02:28,182] {dagbag.py:500} INFO - Filling up the DagBag from /home/airflow/.local/lib/python3.7/site-packages/airflow/example_dags/example_bash_operator.py
[2022-11-30 04:02:28,276] {processor.py:654} INFO - DAG(s) dict_keys(['example_bash_operator']) retrieved from /home/airflow/.local/lib/python3.7/site-packages/airflow/example_dags/example_bash_operator.py
[2022-11-30 04:02:28,298] {logging_mixin.py:109} INFO - [2022-11-30 04:02:28,298] {dag.py:2398} INFO - Sync 1 DAGs
[2022-11-30 04:02:28,335] {logging_mixin.py:109} INFO - [2022-11-30 04:02:28,335] {dag.py:2937} INFO - Setting next_dagrun for example_bash_operator to 2022-11-29 00:00:00+00:00
[2022-11-30 04:02:28,372] {processor.py:171} INFO - Processing /home/airflow/.local/lib/python3.7/site-packages/airflow/example_dags/example_bash_operator.py took 0.207 seconds
[2022-11-30 04:02:59,129] {processor.py:163} INFO - Started process (PID=4238) to work on /home/airflow/.local/lib/python3.7/site-packages/airflow/example_dags/example_bash_operator.py
[2022-11-30 04:02:59,130] {processor.py:642} INFO - Processing file /home/airflow/.local/lib/python3.7/site-packages/airflow/example_dags/example_bash_operator.py for tasks to queue
[2022-11-30 04:02:59,131] {logging_mixin.py:109} INFO - [2022-11-30 04:02:59,131] {dagbag.py:500} INFO - Filling up the DagBag from /home/airflow/.local/lib/python3.7/site-packages/airflow/example_dags/example_bash_operator.py
[2022-11-30 04:02:59,159] {processor.py:654} INFO - DAG(s) dict_keys(['example_bash_operator']) retrieved from /home/airflow/.local/lib/python3.7/site-packages/airflow/example_dags/example_bash_operator.py
[2022-11-30 04:02:59,168] {logging_mixin.py:109} INFO - [2022-11-30 04:02:59,168] {dag.py:2398} INFO - Sync 1 DAGs
[2022-11-30 04:02:59,183] {logging_mixin.py:109} INFO - [2022-11-30 04:02:59,183] {dag.py:2937} INFO - Setting next_dagrun for example_bash_operator to 2022-11-29 00:00:00+00:00
[2022-11-30 04:02:59,191] {processor.py:171} INFO - Processing /home/airflow/.local/lib/python3.7/site-packages/airflow/example_dags/example_bash_operator.py took 0.065 seconds
[2022-11-30 04:03:30,104] {processor.py:163} INFO - Started process (PID=4324) to work on /home/airflow/.local/lib/python3.7/site-packages/airflow/example_dags/example_bash_operator.py
[2022-11-30 04:03:30,106] {processor.py:642} INFO - Processing file /home/airflow/.local/lib/python3.7/site-packages/airflow/example_dags/example_bash_operator.py for tasks to queue
[2022-11-30 04:03:30,107] {logging_mixin.py:109} INFO - [2022-11-30 04:03:30,107] {dagbag.py:500} INFO - Filling up the DagBag from /home/airflow/.local/lib/python3.7/site-packages/airflow/example_dags/example_bash_operator.py
[2022-11-30 04:03:30,146] {processor.py:654} INFO - DAG(s) dict_keys(['example_bash_operator']) retrieved from /home/airflow/.local/lib/python3.7/site-packages/airflow/example_dags/example_bash_operator.py
[2022-11-30 04:03:30,160] {logging_mixin.py:109} INFO - [2022-11-30 04:03:30,160] {dag.py:2398} INFO - Sync 1 DAGs
[2022-11-30 04:03:30,184] {logging_mixin.py:109} INFO - [2022-11-30 04:03:30,184] {dag.py:2937} INFO - Setting next_dagrun for example_bash_operator to 2022-11-29 00:00:00+00:00
[2022-11-30 04:03:30,196] {processor.py:171} INFO - Processing /home/airflow/.local/lib/python3.7/site-packages/airflow/example_dags/example_bash_operator.py took 0.095 seconds
[2022-11-30 04:04:00,416] {processor.py:163} INFO - Started process (PID=4401) to work on /home/airflow/.local/lib/python3.7/site-packages/airflow/example_dags/example_bash_operator.py
[2022-11-30 04:04:00,417] {processor.py:642} INFO - Processing file /home/airflow/.local/lib/python3.7/site-packages/airflow/example_dags/example_bash_operator.py for tasks to queue
[2022-11-30 04:04:00,417] {logging_mixin.py:109} INFO - [2022-11-30 04:04:00,417] {dagbag.py:500} INFO - Filling up the DagBag from /home/airflow/.local/lib/python3.7/site-packages/airflow/example_dags/example_bash_operator.py
[2022-11-30 04:04:00,447] {processor.py:654} INFO - DAG(s) dict_keys(['example_bash_operator']) retrieved from /home/airflow/.local/lib/python3.7/site-packages/airflow/example_dags/example_bash_operator.py
[2022-11-30 04:04:00,456] {logging_mixin.py:109} INFO - [2022-11-30 04:04:00,456] {dag.py:2398} INFO - Sync 1 DAGs
[2022-11-30 04:04:00,471] {logging_mixin.py:109} INFO - [2022-11-30 04:04:00,471] {dag.py:2937} INFO - Setting next_dagrun for example_bash_operator to 2022-11-29 00:00:00+00:00
[2022-11-30 04:04:00,480] {processor.py:171} INFO - Processing /home/airflow/.local/lib/python3.7/site-packages/airflow/example_dags/example_bash_operator.py took 0.067 seconds
[2022-11-30 04:04:31,719] {processor.py:163} INFO - Started process (PID=4487) to work on /home/airflow/.local/lib/python3.7/site-packages/airflow/example_dags/example_bash_operator.py
[2022-11-30 04:04:31,720] {processor.py:642} INFO - Processing file /home/airflow/.local/lib/python3.7/site-packages/airflow/example_dags/example_bash_operator.py for tasks to queue
[2022-11-30 04:04:31,721] {logging_mixin.py:109} INFO - [2022-11-30 04:04:31,721] {dagbag.py:500} INFO - Filling up the DagBag from /home/airflow/.local/lib/python3.7/site-packages/airflow/example_dags/example_bash_operator.py
[2022-11-30 04:04:31,749] {processor.py:654} INFO - DAG(s) dict_keys(['example_bash_operator']) retrieved from /home/airflow/.local/lib/python3.7/site-packages/airflow/example_dags/example_bash_operator.py
[2022-11-30 04:04:31,758] {logging_mixin.py:109} INFO - [2022-11-30 04:04:31,758] {dag.py:2398} INFO - Sync 1 DAGs
[2022-11-30 04:04:31,771] {logging_mixin.py:109} INFO - [2022-11-30 04:04:31,771] {dag.py:2937} INFO - Setting next_dagrun for example_bash_operator to 2022-11-29 00:00:00+00:00
[2022-11-30 04:04:31,779] {processor.py:171} INFO - Processing /home/airflow/.local/lib/python3.7/site-packages/airflow/example_dags/example_bash_operator.py took 0.063 seconds
[2022-11-30 04:05:03,216] {processor.py:163} INFO - Started process (PID=4564) to work on /home/airflow/.local/lib/python3.7/site-packages/airflow/example_dags/example_bash_operator.py
[2022-11-30 04:05:03,218] {processor.py:642} INFO - Processing file /home/airflow/.local/lib/python3.7/site-packages/airflow/example_dags/example_bash_operator.py for tasks to queue
[2022-11-30 04:05:03,218] {logging_mixin.py:109} INFO - [2022-11-30 04:05:03,218] {dagbag.py:500} INFO - Filling up the DagBag from /home/airflow/.local/lib/python3.7/site-packages/airflow/example_dags/example_bash_operator.py
[2022-11-30 04:05:03,255] {processor.py:654} INFO - DAG(s) dict_keys(['example_bash_operator']) retrieved from /home/airflow/.local/lib/python3.7/site-packages/airflow/example_dags/example_bash_operator.py
[2022-11-30 04:05:03,268] {logging_mixin.py:109} INFO - [2022-11-30 04:05:03,268] {dag.py:2398} INFO - Sync 1 DAGs
[2022-11-30 04:05:03,290] {logging_mixin.py:109} INFO - [2022-11-30 04:05:03,289] {dag.py:2937} INFO - Setting next_dagrun for example_bash_operator to 2022-11-29 00:00:00+00:00
[2022-11-30 04:05:03,300] {processor.py:171} INFO - Processing /home/airflow/.local/lib/python3.7/site-packages/airflow/example_dags/example_bash_operator.py took 0.087 seconds
[2022-11-30 04:05:34,576] {processor.py:163} INFO - Started process (PID=4650) to work on /home/airflow/.local/lib/python3.7/site-packages/airflow/example_dags/example_bash_operator.py
[2022-11-30 04:05:34,578] {processor.py:642} INFO - Processing file /home/airflow/.local/lib/python3.7/site-packages/airflow/example_dags/example_bash_operator.py for tasks to queue
[2022-11-30 04:05:34,578] {logging_mixin.py:109} INFO - [2022-11-30 04:05:34,578] {dagbag.py:500} INFO - Filling up the DagBag from /home/airflow/.local/lib/python3.7/site-packages/airflow/example_dags/example_bash_operator.py
[2022-11-30 04:05:34,614] {processor.py:654} INFO - DAG(s) dict_keys(['example_bash_operator']) retrieved from /home/airflow/.local/lib/python3.7/site-packages/airflow/example_dags/example_bash_operator.py
[2022-11-30 04:05:34,626] {logging_mixin.py:109} INFO - [2022-11-30 04:05:34,626] {dag.py:2398} INFO - Sync 1 DAGs
[2022-11-30 04:05:34,643] {logging_mixin.py:109} INFO - [2022-11-30 04:05:34,643] {dag.py:2937} INFO - Setting next_dagrun for example_bash_operator to 2022-11-29 00:00:00+00:00
[2022-11-30 04:05:34,651] {processor.py:171} INFO - Processing /home/airflow/.local/lib/python3.7/site-packages/airflow/example_dags/example_bash_operator.py took 0.078 seconds
[2022-11-30 04:06:05,885] {processor.py:163} INFO - Started process (PID=4727) to work on /home/airflow/.local/lib/python3.7/site-packages/airflow/example_dags/example_bash_operator.py
[2022-11-30 04:06:05,886] {processor.py:642} INFO - Processing file /home/airflow/.local/lib/python3.7/site-packages/airflow/example_dags/example_bash_operator.py for tasks to queue
[2022-11-30 04:06:05,886] {logging_mixin.py:109} INFO - [2022-11-30 04:06:05,886] {dagbag.py:500} INFO - Filling up the DagBag from /home/airflow/.local/lib/python3.7/site-packages/airflow/example_dags/example_bash_operator.py
[2022-11-30 04:06:05,917] {processor.py:654} INFO - DAG(s) dict_keys(['example_bash_operator']) retrieved from /home/airflow/.local/lib/python3.7/site-packages/airflow/example_dags/example_bash_operator.py
[2022-11-30 04:06:05,926] {logging_mixin.py:109} INFO - [2022-11-30 04:06:05,926] {dag.py:2398} INFO - Sync 1 DAGs
[2022-11-30 04:06:05,940] {logging_mixin.py:109} INFO - [2022-11-30 04:06:05,940] {dag.py:2937} INFO - Setting next_dagrun for example_bash_operator to 2022-11-29 00:00:00+00:00
[2022-11-30 04:06:05,949] {processor.py:171} INFO - Processing /home/airflow/.local/lib/python3.7/site-packages/airflow/example_dags/example_bash_operator.py took 0.067 seconds
[2022-11-30 04:06:37,536] {processor.py:163} INFO - Started process (PID=4813) to work on /home/airflow/.local/lib/python3.7/site-packages/airflow/example_dags/example_bash_operator.py
[2022-11-30 04:06:37,538] {processor.py:642} INFO - Processing file /home/airflow/.local/lib/python3.7/site-packages/airflow/example_dags/example_bash_operator.py for tasks to queue
[2022-11-30 04:06:37,538] {logging_mixin.py:109} INFO - [2022-11-30 04:06:37,538] {dagbag.py:500} INFO - Filling up the DagBag from /home/airflow/.local/lib/python3.7/site-packages/airflow/example_dags/example_bash_operator.py
[2022-11-30 04:06:37,564] {processor.py:654} INFO - DAG(s) dict_keys(['example_bash_operator']) retrieved from /home/airflow/.local/lib/python3.7/site-packages/airflow/example_dags/example_bash_operator.py
[2022-11-30 04:06:37,573] {logging_mixin.py:109} INFO - [2022-11-30 04:06:37,573] {dag.py:2398} INFO - Sync 1 DAGs
[2022-11-30 04:06:37,587] {logging_mixin.py:109} INFO - [2022-11-30 04:06:37,587] {dag.py:2937} INFO - Setting next_dagrun for example_bash_operator to 2022-11-29 00:00:00+00:00
[2022-11-30 04:06:37,595] {processor.py:171} INFO - Processing /home/airflow/.local/lib/python3.7/site-packages/airflow/example_dags/example_bash_operator.py took 0.061 seconds
[2022-11-30 04:07:08,976] {processor.py:163} INFO - Started process (PID=4890) to work on /home/airflow/.local/lib/python3.7/site-packages/airflow/example_dags/example_bash_operator.py
[2022-11-30 04:07:08,977] {processor.py:642} INFO - Processing file /home/airflow/.local/lib/python3.7/site-packages/airflow/example_dags/example_bash_operator.py for tasks to queue
[2022-11-30 04:07:08,977] {logging_mixin.py:109} INFO - [2022-11-30 04:07:08,977] {dagbag.py:500} INFO - Filling up the DagBag from /home/airflow/.local/lib/python3.7/site-packages/airflow/example_dags/example_bash_operator.py
[2022-11-30 04:07:09,007] {processor.py:654} INFO - DAG(s) dict_keys(['example_bash_operator']) retrieved from /home/airflow/.local/lib/python3.7/site-packages/airflow/example_dags/example_bash_operator.py
[2022-11-30 04:07:09,015] {logging_mixin.py:109} INFO - [2022-11-30 04:07:09,015] {dag.py:2398} INFO - Sync 1 DAGs
[2022-11-30 04:07:09,030] {logging_mixin.py:109} INFO - [2022-11-30 04:07:09,030] {dag.py:2937} INFO - Setting next_dagrun for example_bash_operator to 2022-11-29 00:00:00+00:00
[2022-11-30 04:07:09,038] {processor.py:171} INFO - Processing /home/airflow/.local/lib/python3.7/site-packages/airflow/example_dags/example_bash_operator.py took 0.066 seconds
[2022-11-30 04:07:40,523] {processor.py:163} INFO - Started process (PID=4976) to work on /home/airflow/.local/lib/python3.7/site-packages/airflow/example_dags/example_bash_operator.py
[2022-11-30 04:07:40,524] {processor.py:642} INFO - Processing file /home/airflow/.local/lib/python3.7/site-packages/airflow/example_dags/example_bash_operator.py for tasks to queue
[2022-11-30 04:07:40,525] {logging_mixin.py:109} INFO - [2022-11-30 04:07:40,525] {dagbag.py:500} INFO - Filling up the DagBag from /home/airflow/.local/lib/python3.7/site-packages/airflow/example_dags/example_bash_operator.py
[2022-11-30 04:07:40,552] {processor.py:654} INFO - DAG(s) dict_keys(['example_bash_operator']) retrieved from /home/airflow/.local/lib/python3.7/site-packages/airflow/example_dags/example_bash_operator.py
[2022-11-30 04:07:40,559] {logging_mixin.py:109} INFO - [2022-11-30 04:07:40,559] {dag.py:2398} INFO - Sync 1 DAGs
[2022-11-30 04:07:40,572] {logging_mixin.py:109} INFO - [2022-11-30 04:07:40,572] {dag.py:2937} INFO - Setting next_dagrun for example_bash_operator to 2022-11-29 00:00:00+00:00
[2022-11-30 04:07:40,582] {processor.py:171} INFO - Processing /home/airflow/.local/lib/python3.7/site-packages/airflow/example_dags/example_bash_operator.py took 0.062 seconds
[2022-11-30 04:08:11,955] {processor.py:163} INFO - Started process (PID=5053) to work on /home/airflow/.local/lib/python3.7/site-packages/airflow/example_dags/example_bash_operator.py
[2022-11-30 04:08:11,956] {processor.py:642} INFO - Processing file /home/airflow/.local/lib/python3.7/site-packages/airflow/example_dags/example_bash_operator.py for tasks to queue
[2022-11-30 04:08:11,956] {logging_mixin.py:109} INFO - [2022-11-30 04:08:11,956] {dagbag.py:500} INFO - Filling up the DagBag from /home/airflow/.local/lib/python3.7/site-packages/airflow/example_dags/example_bash_operator.py
[2022-11-30 04:08:11,982] {processor.py:654} INFO - DAG(s) dict_keys(['example_bash_operator']) retrieved from /home/airflow/.local/lib/python3.7/site-packages/airflow/example_dags/example_bash_operator.py
[2022-11-30 04:08:11,991] {logging_mixin.py:109} INFO - [2022-11-30 04:08:11,991] {dag.py:2398} INFO - Sync 1 DAGs
[2022-11-30 04:08:12,004] {logging_mixin.py:109} INFO - [2022-11-30 04:08:12,004] {dag.py:2937} INFO - Setting next_dagrun for example_bash_operator to 2022-11-29 00:00:00+00:00
[2022-11-30 04:08:12,011] {processor.py:171} INFO - Processing /home/airflow/.local/lib/python3.7/site-packages/airflow/example_dags/example_bash_operator.py took 0.059 seconds
[2022-11-30 04:08:43,594] {processor.py:163} INFO - Started process (PID=5139) to work on /home/airflow/.local/lib/python3.7/site-packages/airflow/example_dags/example_bash_operator.py
[2022-11-30 04:08:43,595] {processor.py:642} INFO - Processing file /home/airflow/.local/lib/python3.7/site-packages/airflow/example_dags/example_bash_operator.py for tasks to queue
[2022-11-30 04:08:43,596] {logging_mixin.py:109} INFO - [2022-11-30 04:08:43,596] {dagbag.py:500} INFO - Filling up the DagBag from /home/airflow/.local/lib/python3.7/site-packages/airflow/example_dags/example_bash_operator.py
[2022-11-30 04:08:43,625] {processor.py:654} INFO - DAG(s) dict_keys(['example_bash_operator']) retrieved from /home/airflow/.local/lib/python3.7/site-packages/airflow/example_dags/example_bash_operator.py
[2022-11-30 04:08:43,634] {logging_mixin.py:109} INFO - [2022-11-30 04:08:43,634] {dag.py:2398} INFO - Sync 1 DAGs
[2022-11-30 04:08:43,649] {logging_mixin.py:109} INFO - [2022-11-30 04:08:43,649] {dag.py:2937} INFO - Setting next_dagrun for example_bash_operator to 2022-11-29 00:00:00+00:00
[2022-11-30 04:08:43,659] {processor.py:171} INFO - Processing /home/airflow/.local/lib/python3.7/site-packages/airflow/example_dags/example_bash_operator.py took 0.068 seconds
[2022-11-30 04:09:13,943] {processor.py:163} INFO - Started process (PID=5217) to work on /home/airflow/.local/lib/python3.7/site-packages/airflow/example_dags/example_bash_operator.py
[2022-11-30 04:09:13,944] {processor.py:642} INFO - Processing file /home/airflow/.local/lib/python3.7/site-packages/airflow/example_dags/example_bash_operator.py for tasks to queue
[2022-11-30 04:09:13,944] {logging_mixin.py:109} INFO - [2022-11-30 04:09:13,944] {dagbag.py:500} INFO - Filling up the DagBag from /home/airflow/.local/lib/python3.7/site-packages/airflow/example_dags/example_bash_operator.py
[2022-11-30 04:09:13,974] {processor.py:654} INFO - DAG(s) dict_keys(['example_bash_operator']) retrieved from /home/airflow/.local/lib/python3.7/site-packages/airflow/example_dags/example_bash_operator.py
[2022-11-30 04:09:13,983] {logging_mixin.py:109} INFO - [2022-11-30 04:09:13,983] {dag.py:2398} INFO - Sync 1 DAGs
[2022-11-30 04:09:14,000] {logging_mixin.py:109} INFO - [2022-11-30 04:09:14,000] {dag.py:2937} INFO - Setting next_dagrun for example_bash_operator to 2022-11-29 00:00:00+00:00
[2022-11-30 04:09:14,009] {processor.py:171} INFO - Processing /home/airflow/.local/lib/python3.7/site-packages/airflow/example_dags/example_bash_operator.py took 0.069 seconds
[2022-11-30 04:09:45,505] {processor.py:163} INFO - Started process (PID=5304) to work on /home/airflow/.local/lib/python3.7/site-packages/airflow/example_dags/example_bash_operator.py
[2022-11-30 04:09:45,506] {processor.py:642} INFO - Processing file /home/airflow/.local/lib/python3.7/site-packages/airflow/example_dags/example_bash_operator.py for tasks to queue
[2022-11-30 04:09:45,507] {logging_mixin.py:109} INFO - [2022-11-30 04:09:45,506] {dagbag.py:500} INFO - Filling up the DagBag from /home/airflow/.local/lib/python3.7/site-packages/airflow/example_dags/example_bash_operator.py
[2022-11-30 04:09:45,538] {processor.py:654} INFO - DAG(s) dict_keys(['example_bash_operator']) retrieved from /home/airflow/.local/lib/python3.7/site-packages/airflow/example_dags/example_bash_operator.py
[2022-11-30 04:09:45,549] {logging_mixin.py:109} INFO - [2022-11-30 04:09:45,549] {dag.py:2398} INFO - Sync 1 DAGs
[2022-11-30 04:09:45,565] {logging_mixin.py:109} INFO - [2022-11-30 04:09:45,565] {dag.py:2937} INFO - Setting next_dagrun for example_bash_operator to 2022-11-29 00:00:00+00:00
[2022-11-30 04:09:45,573] {processor.py:171} INFO - Processing /home/airflow/.local/lib/python3.7/site-packages/airflow/example_dags/example_bash_operator.py took 0.072 seconds
[2022-11-30 04:10:16,324] {processor.py:163} INFO - Started process (PID=5381) to work on /home/airflow/.local/lib/python3.7/site-packages/airflow/example_dags/example_bash_operator.py
[2022-11-30 04:10:16,325] {processor.py:642} INFO - Processing file /home/airflow/.local/lib/python3.7/site-packages/airflow/example_dags/example_bash_operator.py for tasks to queue
[2022-11-30 04:10:16,326] {logging_mixin.py:109} INFO - [2022-11-30 04:10:16,326] {dagbag.py:500} INFO - Filling up the DagBag from /home/airflow/.local/lib/python3.7/site-packages/airflow/example_dags/example_bash_operator.py
[2022-11-30 04:10:16,368] {processor.py:654} INFO - DAG(s) dict_keys(['example_bash_operator']) retrieved from /home/airflow/.local/lib/python3.7/site-packages/airflow/example_dags/example_bash_operator.py
[2022-11-30 04:10:16,379] {logging_mixin.py:109} INFO - [2022-11-30 04:10:16,379] {dag.py:2398} INFO - Sync 1 DAGs
[2022-11-30 04:10:16,395] {logging_mixin.py:109} INFO - [2022-11-30 04:10:16,395] {dag.py:2937} INFO - Setting next_dagrun for example_bash_operator to 2022-11-29 00:00:00+00:00
[2022-11-30 04:10:16,406] {processor.py:171} INFO - Processing /home/airflow/.local/lib/python3.7/site-packages/airflow/example_dags/example_bash_operator.py took 0.088 seconds
[2022-11-30 04:10:47,834] {processor.py:163} INFO - Started process (PID=5467) to work on /home/airflow/.local/lib/python3.7/site-packages/airflow/example_dags/example_bash_operator.py
[2022-11-30 04:10:47,835] {processor.py:642} INFO - Processing file /home/airflow/.local/lib/python3.7/site-packages/airflow/example_dags/example_bash_operator.py for tasks to queue
[2022-11-30 04:10:47,836] {logging_mixin.py:109} INFO - [2022-11-30 04:10:47,836] {dagbag.py:500} INFO - Filling up the DagBag from /home/airflow/.local/lib/python3.7/site-packages/airflow/example_dags/example_bash_operator.py
[2022-11-30 04:10:47,869] {processor.py:654} INFO - DAG(s) dict_keys(['example_bash_operator']) retrieved from /home/airflow/.local/lib/python3.7/site-packages/airflow/example_dags/example_bash_operator.py
[2022-11-30 04:10:47,881] {logging_mixin.py:109} INFO - [2022-11-30 04:10:47,880] {dag.py:2398} INFO - Sync 1 DAGs
[2022-11-30 04:10:47,898] {logging_mixin.py:109} INFO - [2022-11-30 04:10:47,898] {dag.py:2937} INFO - Setting next_dagrun for example_bash_operator to 2022-11-29 00:00:00+00:00
[2022-11-30 04:10:47,908] {processor.py:171} INFO - Processing /home/airflow/.local/lib/python3.7/site-packages/airflow/example_dags/example_bash_operator.py took 0.077 seconds
[2022-11-30 04:11:19,201] {processor.py:163} INFO - Started process (PID=5544) to work on /home/airflow/.local/lib/python3.7/site-packages/airflow/example_dags/example_bash_operator.py
[2022-11-30 04:11:19,202] {processor.py:642} INFO - Processing file /home/airflow/.local/lib/python3.7/site-packages/airflow/example_dags/example_bash_operator.py for tasks to queue
[2022-11-30 04:11:19,203] {logging_mixin.py:109} INFO - [2022-11-30 04:11:19,203] {dagbag.py:500} INFO - Filling up the DagBag from /home/airflow/.local/lib/python3.7/site-packages/airflow/example_dags/example_bash_operator.py
[2022-11-30 04:11:19,231] {processor.py:654} INFO - DAG(s) dict_keys(['example_bash_operator']) retrieved from /home/airflow/.local/lib/python3.7/site-packages/airflow/example_dags/example_bash_operator.py
[2022-11-30 04:11:19,241] {logging_mixin.py:109} INFO - [2022-11-30 04:11:19,240] {dag.py:2398} INFO - Sync 1 DAGs
[2022-11-30 04:11:19,256] {logging_mixin.py:109} INFO - [2022-11-30 04:11:19,256] {dag.py:2937} INFO - Setting next_dagrun for example_bash_operator to 2022-11-29 00:00:00+00:00
[2022-11-30 04:11:19,266] {processor.py:171} INFO - Processing /home/airflow/.local/lib/python3.7/site-packages/airflow/example_dags/example_bash_operator.py took 0.067 seconds
[2022-11-30 04:11:50,771] {processor.py:163} INFO - Started process (PID=5630) to work on /home/airflow/.local/lib/python3.7/site-packages/airflow/example_dags/example_bash_operator.py
[2022-11-30 04:11:50,772] {processor.py:642} INFO - Processing file /home/airflow/.local/lib/python3.7/site-packages/airflow/example_dags/example_bash_operator.py for tasks to queue
[2022-11-30 04:11:50,773] {logging_mixin.py:109} INFO - [2022-11-30 04:11:50,773] {dagbag.py:500} INFO - Filling up the DagBag from /home/airflow/.local/lib/python3.7/site-packages/airflow/example_dags/example_bash_operator.py
[2022-11-30 04:11:50,804] {processor.py:654} INFO - DAG(s) dict_keys(['example_bash_operator']) retrieved from /home/airflow/.local/lib/python3.7/site-packages/airflow/example_dags/example_bash_operator.py
[2022-11-30 04:11:50,813] {logging_mixin.py:109} INFO - [2022-11-30 04:11:50,813] {dag.py:2398} INFO - Sync 1 DAGs
[2022-11-30 04:11:50,828] {logging_mixin.py:109} INFO - [2022-11-30 04:11:50,828] {dag.py:2937} INFO - Setting next_dagrun for example_bash_operator to 2022-11-29 00:00:00+00:00
[2022-11-30 04:11:50,837] {processor.py:171} INFO - Processing /home/airflow/.local/lib/python3.7/site-packages/airflow/example_dags/example_bash_operator.py took 0.068 seconds
[2022-11-30 04:12:21,215] {processor.py:163} INFO - Started process (PID=5707) to work on /home/airflow/.local/lib/python3.7/site-packages/airflow/example_dags/example_bash_operator.py
[2022-11-30 04:12:21,217] {processor.py:642} INFO - Processing file /home/airflow/.local/lib/python3.7/site-packages/airflow/example_dags/example_bash_operator.py for tasks to queue
[2022-11-30 04:12:21,217] {logging_mixin.py:109} INFO - [2022-11-30 04:12:21,217] {dagbag.py:500} INFO - Filling up the DagBag from /home/airflow/.local/lib/python3.7/site-packages/airflow/example_dags/example_bash_operator.py
[2022-11-30 04:12:21,254] {processor.py:654} INFO - DAG(s) dict_keys(['example_bash_operator']) retrieved from /home/airflow/.local/lib/python3.7/site-packages/airflow/example_dags/example_bash_operator.py
[2022-11-30 04:12:21,265] {logging_mixin.py:109} INFO - [2022-11-30 04:12:21,265] {dag.py:2398} INFO - Sync 1 DAGs
[2022-11-30 04:12:21,282] {logging_mixin.py:109} INFO - [2022-11-30 04:12:21,282] {dag.py:2937} INFO - Setting next_dagrun for example_bash_operator to 2022-11-29 00:00:00+00:00
[2022-11-30 04:12:21,292] {processor.py:171} INFO - Processing /home/airflow/.local/lib/python3.7/site-packages/airflow/example_dags/example_bash_operator.py took 0.079 seconds
[2022-11-30 04:12:52,573] {processor.py:163} INFO - Started process (PID=5793) to work on /home/airflow/.local/lib/python3.7/site-packages/airflow/example_dags/example_bash_operator.py
[2022-11-30 04:12:52,574] {processor.py:642} INFO - Processing file /home/airflow/.local/lib/python3.7/site-packages/airflow/example_dags/example_bash_operator.py for tasks to queue
[2022-11-30 04:12:52,574] {logging_mixin.py:109} INFO - [2022-11-30 04:12:52,574] {dagbag.py:500} INFO - Filling up the DagBag from /home/airflow/.local/lib/python3.7/site-packages/airflow/example_dags/example_bash_operator.py
[2022-11-30 04:12:52,609] {processor.py:654} INFO - DAG(s) dict_keys(['example_bash_operator']) retrieved from /home/airflow/.local/lib/python3.7/site-packages/airflow/example_dags/example_bash_operator.py
[2022-11-30 04:12:52,617] {logging_mixin.py:109} INFO - [2022-11-30 04:12:52,617] {dag.py:2398} INFO - Sync 1 DAGs
[2022-11-30 04:12:52,636] {logging_mixin.py:109} INFO - [2022-11-30 04:12:52,635] {dag.py:2937} INFO - Setting next_dagrun for example_bash_operator to 2022-11-29 00:00:00+00:00
[2022-11-30 04:12:52,647] {processor.py:171} INFO - Processing /home/airflow/.local/lib/python3.7/site-packages/airflow/example_dags/example_bash_operator.py took 0.078 seconds
[2022-11-30 04:13:23,976] {processor.py:163} INFO - Started process (PID=5871) to work on /home/airflow/.local/lib/python3.7/site-packages/airflow/example_dags/example_bash_operator.py
[2022-11-30 04:13:23,977] {processor.py:642} INFO - Processing file /home/airflow/.local/lib/python3.7/site-packages/airflow/example_dags/example_bash_operator.py for tasks to queue
[2022-11-30 04:13:23,977] {logging_mixin.py:109} INFO - [2022-11-30 04:13:23,977] {dagbag.py:500} INFO - Filling up the DagBag from /home/airflow/.local/lib/python3.7/site-packages/airflow/example_dags/example_bash_operator.py
[2022-11-30 04:13:24,006] {processor.py:654} INFO - DAG(s) dict_keys(['example_bash_operator']) retrieved from /home/airflow/.local/lib/python3.7/site-packages/airflow/example_dags/example_bash_operator.py
[2022-11-30 04:13:24,018] {logging_mixin.py:109} INFO - [2022-11-30 04:13:24,018] {dag.py:2398} INFO - Sync 1 DAGs
[2022-11-30 04:13:24,035] {logging_mixin.py:109} INFO - [2022-11-30 04:13:24,035] {dag.py:2937} INFO - Setting next_dagrun for example_bash_operator to 2022-11-29 00:00:00+00:00
[2022-11-30 04:13:24,044] {processor.py:171} INFO - Processing /home/airflow/.local/lib/python3.7/site-packages/airflow/example_dags/example_bash_operator.py took 0.070 seconds
[2022-11-30 04:13:56,112] {processor.py:163} INFO - Started process (PID=5957) to work on /home/airflow/.local/lib/python3.7/site-packages/airflow/example_dags/example_bash_operator.py
[2022-11-30 04:13:56,113] {processor.py:642} INFO - Processing file /home/airflow/.local/lib/python3.7/site-packages/airflow/example_dags/example_bash_operator.py for tasks to queue
[2022-11-30 04:13:56,113] {logging_mixin.py:109} INFO - [2022-11-30 04:13:56,113] {dagbag.py:500} INFO - Filling up the DagBag from /home/airflow/.local/lib/python3.7/site-packages/airflow/example_dags/example_bash_operator.py
[2022-11-30 04:13:56,140] {processor.py:654} INFO - DAG(s) dict_keys(['example_bash_operator']) retrieved from /home/airflow/.local/lib/python3.7/site-packages/airflow/example_dags/example_bash_operator.py
[2022-11-30 04:13:56,149] {logging_mixin.py:109} INFO - [2022-11-30 04:13:56,149] {dag.py:2398} INFO - Sync 1 DAGs
[2022-11-30 04:13:56,163] {logging_mixin.py:109} INFO - [2022-11-30 04:13:56,163] {dag.py:2937} INFO - Setting next_dagrun for example_bash_operator to 2022-11-29 00:00:00+00:00
[2022-11-30 04:13:56,173] {processor.py:171} INFO - Processing /home/airflow/.local/lib/python3.7/site-packages/airflow/example_dags/example_bash_operator.py took 0.063 seconds
[2022-11-30 04:14:26,556] {processor.py:163} INFO - Started process (PID=6034) to work on /home/airflow/.local/lib/python3.7/site-packages/airflow/example_dags/example_bash_operator.py
[2022-11-30 04:14:26,557] {processor.py:642} INFO - Processing file /home/airflow/.local/lib/python3.7/site-packages/airflow/example_dags/example_bash_operator.py for tasks to queue
[2022-11-30 04:14:26,558] {logging_mixin.py:109} INFO - [2022-11-30 04:14:26,558] {dagbag.py:500} INFO - Filling up the DagBag from /home/airflow/.local/lib/python3.7/site-packages/airflow/example_dags/example_bash_operator.py
[2022-11-30 04:14:26,585] {processor.py:654} INFO - DAG(s) dict_keys(['example_bash_operator']) retrieved from /home/airflow/.local/lib/python3.7/site-packages/airflow/example_dags/example_bash_operator.py
[2022-11-30 04:14:26,595] {logging_mixin.py:109} INFO - [2022-11-30 04:14:26,595] {dag.py:2398} INFO - Sync 1 DAGs
[2022-11-30 04:14:26,611] {logging_mixin.py:109} INFO - [2022-11-30 04:14:26,611] {dag.py:2937} INFO - Setting next_dagrun for example_bash_operator to 2022-11-29 00:00:00+00:00
[2022-11-30 04:14:26,620] {processor.py:171} INFO - Processing /home/airflow/.local/lib/python3.7/site-packages/airflow/example_dags/example_bash_operator.py took 0.066 seconds
[2022-11-30 04:14:58,223] {processor.py:163} INFO - Started process (PID=6120) to work on /home/airflow/.local/lib/python3.7/site-packages/airflow/example_dags/example_bash_operator.py
[2022-11-30 04:14:58,225] {processor.py:642} INFO - Processing file /home/airflow/.local/lib/python3.7/site-packages/airflow/example_dags/example_bash_operator.py for tasks to queue
[2022-11-30 04:14:58,225] {logging_mixin.py:109} INFO - [2022-11-30 04:14:58,225] {dagbag.py:500} INFO - Filling up the DagBag from /home/airflow/.local/lib/python3.7/site-packages/airflow/example_dags/example_bash_operator.py
[2022-11-30 04:14:58,266] {processor.py:654} INFO - DAG(s) dict_keys(['example_bash_operator']) retrieved from /home/airflow/.local/lib/python3.7/site-packages/airflow/example_dags/example_bash_operator.py
[2022-11-30 04:14:58,275] {logging_mixin.py:109} INFO - [2022-11-30 04:14:58,275] {dag.py:2398} INFO - Sync 1 DAGs
[2022-11-30 04:14:58,291] {logging_mixin.py:109} INFO - [2022-11-30 04:14:58,291] {dag.py:2937} INFO - Setting next_dagrun for example_bash_operator to 2022-11-29 00:00:00+00:00
[2022-11-30 04:14:58,300] {processor.py:171} INFO - Processing /home/airflow/.local/lib/python3.7/site-packages/airflow/example_dags/example_bash_operator.py took 0.081 seconds
[2022-11-30 04:15:29,039] {processor.py:163} INFO - Started process (PID=6197) to work on /home/airflow/.local/lib/python3.7/site-packages/airflow/example_dags/example_bash_operator.py
[2022-11-30 04:15:29,040] {processor.py:642} INFO - Processing file /home/airflow/.local/lib/python3.7/site-packages/airflow/example_dags/example_bash_operator.py for tasks to queue
[2022-11-30 04:15:29,041] {logging_mixin.py:109} INFO - [2022-11-30 04:15:29,041] {dagbag.py:500} INFO - Filling up the DagBag from /home/airflow/.local/lib/python3.7/site-packages/airflow/example_dags/example_bash_operator.py
[2022-11-30 04:15:29,071] {processor.py:654} INFO - DAG(s) dict_keys(['example_bash_operator']) retrieved from /home/airflow/.local/lib/python3.7/site-packages/airflow/example_dags/example_bash_operator.py
[2022-11-30 04:15:29,081] {logging_mixin.py:109} INFO - [2022-11-30 04:15:29,081] {dag.py:2398} INFO - Sync 1 DAGs
[2022-11-30 04:15:29,097] {logging_mixin.py:109} INFO - [2022-11-30 04:15:29,097] {dag.py:2937} INFO - Setting next_dagrun for example_bash_operator to 2022-11-29 00:00:00+00:00
[2022-11-30 04:15:29,108] {processor.py:171} INFO - Processing /home/airflow/.local/lib/python3.7/site-packages/airflow/example_dags/example_bash_operator.py took 0.071 seconds
[2022-11-30 04:15:59,606] {processor.py:163} INFO - Started process (PID=6283) to work on /home/airflow/.local/lib/python3.7/site-packages/airflow/example_dags/example_bash_operator.py
[2022-11-30 04:15:59,607] {processor.py:642} INFO - Processing file /home/airflow/.local/lib/python3.7/site-packages/airflow/example_dags/example_bash_operator.py for tasks to queue
[2022-11-30 04:15:59,608] {logging_mixin.py:109} INFO - [2022-11-30 04:15:59,607] {dagbag.py:500} INFO - Filling up the DagBag from /home/airflow/.local/lib/python3.7/site-packages/airflow/example_dags/example_bash_operator.py
[2022-11-30 04:15:59,640] {processor.py:654} INFO - DAG(s) dict_keys(['example_bash_operator']) retrieved from /home/airflow/.local/lib/python3.7/site-packages/airflow/example_dags/example_bash_operator.py
[2022-11-30 04:15:59,649] {logging_mixin.py:109} INFO - [2022-11-30 04:15:59,649] {dag.py:2398} INFO - Sync 1 DAGs
[2022-11-30 04:15:59,663] {logging_mixin.py:109} INFO - [2022-11-30 04:15:59,662] {dag.py:2937} INFO - Setting next_dagrun for example_bash_operator to 2022-11-29 00:00:00+00:00
[2022-11-30 04:15:59,670] {processor.py:171} INFO - Processing /home/airflow/.local/lib/python3.7/site-packages/airflow/example_dags/example_bash_operator.py took 0.067 seconds
[2022-11-30 04:16:30,523] {processor.py:163} INFO - Started process (PID=6360) to work on /home/airflow/.local/lib/python3.7/site-packages/airflow/example_dags/example_bash_operator.py
[2022-11-30 04:16:30,524] {processor.py:642} INFO - Processing file /home/airflow/.local/lib/python3.7/site-packages/airflow/example_dags/example_bash_operator.py for tasks to queue
[2022-11-30 04:16:30,525] {logging_mixin.py:109} INFO - [2022-11-30 04:16:30,525] {dagbag.py:500} INFO - Filling up the DagBag from /home/airflow/.local/lib/python3.7/site-packages/airflow/example_dags/example_bash_operator.py
[2022-11-30 04:16:30,553] {processor.py:654} INFO - DAG(s) dict_keys(['example_bash_operator']) retrieved from /home/airflow/.local/lib/python3.7/site-packages/airflow/example_dags/example_bash_operator.py
[2022-11-30 04:16:30,563] {logging_mixin.py:109} INFO - [2022-11-30 04:16:30,563] {dag.py:2398} INFO - Sync 1 DAGs
[2022-11-30 04:16:30,577] {logging_mixin.py:109} INFO - [2022-11-30 04:16:30,577] {dag.py:2937} INFO - Setting next_dagrun for example_bash_operator to 2022-11-29 00:00:00+00:00
[2022-11-30 04:16:30,584] {processor.py:171} INFO - Processing /home/airflow/.local/lib/python3.7/site-packages/airflow/example_dags/example_bash_operator.py took 0.065 seconds
[2022-11-30 04:17:01,221] {processor.py:163} INFO - Started process (PID=6437) to work on /home/airflow/.local/lib/python3.7/site-packages/airflow/example_dags/example_bash_operator.py
[2022-11-30 04:17:01,222] {processor.py:642} INFO - Processing file /home/airflow/.local/lib/python3.7/site-packages/airflow/example_dags/example_bash_operator.py for tasks to queue
[2022-11-30 04:17:01,223] {logging_mixin.py:109} INFO - [2022-11-30 04:17:01,223] {dagbag.py:500} INFO - Filling up the DagBag from /home/airflow/.local/lib/python3.7/site-packages/airflow/example_dags/example_bash_operator.py
[2022-11-30 04:17:01,257] {processor.py:654} INFO - DAG(s) dict_keys(['example_bash_operator']) retrieved from /home/airflow/.local/lib/python3.7/site-packages/airflow/example_dags/example_bash_operator.py
[2022-11-30 04:17:01,267] {logging_mixin.py:109} INFO - [2022-11-30 04:17:01,266] {dag.py:2398} INFO - Sync 1 DAGs
[2022-11-30 04:17:01,285] {logging_mixin.py:109} INFO - [2022-11-30 04:17:01,285] {dag.py:2937} INFO - Setting next_dagrun for example_bash_operator to 2022-11-29 00:00:00+00:00
[2022-11-30 04:17:01,295] {processor.py:171} INFO - Processing /home/airflow/.local/lib/python3.7/site-packages/airflow/example_dags/example_bash_operator.py took 0.078 seconds
[2022-11-30 04:17:32,010] {processor.py:163} INFO - Started process (PID=6523) to work on /home/airflow/.local/lib/python3.7/site-packages/airflow/example_dags/example_bash_operator.py
[2022-11-30 04:17:32,011] {processor.py:642} INFO - Processing file /home/airflow/.local/lib/python3.7/site-packages/airflow/example_dags/example_bash_operator.py for tasks to queue
[2022-11-30 04:17:32,011] {logging_mixin.py:109} INFO - [2022-11-30 04:17:32,011] {dagbag.py:500} INFO - Filling up the DagBag from /home/airflow/.local/lib/python3.7/site-packages/airflow/example_dags/example_bash_operator.py
[2022-11-30 04:17:32,039] {processor.py:654} INFO - DAG(s) dict_keys(['example_bash_operator']) retrieved from /home/airflow/.local/lib/python3.7/site-packages/airflow/example_dags/example_bash_operator.py
[2022-11-30 04:17:32,049] {logging_mixin.py:109} INFO - [2022-11-30 04:17:32,049] {dag.py:2398} INFO - Sync 1 DAGs
[2022-11-30 04:17:32,064] {logging_mixin.py:109} INFO - [2022-11-30 04:17:32,064] {dag.py:2937} INFO - Setting next_dagrun for example_bash_operator to 2022-11-29 00:00:00+00:00
[2022-11-30 04:17:32,073] {processor.py:171} INFO - Processing /home/airflow/.local/lib/python3.7/site-packages/airflow/example_dags/example_bash_operator.py took 0.066 seconds
[2022-11-30 04:18:03,433] {processor.py:163} INFO - Started process (PID=6600) to work on /home/airflow/.local/lib/python3.7/site-packages/airflow/example_dags/example_bash_operator.py
[2022-11-30 04:18:03,434] {processor.py:642} INFO - Processing file /home/airflow/.local/lib/python3.7/site-packages/airflow/example_dags/example_bash_operator.py for tasks to queue
[2022-11-30 04:18:03,434] {logging_mixin.py:109} INFO - [2022-11-30 04:18:03,434] {dagbag.py:500} INFO - Filling up the DagBag from /home/airflow/.local/lib/python3.7/site-packages/airflow/example_dags/example_bash_operator.py
[2022-11-30 04:18:03,461] {processor.py:654} INFO - DAG(s) dict_keys(['example_bash_operator']) retrieved from /home/airflow/.local/lib/python3.7/site-packages/airflow/example_dags/example_bash_operator.py
[2022-11-30 04:18:03,470] {logging_mixin.py:109} INFO - [2022-11-30 04:18:03,470] {dag.py:2398} INFO - Sync 1 DAGs
[2022-11-30 04:18:03,486] {logging_mixin.py:109} INFO - [2022-11-30 04:18:03,485] {dag.py:2937} INFO - Setting next_dagrun for example_bash_operator to 2022-11-29 00:00:00+00:00
[2022-11-30 04:18:03,494] {processor.py:171} INFO - Processing /home/airflow/.local/lib/python3.7/site-packages/airflow/example_dags/example_bash_operator.py took 0.064 seconds
[2022-11-30 04:18:35,019] {processor.py:163} INFO - Started process (PID=6686) to work on /home/airflow/.local/lib/python3.7/site-packages/airflow/example_dags/example_bash_operator.py
[2022-11-30 04:18:35,020] {processor.py:642} INFO - Processing file /home/airflow/.local/lib/python3.7/site-packages/airflow/example_dags/example_bash_operator.py for tasks to queue
[2022-11-30 04:18:35,020] {logging_mixin.py:109} INFO - [2022-11-30 04:18:35,020] {dagbag.py:500} INFO - Filling up the DagBag from /home/airflow/.local/lib/python3.7/site-packages/airflow/example_dags/example_bash_operator.py
[2022-11-30 04:18:35,047] {processor.py:654} INFO - DAG(s) dict_keys(['example_bash_operator']) retrieved from /home/airflow/.local/lib/python3.7/site-packages/airflow/example_dags/example_bash_operator.py
[2022-11-30 04:18:35,056] {logging_mixin.py:109} INFO - [2022-11-30 04:18:35,056] {dag.py:2398} INFO - Sync 1 DAGs
[2022-11-30 04:18:35,071] {logging_mixin.py:109} INFO - [2022-11-30 04:18:35,071] {dag.py:2937} INFO - Setting next_dagrun for example_bash_operator to 2022-11-29 00:00:00+00:00
[2022-11-30 04:18:35,081] {processor.py:171} INFO - Processing /home/airflow/.local/lib/python3.7/site-packages/airflow/example_dags/example_bash_operator.py took 0.064 seconds
[2022-11-30 04:19:05,768] {processor.py:163} INFO - Started process (PID=6763) to work on /home/airflow/.local/lib/python3.7/site-packages/airflow/example_dags/example_bash_operator.py
[2022-11-30 04:19:05,770] {processor.py:642} INFO - Processing file /home/airflow/.local/lib/python3.7/site-packages/airflow/example_dags/example_bash_operator.py for tasks to queue
[2022-11-30 04:19:05,771] {logging_mixin.py:109} INFO - [2022-11-30 04:19:05,770] {dagbag.py:500} INFO - Filling up the DagBag from /home/airflow/.local/lib/python3.7/site-packages/airflow/example_dags/example_bash_operator.py
[2022-11-30 04:19:05,804] {processor.py:654} INFO - DAG(s) dict_keys(['example_bash_operator']) retrieved from /home/airflow/.local/lib/python3.7/site-packages/airflow/example_dags/example_bash_operator.py
[2022-11-30 04:19:05,812] {logging_mixin.py:109} INFO - [2022-11-30 04:19:05,812] {dag.py:2398} INFO - Sync 1 DAGs
[2022-11-30 04:19:05,826] {logging_mixin.py:109} INFO - [2022-11-30 04:19:05,826] {dag.py:2937} INFO - Setting next_dagrun for example_bash_operator to 2022-11-29 00:00:00+00:00
[2022-11-30 04:19:05,834] {processor.py:171} INFO - Processing /home/airflow/.local/lib/python3.7/site-packages/airflow/example_dags/example_bash_operator.py took 0.069 seconds
[2022-11-30 04:19:36,919] {processor.py:163} INFO - Started process (PID=6849) to work on /home/airflow/.local/lib/python3.7/site-packages/airflow/example_dags/example_bash_operator.py
[2022-11-30 04:19:36,919] {processor.py:642} INFO - Processing file /home/airflow/.local/lib/python3.7/site-packages/airflow/example_dags/example_bash_operator.py for tasks to queue
[2022-11-30 04:19:36,920] {logging_mixin.py:109} INFO - [2022-11-30 04:19:36,920] {dagbag.py:500} INFO - Filling up the DagBag from /home/airflow/.local/lib/python3.7/site-packages/airflow/example_dags/example_bash_operator.py
[2022-11-30 04:19:36,945] {processor.py:654} INFO - DAG(s) dict_keys(['example_bash_operator']) retrieved from /home/airflow/.local/lib/python3.7/site-packages/airflow/example_dags/example_bash_operator.py
[2022-11-30 04:19:36,955] {logging_mixin.py:109} INFO - [2022-11-30 04:19:36,955] {dag.py:2398} INFO - Sync 1 DAGs
[2022-11-30 04:19:36,974] {logging_mixin.py:109} INFO - [2022-11-30 04:19:36,974] {dag.py:2937} INFO - Setting next_dagrun for example_bash_operator to 2022-11-29 00:00:00+00:00
[2022-11-30 04:19:36,983] {processor.py:171} INFO - Processing /home/airflow/.local/lib/python3.7/site-packages/airflow/example_dags/example_bash_operator.py took 0.067 seconds
[2022-11-30 04:20:08,465] {processor.py:163} INFO - Started process (PID=6929) to work on /home/airflow/.local/lib/python3.7/site-packages/airflow/example_dags/example_bash_operator.py
[2022-11-30 04:20:08,466] {processor.py:642} INFO - Processing file /home/airflow/.local/lib/python3.7/site-packages/airflow/example_dags/example_bash_operator.py for tasks to queue
[2022-11-30 04:20:08,467] {logging_mixin.py:109} INFO - [2022-11-30 04:20:08,467] {dagbag.py:500} INFO - Filling up the DagBag from /home/airflow/.local/lib/python3.7/site-packages/airflow/example_dags/example_bash_operator.py
[2022-11-30 04:20:08,493] {processor.py:654} INFO - DAG(s) dict_keys(['example_bash_operator']) retrieved from /home/airflow/.local/lib/python3.7/site-packages/airflow/example_dags/example_bash_operator.py
[2022-11-30 04:20:08,501] {logging_mixin.py:109} INFO - [2022-11-30 04:20:08,501] {dag.py:2398} INFO - Sync 1 DAGs
[2022-11-30 04:20:08,514] {logging_mixin.py:109} INFO - [2022-11-30 04:20:08,514] {dag.py:2937} INFO - Setting next_dagrun for example_bash_operator to 2022-11-29 00:00:00+00:00
[2022-11-30 04:20:08,523] {processor.py:171} INFO - Processing /home/airflow/.local/lib/python3.7/site-packages/airflow/example_dags/example_bash_operator.py took 0.061 seconds
[2022-11-30 04:20:40,029] {processor.py:163} INFO - Started process (PID=7015) to work on /home/airflow/.local/lib/python3.7/site-packages/airflow/example_dags/example_bash_operator.py
[2022-11-30 04:20:40,031] {processor.py:642} INFO - Processing file /home/airflow/.local/lib/python3.7/site-packages/airflow/example_dags/example_bash_operator.py for tasks to queue
[2022-11-30 04:20:40,031] {logging_mixin.py:109} INFO - [2022-11-30 04:20:40,031] {dagbag.py:500} INFO - Filling up the DagBag from /home/airflow/.local/lib/python3.7/site-packages/airflow/example_dags/example_bash_operator.py
[2022-11-30 04:20:40,060] {processor.py:654} INFO - DAG(s) dict_keys(['example_bash_operator']) retrieved from /home/airflow/.local/lib/python3.7/site-packages/airflow/example_dags/example_bash_operator.py
[2022-11-30 04:20:40,072] {logging_mixin.py:109} INFO - [2022-11-30 04:20:40,072] {dag.py:2398} INFO - Sync 1 DAGs
[2022-11-30 04:20:40,090] {logging_mixin.py:109} INFO - [2022-11-30 04:20:40,090] {dag.py:2937} INFO - Setting next_dagrun for example_bash_operator to 2022-11-29 00:00:00+00:00
[2022-11-30 04:20:40,101] {processor.py:171} INFO - Processing /home/airflow/.local/lib/python3.7/site-packages/airflow/example_dags/example_bash_operator.py took 0.075 seconds
[2022-11-30 04:21:11,056] {processor.py:163} INFO - Started process (PID=7092) to work on /home/airflow/.local/lib/python3.7/site-packages/airflow/example_dags/example_bash_operator.py
[2022-11-30 04:21:11,057] {processor.py:642} INFO - Processing file /home/airflow/.local/lib/python3.7/site-packages/airflow/example_dags/example_bash_operator.py for tasks to queue
[2022-11-30 04:21:11,058] {logging_mixin.py:109} INFO - [2022-11-30 04:21:11,058] {dagbag.py:500} INFO - Filling up the DagBag from /home/airflow/.local/lib/python3.7/site-packages/airflow/example_dags/example_bash_operator.py
[2022-11-30 04:21:11,095] {processor.py:654} INFO - DAG(s) dict_keys(['example_bash_operator']) retrieved from /home/airflow/.local/lib/python3.7/site-packages/airflow/example_dags/example_bash_operator.py
[2022-11-30 04:21:11,105] {logging_mixin.py:109} INFO - [2022-11-30 04:21:11,104] {dag.py:2398} INFO - Sync 1 DAGs
[2022-11-30 04:21:11,125] {logging_mixin.py:109} INFO - [2022-11-30 04:21:11,125] {dag.py:2937} INFO - Setting next_dagrun for example_bash_operator to 2022-11-29 00:00:00+00:00
[2022-11-30 04:21:11,136] {processor.py:171} INFO - Processing /home/airflow/.local/lib/python3.7/site-packages/airflow/example_dags/example_bash_operator.py took 0.084 seconds
[2022-11-30 04:21:41,876] {processor.py:163} INFO - Started process (PID=7178) to work on /home/airflow/.local/lib/python3.7/site-packages/airflow/example_dags/example_bash_operator.py
[2022-11-30 04:21:41,878] {processor.py:642} INFO - Processing file /home/airflow/.local/lib/python3.7/site-packages/airflow/example_dags/example_bash_operator.py for tasks to queue
[2022-11-30 04:21:41,878] {logging_mixin.py:109} INFO - [2022-11-30 04:21:41,878] {dagbag.py:500} INFO - Filling up the DagBag from /home/airflow/.local/lib/python3.7/site-packages/airflow/example_dags/example_bash_operator.py
[2022-11-30 04:21:41,910] {processor.py:654} INFO - DAG(s) dict_keys(['example_bash_operator']) retrieved from /home/airflow/.local/lib/python3.7/site-packages/airflow/example_dags/example_bash_operator.py
[2022-11-30 04:21:41,922] {logging_mixin.py:109} INFO - [2022-11-30 04:21:41,922] {dag.py:2398} INFO - Sync 1 DAGs
[2022-11-30 04:21:41,942] {logging_mixin.py:109} INFO - [2022-11-30 04:21:41,942] {dag.py:2937} INFO - Setting next_dagrun for example_bash_operator to 2022-11-29 00:00:00+00:00
[2022-11-30 04:21:41,951] {processor.py:171} INFO - Processing /home/airflow/.local/lib/python3.7/site-packages/airflow/example_dags/example_bash_operator.py took 0.077 seconds
[2022-11-30 04:22:12,216] {processor.py:163} INFO - Started process (PID=7255) to work on /home/airflow/.local/lib/python3.7/site-packages/airflow/example_dags/example_bash_operator.py
[2022-11-30 04:22:12,218] {processor.py:642} INFO - Processing file /home/airflow/.local/lib/python3.7/site-packages/airflow/example_dags/example_bash_operator.py for tasks to queue
[2022-11-30 04:22:12,218] {logging_mixin.py:109} INFO - [2022-11-30 04:22:12,218] {dagbag.py:500} INFO - Filling up the DagBag from /home/airflow/.local/lib/python3.7/site-packages/airflow/example_dags/example_bash_operator.py
[2022-11-30 04:22:12,246] {processor.py:654} INFO - DAG(s) dict_keys(['example_bash_operator']) retrieved from /home/airflow/.local/lib/python3.7/site-packages/airflow/example_dags/example_bash_operator.py
[2022-11-30 04:22:12,255] {logging_mixin.py:109} INFO - [2022-11-30 04:22:12,255] {dag.py:2398} INFO - Sync 1 DAGs
[2022-11-30 04:22:12,270] {logging_mixin.py:109} INFO - [2022-11-30 04:22:12,270] {dag.py:2937} INFO - Setting next_dagrun for example_bash_operator to 2022-11-29 00:00:00+00:00
[2022-11-30 04:22:12,278] {processor.py:171} INFO - Processing /home/airflow/.local/lib/python3.7/site-packages/airflow/example_dags/example_bash_operator.py took 0.064 seconds
