[2022-11-30 03:58:18,343] {processor.py:163} INFO - Started process (PID=3501) to work on /home/airflow/.local/lib/python3.7/site-packages/airflow/example_dags/example_kubernetes_executor.py
[2022-11-30 03:58:18,347] {processor.py:642} INFO - Processing file /home/airflow/.local/lib/python3.7/site-packages/airflow/example_dags/example_kubernetes_executor.py for tasks to queue
[2022-11-30 03:58:18,352] {logging_mixin.py:109} INFO - [2022-11-30 03:58:18,352] {dagbag.py:500} INFO - Filling up the DagBag from /home/airflow/.local/lib/python3.7/site-packages/airflow/example_dags/example_kubernetes_executor.py
[2022-11-30 03:58:18,437] {processor.py:654} INFO - DAG(s) dict_keys(['example_kubernetes_executor']) retrieved from /home/airflow/.local/lib/python3.7/site-packages/airflow/example_dags/example_kubernetes_executor.py
[2022-11-30 03:58:18,480] {logging_mixin.py:109} INFO - [2022-11-30 03:58:18,480] {dag.py:2398} INFO - Sync 1 DAGs
[2022-11-30 03:58:18,513] {logging_mixin.py:109} INFO - [2022-11-30 03:58:18,513] {dag.py:2937} INFO - Setting next_dagrun for example_kubernetes_executor to None
[2022-11-30 03:58:18,531] {processor.py:171} INFO - Processing /home/airflow/.local/lib/python3.7/site-packages/airflow/example_dags/example_kubernetes_executor.py took 0.191 seconds
[2022-11-30 03:58:49,120] {processor.py:163} INFO - Started process (PID=3578) to work on /home/airflow/.local/lib/python3.7/site-packages/airflow/example_dags/example_kubernetes_executor.py
[2022-11-30 03:58:49,121] {processor.py:642} INFO - Processing file /home/airflow/.local/lib/python3.7/site-packages/airflow/example_dags/example_kubernetes_executor.py for tasks to queue
[2022-11-30 03:58:49,122] {logging_mixin.py:109} INFO - [2022-11-30 03:58:49,122] {dagbag.py:500} INFO - Filling up the DagBag from /home/airflow/.local/lib/python3.7/site-packages/airflow/example_dags/example_kubernetes_executor.py
[2022-11-30 03:58:49,162] {processor.py:654} INFO - DAG(s) dict_keys(['example_kubernetes_executor']) retrieved from /home/airflow/.local/lib/python3.7/site-packages/airflow/example_dags/example_kubernetes_executor.py
[2022-11-30 03:58:49,180] {logging_mixin.py:109} INFO - [2022-11-30 03:58:49,180] {dag.py:2398} INFO - Sync 1 DAGs
[2022-11-30 03:58:49,196] {logging_mixin.py:109} INFO - [2022-11-30 03:58:49,196] {dag.py:2937} INFO - Setting next_dagrun for example_kubernetes_executor to None
[2022-11-30 03:58:49,204] {processor.py:171} INFO - Processing /home/airflow/.local/lib/python3.7/site-packages/airflow/example_dags/example_kubernetes_executor.py took 0.086 seconds
[2022-11-30 03:59:19,778] {processor.py:163} INFO - Started process (PID=3664) to work on /home/airflow/.local/lib/python3.7/site-packages/airflow/example_dags/example_kubernetes_executor.py
[2022-11-30 03:59:19,779] {processor.py:642} INFO - Processing file /home/airflow/.local/lib/python3.7/site-packages/airflow/example_dags/example_kubernetes_executor.py for tasks to queue
[2022-11-30 03:59:19,780] {logging_mixin.py:109} INFO - [2022-11-30 03:59:19,780] {dagbag.py:500} INFO - Filling up the DagBag from /home/airflow/.local/lib/python3.7/site-packages/airflow/example_dags/example_kubernetes_executor.py
[2022-11-30 03:59:19,821] {processor.py:654} INFO - DAG(s) dict_keys(['example_kubernetes_executor']) retrieved from /home/airflow/.local/lib/python3.7/site-packages/airflow/example_dags/example_kubernetes_executor.py
[2022-11-30 03:59:19,834] {logging_mixin.py:109} INFO - [2022-11-30 03:59:19,833] {dag.py:2398} INFO - Sync 1 DAGs
[2022-11-30 03:59:19,851] {logging_mixin.py:109} INFO - [2022-11-30 03:59:19,851] {dag.py:2937} INFO - Setting next_dagrun for example_kubernetes_executor to None
[2022-11-30 03:59:19,863] {processor.py:171} INFO - Processing /home/airflow/.local/lib/python3.7/site-packages/airflow/example_dags/example_kubernetes_executor.py took 0.088 seconds
[2022-11-30 03:59:50,521] {processor.py:163} INFO - Started process (PID=3741) to work on /home/airflow/.local/lib/python3.7/site-packages/airflow/example_dags/example_kubernetes_executor.py
[2022-11-30 03:59:50,522] {processor.py:642} INFO - Processing file /home/airflow/.local/lib/python3.7/site-packages/airflow/example_dags/example_kubernetes_executor.py for tasks to queue
[2022-11-30 03:59:50,522] {logging_mixin.py:109} INFO - [2022-11-30 03:59:50,522] {dagbag.py:500} INFO - Filling up the DagBag from /home/airflow/.local/lib/python3.7/site-packages/airflow/example_dags/example_kubernetes_executor.py
[2022-11-30 03:59:50,554] {processor.py:654} INFO - DAG(s) dict_keys(['example_kubernetes_executor']) retrieved from /home/airflow/.local/lib/python3.7/site-packages/airflow/example_dags/example_kubernetes_executor.py
[2022-11-30 03:59:50,565] {logging_mixin.py:109} INFO - [2022-11-30 03:59:50,565] {dag.py:2398} INFO - Sync 1 DAGs
[2022-11-30 03:59:50,577] {logging_mixin.py:109} INFO - [2022-11-30 03:59:50,577] {dag.py:2937} INFO - Setting next_dagrun for example_kubernetes_executor to None
[2022-11-30 03:59:50,586] {processor.py:171} INFO - Processing /home/airflow/.local/lib/python3.7/site-packages/airflow/example_dags/example_kubernetes_executor.py took 0.068 seconds
[2022-11-30 04:00:20,846] {processor.py:163} INFO - Started process (PID=3818) to work on /home/airflow/.local/lib/python3.7/site-packages/airflow/example_dags/example_kubernetes_executor.py
[2022-11-30 04:00:20,848] {processor.py:642} INFO - Processing file /home/airflow/.local/lib/python3.7/site-packages/airflow/example_dags/example_kubernetes_executor.py for tasks to queue
[2022-11-30 04:00:20,848] {logging_mixin.py:109} INFO - [2022-11-30 04:00:20,848] {dagbag.py:500} INFO - Filling up the DagBag from /home/airflow/.local/lib/python3.7/site-packages/airflow/example_dags/example_kubernetes_executor.py
[2022-11-30 04:00:20,881] {processor.py:654} INFO - DAG(s) dict_keys(['example_kubernetes_executor']) retrieved from /home/airflow/.local/lib/python3.7/site-packages/airflow/example_dags/example_kubernetes_executor.py
[2022-11-30 04:00:20,892] {logging_mixin.py:109} INFO - [2022-11-30 04:00:20,892] {dag.py:2398} INFO - Sync 1 DAGs
[2022-11-30 04:00:20,908] {logging_mixin.py:109} INFO - [2022-11-30 04:00:20,908] {dag.py:2937} INFO - Setting next_dagrun for example_kubernetes_executor to None
[2022-11-30 04:00:20,919] {processor.py:171} INFO - Processing /home/airflow/.local/lib/python3.7/site-packages/airflow/example_dags/example_kubernetes_executor.py took 0.076 seconds
[2022-11-30 04:00:51,471] {processor.py:163} INFO - Started process (PID=3903) to work on /home/airflow/.local/lib/python3.7/site-packages/airflow/example_dags/example_kubernetes_executor.py
[2022-11-30 04:00:51,473] {processor.py:642} INFO - Processing file /home/airflow/.local/lib/python3.7/site-packages/airflow/example_dags/example_kubernetes_executor.py for tasks to queue
[2022-11-30 04:00:51,473] {logging_mixin.py:109} INFO - [2022-11-30 04:00:51,473] {dagbag.py:500} INFO - Filling up the DagBag from /home/airflow/.local/lib/python3.7/site-packages/airflow/example_dags/example_kubernetes_executor.py
[2022-11-30 04:00:51,513] {processor.py:654} INFO - DAG(s) dict_keys(['example_kubernetes_executor']) retrieved from /home/airflow/.local/lib/python3.7/site-packages/airflow/example_dags/example_kubernetes_executor.py
[2022-11-30 04:00:51,528] {logging_mixin.py:109} INFO - [2022-11-30 04:00:51,528] {dag.py:2398} INFO - Sync 1 DAGs
[2022-11-30 04:00:51,545] {logging_mixin.py:109} INFO - [2022-11-30 04:00:51,545] {dag.py:2937} INFO - Setting next_dagrun for example_kubernetes_executor to None
[2022-11-30 04:00:51,555] {processor.py:171} INFO - Processing /home/airflow/.local/lib/python3.7/site-packages/airflow/example_dags/example_kubernetes_executor.py took 0.087 seconds
[2022-11-30 04:01:22,128] {processor.py:163} INFO - Started process (PID=3981) to work on /home/airflow/.local/lib/python3.7/site-packages/airflow/example_dags/example_kubernetes_executor.py
[2022-11-30 04:01:22,129] {processor.py:642} INFO - Processing file /home/airflow/.local/lib/python3.7/site-packages/airflow/example_dags/example_kubernetes_executor.py for tasks to queue
[2022-11-30 04:01:22,129] {logging_mixin.py:109} INFO - [2022-11-30 04:01:22,129] {dagbag.py:500} INFO - Filling up the DagBag from /home/airflow/.local/lib/python3.7/site-packages/airflow/example_dags/example_kubernetes_executor.py
[2022-11-30 04:01:22,157] {processor.py:654} INFO - DAG(s) dict_keys(['example_kubernetes_executor']) retrieved from /home/airflow/.local/lib/python3.7/site-packages/airflow/example_dags/example_kubernetes_executor.py
[2022-11-30 04:01:22,168] {logging_mixin.py:109} INFO - [2022-11-30 04:01:22,168] {dag.py:2398} INFO - Sync 1 DAGs
[2022-11-30 04:01:22,182] {logging_mixin.py:109} INFO - [2022-11-30 04:01:22,182] {dag.py:2937} INFO - Setting next_dagrun for example_kubernetes_executor to None
[2022-11-30 04:01:22,191] {processor.py:171} INFO - Processing /home/airflow/.local/lib/python3.7/site-packages/airflow/example_dags/example_kubernetes_executor.py took 0.065 seconds
[2022-11-30 04:01:53,610] {processor.py:163} INFO - Started process (PID=4067) to work on /home/airflow/.local/lib/python3.7/site-packages/airflow/example_dags/example_kubernetes_executor.py
[2022-11-30 04:01:53,612] {processor.py:642} INFO - Processing file /home/airflow/.local/lib/python3.7/site-packages/airflow/example_dags/example_kubernetes_executor.py for tasks to queue
[2022-11-30 04:01:53,613] {logging_mixin.py:109} INFO - [2022-11-30 04:01:53,613] {dagbag.py:500} INFO - Filling up the DagBag from /home/airflow/.local/lib/python3.7/site-packages/airflow/example_dags/example_kubernetes_executor.py
[2022-11-30 04:01:53,663] {processor.py:654} INFO - DAG(s) dict_keys(['example_kubernetes_executor']) retrieved from /home/airflow/.local/lib/python3.7/site-packages/airflow/example_dags/example_kubernetes_executor.py
[2022-11-30 04:01:53,687] {logging_mixin.py:109} INFO - [2022-11-30 04:01:53,687] {dag.py:2398} INFO - Sync 1 DAGs
[2022-11-30 04:01:53,712] {logging_mixin.py:109} INFO - [2022-11-30 04:01:53,712] {dag.py:2937} INFO - Setting next_dagrun for example_kubernetes_executor to None
[2022-11-30 04:01:53,727] {processor.py:171} INFO - Processing /home/airflow/.local/lib/python3.7/site-packages/airflow/example_dags/example_kubernetes_executor.py took 0.121 seconds
[2022-11-30 04:02:25,615] {processor.py:163} INFO - Started process (PID=4144) to work on /home/airflow/.local/lib/python3.7/site-packages/airflow/example_dags/example_kubernetes_executor.py
[2022-11-30 04:02:25,616] {processor.py:642} INFO - Processing file /home/airflow/.local/lib/python3.7/site-packages/airflow/example_dags/example_kubernetes_executor.py for tasks to queue
[2022-11-30 04:02:25,617] {logging_mixin.py:109} INFO - [2022-11-30 04:02:25,616] {dagbag.py:500} INFO - Filling up the DagBag from /home/airflow/.local/lib/python3.7/site-packages/airflow/example_dags/example_kubernetes_executor.py
[2022-11-30 04:02:25,712] {processor.py:654} INFO - DAG(s) dict_keys(['example_kubernetes_executor']) retrieved from /home/airflow/.local/lib/python3.7/site-packages/airflow/example_dags/example_kubernetes_executor.py
[2022-11-30 04:02:25,735] {logging_mixin.py:109} INFO - [2022-11-30 04:02:25,735] {dag.py:2398} INFO - Sync 1 DAGs
[2022-11-30 04:02:25,785] {logging_mixin.py:109} INFO - [2022-11-30 04:02:25,785] {dag.py:2937} INFO - Setting next_dagrun for example_kubernetes_executor to None
[2022-11-30 04:02:25,818] {processor.py:171} INFO - Processing /home/airflow/.local/lib/python3.7/site-packages/airflow/example_dags/example_kubernetes_executor.py took 0.207 seconds
[2022-11-30 04:02:57,066] {processor.py:163} INFO - Started process (PID=4221) to work on /home/airflow/.local/lib/python3.7/site-packages/airflow/example_dags/example_kubernetes_executor.py
[2022-11-30 04:02:57,068] {processor.py:642} INFO - Processing file /home/airflow/.local/lib/python3.7/site-packages/airflow/example_dags/example_kubernetes_executor.py for tasks to queue
[2022-11-30 04:02:57,069] {logging_mixin.py:109} INFO - [2022-11-30 04:02:57,068] {dagbag.py:500} INFO - Filling up the DagBag from /home/airflow/.local/lib/python3.7/site-packages/airflow/example_dags/example_kubernetes_executor.py
[2022-11-30 04:02:57,100] {processor.py:654} INFO - DAG(s) dict_keys(['example_kubernetes_executor']) retrieved from /home/airflow/.local/lib/python3.7/site-packages/airflow/example_dags/example_kubernetes_executor.py
[2022-11-30 04:02:57,111] {logging_mixin.py:109} INFO - [2022-11-30 04:02:57,111] {dag.py:2398} INFO - Sync 1 DAGs
[2022-11-30 04:02:57,124] {logging_mixin.py:109} INFO - [2022-11-30 04:02:57,124] {dag.py:2937} INFO - Setting next_dagrun for example_kubernetes_executor to None
[2022-11-30 04:02:57,134] {processor.py:171} INFO - Processing /home/airflow/.local/lib/python3.7/site-packages/airflow/example_dags/example_kubernetes_executor.py took 0.071 seconds
[2022-11-30 04:03:28,804] {processor.py:163} INFO - Started process (PID=4307) to work on /home/airflow/.local/lib/python3.7/site-packages/airflow/example_dags/example_kubernetes_executor.py
[2022-11-30 04:03:28,805] {processor.py:642} INFO - Processing file /home/airflow/.local/lib/python3.7/site-packages/airflow/example_dags/example_kubernetes_executor.py for tasks to queue
[2022-11-30 04:03:28,806] {logging_mixin.py:109} INFO - [2022-11-30 04:03:28,806] {dagbag.py:500} INFO - Filling up the DagBag from /home/airflow/.local/lib/python3.7/site-packages/airflow/example_dags/example_kubernetes_executor.py
[2022-11-30 04:03:28,851] {processor.py:654} INFO - DAG(s) dict_keys(['example_kubernetes_executor']) retrieved from /home/airflow/.local/lib/python3.7/site-packages/airflow/example_dags/example_kubernetes_executor.py
[2022-11-30 04:03:28,867] {logging_mixin.py:109} INFO - [2022-11-30 04:03:28,867] {dag.py:2398} INFO - Sync 1 DAGs
[2022-11-30 04:03:28,885] {logging_mixin.py:109} INFO - [2022-11-30 04:03:28,885] {dag.py:2937} INFO - Setting next_dagrun for example_kubernetes_executor to None
[2022-11-30 04:03:28,898] {processor.py:171} INFO - Processing /home/airflow/.local/lib/python3.7/site-packages/airflow/example_dags/example_kubernetes_executor.py took 0.097 seconds
[2022-11-30 04:03:59,395] {processor.py:163} INFO - Started process (PID=4384) to work on /home/airflow/.local/lib/python3.7/site-packages/airflow/example_dags/example_kubernetes_executor.py
[2022-11-30 04:03:59,396] {processor.py:642} INFO - Processing file /home/airflow/.local/lib/python3.7/site-packages/airflow/example_dags/example_kubernetes_executor.py for tasks to queue
[2022-11-30 04:03:59,396] {logging_mixin.py:109} INFO - [2022-11-30 04:03:59,396] {dagbag.py:500} INFO - Filling up the DagBag from /home/airflow/.local/lib/python3.7/site-packages/airflow/example_dags/example_kubernetes_executor.py
[2022-11-30 04:03:59,428] {processor.py:654} INFO - DAG(s) dict_keys(['example_kubernetes_executor']) retrieved from /home/airflow/.local/lib/python3.7/site-packages/airflow/example_dags/example_kubernetes_executor.py
[2022-11-30 04:03:59,440] {logging_mixin.py:109} INFO - [2022-11-30 04:03:59,440] {dag.py:2398} INFO - Sync 1 DAGs
[2022-11-30 04:03:59,455] {logging_mixin.py:109} INFO - [2022-11-30 04:03:59,455] {dag.py:2937} INFO - Setting next_dagrun for example_kubernetes_executor to None
[2022-11-30 04:03:59,463] {processor.py:171} INFO - Processing /home/airflow/.local/lib/python3.7/site-packages/airflow/example_dags/example_kubernetes_executor.py took 0.070 seconds
[2022-11-30 04:04:30,652] {processor.py:163} INFO - Started process (PID=4470) to work on /home/airflow/.local/lib/python3.7/site-packages/airflow/example_dags/example_kubernetes_executor.py
[2022-11-30 04:04:30,653] {processor.py:642} INFO - Processing file /home/airflow/.local/lib/python3.7/site-packages/airflow/example_dags/example_kubernetes_executor.py for tasks to queue
[2022-11-30 04:04:30,654] {logging_mixin.py:109} INFO - [2022-11-30 04:04:30,654] {dagbag.py:500} INFO - Filling up the DagBag from /home/airflow/.local/lib/python3.7/site-packages/airflow/example_dags/example_kubernetes_executor.py
[2022-11-30 04:04:30,685] {processor.py:654} INFO - DAG(s) dict_keys(['example_kubernetes_executor']) retrieved from /home/airflow/.local/lib/python3.7/site-packages/airflow/example_dags/example_kubernetes_executor.py
[2022-11-30 04:04:30,695] {logging_mixin.py:109} INFO - [2022-11-30 04:04:30,695] {dag.py:2398} INFO - Sync 1 DAGs
[2022-11-30 04:04:30,710] {logging_mixin.py:109} INFO - [2022-11-30 04:04:30,710] {dag.py:2937} INFO - Setting next_dagrun for example_kubernetes_executor to None
[2022-11-30 04:04:30,721] {processor.py:171} INFO - Processing /home/airflow/.local/lib/python3.7/site-packages/airflow/example_dags/example_kubernetes_executor.py took 0.072 seconds
[2022-11-30 04:05:02,142] {processor.py:163} INFO - Started process (PID=4547) to work on /home/airflow/.local/lib/python3.7/site-packages/airflow/example_dags/example_kubernetes_executor.py
[2022-11-30 04:05:02,144] {processor.py:642} INFO - Processing file /home/airflow/.local/lib/python3.7/site-packages/airflow/example_dags/example_kubernetes_executor.py for tasks to queue
[2022-11-30 04:05:02,144] {logging_mixin.py:109} INFO - [2022-11-30 04:05:02,144] {dagbag.py:500} INFO - Filling up the DagBag from /home/airflow/.local/lib/python3.7/site-packages/airflow/example_dags/example_kubernetes_executor.py
[2022-11-30 04:05:02,179] {processor.py:654} INFO - DAG(s) dict_keys(['example_kubernetes_executor']) retrieved from /home/airflow/.local/lib/python3.7/site-packages/airflow/example_dags/example_kubernetes_executor.py
[2022-11-30 04:05:02,191] {logging_mixin.py:109} INFO - [2022-11-30 04:05:02,191] {dag.py:2398} INFO - Sync 1 DAGs
[2022-11-30 04:05:02,205] {logging_mixin.py:109} INFO - [2022-11-30 04:05:02,205] {dag.py:2937} INFO - Setting next_dagrun for example_kubernetes_executor to None
[2022-11-30 04:05:02,214] {processor.py:171} INFO - Processing /home/airflow/.local/lib/python3.7/site-packages/airflow/example_dags/example_kubernetes_executor.py took 0.074 seconds
[2022-11-30 04:05:33,545] {processor.py:163} INFO - Started process (PID=4633) to work on /home/airflow/.local/lib/python3.7/site-packages/airflow/example_dags/example_kubernetes_executor.py
[2022-11-30 04:05:33,547] {processor.py:642} INFO - Processing file /home/airflow/.local/lib/python3.7/site-packages/airflow/example_dags/example_kubernetes_executor.py for tasks to queue
[2022-11-30 04:05:33,547] {logging_mixin.py:109} INFO - [2022-11-30 04:05:33,547] {dagbag.py:500} INFO - Filling up the DagBag from /home/airflow/.local/lib/python3.7/site-packages/airflow/example_dags/example_kubernetes_executor.py
[2022-11-30 04:05:33,578] {processor.py:654} INFO - DAG(s) dict_keys(['example_kubernetes_executor']) retrieved from /home/airflow/.local/lib/python3.7/site-packages/airflow/example_dags/example_kubernetes_executor.py
[2022-11-30 04:05:33,589] {logging_mixin.py:109} INFO - [2022-11-30 04:05:33,589] {dag.py:2398} INFO - Sync 1 DAGs
[2022-11-30 04:05:33,602] {logging_mixin.py:109} INFO - [2022-11-30 04:05:33,602] {dag.py:2937} INFO - Setting next_dagrun for example_kubernetes_executor to None
[2022-11-30 04:05:33,610] {processor.py:171} INFO - Processing /home/airflow/.local/lib/python3.7/site-packages/airflow/example_dags/example_kubernetes_executor.py took 0.068 seconds
[2022-11-30 04:06:04,946] {processor.py:163} INFO - Started process (PID=4710) to work on /home/airflow/.local/lib/python3.7/site-packages/airflow/example_dags/example_kubernetes_executor.py
[2022-11-30 04:06:04,947] {processor.py:642} INFO - Processing file /home/airflow/.local/lib/python3.7/site-packages/airflow/example_dags/example_kubernetes_executor.py for tasks to queue
[2022-11-30 04:06:04,948] {logging_mixin.py:109} INFO - [2022-11-30 04:06:04,948] {dagbag.py:500} INFO - Filling up the DagBag from /home/airflow/.local/lib/python3.7/site-packages/airflow/example_dags/example_kubernetes_executor.py
[2022-11-30 04:06:04,980] {processor.py:654} INFO - DAG(s) dict_keys(['example_kubernetes_executor']) retrieved from /home/airflow/.local/lib/python3.7/site-packages/airflow/example_dags/example_kubernetes_executor.py
[2022-11-30 04:06:04,991] {logging_mixin.py:109} INFO - [2022-11-30 04:06:04,991] {dag.py:2398} INFO - Sync 1 DAGs
[2022-11-30 04:06:05,007] {logging_mixin.py:109} INFO - [2022-11-30 04:06:05,007] {dag.py:2937} INFO - Setting next_dagrun for example_kubernetes_executor to None
[2022-11-30 04:06:05,016] {processor.py:171} INFO - Processing /home/airflow/.local/lib/python3.7/site-packages/airflow/example_dags/example_kubernetes_executor.py took 0.073 seconds
[2022-11-30 04:06:36,362] {processor.py:163} INFO - Started process (PID=4796) to work on /home/airflow/.local/lib/python3.7/site-packages/airflow/example_dags/example_kubernetes_executor.py
[2022-11-30 04:06:36,363] {processor.py:642} INFO - Processing file /home/airflow/.local/lib/python3.7/site-packages/airflow/example_dags/example_kubernetes_executor.py for tasks to queue
[2022-11-30 04:06:36,364] {logging_mixin.py:109} INFO - [2022-11-30 04:06:36,364] {dagbag.py:500} INFO - Filling up the DagBag from /home/airflow/.local/lib/python3.7/site-packages/airflow/example_dags/example_kubernetes_executor.py
[2022-11-30 04:06:36,400] {processor.py:654} INFO - DAG(s) dict_keys(['example_kubernetes_executor']) retrieved from /home/airflow/.local/lib/python3.7/site-packages/airflow/example_dags/example_kubernetes_executor.py
[2022-11-30 04:06:36,413] {logging_mixin.py:109} INFO - [2022-11-30 04:06:36,412] {dag.py:2398} INFO - Sync 1 DAGs
[2022-11-30 04:06:36,431] {logging_mixin.py:109} INFO - [2022-11-30 04:06:36,431] {dag.py:2937} INFO - Setting next_dagrun for example_kubernetes_executor to None
[2022-11-30 04:06:36,443] {processor.py:171} INFO - Processing /home/airflow/.local/lib/python3.7/site-packages/airflow/example_dags/example_kubernetes_executor.py took 0.083 seconds
[2022-11-30 04:07:07,978] {processor.py:163} INFO - Started process (PID=4873) to work on /home/airflow/.local/lib/python3.7/site-packages/airflow/example_dags/example_kubernetes_executor.py
[2022-11-30 04:07:07,979] {processor.py:642} INFO - Processing file /home/airflow/.local/lib/python3.7/site-packages/airflow/example_dags/example_kubernetes_executor.py for tasks to queue
[2022-11-30 04:07:07,979] {logging_mixin.py:109} INFO - [2022-11-30 04:07:07,979] {dagbag.py:500} INFO - Filling up the DagBag from /home/airflow/.local/lib/python3.7/site-packages/airflow/example_dags/example_kubernetes_executor.py
[2022-11-30 04:07:08,010] {processor.py:654} INFO - DAG(s) dict_keys(['example_kubernetes_executor']) retrieved from /home/airflow/.local/lib/python3.7/site-packages/airflow/example_dags/example_kubernetes_executor.py
[2022-11-30 04:07:08,020] {logging_mixin.py:109} INFO - [2022-11-30 04:07:08,020] {dag.py:2398} INFO - Sync 1 DAGs
[2022-11-30 04:07:08,037] {logging_mixin.py:109} INFO - [2022-11-30 04:07:08,037] {dag.py:2937} INFO - Setting next_dagrun for example_kubernetes_executor to None
[2022-11-30 04:07:08,045] {processor.py:171} INFO - Processing /home/airflow/.local/lib/python3.7/site-packages/airflow/example_dags/example_kubernetes_executor.py took 0.069 seconds
[2022-11-30 04:07:39,366] {processor.py:163} INFO - Started process (PID=4959) to work on /home/airflow/.local/lib/python3.7/site-packages/airflow/example_dags/example_kubernetes_executor.py
[2022-11-30 04:07:39,367] {processor.py:642} INFO - Processing file /home/airflow/.local/lib/python3.7/site-packages/airflow/example_dags/example_kubernetes_executor.py for tasks to queue
[2022-11-30 04:07:39,367] {logging_mixin.py:109} INFO - [2022-11-30 04:07:39,367] {dagbag.py:500} INFO - Filling up the DagBag from /home/airflow/.local/lib/python3.7/site-packages/airflow/example_dags/example_kubernetes_executor.py
[2022-11-30 04:07:39,399] {processor.py:654} INFO - DAG(s) dict_keys(['example_kubernetes_executor']) retrieved from /home/airflow/.local/lib/python3.7/site-packages/airflow/example_dags/example_kubernetes_executor.py
[2022-11-30 04:07:39,409] {logging_mixin.py:109} INFO - [2022-11-30 04:07:39,409] {dag.py:2398} INFO - Sync 1 DAGs
[2022-11-30 04:07:39,424] {logging_mixin.py:109} INFO - [2022-11-30 04:07:39,424] {dag.py:2937} INFO - Setting next_dagrun for example_kubernetes_executor to None
[2022-11-30 04:07:39,434] {processor.py:171} INFO - Processing /home/airflow/.local/lib/python3.7/site-packages/airflow/example_dags/example_kubernetes_executor.py took 0.071 seconds
[2022-11-30 04:08:10,954] {processor.py:163} INFO - Started process (PID=5036) to work on /home/airflow/.local/lib/python3.7/site-packages/airflow/example_dags/example_kubernetes_executor.py
[2022-11-30 04:08:10,955] {processor.py:642} INFO - Processing file /home/airflow/.local/lib/python3.7/site-packages/airflow/example_dags/example_kubernetes_executor.py for tasks to queue
[2022-11-30 04:08:10,956] {logging_mixin.py:109} INFO - [2022-11-30 04:08:10,956] {dagbag.py:500} INFO - Filling up the DagBag from /home/airflow/.local/lib/python3.7/site-packages/airflow/example_dags/example_kubernetes_executor.py
[2022-11-30 04:08:10,987] {processor.py:654} INFO - DAG(s) dict_keys(['example_kubernetes_executor']) retrieved from /home/airflow/.local/lib/python3.7/site-packages/airflow/example_dags/example_kubernetes_executor.py
[2022-11-30 04:08:10,998] {logging_mixin.py:109} INFO - [2022-11-30 04:08:10,998] {dag.py:2398} INFO - Sync 1 DAGs
[2022-11-30 04:08:11,012] {logging_mixin.py:109} INFO - [2022-11-30 04:08:11,011] {dag.py:2937} INFO - Setting next_dagrun for example_kubernetes_executor to None
[2022-11-30 04:08:11,021] {processor.py:171} INFO - Processing /home/airflow/.local/lib/python3.7/site-packages/airflow/example_dags/example_kubernetes_executor.py took 0.070 seconds
[2022-11-30 04:08:42,314] {processor.py:163} INFO - Started process (PID=5122) to work on /home/airflow/.local/lib/python3.7/site-packages/airflow/example_dags/example_kubernetes_executor.py
[2022-11-30 04:08:42,315] {processor.py:642} INFO - Processing file /home/airflow/.local/lib/python3.7/site-packages/airflow/example_dags/example_kubernetes_executor.py for tasks to queue
[2022-11-30 04:08:42,315] {logging_mixin.py:109} INFO - [2022-11-30 04:08:42,315] {dagbag.py:500} INFO - Filling up the DagBag from /home/airflow/.local/lib/python3.7/site-packages/airflow/example_dags/example_kubernetes_executor.py
[2022-11-30 04:08:42,345] {processor.py:654} INFO - DAG(s) dict_keys(['example_kubernetes_executor']) retrieved from /home/airflow/.local/lib/python3.7/site-packages/airflow/example_dags/example_kubernetes_executor.py
[2022-11-30 04:08:42,357] {logging_mixin.py:109} INFO - [2022-11-30 04:08:42,357] {dag.py:2398} INFO - Sync 1 DAGs
[2022-11-30 04:08:42,371] {logging_mixin.py:109} INFO - [2022-11-30 04:08:42,371] {dag.py:2937} INFO - Setting next_dagrun for example_kubernetes_executor to None
[2022-11-30 04:08:42,380] {processor.py:171} INFO - Processing /home/airflow/.local/lib/python3.7/site-packages/airflow/example_dags/example_kubernetes_executor.py took 0.069 seconds
[2022-11-30 04:09:12,867] {processor.py:163} INFO - Started process (PID=5199) to work on /home/airflow/.local/lib/python3.7/site-packages/airflow/example_dags/example_kubernetes_executor.py
[2022-11-30 04:09:12,869] {processor.py:642} INFO - Processing file /home/airflow/.local/lib/python3.7/site-packages/airflow/example_dags/example_kubernetes_executor.py for tasks to queue
[2022-11-30 04:09:12,869] {logging_mixin.py:109} INFO - [2022-11-30 04:09:12,869] {dagbag.py:500} INFO - Filling up the DagBag from /home/airflow/.local/lib/python3.7/site-packages/airflow/example_dags/example_kubernetes_executor.py
[2022-11-30 04:09:12,902] {processor.py:654} INFO - DAG(s) dict_keys(['example_kubernetes_executor']) retrieved from /home/airflow/.local/lib/python3.7/site-packages/airflow/example_dags/example_kubernetes_executor.py
[2022-11-30 04:09:12,913] {logging_mixin.py:109} INFO - [2022-11-30 04:09:12,913] {dag.py:2398} INFO - Sync 1 DAGs
[2022-11-30 04:09:12,928] {logging_mixin.py:109} INFO - [2022-11-30 04:09:12,928] {dag.py:2937} INFO - Setting next_dagrun for example_kubernetes_executor to None
[2022-11-30 04:09:12,939] {processor.py:171} INFO - Processing /home/airflow/.local/lib/python3.7/site-packages/airflow/example_dags/example_kubernetes_executor.py took 0.074 seconds
[2022-11-30 04:09:44,342] {processor.py:163} INFO - Started process (PID=5287) to work on /home/airflow/.local/lib/python3.7/site-packages/airflow/example_dags/example_kubernetes_executor.py
[2022-11-30 04:09:44,343] {processor.py:642} INFO - Processing file /home/airflow/.local/lib/python3.7/site-packages/airflow/example_dags/example_kubernetes_executor.py for tasks to queue
[2022-11-30 04:09:44,343] {logging_mixin.py:109} INFO - [2022-11-30 04:09:44,343] {dagbag.py:500} INFO - Filling up the DagBag from /home/airflow/.local/lib/python3.7/site-packages/airflow/example_dags/example_kubernetes_executor.py
[2022-11-30 04:09:44,378] {processor.py:654} INFO - DAG(s) dict_keys(['example_kubernetes_executor']) retrieved from /home/airflow/.local/lib/python3.7/site-packages/airflow/example_dags/example_kubernetes_executor.py
[2022-11-30 04:09:44,393] {logging_mixin.py:109} INFO - [2022-11-30 04:09:44,393] {dag.py:2398} INFO - Sync 1 DAGs
[2022-11-30 04:09:44,406] {logging_mixin.py:109} INFO - [2022-11-30 04:09:44,406] {dag.py:2937} INFO - Setting next_dagrun for example_kubernetes_executor to None
[2022-11-30 04:09:44,415] {processor.py:171} INFO - Processing /home/airflow/.local/lib/python3.7/site-packages/airflow/example_dags/example_kubernetes_executor.py took 0.076 seconds
[2022-11-30 04:10:15,170] {processor.py:163} INFO - Started process (PID=5363) to work on /home/airflow/.local/lib/python3.7/site-packages/airflow/example_dags/example_kubernetes_executor.py
[2022-11-30 04:10:15,171] {processor.py:642} INFO - Processing file /home/airflow/.local/lib/python3.7/site-packages/airflow/example_dags/example_kubernetes_executor.py for tasks to queue
[2022-11-30 04:10:15,172] {logging_mixin.py:109} INFO - [2022-11-30 04:10:15,172] {dagbag.py:500} INFO - Filling up the DagBag from /home/airflow/.local/lib/python3.7/site-packages/airflow/example_dags/example_kubernetes_executor.py
[2022-11-30 04:10:15,215] {processor.py:654} INFO - DAG(s) dict_keys(['example_kubernetes_executor']) retrieved from /home/airflow/.local/lib/python3.7/site-packages/airflow/example_dags/example_kubernetes_executor.py
[2022-11-30 04:10:15,226] {logging_mixin.py:109} INFO - [2022-11-30 04:10:15,226] {dag.py:2398} INFO - Sync 1 DAGs
[2022-11-30 04:10:15,240] {logging_mixin.py:109} INFO - [2022-11-30 04:10:15,240] {dag.py:2937} INFO - Setting next_dagrun for example_kubernetes_executor to None
[2022-11-30 04:10:15,250] {processor.py:171} INFO - Processing /home/airflow/.local/lib/python3.7/site-packages/airflow/example_dags/example_kubernetes_executor.py took 0.083 seconds
[2022-11-30 04:10:46,739] {processor.py:163} INFO - Started process (PID=5450) to work on /home/airflow/.local/lib/python3.7/site-packages/airflow/example_dags/example_kubernetes_executor.py
[2022-11-30 04:10:46,740] {processor.py:642} INFO - Processing file /home/airflow/.local/lib/python3.7/site-packages/airflow/example_dags/example_kubernetes_executor.py for tasks to queue
[2022-11-30 04:10:46,741] {logging_mixin.py:109} INFO - [2022-11-30 04:10:46,741] {dagbag.py:500} INFO - Filling up the DagBag from /home/airflow/.local/lib/python3.7/site-packages/airflow/example_dags/example_kubernetes_executor.py
[2022-11-30 04:10:46,769] {processor.py:654} INFO - DAG(s) dict_keys(['example_kubernetes_executor']) retrieved from /home/airflow/.local/lib/python3.7/site-packages/airflow/example_dags/example_kubernetes_executor.py
[2022-11-30 04:10:46,780] {logging_mixin.py:109} INFO - [2022-11-30 04:10:46,779] {dag.py:2398} INFO - Sync 1 DAGs
[2022-11-30 04:10:46,792] {logging_mixin.py:109} INFO - [2022-11-30 04:10:46,792] {dag.py:2937} INFO - Setting next_dagrun for example_kubernetes_executor to None
[2022-11-30 04:10:46,799] {processor.py:171} INFO - Processing /home/airflow/.local/lib/python3.7/site-packages/airflow/example_dags/example_kubernetes_executor.py took 0.063 seconds
[2022-11-30 04:11:18,161] {processor.py:163} INFO - Started process (PID=5527) to work on /home/airflow/.local/lib/python3.7/site-packages/airflow/example_dags/example_kubernetes_executor.py
[2022-11-30 04:11:18,163] {processor.py:642} INFO - Processing file /home/airflow/.local/lib/python3.7/site-packages/airflow/example_dags/example_kubernetes_executor.py for tasks to queue
[2022-11-30 04:11:18,163] {logging_mixin.py:109} INFO - [2022-11-30 04:11:18,163] {dagbag.py:500} INFO - Filling up the DagBag from /home/airflow/.local/lib/python3.7/site-packages/airflow/example_dags/example_kubernetes_executor.py
[2022-11-30 04:11:18,197] {processor.py:654} INFO - DAG(s) dict_keys(['example_kubernetes_executor']) retrieved from /home/airflow/.local/lib/python3.7/site-packages/airflow/example_dags/example_kubernetes_executor.py
[2022-11-30 04:11:18,209] {logging_mixin.py:109} INFO - [2022-11-30 04:11:18,209] {dag.py:2398} INFO - Sync 1 DAGs
[2022-11-30 04:11:18,225] {logging_mixin.py:109} INFO - [2022-11-30 04:11:18,225] {dag.py:2937} INFO - Setting next_dagrun for example_kubernetes_executor to None
[2022-11-30 04:11:18,233] {processor.py:171} INFO - Processing /home/airflow/.local/lib/python3.7/site-packages/airflow/example_dags/example_kubernetes_executor.py took 0.074 seconds
[2022-11-30 04:11:49,607] {processor.py:163} INFO - Started process (PID=5613) to work on /home/airflow/.local/lib/python3.7/site-packages/airflow/example_dags/example_kubernetes_executor.py
[2022-11-30 04:11:49,608] {processor.py:642} INFO - Processing file /home/airflow/.local/lib/python3.7/site-packages/airflow/example_dags/example_kubernetes_executor.py for tasks to queue
[2022-11-30 04:11:49,609] {logging_mixin.py:109} INFO - [2022-11-30 04:11:49,609] {dagbag.py:500} INFO - Filling up the DagBag from /home/airflow/.local/lib/python3.7/site-packages/airflow/example_dags/example_kubernetes_executor.py
[2022-11-30 04:11:49,647] {processor.py:654} INFO - DAG(s) dict_keys(['example_kubernetes_executor']) retrieved from /home/airflow/.local/lib/python3.7/site-packages/airflow/example_dags/example_kubernetes_executor.py
[2022-11-30 04:11:49,662] {logging_mixin.py:109} INFO - [2022-11-30 04:11:49,662] {dag.py:2398} INFO - Sync 1 DAGs
[2022-11-30 04:11:49,681] {logging_mixin.py:109} INFO - [2022-11-30 04:11:49,681] {dag.py:2937} INFO - Setting next_dagrun for example_kubernetes_executor to None
[2022-11-30 04:11:49,690] {processor.py:171} INFO - Processing /home/airflow/.local/lib/python3.7/site-packages/airflow/example_dags/example_kubernetes_executor.py took 0.087 seconds
[2022-11-30 04:12:20,206] {processor.py:163} INFO - Started process (PID=5690) to work on /home/airflow/.local/lib/python3.7/site-packages/airflow/example_dags/example_kubernetes_executor.py
[2022-11-30 04:12:20,207] {processor.py:642} INFO - Processing file /home/airflow/.local/lib/python3.7/site-packages/airflow/example_dags/example_kubernetes_executor.py for tasks to queue
[2022-11-30 04:12:20,208] {logging_mixin.py:109} INFO - [2022-11-30 04:12:20,208] {dagbag.py:500} INFO - Filling up the DagBag from /home/airflow/.local/lib/python3.7/site-packages/airflow/example_dags/example_kubernetes_executor.py
[2022-11-30 04:12:20,235] {processor.py:654} INFO - DAG(s) dict_keys(['example_kubernetes_executor']) retrieved from /home/airflow/.local/lib/python3.7/site-packages/airflow/example_dags/example_kubernetes_executor.py
[2022-11-30 04:12:20,247] {logging_mixin.py:109} INFO - [2022-11-30 04:12:20,247] {dag.py:2398} INFO - Sync 1 DAGs
[2022-11-30 04:12:20,264] {logging_mixin.py:109} INFO - [2022-11-30 04:12:20,264] {dag.py:2937} INFO - Setting next_dagrun for example_kubernetes_executor to None
[2022-11-30 04:12:20,274] {processor.py:171} INFO - Processing /home/airflow/.local/lib/python3.7/site-packages/airflow/example_dags/example_kubernetes_executor.py took 0.070 seconds
[2022-11-30 04:12:51,589] {processor.py:163} INFO - Started process (PID=5776) to work on /home/airflow/.local/lib/python3.7/site-packages/airflow/example_dags/example_kubernetes_executor.py
[2022-11-30 04:12:51,590] {processor.py:642} INFO - Processing file /home/airflow/.local/lib/python3.7/site-packages/airflow/example_dags/example_kubernetes_executor.py for tasks to queue
[2022-11-30 04:12:51,590] {logging_mixin.py:109} INFO - [2022-11-30 04:12:51,590] {dagbag.py:500} INFO - Filling up the DagBag from /home/airflow/.local/lib/python3.7/site-packages/airflow/example_dags/example_kubernetes_executor.py
[2022-11-30 04:12:51,623] {processor.py:654} INFO - DAG(s) dict_keys(['example_kubernetes_executor']) retrieved from /home/airflow/.local/lib/python3.7/site-packages/airflow/example_dags/example_kubernetes_executor.py
[2022-11-30 04:12:51,635] {logging_mixin.py:109} INFO - [2022-11-30 04:12:51,635] {dag.py:2398} INFO - Sync 1 DAGs
[2022-11-30 04:12:51,649] {logging_mixin.py:109} INFO - [2022-11-30 04:12:51,649] {dag.py:2937} INFO - Setting next_dagrun for example_kubernetes_executor to None
[2022-11-30 04:12:51,657] {processor.py:171} INFO - Processing /home/airflow/.local/lib/python3.7/site-packages/airflow/example_dags/example_kubernetes_executor.py took 0.072 seconds
[2022-11-30 04:13:22,939] {processor.py:163} INFO - Started process (PID=5854) to work on /home/airflow/.local/lib/python3.7/site-packages/airflow/example_dags/example_kubernetes_executor.py
[2022-11-30 04:13:22,941] {processor.py:642} INFO - Processing file /home/airflow/.local/lib/python3.7/site-packages/airflow/example_dags/example_kubernetes_executor.py for tasks to queue
[2022-11-30 04:13:22,941] {logging_mixin.py:109} INFO - [2022-11-30 04:13:22,941] {dagbag.py:500} INFO - Filling up the DagBag from /home/airflow/.local/lib/python3.7/site-packages/airflow/example_dags/example_kubernetes_executor.py
[2022-11-30 04:13:22,980] {processor.py:654} INFO - DAG(s) dict_keys(['example_kubernetes_executor']) retrieved from /home/airflow/.local/lib/python3.7/site-packages/airflow/example_dags/example_kubernetes_executor.py
[2022-11-30 04:13:22,996] {logging_mixin.py:109} INFO - [2022-11-30 04:13:22,996] {dag.py:2398} INFO - Sync 1 DAGs
[2022-11-30 04:13:23,010] {logging_mixin.py:109} INFO - [2022-11-30 04:13:23,010] {dag.py:2937} INFO - Setting next_dagrun for example_kubernetes_executor to None
[2022-11-30 04:13:23,021] {processor.py:171} INFO - Processing /home/airflow/.local/lib/python3.7/site-packages/airflow/example_dags/example_kubernetes_executor.py took 0.085 seconds
[2022-11-30 04:13:54,778] {processor.py:163} INFO - Started process (PID=5940) to work on /home/airflow/.local/lib/python3.7/site-packages/airflow/example_dags/example_kubernetes_executor.py
[2022-11-30 04:13:54,779] {processor.py:642} INFO - Processing file /home/airflow/.local/lib/python3.7/site-packages/airflow/example_dags/example_kubernetes_executor.py for tasks to queue
[2022-11-30 04:13:54,781] {logging_mixin.py:109} INFO - [2022-11-30 04:13:54,781] {dagbag.py:500} INFO - Filling up the DagBag from /home/airflow/.local/lib/python3.7/site-packages/airflow/example_dags/example_kubernetes_executor.py
[2022-11-30 04:13:54,821] {processor.py:654} INFO - DAG(s) dict_keys(['example_kubernetes_executor']) retrieved from /home/airflow/.local/lib/python3.7/site-packages/airflow/example_dags/example_kubernetes_executor.py
[2022-11-30 04:13:54,835] {logging_mixin.py:109} INFO - [2022-11-30 04:13:54,835] {dag.py:2398} INFO - Sync 1 DAGs
[2022-11-30 04:13:54,853] {logging_mixin.py:109} INFO - [2022-11-30 04:13:54,853] {dag.py:2937} INFO - Setting next_dagrun for example_kubernetes_executor to None
[2022-11-30 04:13:54,867] {processor.py:171} INFO - Processing /home/airflow/.local/lib/python3.7/site-packages/airflow/example_dags/example_kubernetes_executor.py took 0.092 seconds
[2022-11-30 04:14:25,445] {processor.py:163} INFO - Started process (PID=6017) to work on /home/airflow/.local/lib/python3.7/site-packages/airflow/example_dags/example_kubernetes_executor.py
[2022-11-30 04:14:25,446] {processor.py:642} INFO - Processing file /home/airflow/.local/lib/python3.7/site-packages/airflow/example_dags/example_kubernetes_executor.py for tasks to queue
[2022-11-30 04:14:25,447] {logging_mixin.py:109} INFO - [2022-11-30 04:14:25,446] {dagbag.py:500} INFO - Filling up the DagBag from /home/airflow/.local/lib/python3.7/site-packages/airflow/example_dags/example_kubernetes_executor.py
[2022-11-30 04:14:25,475] {processor.py:654} INFO - DAG(s) dict_keys(['example_kubernetes_executor']) retrieved from /home/airflow/.local/lib/python3.7/site-packages/airflow/example_dags/example_kubernetes_executor.py
[2022-11-30 04:14:25,485] {logging_mixin.py:109} INFO - [2022-11-30 04:14:25,485] {dag.py:2398} INFO - Sync 1 DAGs
[2022-11-30 04:14:25,497] {logging_mixin.py:109} INFO - [2022-11-30 04:14:25,497] {dag.py:2937} INFO - Setting next_dagrun for example_kubernetes_executor to None
[2022-11-30 04:14:25,506] {processor.py:171} INFO - Processing /home/airflow/.local/lib/python3.7/site-packages/airflow/example_dags/example_kubernetes_executor.py took 0.063 seconds
[2022-11-30 04:14:57,247] {processor.py:163} INFO - Started process (PID=6103) to work on /home/airflow/.local/lib/python3.7/site-packages/airflow/example_dags/example_kubernetes_executor.py
[2022-11-30 04:14:57,248] {processor.py:642} INFO - Processing file /home/airflow/.local/lib/python3.7/site-packages/airflow/example_dags/example_kubernetes_executor.py for tasks to queue
[2022-11-30 04:14:57,249] {logging_mixin.py:109} INFO - [2022-11-30 04:14:57,249] {dagbag.py:500} INFO - Filling up the DagBag from /home/airflow/.local/lib/python3.7/site-packages/airflow/example_dags/example_kubernetes_executor.py
[2022-11-30 04:14:57,283] {processor.py:654} INFO - DAG(s) dict_keys(['example_kubernetes_executor']) retrieved from /home/airflow/.local/lib/python3.7/site-packages/airflow/example_dags/example_kubernetes_executor.py
[2022-11-30 04:14:57,294] {logging_mixin.py:109} INFO - [2022-11-30 04:14:57,294] {dag.py:2398} INFO - Sync 1 DAGs
[2022-11-30 04:14:57,308] {logging_mixin.py:109} INFO - [2022-11-30 04:14:57,308] {dag.py:2937} INFO - Setting next_dagrun for example_kubernetes_executor to None
[2022-11-30 04:14:57,316] {processor.py:171} INFO - Processing /home/airflow/.local/lib/python3.7/site-packages/airflow/example_dags/example_kubernetes_executor.py took 0.072 seconds
[2022-11-30 04:15:27,939] {processor.py:163} INFO - Started process (PID=6180) to work on /home/airflow/.local/lib/python3.7/site-packages/airflow/example_dags/example_kubernetes_executor.py
[2022-11-30 04:15:27,940] {processor.py:642} INFO - Processing file /home/airflow/.local/lib/python3.7/site-packages/airflow/example_dags/example_kubernetes_executor.py for tasks to queue
[2022-11-30 04:15:27,941] {logging_mixin.py:109} INFO - [2022-11-30 04:15:27,940] {dagbag.py:500} INFO - Filling up the DagBag from /home/airflow/.local/lib/python3.7/site-packages/airflow/example_dags/example_kubernetes_executor.py
[2022-11-30 04:15:27,968] {processor.py:654} INFO - DAG(s) dict_keys(['example_kubernetes_executor']) retrieved from /home/airflow/.local/lib/python3.7/site-packages/airflow/example_dags/example_kubernetes_executor.py
[2022-11-30 04:15:27,978] {logging_mixin.py:109} INFO - [2022-11-30 04:15:27,978] {dag.py:2398} INFO - Sync 1 DAGs
[2022-11-30 04:15:27,989] {logging_mixin.py:109} INFO - [2022-11-30 04:15:27,989] {dag.py:2937} INFO - Setting next_dagrun for example_kubernetes_executor to None
[2022-11-30 04:15:27,997] {processor.py:171} INFO - Processing /home/airflow/.local/lib/python3.7/site-packages/airflow/example_dags/example_kubernetes_executor.py took 0.060 seconds
[2022-11-30 04:15:58,552] {processor.py:163} INFO - Started process (PID=6257) to work on /home/airflow/.local/lib/python3.7/site-packages/airflow/example_dags/example_kubernetes_executor.py
[2022-11-30 04:15:58,552] {processor.py:642} INFO - Processing file /home/airflow/.local/lib/python3.7/site-packages/airflow/example_dags/example_kubernetes_executor.py for tasks to queue
[2022-11-30 04:15:58,553] {logging_mixin.py:109} INFO - [2022-11-30 04:15:58,553] {dagbag.py:500} INFO - Filling up the DagBag from /home/airflow/.local/lib/python3.7/site-packages/airflow/example_dags/example_kubernetes_executor.py
[2022-11-30 04:15:58,630] {processor.py:654} INFO - DAG(s) dict_keys(['example_kubernetes_executor']) retrieved from /home/airflow/.local/lib/python3.7/site-packages/airflow/example_dags/example_kubernetes_executor.py
[2022-11-30 04:15:58,642] {logging_mixin.py:109} INFO - [2022-11-30 04:15:58,642] {dag.py:2398} INFO - Sync 1 DAGs
[2022-11-30 04:15:58,656] {logging_mixin.py:109} INFO - [2022-11-30 04:15:58,656] {dag.py:2937} INFO - Setting next_dagrun for example_kubernetes_executor to None
[2022-11-30 04:15:58,666] {processor.py:171} INFO - Processing /home/airflow/.local/lib/python3.7/site-packages/airflow/example_dags/example_kubernetes_executor.py took 0.118 seconds
[2022-11-30 04:16:29,268] {processor.py:163} INFO - Started process (PID=6343) to work on /home/airflow/.local/lib/python3.7/site-packages/airflow/example_dags/example_kubernetes_executor.py
[2022-11-30 04:16:29,270] {processor.py:642} INFO - Processing file /home/airflow/.local/lib/python3.7/site-packages/airflow/example_dags/example_kubernetes_executor.py for tasks to queue
[2022-11-30 04:16:29,271] {logging_mixin.py:109} INFO - [2022-11-30 04:16:29,271] {dagbag.py:500} INFO - Filling up the DagBag from /home/airflow/.local/lib/python3.7/site-packages/airflow/example_dags/example_kubernetes_executor.py
[2022-11-30 04:16:29,313] {processor.py:654} INFO - DAG(s) dict_keys(['example_kubernetes_executor']) retrieved from /home/airflow/.local/lib/python3.7/site-packages/airflow/example_dags/example_kubernetes_executor.py
[2022-11-30 04:16:29,333] {logging_mixin.py:109} INFO - [2022-11-30 04:16:29,333] {dag.py:2398} INFO - Sync 1 DAGs
[2022-11-30 04:16:29,352] {logging_mixin.py:109} INFO - [2022-11-30 04:16:29,352] {dag.py:2937} INFO - Setting next_dagrun for example_kubernetes_executor to None
[2022-11-30 04:16:29,364] {processor.py:171} INFO - Processing /home/airflow/.local/lib/python3.7/site-packages/airflow/example_dags/example_kubernetes_executor.py took 0.099 seconds
[2022-11-30 04:17:00,041] {processor.py:163} INFO - Started process (PID=6420) to work on /home/airflow/.local/lib/python3.7/site-packages/airflow/example_dags/example_kubernetes_executor.py
[2022-11-30 04:17:00,042] {processor.py:642} INFO - Processing file /home/airflow/.local/lib/python3.7/site-packages/airflow/example_dags/example_kubernetes_executor.py for tasks to queue
[2022-11-30 04:17:00,043] {logging_mixin.py:109} INFO - [2022-11-30 04:17:00,043] {dagbag.py:500} INFO - Filling up the DagBag from /home/airflow/.local/lib/python3.7/site-packages/airflow/example_dags/example_kubernetes_executor.py
[2022-11-30 04:17:00,078] {processor.py:654} INFO - DAG(s) dict_keys(['example_kubernetes_executor']) retrieved from /home/airflow/.local/lib/python3.7/site-packages/airflow/example_dags/example_kubernetes_executor.py
[2022-11-30 04:17:00,092] {logging_mixin.py:109} INFO - [2022-11-30 04:17:00,092] {dag.py:2398} INFO - Sync 1 DAGs
[2022-11-30 04:17:00,107] {logging_mixin.py:109} INFO - [2022-11-30 04:17:00,107] {dag.py:2937} INFO - Setting next_dagrun for example_kubernetes_executor to None
[2022-11-30 04:17:00,117] {processor.py:171} INFO - Processing /home/airflow/.local/lib/python3.7/site-packages/airflow/example_dags/example_kubernetes_executor.py took 0.079 seconds
[2022-11-30 04:17:30,919] {processor.py:163} INFO - Started process (PID=6506) to work on /home/airflow/.local/lib/python3.7/site-packages/airflow/example_dags/example_kubernetes_executor.py
[2022-11-30 04:17:30,921] {processor.py:642} INFO - Processing file /home/airflow/.local/lib/python3.7/site-packages/airflow/example_dags/example_kubernetes_executor.py for tasks to queue
[2022-11-30 04:17:30,922] {logging_mixin.py:109} INFO - [2022-11-30 04:17:30,921] {dagbag.py:500} INFO - Filling up the DagBag from /home/airflow/.local/lib/python3.7/site-packages/airflow/example_dags/example_kubernetes_executor.py
[2022-11-30 04:17:30,952] {processor.py:654} INFO - DAG(s) dict_keys(['example_kubernetes_executor']) retrieved from /home/airflow/.local/lib/python3.7/site-packages/airflow/example_dags/example_kubernetes_executor.py
[2022-11-30 04:17:30,962] {logging_mixin.py:109} INFO - [2022-11-30 04:17:30,962] {dag.py:2398} INFO - Sync 1 DAGs
[2022-11-30 04:17:30,975] {logging_mixin.py:109} INFO - [2022-11-30 04:17:30,975] {dag.py:2937} INFO - Setting next_dagrun for example_kubernetes_executor to None
[2022-11-30 04:17:30,983] {processor.py:171} INFO - Processing /home/airflow/.local/lib/python3.7/site-packages/airflow/example_dags/example_kubernetes_executor.py took 0.066 seconds
[2022-11-30 04:18:02,392] {processor.py:163} INFO - Started process (PID=6583) to work on /home/airflow/.local/lib/python3.7/site-packages/airflow/example_dags/example_kubernetes_executor.py
[2022-11-30 04:18:02,393] {processor.py:642} INFO - Processing file /home/airflow/.local/lib/python3.7/site-packages/airflow/example_dags/example_kubernetes_executor.py for tasks to queue
[2022-11-30 04:18:02,394] {logging_mixin.py:109} INFO - [2022-11-30 04:18:02,394] {dagbag.py:500} INFO - Filling up the DagBag from /home/airflow/.local/lib/python3.7/site-packages/airflow/example_dags/example_kubernetes_executor.py
[2022-11-30 04:18:02,429] {processor.py:654} INFO - DAG(s) dict_keys(['example_kubernetes_executor']) retrieved from /home/airflow/.local/lib/python3.7/site-packages/airflow/example_dags/example_kubernetes_executor.py
[2022-11-30 04:18:02,440] {logging_mixin.py:109} INFO - [2022-11-30 04:18:02,440] {dag.py:2398} INFO - Sync 1 DAGs
[2022-11-30 04:18:02,453] {logging_mixin.py:109} INFO - [2022-11-30 04:18:02,453] {dag.py:2937} INFO - Setting next_dagrun for example_kubernetes_executor to None
[2022-11-30 04:18:02,460] {processor.py:171} INFO - Processing /home/airflow/.local/lib/python3.7/site-packages/airflow/example_dags/example_kubernetes_executor.py took 0.071 seconds
[2022-11-30 04:18:34,044] {processor.py:163} INFO - Started process (PID=6669) to work on /home/airflow/.local/lib/python3.7/site-packages/airflow/example_dags/example_kubernetes_executor.py
[2022-11-30 04:18:34,045] {processor.py:642} INFO - Processing file /home/airflow/.local/lib/python3.7/site-packages/airflow/example_dags/example_kubernetes_executor.py for tasks to queue
[2022-11-30 04:18:34,045] {logging_mixin.py:109} INFO - [2022-11-30 04:18:34,045] {dagbag.py:500} INFO - Filling up the DagBag from /home/airflow/.local/lib/python3.7/site-packages/airflow/example_dags/example_kubernetes_executor.py
[2022-11-30 04:18:34,074] {processor.py:654} INFO - DAG(s) dict_keys(['example_kubernetes_executor']) retrieved from /home/airflow/.local/lib/python3.7/site-packages/airflow/example_dags/example_kubernetes_executor.py
[2022-11-30 04:18:34,084] {logging_mixin.py:109} INFO - [2022-11-30 04:18:34,084] {dag.py:2398} INFO - Sync 1 DAGs
[2022-11-30 04:18:34,095] {logging_mixin.py:109} INFO - [2022-11-30 04:18:34,095] {dag.py:2937} INFO - Setting next_dagrun for example_kubernetes_executor to None
[2022-11-30 04:18:34,105] {processor.py:171} INFO - Processing /home/airflow/.local/lib/python3.7/site-packages/airflow/example_dags/example_kubernetes_executor.py took 0.063 seconds
[2022-11-30 04:19:04,703] {processor.py:163} INFO - Started process (PID=6746) to work on /home/airflow/.local/lib/python3.7/site-packages/airflow/example_dags/example_kubernetes_executor.py
[2022-11-30 04:19:04,704] {processor.py:642} INFO - Processing file /home/airflow/.local/lib/python3.7/site-packages/airflow/example_dags/example_kubernetes_executor.py for tasks to queue
[2022-11-30 04:19:04,705] {logging_mixin.py:109} INFO - [2022-11-30 04:19:04,705] {dagbag.py:500} INFO - Filling up the DagBag from /home/airflow/.local/lib/python3.7/site-packages/airflow/example_dags/example_kubernetes_executor.py
[2022-11-30 04:19:04,733] {processor.py:654} INFO - DAG(s) dict_keys(['example_kubernetes_executor']) retrieved from /home/airflow/.local/lib/python3.7/site-packages/airflow/example_dags/example_kubernetes_executor.py
[2022-11-30 04:19:04,743] {logging_mixin.py:109} INFO - [2022-11-30 04:19:04,743] {dag.py:2398} INFO - Sync 1 DAGs
[2022-11-30 04:19:04,756] {logging_mixin.py:109} INFO - [2022-11-30 04:19:04,756] {dag.py:2937} INFO - Setting next_dagrun for example_kubernetes_executor to None
[2022-11-30 04:19:04,765] {processor.py:171} INFO - Processing /home/airflow/.local/lib/python3.7/site-packages/airflow/example_dags/example_kubernetes_executor.py took 0.064 seconds
[2022-11-30 04:19:35,996] {processor.py:163} INFO - Started process (PID=6832) to work on /home/airflow/.local/lib/python3.7/site-packages/airflow/example_dags/example_kubernetes_executor.py
[2022-11-30 04:19:35,997] {processor.py:642} INFO - Processing file /home/airflow/.local/lib/python3.7/site-packages/airflow/example_dags/example_kubernetes_executor.py for tasks to queue
[2022-11-30 04:19:35,997] {logging_mixin.py:109} INFO - [2022-11-30 04:19:35,997] {dagbag.py:500} INFO - Filling up the DagBag from /home/airflow/.local/lib/python3.7/site-packages/airflow/example_dags/example_kubernetes_executor.py
[2022-11-30 04:19:36,025] {processor.py:654} INFO - DAG(s) dict_keys(['example_kubernetes_executor']) retrieved from /home/airflow/.local/lib/python3.7/site-packages/airflow/example_dags/example_kubernetes_executor.py
[2022-11-30 04:19:36,035] {logging_mixin.py:109} INFO - [2022-11-30 04:19:36,035] {dag.py:2398} INFO - Sync 1 DAGs
[2022-11-30 04:19:36,048] {logging_mixin.py:109} INFO - [2022-11-30 04:19:36,048] {dag.py:2937} INFO - Setting next_dagrun for example_kubernetes_executor to None
[2022-11-30 04:19:36,057] {processor.py:171} INFO - Processing /home/airflow/.local/lib/python3.7/site-packages/airflow/example_dags/example_kubernetes_executor.py took 0.064 seconds
[2022-11-30 04:20:07,352] {processor.py:163} INFO - Started process (PID=6909) to work on /home/airflow/.local/lib/python3.7/site-packages/airflow/example_dags/example_kubernetes_executor.py
[2022-11-30 04:20:07,353] {processor.py:642} INFO - Processing file /home/airflow/.local/lib/python3.7/site-packages/airflow/example_dags/example_kubernetes_executor.py for tasks to queue
[2022-11-30 04:20:07,353] {logging_mixin.py:109} INFO - [2022-11-30 04:20:07,353] {dagbag.py:500} INFO - Filling up the DagBag from /home/airflow/.local/lib/python3.7/site-packages/airflow/example_dags/example_kubernetes_executor.py
[2022-11-30 04:20:07,388] {processor.py:654} INFO - DAG(s) dict_keys(['example_kubernetes_executor']) retrieved from /home/airflow/.local/lib/python3.7/site-packages/airflow/example_dags/example_kubernetes_executor.py
[2022-11-30 04:20:07,400] {logging_mixin.py:109} INFO - [2022-11-30 04:20:07,400] {dag.py:2398} INFO - Sync 1 DAGs
[2022-11-30 04:20:07,417] {logging_mixin.py:109} INFO - [2022-11-30 04:20:07,417] {dag.py:2937} INFO - Setting next_dagrun for example_kubernetes_executor to None
[2022-11-30 04:20:07,425] {processor.py:171} INFO - Processing /home/airflow/.local/lib/python3.7/site-packages/airflow/example_dags/example_kubernetes_executor.py took 0.076 seconds
[2022-11-30 04:20:38,852] {processor.py:163} INFO - Started process (PID=6995) to work on /home/airflow/.local/lib/python3.7/site-packages/airflow/example_dags/example_kubernetes_executor.py
[2022-11-30 04:20:38,853] {processor.py:642} INFO - Processing file /home/airflow/.local/lib/python3.7/site-packages/airflow/example_dags/example_kubernetes_executor.py for tasks to queue
[2022-11-30 04:20:38,854] {logging_mixin.py:109} INFO - [2022-11-30 04:20:38,854] {dagbag.py:500} INFO - Filling up the DagBag from /home/airflow/.local/lib/python3.7/site-packages/airflow/example_dags/example_kubernetes_executor.py
[2022-11-30 04:20:38,890] {processor.py:654} INFO - DAG(s) dict_keys(['example_kubernetes_executor']) retrieved from /home/airflow/.local/lib/python3.7/site-packages/airflow/example_dags/example_kubernetes_executor.py
[2022-11-30 04:20:38,902] {logging_mixin.py:109} INFO - [2022-11-30 04:20:38,902] {dag.py:2398} INFO - Sync 1 DAGs
[2022-11-30 04:20:38,918] {logging_mixin.py:109} INFO - [2022-11-30 04:20:38,918] {dag.py:2937} INFO - Setting next_dagrun for example_kubernetes_executor to None
[2022-11-30 04:20:38,930] {processor.py:171} INFO - Processing /home/airflow/.local/lib/python3.7/site-packages/airflow/example_dags/example_kubernetes_executor.py took 0.081 seconds
[2022-11-30 04:21:09,649] {processor.py:163} INFO - Started process (PID=7072) to work on /home/airflow/.local/lib/python3.7/site-packages/airflow/example_dags/example_kubernetes_executor.py
[2022-11-30 04:21:09,649] {processor.py:642} INFO - Processing file /home/airflow/.local/lib/python3.7/site-packages/airflow/example_dags/example_kubernetes_executor.py for tasks to queue
[2022-11-30 04:21:09,650] {logging_mixin.py:109} INFO - [2022-11-30 04:21:09,650] {dagbag.py:500} INFO - Filling up the DagBag from /home/airflow/.local/lib/python3.7/site-packages/airflow/example_dags/example_kubernetes_executor.py
[2022-11-30 04:21:09,688] {processor.py:654} INFO - DAG(s) dict_keys(['example_kubernetes_executor']) retrieved from /home/airflow/.local/lib/python3.7/site-packages/airflow/example_dags/example_kubernetes_executor.py
[2022-11-30 04:21:09,701] {logging_mixin.py:109} INFO - [2022-11-30 04:21:09,701] {dag.py:2398} INFO - Sync 1 DAGs
[2022-11-30 04:21:09,718] {logging_mixin.py:109} INFO - [2022-11-30 04:21:09,718] {dag.py:2937} INFO - Setting next_dagrun for example_kubernetes_executor to None
[2022-11-30 04:21:09,727] {processor.py:171} INFO - Processing /home/airflow/.local/lib/python3.7/site-packages/airflow/example_dags/example_kubernetes_executor.py took 0.081 seconds
[2022-11-30 04:21:40,127] {processor.py:163} INFO - Started process (PID=7145) to work on /home/airflow/.local/lib/python3.7/site-packages/airflow/example_dags/example_kubernetes_executor.py
[2022-11-30 04:21:40,129] {processor.py:642} INFO - Processing file /home/airflow/.local/lib/python3.7/site-packages/airflow/example_dags/example_kubernetes_executor.py for tasks to queue
[2022-11-30 04:21:40,130] {logging_mixin.py:109} INFO - [2022-11-30 04:21:40,130] {dagbag.py:500} INFO - Filling up the DagBag from /home/airflow/.local/lib/python3.7/site-packages/airflow/example_dags/example_kubernetes_executor.py
[2022-11-30 04:21:40,171] {processor.py:654} INFO - DAG(s) dict_keys(['example_kubernetes_executor']) retrieved from /home/airflow/.local/lib/python3.7/site-packages/airflow/example_dags/example_kubernetes_executor.py
[2022-11-30 04:21:40,187] {logging_mixin.py:109} INFO - [2022-11-30 04:21:40,187] {dag.py:2398} INFO - Sync 1 DAGs
[2022-11-30 04:21:40,208] {logging_mixin.py:109} INFO - [2022-11-30 04:21:40,208] {dag.py:2937} INFO - Setting next_dagrun for example_kubernetes_executor to None
[2022-11-30 04:21:40,220] {processor.py:171} INFO - Processing /home/airflow/.local/lib/python3.7/site-packages/airflow/example_dags/example_kubernetes_executor.py took 0.097 seconds
[2022-11-30 04:22:10,477] {processor.py:163} INFO - Started process (PID=7209) to work on /home/airflow/.local/lib/python3.7/site-packages/airflow/example_dags/example_kubernetes_executor.py
[2022-11-30 04:22:10,479] {processor.py:642} INFO - Processing file /home/airflow/.local/lib/python3.7/site-packages/airflow/example_dags/example_kubernetes_executor.py for tasks to queue
[2022-11-30 04:22:10,480] {logging_mixin.py:109} INFO - [2022-11-30 04:22:10,480] {dagbag.py:500} INFO - Filling up the DagBag from /home/airflow/.local/lib/python3.7/site-packages/airflow/example_dags/example_kubernetes_executor.py
[2022-11-30 04:22:10,511] {processor.py:654} INFO - DAG(s) dict_keys(['example_kubernetes_executor']) retrieved from /home/airflow/.local/lib/python3.7/site-packages/airflow/example_dags/example_kubernetes_executor.py
[2022-11-30 04:22:10,522] {logging_mixin.py:109} INFO - [2022-11-30 04:22:10,522] {dag.py:2398} INFO - Sync 1 DAGs
[2022-11-30 04:22:10,535] {logging_mixin.py:109} INFO - [2022-11-30 04:22:10,535] {dag.py:2937} INFO - Setting next_dagrun for example_kubernetes_executor to None
[2022-11-30 04:22:10,543] {processor.py:171} INFO - Processing /home/airflow/.local/lib/python3.7/site-packages/airflow/example_dags/example_kubernetes_executor.py took 0.068 seconds
[2022-11-30 04:22:40,811] {processor.py:163} INFO - Started process (PID=7286) to work on /home/airflow/.local/lib/python3.7/site-packages/airflow/example_dags/example_kubernetes_executor.py
[2022-11-30 04:22:40,812] {processor.py:642} INFO - Processing file /home/airflow/.local/lib/python3.7/site-packages/airflow/example_dags/example_kubernetes_executor.py for tasks to queue
[2022-11-30 04:22:40,813] {logging_mixin.py:109} INFO - [2022-11-30 04:22:40,813] {dagbag.py:500} INFO - Filling up the DagBag from /home/airflow/.local/lib/python3.7/site-packages/airflow/example_dags/example_kubernetes_executor.py
[2022-11-30 04:22:40,855] {processor.py:654} INFO - DAG(s) dict_keys(['example_kubernetes_executor']) retrieved from /home/airflow/.local/lib/python3.7/site-packages/airflow/example_dags/example_kubernetes_executor.py
[2022-11-30 04:22:40,872] {logging_mixin.py:109} INFO - [2022-11-30 04:22:40,872] {dag.py:2398} INFO - Sync 1 DAGs
[2022-11-30 04:22:40,888] {logging_mixin.py:109} INFO - [2022-11-30 04:22:40,888] {dag.py:2937} INFO - Setting next_dagrun for example_kubernetes_executor to None
[2022-11-30 04:22:40,897] {processor.py:171} INFO - Processing /home/airflow/.local/lib/python3.7/site-packages/airflow/example_dags/example_kubernetes_executor.py took 0.089 seconds
