[2022-11-30 03:58:19,854] {processor.py:163} INFO - Started process (PID=3512) to work on /home/airflow/.local/lib/python3.7/site-packages/airflow/example_dags/example_python_operator.py
[2022-11-30 03:58:19,855] {processor.py:642} INFO - Processing file /home/airflow/.local/lib/python3.7/site-packages/airflow/example_dags/example_python_operator.py for tasks to queue
[2022-11-30 03:58:19,856] {logging_mixin.py:109} INFO - [2022-11-30 03:58:19,856] {dagbag.py:500} INFO - Filling up the DagBag from /home/airflow/.local/lib/python3.7/site-packages/airflow/example_dags/example_python_operator.py
[2022-11-30 03:58:19,908] {processor.py:654} INFO - DAG(s) dict_keys(['example_python_operator']) retrieved from /home/airflow/.local/lib/python3.7/site-packages/airflow/example_dags/example_python_operator.py
[2022-11-30 03:58:19,929] {logging_mixin.py:109} INFO - [2022-11-30 03:58:19,929] {dag.py:2398} INFO - Sync 1 DAGs
[2022-11-30 03:58:19,958] {logging_mixin.py:109} INFO - [2022-11-30 03:58:19,958] {dag.py:2937} INFO - Setting next_dagrun for example_python_operator to None
[2022-11-30 03:58:19,981] {processor.py:171} INFO - Processing /home/airflow/.local/lib/python3.7/site-packages/airflow/example_dags/example_python_operator.py took 0.131 seconds
[2022-11-30 03:58:50,838] {processor.py:163} INFO - Started process (PID=3589) to work on /home/airflow/.local/lib/python3.7/site-packages/airflow/example_dags/example_python_operator.py
[2022-11-30 03:58:50,839] {processor.py:642} INFO - Processing file /home/airflow/.local/lib/python3.7/site-packages/airflow/example_dags/example_python_operator.py for tasks to queue
[2022-11-30 03:58:50,840] {logging_mixin.py:109} INFO - [2022-11-30 03:58:50,839] {dagbag.py:500} INFO - Filling up the DagBag from /home/airflow/.local/lib/python3.7/site-packages/airflow/example_dags/example_python_operator.py
[2022-11-30 03:58:50,871] {processor.py:654} INFO - DAG(s) dict_keys(['example_python_operator']) retrieved from /home/airflow/.local/lib/python3.7/site-packages/airflow/example_dags/example_python_operator.py
[2022-11-30 03:58:50,881] {logging_mixin.py:109} INFO - [2022-11-30 03:58:50,881] {dag.py:2398} INFO - Sync 1 DAGs
[2022-11-30 03:58:50,894] {logging_mixin.py:109} INFO - [2022-11-30 03:58:50,894] {dag.py:2937} INFO - Setting next_dagrun for example_python_operator to None
[2022-11-30 03:58:50,905] {processor.py:171} INFO - Processing /home/airflow/.local/lib/python3.7/site-packages/airflow/example_dags/example_python_operator.py took 0.070 seconds
[2022-11-30 03:59:21,675] {processor.py:163} INFO - Started process (PID=3675) to work on /home/airflow/.local/lib/python3.7/site-packages/airflow/example_dags/example_python_operator.py
[2022-11-30 03:59:21,676] {processor.py:642} INFO - Processing file /home/airflow/.local/lib/python3.7/site-packages/airflow/example_dags/example_python_operator.py for tasks to queue
[2022-11-30 03:59:21,677] {logging_mixin.py:109} INFO - [2022-11-30 03:59:21,677] {dagbag.py:500} INFO - Filling up the DagBag from /home/airflow/.local/lib/python3.7/site-packages/airflow/example_dags/example_python_operator.py
[2022-11-30 03:59:21,723] {processor.py:654} INFO - DAG(s) dict_keys(['example_python_operator']) retrieved from /home/airflow/.local/lib/python3.7/site-packages/airflow/example_dags/example_python_operator.py
[2022-11-30 03:59:21,735] {logging_mixin.py:109} INFO - [2022-11-30 03:59:21,735] {dag.py:2398} INFO - Sync 1 DAGs
[2022-11-30 03:59:21,753] {logging_mixin.py:109} INFO - [2022-11-30 03:59:21,753] {dag.py:2937} INFO - Setting next_dagrun for example_python_operator to None
[2022-11-30 03:59:21,766] {processor.py:171} INFO - Processing /home/airflow/.local/lib/python3.7/site-packages/airflow/example_dags/example_python_operator.py took 0.094 seconds
[2022-11-30 03:59:52,178] {processor.py:163} INFO - Started process (PID=3752) to work on /home/airflow/.local/lib/python3.7/site-packages/airflow/example_dags/example_python_operator.py
[2022-11-30 03:59:52,179] {processor.py:642} INFO - Processing file /home/airflow/.local/lib/python3.7/site-packages/airflow/example_dags/example_python_operator.py for tasks to queue
[2022-11-30 03:59:52,180] {logging_mixin.py:109} INFO - [2022-11-30 03:59:52,180] {dagbag.py:500} INFO - Filling up the DagBag from /home/airflow/.local/lib/python3.7/site-packages/airflow/example_dags/example_python_operator.py
[2022-11-30 03:59:52,208] {processor.py:654} INFO - DAG(s) dict_keys(['example_python_operator']) retrieved from /home/airflow/.local/lib/python3.7/site-packages/airflow/example_dags/example_python_operator.py
[2022-11-30 03:59:52,217] {logging_mixin.py:109} INFO - [2022-11-30 03:59:52,217] {dag.py:2398} INFO - Sync 1 DAGs
[2022-11-30 03:59:52,231] {logging_mixin.py:109} INFO - [2022-11-30 03:59:52,230] {dag.py:2937} INFO - Setting next_dagrun for example_python_operator to None
[2022-11-30 03:59:52,239] {processor.py:171} INFO - Processing /home/airflow/.local/lib/python3.7/site-packages/airflow/example_dags/example_python_operator.py took 0.064 seconds
[2022-11-30 04:00:22,486] {processor.py:163} INFO - Started process (PID=3838) to work on /home/airflow/.local/lib/python3.7/site-packages/airflow/example_dags/example_python_operator.py
[2022-11-30 04:00:22,487] {processor.py:642} INFO - Processing file /home/airflow/.local/lib/python3.7/site-packages/airflow/example_dags/example_python_operator.py for tasks to queue
[2022-11-30 04:00:22,487] {logging_mixin.py:109} INFO - [2022-11-30 04:00:22,487] {dagbag.py:500} INFO - Filling up the DagBag from /home/airflow/.local/lib/python3.7/site-packages/airflow/example_dags/example_python_operator.py
[2022-11-30 04:00:22,525] {processor.py:654} INFO - DAG(s) dict_keys(['example_python_operator']) retrieved from /home/airflow/.local/lib/python3.7/site-packages/airflow/example_dags/example_python_operator.py
[2022-11-30 04:00:22,538] {logging_mixin.py:109} INFO - [2022-11-30 04:00:22,537] {dag.py:2398} INFO - Sync 1 DAGs
[2022-11-30 04:00:22,558] {logging_mixin.py:109} INFO - [2022-11-30 04:00:22,558] {dag.py:2937} INFO - Setting next_dagrun for example_python_operator to None
[2022-11-30 04:00:22,571] {processor.py:171} INFO - Processing /home/airflow/.local/lib/python3.7/site-packages/airflow/example_dags/example_python_operator.py took 0.088 seconds
[2022-11-30 04:00:53,179] {processor.py:163} INFO - Started process (PID=3915) to work on /home/airflow/.local/lib/python3.7/site-packages/airflow/example_dags/example_python_operator.py
[2022-11-30 04:00:53,180] {processor.py:642} INFO - Processing file /home/airflow/.local/lib/python3.7/site-packages/airflow/example_dags/example_python_operator.py for tasks to queue
[2022-11-30 04:00:53,181] {logging_mixin.py:109} INFO - [2022-11-30 04:00:53,181] {dagbag.py:500} INFO - Filling up the DagBag from /home/airflow/.local/lib/python3.7/site-packages/airflow/example_dags/example_python_operator.py
[2022-11-30 04:00:53,223] {processor.py:654} INFO - DAG(s) dict_keys(['example_python_operator']) retrieved from /home/airflow/.local/lib/python3.7/site-packages/airflow/example_dags/example_python_operator.py
[2022-11-30 04:00:53,233] {logging_mixin.py:109} INFO - [2022-11-30 04:00:53,233] {dag.py:2398} INFO - Sync 1 DAGs
[2022-11-30 04:00:53,253] {logging_mixin.py:109} INFO - [2022-11-30 04:00:53,253] {dag.py:2937} INFO - Setting next_dagrun for example_python_operator to None
[2022-11-30 04:00:53,265] {processor.py:171} INFO - Processing /home/airflow/.local/lib/python3.7/site-packages/airflow/example_dags/example_python_operator.py took 0.089 seconds
[2022-11-30 04:01:23,693] {processor.py:163} INFO - Started process (PID=3992) to work on /home/airflow/.local/lib/python3.7/site-packages/airflow/example_dags/example_python_operator.py
[2022-11-30 04:01:23,694] {processor.py:642} INFO - Processing file /home/airflow/.local/lib/python3.7/site-packages/airflow/example_dags/example_python_operator.py for tasks to queue
[2022-11-30 04:01:23,694] {logging_mixin.py:109} INFO - [2022-11-30 04:01:23,694] {dagbag.py:500} INFO - Filling up the DagBag from /home/airflow/.local/lib/python3.7/site-packages/airflow/example_dags/example_python_operator.py
[2022-11-30 04:01:23,723] {processor.py:654} INFO - DAG(s) dict_keys(['example_python_operator']) retrieved from /home/airflow/.local/lib/python3.7/site-packages/airflow/example_dags/example_python_operator.py
[2022-11-30 04:01:23,731] {logging_mixin.py:109} INFO - [2022-11-30 04:01:23,731] {dag.py:2398} INFO - Sync 1 DAGs
[2022-11-30 04:01:23,744] {logging_mixin.py:109} INFO - [2022-11-30 04:01:23,744] {dag.py:2937} INFO - Setting next_dagrun for example_python_operator to None
[2022-11-30 04:01:23,751] {processor.py:171} INFO - Processing /home/airflow/.local/lib/python3.7/site-packages/airflow/example_dags/example_python_operator.py took 0.061 seconds
[2022-11-30 04:01:54,538] {processor.py:163} INFO - Started process (PID=4078) to work on /home/airflow/.local/lib/python3.7/site-packages/airflow/example_dags/example_python_operator.py
[2022-11-30 04:01:54,539] {processor.py:642} INFO - Processing file /home/airflow/.local/lib/python3.7/site-packages/airflow/example_dags/example_python_operator.py for tasks to queue
[2022-11-30 04:01:54,540] {logging_mixin.py:109} INFO - [2022-11-30 04:01:54,540] {dagbag.py:500} INFO - Filling up the DagBag from /home/airflow/.local/lib/python3.7/site-packages/airflow/example_dags/example_python_operator.py
[2022-11-30 04:01:54,570] {processor.py:654} INFO - DAG(s) dict_keys(['example_python_operator']) retrieved from /home/airflow/.local/lib/python3.7/site-packages/airflow/example_dags/example_python_operator.py
[2022-11-30 04:01:54,580] {logging_mixin.py:109} INFO - [2022-11-30 04:01:54,580] {dag.py:2398} INFO - Sync 1 DAGs
[2022-11-30 04:01:54,609] {logging_mixin.py:109} INFO - [2022-11-30 04:01:54,609] {dag.py:2937} INFO - Setting next_dagrun for example_python_operator to None
[2022-11-30 04:01:54,619] {processor.py:171} INFO - Processing /home/airflow/.local/lib/python3.7/site-packages/airflow/example_dags/example_python_operator.py took 0.085 seconds
[2022-11-30 04:02:27,468] {processor.py:163} INFO - Started process (PID=4155) to work on /home/airflow/.local/lib/python3.7/site-packages/airflow/example_dags/example_python_operator.py
[2022-11-30 04:02:27,474] {processor.py:642} INFO - Processing file /home/airflow/.local/lib/python3.7/site-packages/airflow/example_dags/example_python_operator.py for tasks to queue
[2022-11-30 04:02:27,475] {logging_mixin.py:109} INFO - [2022-11-30 04:02:27,475] {dagbag.py:500} INFO - Filling up the DagBag from /home/airflow/.local/lib/python3.7/site-packages/airflow/example_dags/example_python_operator.py
[2022-11-30 04:02:27,569] {processor.py:654} INFO - DAG(s) dict_keys(['example_python_operator']) retrieved from /home/airflow/.local/lib/python3.7/site-packages/airflow/example_dags/example_python_operator.py
[2022-11-30 04:02:27,590] {logging_mixin.py:109} INFO - [2022-11-30 04:02:27,590] {dag.py:2398} INFO - Sync 1 DAGs
[2022-11-30 04:02:27,636] {logging_mixin.py:109} INFO - [2022-11-30 04:02:27,636] {dag.py:2937} INFO - Setting next_dagrun for example_python_operator to None
[2022-11-30 04:02:27,656] {processor.py:171} INFO - Processing /home/airflow/.local/lib/python3.7/site-packages/airflow/example_dags/example_python_operator.py took 0.191 seconds
[2022-11-30 04:02:57,887] {processor.py:163} INFO - Started process (PID=4232) to work on /home/airflow/.local/lib/python3.7/site-packages/airflow/example_dags/example_python_operator.py
[2022-11-30 04:02:57,888] {processor.py:642} INFO - Processing file /home/airflow/.local/lib/python3.7/site-packages/airflow/example_dags/example_python_operator.py for tasks to queue
[2022-11-30 04:02:57,889] {logging_mixin.py:109} INFO - [2022-11-30 04:02:57,889] {dagbag.py:500} INFO - Filling up the DagBag from /home/airflow/.local/lib/python3.7/site-packages/airflow/example_dags/example_python_operator.py
[2022-11-30 04:02:57,920] {processor.py:654} INFO - DAG(s) dict_keys(['example_python_operator']) retrieved from /home/airflow/.local/lib/python3.7/site-packages/airflow/example_dags/example_python_operator.py
[2022-11-30 04:02:57,930] {logging_mixin.py:109} INFO - [2022-11-30 04:02:57,930] {dag.py:2398} INFO - Sync 1 DAGs
[2022-11-30 04:02:57,944] {logging_mixin.py:109} INFO - [2022-11-30 04:02:57,943] {dag.py:2937} INFO - Setting next_dagrun for example_python_operator to None
[2022-11-30 04:02:57,953] {processor.py:171} INFO - Processing /home/airflow/.local/lib/python3.7/site-packages/airflow/example_dags/example_python_operator.py took 0.069 seconds
[2022-11-30 04:03:29,735] {processor.py:163} INFO - Started process (PID=4318) to work on /home/airflow/.local/lib/python3.7/site-packages/airflow/example_dags/example_python_operator.py
[2022-11-30 04:03:29,736] {processor.py:642} INFO - Processing file /home/airflow/.local/lib/python3.7/site-packages/airflow/example_dags/example_python_operator.py for tasks to queue
[2022-11-30 04:03:29,737] {logging_mixin.py:109} INFO - [2022-11-30 04:03:29,737] {dagbag.py:500} INFO - Filling up the DagBag from /home/airflow/.local/lib/python3.7/site-packages/airflow/example_dags/example_python_operator.py
[2022-11-30 04:03:29,769] {processor.py:654} INFO - DAG(s) dict_keys(['example_python_operator']) retrieved from /home/airflow/.local/lib/python3.7/site-packages/airflow/example_dags/example_python_operator.py
[2022-11-30 04:03:29,780] {logging_mixin.py:109} INFO - [2022-11-30 04:03:29,780] {dag.py:2398} INFO - Sync 1 DAGs
[2022-11-30 04:03:29,795] {logging_mixin.py:109} INFO - [2022-11-30 04:03:29,794] {dag.py:2937} INFO - Setting next_dagrun for example_python_operator to None
[2022-11-30 04:03:29,804] {processor.py:171} INFO - Processing /home/airflow/.local/lib/python3.7/site-packages/airflow/example_dags/example_python_operator.py took 0.072 seconds
[2022-11-30 04:04:00,033] {processor.py:163} INFO - Started process (PID=4395) to work on /home/airflow/.local/lib/python3.7/site-packages/airflow/example_dags/example_python_operator.py
[2022-11-30 04:04:00,034] {processor.py:642} INFO - Processing file /home/airflow/.local/lib/python3.7/site-packages/airflow/example_dags/example_python_operator.py for tasks to queue
[2022-11-30 04:04:00,035] {logging_mixin.py:109} INFO - [2022-11-30 04:04:00,034] {dagbag.py:500} INFO - Filling up the DagBag from /home/airflow/.local/lib/python3.7/site-packages/airflow/example_dags/example_python_operator.py
[2022-11-30 04:04:00,073] {processor.py:654} INFO - DAG(s) dict_keys(['example_python_operator']) retrieved from /home/airflow/.local/lib/python3.7/site-packages/airflow/example_dags/example_python_operator.py
[2022-11-30 04:04:00,087] {logging_mixin.py:109} INFO - [2022-11-30 04:04:00,087] {dag.py:2398} INFO - Sync 1 DAGs
[2022-11-30 04:04:00,108] {logging_mixin.py:109} INFO - [2022-11-30 04:04:00,108] {dag.py:2937} INFO - Setting next_dagrun for example_python_operator to None
[2022-11-30 04:04:00,118] {processor.py:171} INFO - Processing /home/airflow/.local/lib/python3.7/site-packages/airflow/example_dags/example_python_operator.py took 0.088 seconds
[2022-11-30 04:04:31,404] {processor.py:163} INFO - Started process (PID=4481) to work on /home/airflow/.local/lib/python3.7/site-packages/airflow/example_dags/example_python_operator.py
[2022-11-30 04:04:31,406] {processor.py:642} INFO - Processing file /home/airflow/.local/lib/python3.7/site-packages/airflow/example_dags/example_python_operator.py for tasks to queue
[2022-11-30 04:04:31,406] {logging_mixin.py:109} INFO - [2022-11-30 04:04:31,406] {dagbag.py:500} INFO - Filling up the DagBag from /home/airflow/.local/lib/python3.7/site-packages/airflow/example_dags/example_python_operator.py
[2022-11-30 04:04:31,436] {processor.py:654} INFO - DAG(s) dict_keys(['example_python_operator']) retrieved from /home/airflow/.local/lib/python3.7/site-packages/airflow/example_dags/example_python_operator.py
[2022-11-30 04:04:31,446] {logging_mixin.py:109} INFO - [2022-11-30 04:04:31,446] {dag.py:2398} INFO - Sync 1 DAGs
[2022-11-30 04:04:31,460] {logging_mixin.py:109} INFO - [2022-11-30 04:04:31,460] {dag.py:2937} INFO - Setting next_dagrun for example_python_operator to None
[2022-11-30 04:04:31,468] {processor.py:171} INFO - Processing /home/airflow/.local/lib/python3.7/site-packages/airflow/example_dags/example_python_operator.py took 0.067 seconds
[2022-11-30 04:05:02,836] {processor.py:163} INFO - Started process (PID=4558) to work on /home/airflow/.local/lib/python3.7/site-packages/airflow/example_dags/example_python_operator.py
[2022-11-30 04:05:02,837] {processor.py:642} INFO - Processing file /home/airflow/.local/lib/python3.7/site-packages/airflow/example_dags/example_python_operator.py for tasks to queue
[2022-11-30 04:05:02,837] {logging_mixin.py:109} INFO - [2022-11-30 04:05:02,837] {dagbag.py:500} INFO - Filling up the DagBag from /home/airflow/.local/lib/python3.7/site-packages/airflow/example_dags/example_python_operator.py
[2022-11-30 04:05:02,865] {processor.py:654} INFO - DAG(s) dict_keys(['example_python_operator']) retrieved from /home/airflow/.local/lib/python3.7/site-packages/airflow/example_dags/example_python_operator.py
[2022-11-30 04:05:02,874] {logging_mixin.py:109} INFO - [2022-11-30 04:05:02,874] {dag.py:2398} INFO - Sync 1 DAGs
[2022-11-30 04:05:02,887] {logging_mixin.py:109} INFO - [2022-11-30 04:05:02,886] {dag.py:2937} INFO - Setting next_dagrun for example_python_operator to None
[2022-11-30 04:05:02,898] {processor.py:171} INFO - Processing /home/airflow/.local/lib/python3.7/site-packages/airflow/example_dags/example_python_operator.py took 0.064 seconds
[2022-11-30 04:05:34,262] {processor.py:163} INFO - Started process (PID=4644) to work on /home/airflow/.local/lib/python3.7/site-packages/airflow/example_dags/example_python_operator.py
[2022-11-30 04:05:34,263] {processor.py:642} INFO - Processing file /home/airflow/.local/lib/python3.7/site-packages/airflow/example_dags/example_python_operator.py for tasks to queue
[2022-11-30 04:05:34,263] {logging_mixin.py:109} INFO - [2022-11-30 04:05:34,263] {dagbag.py:500} INFO - Filling up the DagBag from /home/airflow/.local/lib/python3.7/site-packages/airflow/example_dags/example_python_operator.py
[2022-11-30 04:05:34,292] {processor.py:654} INFO - DAG(s) dict_keys(['example_python_operator']) retrieved from /home/airflow/.local/lib/python3.7/site-packages/airflow/example_dags/example_python_operator.py
[2022-11-30 04:05:34,300] {logging_mixin.py:109} INFO - [2022-11-30 04:05:34,300] {dag.py:2398} INFO - Sync 1 DAGs
[2022-11-30 04:05:34,312] {logging_mixin.py:109} INFO - [2022-11-30 04:05:34,312] {dag.py:2937} INFO - Setting next_dagrun for example_python_operator to None
[2022-11-30 04:05:34,321] {processor.py:171} INFO - Processing /home/airflow/.local/lib/python3.7/site-packages/airflow/example_dags/example_python_operator.py took 0.062 seconds
[2022-11-30 04:06:05,600] {processor.py:163} INFO - Started process (PID=4721) to work on /home/airflow/.local/lib/python3.7/site-packages/airflow/example_dags/example_python_operator.py
[2022-11-30 04:06:05,600] {processor.py:642} INFO - Processing file /home/airflow/.local/lib/python3.7/site-packages/airflow/example_dags/example_python_operator.py for tasks to queue
[2022-11-30 04:06:05,601] {logging_mixin.py:109} INFO - [2022-11-30 04:06:05,601] {dagbag.py:500} INFO - Filling up the DagBag from /home/airflow/.local/lib/python3.7/site-packages/airflow/example_dags/example_python_operator.py
[2022-11-30 04:06:05,630] {processor.py:654} INFO - DAG(s) dict_keys(['example_python_operator']) retrieved from /home/airflow/.local/lib/python3.7/site-packages/airflow/example_dags/example_python_operator.py
[2022-11-30 04:06:05,639] {logging_mixin.py:109} INFO - [2022-11-30 04:06:05,639] {dag.py:2398} INFO - Sync 1 DAGs
[2022-11-30 04:06:05,651] {logging_mixin.py:109} INFO - [2022-11-30 04:06:05,651] {dag.py:2937} INFO - Setting next_dagrun for example_python_operator to None
[2022-11-30 04:06:05,658] {processor.py:171} INFO - Processing /home/airflow/.local/lib/python3.7/site-packages/airflow/example_dags/example_python_operator.py took 0.062 seconds
[2022-11-30 04:06:37,200] {processor.py:163} INFO - Started process (PID=4807) to work on /home/airflow/.local/lib/python3.7/site-packages/airflow/example_dags/example_python_operator.py
[2022-11-30 04:06:37,202] {processor.py:642} INFO - Processing file /home/airflow/.local/lib/python3.7/site-packages/airflow/example_dags/example_python_operator.py for tasks to queue
[2022-11-30 04:06:37,203] {logging_mixin.py:109} INFO - [2022-11-30 04:06:37,203] {dagbag.py:500} INFO - Filling up the DagBag from /home/airflow/.local/lib/python3.7/site-packages/airflow/example_dags/example_python_operator.py
[2022-11-30 04:06:37,250] {processor.py:654} INFO - DAG(s) dict_keys(['example_python_operator']) retrieved from /home/airflow/.local/lib/python3.7/site-packages/airflow/example_dags/example_python_operator.py
[2022-11-30 04:06:37,264] {logging_mixin.py:109} INFO - [2022-11-30 04:06:37,264] {dag.py:2398} INFO - Sync 1 DAGs
[2022-11-30 04:06:37,287] {logging_mixin.py:109} INFO - [2022-11-30 04:06:37,287] {dag.py:2937} INFO - Setting next_dagrun for example_python_operator to None
[2022-11-30 04:06:37,297] {processor.py:171} INFO - Processing /home/airflow/.local/lib/python3.7/site-packages/airflow/example_dags/example_python_operator.py took 0.101 seconds
[2022-11-30 04:07:08,690] {processor.py:163} INFO - Started process (PID=4884) to work on /home/airflow/.local/lib/python3.7/site-packages/airflow/example_dags/example_python_operator.py
[2022-11-30 04:07:08,691] {processor.py:642} INFO - Processing file /home/airflow/.local/lib/python3.7/site-packages/airflow/example_dags/example_python_operator.py for tasks to queue
[2022-11-30 04:07:08,691] {logging_mixin.py:109} INFO - [2022-11-30 04:07:08,691] {dagbag.py:500} INFO - Filling up the DagBag from /home/airflow/.local/lib/python3.7/site-packages/airflow/example_dags/example_python_operator.py
[2022-11-30 04:07:08,718] {processor.py:654} INFO - DAG(s) dict_keys(['example_python_operator']) retrieved from /home/airflow/.local/lib/python3.7/site-packages/airflow/example_dags/example_python_operator.py
[2022-11-30 04:07:08,726] {logging_mixin.py:109} INFO - [2022-11-30 04:07:08,726] {dag.py:2398} INFO - Sync 1 DAGs
[2022-11-30 04:07:08,738] {logging_mixin.py:109} INFO - [2022-11-30 04:07:08,738] {dag.py:2937} INFO - Setting next_dagrun for example_python_operator to None
[2022-11-30 04:07:08,747] {processor.py:171} INFO - Processing /home/airflow/.local/lib/python3.7/site-packages/airflow/example_dags/example_python_operator.py took 0.060 seconds
[2022-11-30 04:07:40,128] {processor.py:163} INFO - Started process (PID=4970) to work on /home/airflow/.local/lib/python3.7/site-packages/airflow/example_dags/example_python_operator.py
[2022-11-30 04:07:40,130] {processor.py:642} INFO - Processing file /home/airflow/.local/lib/python3.7/site-packages/airflow/example_dags/example_python_operator.py for tasks to queue
[2022-11-30 04:07:40,131] {logging_mixin.py:109} INFO - [2022-11-30 04:07:40,131] {dagbag.py:500} INFO - Filling up the DagBag from /home/airflow/.local/lib/python3.7/site-packages/airflow/example_dags/example_python_operator.py
[2022-11-30 04:07:40,173] {processor.py:654} INFO - DAG(s) dict_keys(['example_python_operator']) retrieved from /home/airflow/.local/lib/python3.7/site-packages/airflow/example_dags/example_python_operator.py
[2022-11-30 04:07:40,185] {logging_mixin.py:109} INFO - [2022-11-30 04:07:40,185] {dag.py:2398} INFO - Sync 1 DAGs
[2022-11-30 04:07:40,204] {logging_mixin.py:109} INFO - [2022-11-30 04:07:40,204] {dag.py:2937} INFO - Setting next_dagrun for example_python_operator to None
[2022-11-30 04:07:40,215] {processor.py:171} INFO - Processing /home/airflow/.local/lib/python3.7/site-packages/airflow/example_dags/example_python_operator.py took 0.090 seconds
[2022-11-30 04:08:11,523] {processor.py:163} INFO - Started process (PID=5046) to work on /home/airflow/.local/lib/python3.7/site-packages/airflow/example_dags/example_python_operator.py
[2022-11-30 04:08:11,524] {processor.py:642} INFO - Processing file /home/airflow/.local/lib/python3.7/site-packages/airflow/example_dags/example_python_operator.py for tasks to queue
[2022-11-30 04:08:11,525] {logging_mixin.py:109} INFO - [2022-11-30 04:08:11,524] {dagbag.py:500} INFO - Filling up the DagBag from /home/airflow/.local/lib/python3.7/site-packages/airflow/example_dags/example_python_operator.py
[2022-11-30 04:08:11,556] {processor.py:654} INFO - DAG(s) dict_keys(['example_python_operator']) retrieved from /home/airflow/.local/lib/python3.7/site-packages/airflow/example_dags/example_python_operator.py
[2022-11-30 04:08:11,565] {logging_mixin.py:109} INFO - [2022-11-30 04:08:11,565] {dag.py:2398} INFO - Sync 1 DAGs
[2022-11-30 04:08:11,578] {logging_mixin.py:109} INFO - [2022-11-30 04:08:11,577] {dag.py:2937} INFO - Setting next_dagrun for example_python_operator to None
[2022-11-30 04:08:11,585] {processor.py:171} INFO - Processing /home/airflow/.local/lib/python3.7/site-packages/airflow/example_dags/example_python_operator.py took 0.065 seconds
[2022-11-30 04:08:43,146] {processor.py:163} INFO - Started process (PID=5132) to work on /home/airflow/.local/lib/python3.7/site-packages/airflow/example_dags/example_python_operator.py
[2022-11-30 04:08:43,147] {processor.py:642} INFO - Processing file /home/airflow/.local/lib/python3.7/site-packages/airflow/example_dags/example_python_operator.py for tasks to queue
[2022-11-30 04:08:43,148] {logging_mixin.py:109} INFO - [2022-11-30 04:08:43,148] {dagbag.py:500} INFO - Filling up the DagBag from /home/airflow/.local/lib/python3.7/site-packages/airflow/example_dags/example_python_operator.py
[2022-11-30 04:08:43,185] {processor.py:654} INFO - DAG(s) dict_keys(['example_python_operator']) retrieved from /home/airflow/.local/lib/python3.7/site-packages/airflow/example_dags/example_python_operator.py
[2022-11-30 04:08:43,199] {logging_mixin.py:109} INFO - [2022-11-30 04:08:43,199] {dag.py:2398} INFO - Sync 1 DAGs
[2022-11-30 04:08:43,216] {logging_mixin.py:109} INFO - [2022-11-30 04:08:43,216] {dag.py:2937} INFO - Setting next_dagrun for example_python_operator to None
[2022-11-30 04:08:43,225] {processor.py:171} INFO - Processing /home/airflow/.local/lib/python3.7/site-packages/airflow/example_dags/example_python_operator.py took 0.082 seconds
[2022-11-30 04:09:13,485] {processor.py:163} INFO - Started process (PID=5210) to work on /home/airflow/.local/lib/python3.7/site-packages/airflow/example_dags/example_python_operator.py
[2022-11-30 04:09:13,487] {processor.py:642} INFO - Processing file /home/airflow/.local/lib/python3.7/site-packages/airflow/example_dags/example_python_operator.py for tasks to queue
[2022-11-30 04:09:13,488] {logging_mixin.py:109} INFO - [2022-11-30 04:09:13,487] {dagbag.py:500} INFO - Filling up the DagBag from /home/airflow/.local/lib/python3.7/site-packages/airflow/example_dags/example_python_operator.py
[2022-11-30 04:09:13,524] {processor.py:654} INFO - DAG(s) dict_keys(['example_python_operator']) retrieved from /home/airflow/.local/lib/python3.7/site-packages/airflow/example_dags/example_python_operator.py
[2022-11-30 04:09:13,537] {logging_mixin.py:109} INFO - [2022-11-30 04:09:13,537] {dag.py:2398} INFO - Sync 1 DAGs
[2022-11-30 04:09:13,553] {logging_mixin.py:109} INFO - [2022-11-30 04:09:13,553] {dag.py:2937} INFO - Setting next_dagrun for example_python_operator to None
[2022-11-30 04:09:13,561] {processor.py:171} INFO - Processing /home/airflow/.local/lib/python3.7/site-packages/airflow/example_dags/example_python_operator.py took 0.080 seconds
[2022-11-30 04:09:44,950] {processor.py:163} INFO - Started process (PID=5297) to work on /home/airflow/.local/lib/python3.7/site-packages/airflow/example_dags/example_python_operator.py
[2022-11-30 04:09:44,950] {processor.py:642} INFO - Processing file /home/airflow/.local/lib/python3.7/site-packages/airflow/example_dags/example_python_operator.py for tasks to queue
[2022-11-30 04:09:44,951] {logging_mixin.py:109} INFO - [2022-11-30 04:09:44,951] {dagbag.py:500} INFO - Filling up the DagBag from /home/airflow/.local/lib/python3.7/site-packages/airflow/example_dags/example_python_operator.py
[2022-11-30 04:09:44,983] {processor.py:654} INFO - DAG(s) dict_keys(['example_python_operator']) retrieved from /home/airflow/.local/lib/python3.7/site-packages/airflow/example_dags/example_python_operator.py
[2022-11-30 04:09:44,992] {logging_mixin.py:109} INFO - [2022-11-30 04:09:44,992] {dag.py:2398} INFO - Sync 1 DAGs
[2022-11-30 04:09:45,006] {logging_mixin.py:109} INFO - [2022-11-30 04:09:45,006] {dag.py:2937} INFO - Setting next_dagrun for example_python_operator to None
[2022-11-30 04:09:45,014] {processor.py:171} INFO - Processing /home/airflow/.local/lib/python3.7/site-packages/airflow/example_dags/example_python_operator.py took 0.067 seconds
[2022-11-30 04:10:15,789] {processor.py:163} INFO - Started process (PID=5374) to work on /home/airflow/.local/lib/python3.7/site-packages/airflow/example_dags/example_python_operator.py
[2022-11-30 04:10:15,790] {processor.py:642} INFO - Processing file /home/airflow/.local/lib/python3.7/site-packages/airflow/example_dags/example_python_operator.py for tasks to queue
[2022-11-30 04:10:15,790] {logging_mixin.py:109} INFO - [2022-11-30 04:10:15,790] {dagbag.py:500} INFO - Filling up the DagBag from /home/airflow/.local/lib/python3.7/site-packages/airflow/example_dags/example_python_operator.py
[2022-11-30 04:10:15,818] {processor.py:654} INFO - DAG(s) dict_keys(['example_python_operator']) retrieved from /home/airflow/.local/lib/python3.7/site-packages/airflow/example_dags/example_python_operator.py
[2022-11-30 04:10:15,825] {logging_mixin.py:109} INFO - [2022-11-30 04:10:15,825] {dag.py:2398} INFO - Sync 1 DAGs
[2022-11-30 04:10:15,838] {logging_mixin.py:109} INFO - [2022-11-30 04:10:15,838] {dag.py:2937} INFO - Setting next_dagrun for example_python_operator to None
[2022-11-30 04:10:15,846] {processor.py:171} INFO - Processing /home/airflow/.local/lib/python3.7/site-packages/airflow/example_dags/example_python_operator.py took 0.059 seconds
[2022-11-30 04:10:47,297] {processor.py:163} INFO - Started process (PID=5460) to work on /home/airflow/.local/lib/python3.7/site-packages/airflow/example_dags/example_python_operator.py
[2022-11-30 04:10:47,298] {processor.py:642} INFO - Processing file /home/airflow/.local/lib/python3.7/site-packages/airflow/example_dags/example_python_operator.py for tasks to queue
[2022-11-30 04:10:47,299] {logging_mixin.py:109} INFO - [2022-11-30 04:10:47,299] {dagbag.py:500} INFO - Filling up the DagBag from /home/airflow/.local/lib/python3.7/site-packages/airflow/example_dags/example_python_operator.py
[2022-11-30 04:10:47,336] {processor.py:654} INFO - DAG(s) dict_keys(['example_python_operator']) retrieved from /home/airflow/.local/lib/python3.7/site-packages/airflow/example_dags/example_python_operator.py
[2022-11-30 04:10:47,349] {logging_mixin.py:109} INFO - [2022-11-30 04:10:47,349] {dag.py:2398} INFO - Sync 1 DAGs
[2022-11-30 04:10:47,372] {logging_mixin.py:109} INFO - [2022-11-30 04:10:47,371] {dag.py:2937} INFO - Setting next_dagrun for example_python_operator to None
[2022-11-30 04:10:47,383] {processor.py:171} INFO - Processing /home/airflow/.local/lib/python3.7/site-packages/airflow/example_dags/example_python_operator.py took 0.088 seconds
[2022-11-30 04:11:18,691] {processor.py:163} INFO - Started process (PID=5537) to work on /home/airflow/.local/lib/python3.7/site-packages/airflow/example_dags/example_python_operator.py
[2022-11-30 04:11:18,692] {processor.py:642} INFO - Processing file /home/airflow/.local/lib/python3.7/site-packages/airflow/example_dags/example_python_operator.py for tasks to queue
[2022-11-30 04:11:18,692] {logging_mixin.py:109} INFO - [2022-11-30 04:11:18,692] {dagbag.py:500} INFO - Filling up the DagBag from /home/airflow/.local/lib/python3.7/site-packages/airflow/example_dags/example_python_operator.py
[2022-11-30 04:11:18,719] {processor.py:654} INFO - DAG(s) dict_keys(['example_python_operator']) retrieved from /home/airflow/.local/lib/python3.7/site-packages/airflow/example_dags/example_python_operator.py
[2022-11-30 04:11:18,728] {logging_mixin.py:109} INFO - [2022-11-30 04:11:18,728] {dag.py:2398} INFO - Sync 1 DAGs
[2022-11-30 04:11:18,743] {logging_mixin.py:109} INFO - [2022-11-30 04:11:18,743] {dag.py:2937} INFO - Setting next_dagrun for example_python_operator to None
[2022-11-30 04:11:18,753] {processor.py:171} INFO - Processing /home/airflow/.local/lib/python3.7/site-packages/airflow/example_dags/example_python_operator.py took 0.064 seconds
[2022-11-30 04:11:50,267] {processor.py:163} INFO - Started process (PID=5623) to work on /home/airflow/.local/lib/python3.7/site-packages/airflow/example_dags/example_python_operator.py
[2022-11-30 04:11:50,268] {processor.py:642} INFO - Processing file /home/airflow/.local/lib/python3.7/site-packages/airflow/example_dags/example_python_operator.py for tasks to queue
[2022-11-30 04:11:50,269] {logging_mixin.py:109} INFO - [2022-11-30 04:11:50,269] {dagbag.py:500} INFO - Filling up the DagBag from /home/airflow/.local/lib/python3.7/site-packages/airflow/example_dags/example_python_operator.py
[2022-11-30 04:11:50,300] {processor.py:654} INFO - DAG(s) dict_keys(['example_python_operator']) retrieved from /home/airflow/.local/lib/python3.7/site-packages/airflow/example_dags/example_python_operator.py
[2022-11-30 04:11:50,310] {logging_mixin.py:109} INFO - [2022-11-30 04:11:50,309] {dag.py:2398} INFO - Sync 1 DAGs
[2022-11-30 04:11:50,326] {logging_mixin.py:109} INFO - [2022-11-30 04:11:50,326] {dag.py:2937} INFO - Setting next_dagrun for example_python_operator to None
[2022-11-30 04:11:50,336] {processor.py:171} INFO - Processing /home/airflow/.local/lib/python3.7/site-packages/airflow/example_dags/example_python_operator.py took 0.072 seconds
[2022-11-30 04:12:20,913] {processor.py:163} INFO - Started process (PID=5701) to work on /home/airflow/.local/lib/python3.7/site-packages/airflow/example_dags/example_python_operator.py
[2022-11-30 04:12:20,914] {processor.py:642} INFO - Processing file /home/airflow/.local/lib/python3.7/site-packages/airflow/example_dags/example_python_operator.py for tasks to queue
[2022-11-30 04:12:20,915] {logging_mixin.py:109} INFO - [2022-11-30 04:12:20,915] {dagbag.py:500} INFO - Filling up the DagBag from /home/airflow/.local/lib/python3.7/site-packages/airflow/example_dags/example_python_operator.py
[2022-11-30 04:12:20,944] {processor.py:654} INFO - DAG(s) dict_keys(['example_python_operator']) retrieved from /home/airflow/.local/lib/python3.7/site-packages/airflow/example_dags/example_python_operator.py
[2022-11-30 04:12:20,952] {logging_mixin.py:109} INFO - [2022-11-30 04:12:20,952] {dag.py:2398} INFO - Sync 1 DAGs
[2022-11-30 04:12:20,964] {logging_mixin.py:109} INFO - [2022-11-30 04:12:20,964] {dag.py:2937} INFO - Setting next_dagrun for example_python_operator to None
[2022-11-30 04:12:20,972] {processor.py:171} INFO - Processing /home/airflow/.local/lib/python3.7/site-packages/airflow/example_dags/example_python_operator.py took 0.062 seconds
[2022-11-30 04:12:52,317] {processor.py:163} INFO - Started process (PID=5787) to work on /home/airflow/.local/lib/python3.7/site-packages/airflow/example_dags/example_python_operator.py
[2022-11-30 04:12:52,318] {processor.py:642} INFO - Processing file /home/airflow/.local/lib/python3.7/site-packages/airflow/example_dags/example_python_operator.py for tasks to queue
[2022-11-30 04:12:52,318] {logging_mixin.py:109} INFO - [2022-11-30 04:12:52,318] {dagbag.py:500} INFO - Filling up the DagBag from /home/airflow/.local/lib/python3.7/site-packages/airflow/example_dags/example_python_operator.py
[2022-11-30 04:12:52,351] {processor.py:654} INFO - DAG(s) dict_keys(['example_python_operator']) retrieved from /home/airflow/.local/lib/python3.7/site-packages/airflow/example_dags/example_python_operator.py
[2022-11-30 04:12:52,364] {logging_mixin.py:109} INFO - [2022-11-30 04:12:52,364] {dag.py:2398} INFO - Sync 1 DAGs
[2022-11-30 04:12:52,381] {logging_mixin.py:109} INFO - [2022-11-30 04:12:52,381] {dag.py:2937} INFO - Setting next_dagrun for example_python_operator to None
[2022-11-30 04:12:52,393] {processor.py:171} INFO - Processing /home/airflow/.local/lib/python3.7/site-packages/airflow/example_dags/example_python_operator.py took 0.078 seconds
[2022-11-30 04:13:23,624] {processor.py:163} INFO - Started process (PID=5865) to work on /home/airflow/.local/lib/python3.7/site-packages/airflow/example_dags/example_python_operator.py
[2022-11-30 04:13:23,625] {processor.py:642} INFO - Processing file /home/airflow/.local/lib/python3.7/site-packages/airflow/example_dags/example_python_operator.py for tasks to queue
[2022-11-30 04:13:23,626] {logging_mixin.py:109} INFO - [2022-11-30 04:13:23,626] {dagbag.py:500} INFO - Filling up the DagBag from /home/airflow/.local/lib/python3.7/site-packages/airflow/example_dags/example_python_operator.py
[2022-11-30 04:13:23,657] {processor.py:654} INFO - DAG(s) dict_keys(['example_python_operator']) retrieved from /home/airflow/.local/lib/python3.7/site-packages/airflow/example_dags/example_python_operator.py
[2022-11-30 04:13:23,666] {logging_mixin.py:109} INFO - [2022-11-30 04:13:23,666] {dag.py:2398} INFO - Sync 1 DAGs
[2022-11-30 04:13:23,679] {logging_mixin.py:109} INFO - [2022-11-30 04:13:23,679] {dag.py:2937} INFO - Setting next_dagrun for example_python_operator to None
[2022-11-30 04:13:23,688] {processor.py:171} INFO - Processing /home/airflow/.local/lib/python3.7/site-packages/airflow/example_dags/example_python_operator.py took 0.067 seconds
[2022-11-30 04:13:55,646] {processor.py:163} INFO - Started process (PID=5951) to work on /home/airflow/.local/lib/python3.7/site-packages/airflow/example_dags/example_python_operator.py
[2022-11-30 04:13:55,647] {processor.py:642} INFO - Processing file /home/airflow/.local/lib/python3.7/site-packages/airflow/example_dags/example_python_operator.py for tasks to queue
[2022-11-30 04:13:55,648] {logging_mixin.py:109} INFO - [2022-11-30 04:13:55,648] {dagbag.py:500} INFO - Filling up the DagBag from /home/airflow/.local/lib/python3.7/site-packages/airflow/example_dags/example_python_operator.py
[2022-11-30 04:13:55,685] {processor.py:654} INFO - DAG(s) dict_keys(['example_python_operator']) retrieved from /home/airflow/.local/lib/python3.7/site-packages/airflow/example_dags/example_python_operator.py
[2022-11-30 04:13:55,694] {logging_mixin.py:109} INFO - [2022-11-30 04:13:55,694] {dag.py:2398} INFO - Sync 1 DAGs
[2022-11-30 04:13:55,709] {logging_mixin.py:109} INFO - [2022-11-30 04:13:55,708] {dag.py:2937} INFO - Setting next_dagrun for example_python_operator to None
[2022-11-30 04:13:55,718] {processor.py:171} INFO - Processing /home/airflow/.local/lib/python3.7/site-packages/airflow/example_dags/example_python_operator.py took 0.076 seconds
[2022-11-30 04:14:26,247] {processor.py:163} INFO - Started process (PID=6028) to work on /home/airflow/.local/lib/python3.7/site-packages/airflow/example_dags/example_python_operator.py
[2022-11-30 04:14:26,248] {processor.py:642} INFO - Processing file /home/airflow/.local/lib/python3.7/site-packages/airflow/example_dags/example_python_operator.py for tasks to queue
[2022-11-30 04:14:26,249] {logging_mixin.py:109} INFO - [2022-11-30 04:14:26,249] {dagbag.py:500} INFO - Filling up the DagBag from /home/airflow/.local/lib/python3.7/site-packages/airflow/example_dags/example_python_operator.py
[2022-11-30 04:14:26,279] {processor.py:654} INFO - DAG(s) dict_keys(['example_python_operator']) retrieved from /home/airflow/.local/lib/python3.7/site-packages/airflow/example_dags/example_python_operator.py
[2022-11-30 04:14:26,289] {logging_mixin.py:109} INFO - [2022-11-30 04:14:26,289] {dag.py:2398} INFO - Sync 1 DAGs
[2022-11-30 04:14:26,304] {logging_mixin.py:109} INFO - [2022-11-30 04:14:26,304] {dag.py:2937} INFO - Setting next_dagrun for example_python_operator to None
[2022-11-30 04:14:26,314] {processor.py:171} INFO - Processing /home/airflow/.local/lib/python3.7/site-packages/airflow/example_dags/example_python_operator.py took 0.069 seconds
[2022-11-30 04:14:57,847] {processor.py:163} INFO - Started process (PID=6114) to work on /home/airflow/.local/lib/python3.7/site-packages/airflow/example_dags/example_python_operator.py
[2022-11-30 04:14:57,848] {processor.py:642} INFO - Processing file /home/airflow/.local/lib/python3.7/site-packages/airflow/example_dags/example_python_operator.py for tasks to queue
[2022-11-30 04:14:57,849] {logging_mixin.py:109} INFO - [2022-11-30 04:14:57,849] {dagbag.py:500} INFO - Filling up the DagBag from /home/airflow/.local/lib/python3.7/site-packages/airflow/example_dags/example_python_operator.py
[2022-11-30 04:14:57,883] {processor.py:654} INFO - DAG(s) dict_keys(['example_python_operator']) retrieved from /home/airflow/.local/lib/python3.7/site-packages/airflow/example_dags/example_python_operator.py
[2022-11-30 04:14:57,894] {logging_mixin.py:109} INFO - [2022-11-30 04:14:57,894] {dag.py:2398} INFO - Sync 1 DAGs
[2022-11-30 04:14:57,910] {logging_mixin.py:109} INFO - [2022-11-30 04:14:57,910] {dag.py:2937} INFO - Setting next_dagrun for example_python_operator to None
[2022-11-30 04:14:57,920] {processor.py:171} INFO - Processing /home/airflow/.local/lib/python3.7/site-packages/airflow/example_dags/example_python_operator.py took 0.076 seconds
[2022-11-30 04:15:28,667] {processor.py:163} INFO - Started process (PID=6191) to work on /home/airflow/.local/lib/python3.7/site-packages/airflow/example_dags/example_python_operator.py
[2022-11-30 04:15:28,668] {processor.py:642} INFO - Processing file /home/airflow/.local/lib/python3.7/site-packages/airflow/example_dags/example_python_operator.py for tasks to queue
[2022-11-30 04:15:28,668] {logging_mixin.py:109} INFO - [2022-11-30 04:15:28,668] {dagbag.py:500} INFO - Filling up the DagBag from /home/airflow/.local/lib/python3.7/site-packages/airflow/example_dags/example_python_operator.py
[2022-11-30 04:15:28,699] {processor.py:654} INFO - DAG(s) dict_keys(['example_python_operator']) retrieved from /home/airflow/.local/lib/python3.7/site-packages/airflow/example_dags/example_python_operator.py
[2022-11-30 04:15:28,709] {logging_mixin.py:109} INFO - [2022-11-30 04:15:28,709] {dag.py:2398} INFO - Sync 1 DAGs
[2022-11-30 04:15:28,725] {logging_mixin.py:109} INFO - [2022-11-30 04:15:28,725] {dag.py:2937} INFO - Setting next_dagrun for example_python_operator to None
[2022-11-30 04:15:28,735] {processor.py:171} INFO - Processing /home/airflow/.local/lib/python3.7/site-packages/airflow/example_dags/example_python_operator.py took 0.071 seconds
[2022-11-30 04:15:59,316] {processor.py:163} INFO - Started process (PID=6277) to work on /home/airflow/.local/lib/python3.7/site-packages/airflow/example_dags/example_python_operator.py
[2022-11-30 04:15:59,317] {processor.py:642} INFO - Processing file /home/airflow/.local/lib/python3.7/site-packages/airflow/example_dags/example_python_operator.py for tasks to queue
[2022-11-30 04:15:59,318] {logging_mixin.py:109} INFO - [2022-11-30 04:15:59,318] {dagbag.py:500} INFO - Filling up the DagBag from /home/airflow/.local/lib/python3.7/site-packages/airflow/example_dags/example_python_operator.py
[2022-11-30 04:15:59,346] {processor.py:654} INFO - DAG(s) dict_keys(['example_python_operator']) retrieved from /home/airflow/.local/lib/python3.7/site-packages/airflow/example_dags/example_python_operator.py
[2022-11-30 04:15:59,355] {logging_mixin.py:109} INFO - [2022-11-30 04:15:59,355] {dag.py:2398} INFO - Sync 1 DAGs
[2022-11-30 04:15:59,368] {logging_mixin.py:109} INFO - [2022-11-30 04:15:59,368] {dag.py:2937} INFO - Setting next_dagrun for example_python_operator to None
[2022-11-30 04:15:59,378] {processor.py:171} INFO - Processing /home/airflow/.local/lib/python3.7/site-packages/airflow/example_dags/example_python_operator.py took 0.065 seconds
[2022-11-30 04:16:30,108] {processor.py:163} INFO - Started process (PID=6354) to work on /home/airflow/.local/lib/python3.7/site-packages/airflow/example_dags/example_python_operator.py
[2022-11-30 04:16:30,109] {processor.py:642} INFO - Processing file /home/airflow/.local/lib/python3.7/site-packages/airflow/example_dags/example_python_operator.py for tasks to queue
[2022-11-30 04:16:30,110] {logging_mixin.py:109} INFO - [2022-11-30 04:16:30,110] {dagbag.py:500} INFO - Filling up the DagBag from /home/airflow/.local/lib/python3.7/site-packages/airflow/example_dags/example_python_operator.py
[2022-11-30 04:16:30,149] {processor.py:654} INFO - DAG(s) dict_keys(['example_python_operator']) retrieved from /home/airflow/.local/lib/python3.7/site-packages/airflow/example_dags/example_python_operator.py
[2022-11-30 04:16:30,162] {logging_mixin.py:109} INFO - [2022-11-30 04:16:30,162] {dag.py:2398} INFO - Sync 1 DAGs
[2022-11-30 04:16:30,180] {logging_mixin.py:109} INFO - [2022-11-30 04:16:30,180] {dag.py:2937} INFO - Setting next_dagrun for example_python_operator to None
[2022-11-30 04:16:30,191] {processor.py:171} INFO - Processing /home/airflow/.local/lib/python3.7/site-packages/airflow/example_dags/example_python_operator.py took 0.087 seconds
[2022-11-30 04:17:00,814] {processor.py:163} INFO - Started process (PID=6431) to work on /home/airflow/.local/lib/python3.7/site-packages/airflow/example_dags/example_python_operator.py
[2022-11-30 04:17:00,815] {processor.py:642} INFO - Processing file /home/airflow/.local/lib/python3.7/site-packages/airflow/example_dags/example_python_operator.py for tasks to queue
[2022-11-30 04:17:00,815] {logging_mixin.py:109} INFO - [2022-11-30 04:17:00,815] {dagbag.py:500} INFO - Filling up the DagBag from /home/airflow/.local/lib/python3.7/site-packages/airflow/example_dags/example_python_operator.py
[2022-11-30 04:17:00,843] {processor.py:654} INFO - DAG(s) dict_keys(['example_python_operator']) retrieved from /home/airflow/.local/lib/python3.7/site-packages/airflow/example_dags/example_python_operator.py
[2022-11-30 04:17:00,851] {logging_mixin.py:109} INFO - [2022-11-30 04:17:00,851] {dag.py:2398} INFO - Sync 1 DAGs
[2022-11-30 04:17:00,862] {logging_mixin.py:109} INFO - [2022-11-30 04:17:00,862] {dag.py:2937} INFO - Setting next_dagrun for example_python_operator to None
[2022-11-30 04:17:00,872] {processor.py:171} INFO - Processing /home/airflow/.local/lib/python3.7/site-packages/airflow/example_dags/example_python_operator.py took 0.061 seconds
[2022-11-30 04:17:31,718] {processor.py:163} INFO - Started process (PID=6517) to work on /home/airflow/.local/lib/python3.7/site-packages/airflow/example_dags/example_python_operator.py
[2022-11-30 04:17:31,719] {processor.py:642} INFO - Processing file /home/airflow/.local/lib/python3.7/site-packages/airflow/example_dags/example_python_operator.py for tasks to queue
[2022-11-30 04:17:31,719] {logging_mixin.py:109} INFO - [2022-11-30 04:17:31,719] {dagbag.py:500} INFO - Filling up the DagBag from /home/airflow/.local/lib/python3.7/site-packages/airflow/example_dags/example_python_operator.py
[2022-11-30 04:17:31,750] {processor.py:654} INFO - DAG(s) dict_keys(['example_python_operator']) retrieved from /home/airflow/.local/lib/python3.7/site-packages/airflow/example_dags/example_python_operator.py
[2022-11-30 04:17:31,759] {logging_mixin.py:109} INFO - [2022-11-30 04:17:31,759] {dag.py:2398} INFO - Sync 1 DAGs
[2022-11-30 04:17:31,773] {logging_mixin.py:109} INFO - [2022-11-30 04:17:31,773] {dag.py:2937} INFO - Setting next_dagrun for example_python_operator to None
[2022-11-30 04:17:31,783] {processor.py:171} INFO - Processing /home/airflow/.local/lib/python3.7/site-packages/airflow/example_dags/example_python_operator.py took 0.068 seconds
[2022-11-30 04:18:03,045] {processor.py:163} INFO - Started process (PID=6594) to work on /home/airflow/.local/lib/python3.7/site-packages/airflow/example_dags/example_python_operator.py
[2022-11-30 04:18:03,046] {processor.py:642} INFO - Processing file /home/airflow/.local/lib/python3.7/site-packages/airflow/example_dags/example_python_operator.py for tasks to queue
[2022-11-30 04:18:03,047] {logging_mixin.py:109} INFO - [2022-11-30 04:18:03,046] {dagbag.py:500} INFO - Filling up the DagBag from /home/airflow/.local/lib/python3.7/site-packages/airflow/example_dags/example_python_operator.py
[2022-11-30 04:18:03,073] {processor.py:654} INFO - DAG(s) dict_keys(['example_python_operator']) retrieved from /home/airflow/.local/lib/python3.7/site-packages/airflow/example_dags/example_python_operator.py
[2022-11-30 04:18:03,082] {logging_mixin.py:109} INFO - [2022-11-30 04:18:03,082] {dag.py:2398} INFO - Sync 1 DAGs
[2022-11-30 04:18:03,096] {logging_mixin.py:109} INFO - [2022-11-30 04:18:03,096] {dag.py:2937} INFO - Setting next_dagrun for example_python_operator to None
[2022-11-30 04:18:03,104] {processor.py:171} INFO - Processing /home/airflow/.local/lib/python3.7/site-packages/airflow/example_dags/example_python_operator.py took 0.062 seconds
[2022-11-30 04:18:34,698] {processor.py:163} INFO - Started process (PID=6680) to work on /home/airflow/.local/lib/python3.7/site-packages/airflow/example_dags/example_python_operator.py
[2022-11-30 04:18:34,700] {processor.py:642} INFO - Processing file /home/airflow/.local/lib/python3.7/site-packages/airflow/example_dags/example_python_operator.py for tasks to queue
[2022-11-30 04:18:34,700] {logging_mixin.py:109} INFO - [2022-11-30 04:18:34,700] {dagbag.py:500} INFO - Filling up the DagBag from /home/airflow/.local/lib/python3.7/site-packages/airflow/example_dags/example_python_operator.py
[2022-11-30 04:18:34,729] {processor.py:654} INFO - DAG(s) dict_keys(['example_python_operator']) retrieved from /home/airflow/.local/lib/python3.7/site-packages/airflow/example_dags/example_python_operator.py
[2022-11-30 04:18:34,737] {logging_mixin.py:109} INFO - [2022-11-30 04:18:34,737] {dag.py:2398} INFO - Sync 1 DAGs
[2022-11-30 04:18:34,749] {logging_mixin.py:109} INFO - [2022-11-30 04:18:34,749] {dag.py:2937} INFO - Setting next_dagrun for example_python_operator to None
[2022-11-30 04:18:34,759] {processor.py:171} INFO - Processing /home/airflow/.local/lib/python3.7/site-packages/airflow/example_dags/example_python_operator.py took 0.063 seconds
[2022-11-30 04:19:05,419] {processor.py:163} INFO - Started process (PID=6757) to work on /home/airflow/.local/lib/python3.7/site-packages/airflow/example_dags/example_python_operator.py
[2022-11-30 04:19:05,420] {processor.py:642} INFO - Processing file /home/airflow/.local/lib/python3.7/site-packages/airflow/example_dags/example_python_operator.py for tasks to queue
[2022-11-30 04:19:05,420] {logging_mixin.py:109} INFO - [2022-11-30 04:19:05,420] {dagbag.py:500} INFO - Filling up the DagBag from /home/airflow/.local/lib/python3.7/site-packages/airflow/example_dags/example_python_operator.py
[2022-11-30 04:19:05,448] {processor.py:654} INFO - DAG(s) dict_keys(['example_python_operator']) retrieved from /home/airflow/.local/lib/python3.7/site-packages/airflow/example_dags/example_python_operator.py
[2022-11-30 04:19:05,456] {logging_mixin.py:109} INFO - [2022-11-30 04:19:05,456] {dag.py:2398} INFO - Sync 1 DAGs
[2022-11-30 04:19:05,469] {logging_mixin.py:109} INFO - [2022-11-30 04:19:05,469] {dag.py:2937} INFO - Setting next_dagrun for example_python_operator to None
[2022-11-30 04:19:05,478] {processor.py:171} INFO - Processing /home/airflow/.local/lib/python3.7/site-packages/airflow/example_dags/example_python_operator.py took 0.062 seconds
[2022-11-30 04:19:36,699] {processor.py:163} INFO - Started process (PID=6843) to work on /home/airflow/.local/lib/python3.7/site-packages/airflow/example_dags/example_python_operator.py
[2022-11-30 04:19:36,700] {processor.py:642} INFO - Processing file /home/airflow/.local/lib/python3.7/site-packages/airflow/example_dags/example_python_operator.py for tasks to queue
[2022-11-30 04:19:36,701] {logging_mixin.py:109} INFO - [2022-11-30 04:19:36,700] {dagbag.py:500} INFO - Filling up the DagBag from /home/airflow/.local/lib/python3.7/site-packages/airflow/example_dags/example_python_operator.py
[2022-11-30 04:19:36,729] {processor.py:654} INFO - DAG(s) dict_keys(['example_python_operator']) retrieved from /home/airflow/.local/lib/python3.7/site-packages/airflow/example_dags/example_python_operator.py
[2022-11-30 04:19:36,737] {logging_mixin.py:109} INFO - [2022-11-30 04:19:36,737] {dag.py:2398} INFO - Sync 1 DAGs
[2022-11-30 04:19:36,751] {logging_mixin.py:109} INFO - [2022-11-30 04:19:36,751] {dag.py:2937} INFO - Setting next_dagrun for example_python_operator to None
[2022-11-30 04:19:36,760] {processor.py:171} INFO - Processing /home/airflow/.local/lib/python3.7/site-packages/airflow/example_dags/example_python_operator.py took 0.064 seconds
[2022-11-30 04:20:08,055] {processor.py:163} INFO - Started process (PID=6920) to work on /home/airflow/.local/lib/python3.7/site-packages/airflow/example_dags/example_python_operator.py
[2022-11-30 04:20:08,056] {processor.py:642} INFO - Processing file /home/airflow/.local/lib/python3.7/site-packages/airflow/example_dags/example_python_operator.py for tasks to queue
[2022-11-30 04:20:08,057] {logging_mixin.py:109} INFO - [2022-11-30 04:20:08,057] {dagbag.py:500} INFO - Filling up the DagBag from /home/airflow/.local/lib/python3.7/site-packages/airflow/example_dags/example_python_operator.py
[2022-11-30 04:20:08,085] {processor.py:654} INFO - DAG(s) dict_keys(['example_python_operator']) retrieved from /home/airflow/.local/lib/python3.7/site-packages/airflow/example_dags/example_python_operator.py
[2022-11-30 04:20:08,093] {logging_mixin.py:109} INFO - [2022-11-30 04:20:08,093] {dag.py:2398} INFO - Sync 1 DAGs
[2022-11-30 04:20:08,105] {logging_mixin.py:109} INFO - [2022-11-30 04:20:08,105] {dag.py:2937} INFO - Setting next_dagrun for example_python_operator to None
[2022-11-30 04:20:08,113] {processor.py:171} INFO - Processing /home/airflow/.local/lib/python3.7/site-packages/airflow/example_dags/example_python_operator.py took 0.060 seconds
[2022-11-30 04:20:39,564] {processor.py:163} INFO - Started process (PID=7006) to work on /home/airflow/.local/lib/python3.7/site-packages/airflow/example_dags/example_python_operator.py
[2022-11-30 04:20:39,565] {processor.py:642} INFO - Processing file /home/airflow/.local/lib/python3.7/site-packages/airflow/example_dags/example_python_operator.py for tasks to queue
[2022-11-30 04:20:39,566] {logging_mixin.py:109} INFO - [2022-11-30 04:20:39,566] {dagbag.py:500} INFO - Filling up the DagBag from /home/airflow/.local/lib/python3.7/site-packages/airflow/example_dags/example_python_operator.py
[2022-11-30 04:20:39,593] {processor.py:654} INFO - DAG(s) dict_keys(['example_python_operator']) retrieved from /home/airflow/.local/lib/python3.7/site-packages/airflow/example_dags/example_python_operator.py
[2022-11-30 04:20:39,603] {logging_mixin.py:109} INFO - [2022-11-30 04:20:39,603] {dag.py:2398} INFO - Sync 1 DAGs
[2022-11-30 04:20:39,616] {logging_mixin.py:109} INFO - [2022-11-30 04:20:39,616] {dag.py:2937} INFO - Setting next_dagrun for example_python_operator to None
[2022-11-30 04:20:39,624] {processor.py:171} INFO - Processing /home/airflow/.local/lib/python3.7/site-packages/airflow/example_dags/example_python_operator.py took 0.063 seconds
[2022-11-30 04:21:10,616] {processor.py:163} INFO - Started process (PID=7086) to work on /home/airflow/.local/lib/python3.7/site-packages/airflow/example_dags/example_python_operator.py
[2022-11-30 04:21:10,617] {processor.py:642} INFO - Processing file /home/airflow/.local/lib/python3.7/site-packages/airflow/example_dags/example_python_operator.py for tasks to queue
[2022-11-30 04:21:10,618] {logging_mixin.py:109} INFO - [2022-11-30 04:21:10,618] {dagbag.py:500} INFO - Filling up the DagBag from /home/airflow/.local/lib/python3.7/site-packages/airflow/example_dags/example_python_operator.py
[2022-11-30 04:21:10,658] {processor.py:654} INFO - DAG(s) dict_keys(['example_python_operator']) retrieved from /home/airflow/.local/lib/python3.7/site-packages/airflow/example_dags/example_python_operator.py
[2022-11-30 04:21:10,667] {logging_mixin.py:109} INFO - [2022-11-30 04:21:10,667] {dag.py:2398} INFO - Sync 1 DAGs
[2022-11-30 04:21:10,683] {logging_mixin.py:109} INFO - [2022-11-30 04:21:10,683] {dag.py:2937} INFO - Setting next_dagrun for example_python_operator to None
[2022-11-30 04:21:10,693] {processor.py:171} INFO - Processing /home/airflow/.local/lib/python3.7/site-packages/airflow/example_dags/example_python_operator.py took 0.081 seconds
[2022-11-30 04:21:41,562] {processor.py:163} INFO - Started process (PID=7172) to work on /home/airflow/.local/lib/python3.7/site-packages/airflow/example_dags/example_python_operator.py
[2022-11-30 04:21:41,563] {processor.py:642} INFO - Processing file /home/airflow/.local/lib/python3.7/site-packages/airflow/example_dags/example_python_operator.py for tasks to queue
[2022-11-30 04:21:41,563] {logging_mixin.py:109} INFO - [2022-11-30 04:21:41,563] {dagbag.py:500} INFO - Filling up the DagBag from /home/airflow/.local/lib/python3.7/site-packages/airflow/example_dags/example_python_operator.py
[2022-11-30 04:21:41,591] {processor.py:654} INFO - DAG(s) dict_keys(['example_python_operator']) retrieved from /home/airflow/.local/lib/python3.7/site-packages/airflow/example_dags/example_python_operator.py
[2022-11-30 04:21:41,600] {logging_mixin.py:109} INFO - [2022-11-30 04:21:41,600] {dag.py:2398} INFO - Sync 1 DAGs
[2022-11-30 04:21:41,612] {logging_mixin.py:109} INFO - [2022-11-30 04:21:41,612] {dag.py:2937} INFO - Setting next_dagrun for example_python_operator to None
[2022-11-30 04:21:41,620] {processor.py:171} INFO - Processing /home/airflow/.local/lib/python3.7/site-packages/airflow/example_dags/example_python_operator.py took 0.061 seconds
[2022-11-30 04:22:11,849] {processor.py:163} INFO - Started process (PID=7249) to work on /home/airflow/.local/lib/python3.7/site-packages/airflow/example_dags/example_python_operator.py
[2022-11-30 04:22:11,850] {processor.py:642} INFO - Processing file /home/airflow/.local/lib/python3.7/site-packages/airflow/example_dags/example_python_operator.py for tasks to queue
[2022-11-30 04:22:11,851] {logging_mixin.py:109} INFO - [2022-11-30 04:22:11,850] {dagbag.py:500} INFO - Filling up the DagBag from /home/airflow/.local/lib/python3.7/site-packages/airflow/example_dags/example_python_operator.py
[2022-11-30 04:22:11,879] {processor.py:654} INFO - DAG(s) dict_keys(['example_python_operator']) retrieved from /home/airflow/.local/lib/python3.7/site-packages/airflow/example_dags/example_python_operator.py
[2022-11-30 04:22:11,888] {logging_mixin.py:109} INFO - [2022-11-30 04:22:11,888] {dag.py:2398} INFO - Sync 1 DAGs
[2022-11-30 04:22:11,901] {logging_mixin.py:109} INFO - [2022-11-30 04:22:11,901] {dag.py:2937} INFO - Setting next_dagrun for example_python_operator to None
[2022-11-30 04:22:11,909] {processor.py:171} INFO - Processing /home/airflow/.local/lib/python3.7/site-packages/airflow/example_dags/example_python_operator.py took 0.063 seconds
