[2022-11-30 03:58:20,004] {processor.py:163} INFO - Started process (PID=3514) to work on /home/airflow/.local/lib/python3.7/site-packages/airflow/example_dags/tutorial_taskflow_api_etl_virtualenv.py
[2022-11-30 03:58:20,006] {processor.py:642} INFO - Processing file /home/airflow/.local/lib/python3.7/site-packages/airflow/example_dags/tutorial_taskflow_api_etl_virtualenv.py for tasks to queue
[2022-11-30 03:58:20,007] {logging_mixin.py:109} INFO - [2022-11-30 03:58:20,007] {dagbag.py:500} INFO - Filling up the DagBag from /home/airflow/.local/lib/python3.7/site-packages/airflow/example_dags/tutorial_taskflow_api_etl_virtualenv.py
[2022-11-30 03:58:20,062] {processor.py:654} INFO - DAG(s) dict_keys(['tutorial_taskflow_api_etl_virtualenv']) retrieved from /home/airflow/.local/lib/python3.7/site-packages/airflow/example_dags/tutorial_taskflow_api_etl_virtualenv.py
[2022-11-30 03:58:20,517] {logging_mixin.py:109} INFO - [2022-11-30 03:58:20,517] {dag.py:2398} INFO - Sync 1 DAGs
[2022-11-30 03:58:20,559] {logging_mixin.py:109} INFO - [2022-11-30 03:58:20,559] {dag.py:2937} INFO - Setting next_dagrun for tutorial_taskflow_api_etl_virtualenv to None
[2022-11-30 03:58:20,588] {processor.py:171} INFO - Processing /home/airflow/.local/lib/python3.7/site-packages/airflow/example_dags/tutorial_taskflow_api_etl_virtualenv.py took 0.591 seconds
[2022-11-30 03:58:51,011] {processor.py:163} INFO - Started process (PID=3591) to work on /home/airflow/.local/lib/python3.7/site-packages/airflow/example_dags/tutorial_taskflow_api_etl_virtualenv.py
[2022-11-30 03:58:51,012] {processor.py:642} INFO - Processing file /home/airflow/.local/lib/python3.7/site-packages/airflow/example_dags/tutorial_taskflow_api_etl_virtualenv.py for tasks to queue
[2022-11-30 03:58:51,012] {logging_mixin.py:109} INFO - [2022-11-30 03:58:51,012] {dagbag.py:500} INFO - Filling up the DagBag from /home/airflow/.local/lib/python3.7/site-packages/airflow/example_dags/tutorial_taskflow_api_etl_virtualenv.py
[2022-11-30 03:58:51,041] {processor.py:654} INFO - DAG(s) dict_keys(['tutorial_taskflow_api_etl_virtualenv']) retrieved from /home/airflow/.local/lib/python3.7/site-packages/airflow/example_dags/tutorial_taskflow_api_etl_virtualenv.py
[2022-11-30 03:58:51,230] {logging_mixin.py:109} INFO - [2022-11-30 03:58:51,229] {dag.py:2398} INFO - Sync 1 DAGs
[2022-11-30 03:58:51,248] {logging_mixin.py:109} INFO - [2022-11-30 03:58:51,248] {dag.py:2937} INFO - Setting next_dagrun for tutorial_taskflow_api_etl_virtualenv to None
[2022-11-30 03:58:51,261] {processor.py:171} INFO - Processing /home/airflow/.local/lib/python3.7/site-packages/airflow/example_dags/tutorial_taskflow_api_etl_virtualenv.py took 0.253 seconds
[2022-11-30 03:59:21,876] {processor.py:163} INFO - Started process (PID=3677) to work on /home/airflow/.local/lib/python3.7/site-packages/airflow/example_dags/tutorial_taskflow_api_etl_virtualenv.py
[2022-11-30 03:59:21,877] {processor.py:642} INFO - Processing file /home/airflow/.local/lib/python3.7/site-packages/airflow/example_dags/tutorial_taskflow_api_etl_virtualenv.py for tasks to queue
[2022-11-30 03:59:21,877] {logging_mixin.py:109} INFO - [2022-11-30 03:59:21,877] {dagbag.py:500} INFO - Filling up the DagBag from /home/airflow/.local/lib/python3.7/site-packages/airflow/example_dags/tutorial_taskflow_api_etl_virtualenv.py
[2022-11-30 03:59:21,913] {processor.py:654} INFO - DAG(s) dict_keys(['tutorial_taskflow_api_etl_virtualenv']) retrieved from /home/airflow/.local/lib/python3.7/site-packages/airflow/example_dags/tutorial_taskflow_api_etl_virtualenv.py
[2022-11-30 03:59:22,134] {logging_mixin.py:109} INFO - [2022-11-30 03:59:22,134] {dag.py:2398} INFO - Sync 1 DAGs
[2022-11-30 03:59:22,152] {logging_mixin.py:109} INFO - [2022-11-30 03:59:22,152] {dag.py:2937} INFO - Setting next_dagrun for tutorial_taskflow_api_etl_virtualenv to None
[2022-11-30 03:59:22,165] {processor.py:171} INFO - Processing /home/airflow/.local/lib/python3.7/site-packages/airflow/example_dags/tutorial_taskflow_api_etl_virtualenv.py took 0.293 seconds
[2022-11-30 03:59:52,409] {processor.py:163} INFO - Started process (PID=3756) to work on /home/airflow/.local/lib/python3.7/site-packages/airflow/example_dags/tutorial_taskflow_api_etl_virtualenv.py
[2022-11-30 03:59:52,411] {processor.py:642} INFO - Processing file /home/airflow/.local/lib/python3.7/site-packages/airflow/example_dags/tutorial_taskflow_api_etl_virtualenv.py for tasks to queue
[2022-11-30 03:59:52,411] {logging_mixin.py:109} INFO - [2022-11-30 03:59:52,411] {dagbag.py:500} INFO - Filling up the DagBag from /home/airflow/.local/lib/python3.7/site-packages/airflow/example_dags/tutorial_taskflow_api_etl_virtualenv.py
[2022-11-30 03:59:52,440] {processor.py:654} INFO - DAG(s) dict_keys(['tutorial_taskflow_api_etl_virtualenv']) retrieved from /home/airflow/.local/lib/python3.7/site-packages/airflow/example_dags/tutorial_taskflow_api_etl_virtualenv.py
[2022-11-30 03:59:52,621] {logging_mixin.py:109} INFO - [2022-11-30 03:59:52,621] {dag.py:2398} INFO - Sync 1 DAGs
[2022-11-30 03:59:52,634] {logging_mixin.py:109} INFO - [2022-11-30 03:59:52,634] {dag.py:2937} INFO - Setting next_dagrun for tutorial_taskflow_api_etl_virtualenv to None
[2022-11-30 03:59:52,644] {processor.py:171} INFO - Processing /home/airflow/.local/lib/python3.7/site-packages/airflow/example_dags/tutorial_taskflow_api_etl_virtualenv.py took 0.238 seconds
[2022-11-30 04:00:22,682] {processor.py:163} INFO - Started process (PID=3840) to work on /home/airflow/.local/lib/python3.7/site-packages/airflow/example_dags/tutorial_taskflow_api_etl_virtualenv.py
[2022-11-30 04:00:22,684] {processor.py:642} INFO - Processing file /home/airflow/.local/lib/python3.7/site-packages/airflow/example_dags/tutorial_taskflow_api_etl_virtualenv.py for tasks to queue
[2022-11-30 04:00:22,684] {logging_mixin.py:109} INFO - [2022-11-30 04:00:22,684] {dagbag.py:500} INFO - Filling up the DagBag from /home/airflow/.local/lib/python3.7/site-packages/airflow/example_dags/tutorial_taskflow_api_etl_virtualenv.py
[2022-11-30 04:00:22,725] {processor.py:654} INFO - DAG(s) dict_keys(['tutorial_taskflow_api_etl_virtualenv']) retrieved from /home/airflow/.local/lib/python3.7/site-packages/airflow/example_dags/tutorial_taskflow_api_etl_virtualenv.py
[2022-11-30 04:00:22,964] {logging_mixin.py:109} INFO - [2022-11-30 04:00:22,964] {dag.py:2398} INFO - Sync 1 DAGs
[2022-11-30 04:00:22,982] {logging_mixin.py:109} INFO - [2022-11-30 04:00:22,982] {dag.py:2937} INFO - Setting next_dagrun for tutorial_taskflow_api_etl_virtualenv to None
[2022-11-30 04:00:22,995] {processor.py:171} INFO - Processing /home/airflow/.local/lib/python3.7/site-packages/airflow/example_dags/tutorial_taskflow_api_etl_virtualenv.py took 0.317 seconds
[2022-11-30 04:00:53,400] {processor.py:163} INFO - Started process (PID=3917) to work on /home/airflow/.local/lib/python3.7/site-packages/airflow/example_dags/tutorial_taskflow_api_etl_virtualenv.py
[2022-11-30 04:00:53,402] {processor.py:642} INFO - Processing file /home/airflow/.local/lib/python3.7/site-packages/airflow/example_dags/tutorial_taskflow_api_etl_virtualenv.py for tasks to queue
[2022-11-30 04:00:53,404] {logging_mixin.py:109} INFO - [2022-11-30 04:00:53,403] {dagbag.py:500} INFO - Filling up the DagBag from /home/airflow/.local/lib/python3.7/site-packages/airflow/example_dags/tutorial_taskflow_api_etl_virtualenv.py
[2022-11-30 04:00:53,457] {processor.py:654} INFO - DAG(s) dict_keys(['tutorial_taskflow_api_etl_virtualenv']) retrieved from /home/airflow/.local/lib/python3.7/site-packages/airflow/example_dags/tutorial_taskflow_api_etl_virtualenv.py
[2022-11-30 04:00:53,712] {logging_mixin.py:109} INFO - [2022-11-30 04:00:53,712] {dag.py:2398} INFO - Sync 1 DAGs
[2022-11-30 04:00:53,730] {logging_mixin.py:109} INFO - [2022-11-30 04:00:53,729] {dag.py:2937} INFO - Setting next_dagrun for tutorial_taskflow_api_etl_virtualenv to None
[2022-11-30 04:00:53,742] {processor.py:171} INFO - Processing /home/airflow/.local/lib/python3.7/site-packages/airflow/example_dags/tutorial_taskflow_api_etl_virtualenv.py took 0.346 seconds
[2022-11-30 04:01:23,857] {processor.py:163} INFO - Started process (PID=3995) to work on /home/airflow/.local/lib/python3.7/site-packages/airflow/example_dags/tutorial_taskflow_api_etl_virtualenv.py
[2022-11-30 04:01:23,857] {processor.py:642} INFO - Processing file /home/airflow/.local/lib/python3.7/site-packages/airflow/example_dags/tutorial_taskflow_api_etl_virtualenv.py for tasks to queue
[2022-11-30 04:01:23,858] {logging_mixin.py:109} INFO - [2022-11-30 04:01:23,858] {dagbag.py:500} INFO - Filling up the DagBag from /home/airflow/.local/lib/python3.7/site-packages/airflow/example_dags/tutorial_taskflow_api_etl_virtualenv.py
[2022-11-30 04:01:23,890] {processor.py:654} INFO - DAG(s) dict_keys(['tutorial_taskflow_api_etl_virtualenv']) retrieved from /home/airflow/.local/lib/python3.7/site-packages/airflow/example_dags/tutorial_taskflow_api_etl_virtualenv.py
[2022-11-30 04:01:24,066] {logging_mixin.py:109} INFO - [2022-11-30 04:01:24,066] {dag.py:2398} INFO - Sync 1 DAGs
[2022-11-30 04:01:24,079] {logging_mixin.py:109} INFO - [2022-11-30 04:01:24,079] {dag.py:2937} INFO - Setting next_dagrun for tutorial_taskflow_api_etl_virtualenv to None
[2022-11-30 04:01:24,089] {processor.py:171} INFO - Processing /home/airflow/.local/lib/python3.7/site-packages/airflow/example_dags/tutorial_taskflow_api_etl_virtualenv.py took 0.235 seconds
[2022-11-30 04:01:54,712] {processor.py:163} INFO - Started process (PID=4080) to work on /home/airflow/.local/lib/python3.7/site-packages/airflow/example_dags/tutorial_taskflow_api_etl_virtualenv.py
[2022-11-30 04:01:54,713] {processor.py:642} INFO - Processing file /home/airflow/.local/lib/python3.7/site-packages/airflow/example_dags/tutorial_taskflow_api_etl_virtualenv.py for tasks to queue
[2022-11-30 04:01:54,714] {logging_mixin.py:109} INFO - [2022-11-30 04:01:54,713] {dagbag.py:500} INFO - Filling up the DagBag from /home/airflow/.local/lib/python3.7/site-packages/airflow/example_dags/tutorial_taskflow_api_etl_virtualenv.py
[2022-11-30 04:01:54,749] {processor.py:654} INFO - DAG(s) dict_keys(['tutorial_taskflow_api_etl_virtualenv']) retrieved from /home/airflow/.local/lib/python3.7/site-packages/airflow/example_dags/tutorial_taskflow_api_etl_virtualenv.py
[2022-11-30 04:01:54,947] {logging_mixin.py:109} INFO - [2022-11-30 04:01:54,947] {dag.py:2398} INFO - Sync 1 DAGs
[2022-11-30 04:01:54,959] {logging_mixin.py:109} INFO - [2022-11-30 04:01:54,959] {dag.py:2937} INFO - Setting next_dagrun for tutorial_taskflow_api_etl_virtualenv to None
[2022-11-30 04:01:54,968] {processor.py:171} INFO - Processing /home/airflow/.local/lib/python3.7/site-packages/airflow/example_dags/tutorial_taskflow_api_etl_virtualenv.py took 0.259 seconds
[2022-11-30 04:02:27,681] {processor.py:163} INFO - Started process (PID=4157) to work on /home/airflow/.local/lib/python3.7/site-packages/airflow/example_dags/tutorial_taskflow_api_etl_virtualenv.py
[2022-11-30 04:02:27,690] {processor.py:642} INFO - Processing file /home/airflow/.local/lib/python3.7/site-packages/airflow/example_dags/tutorial_taskflow_api_etl_virtualenv.py for tasks to queue
[2022-11-30 04:02:27,698] {logging_mixin.py:109} INFO - [2022-11-30 04:02:27,698] {dagbag.py:500} INFO - Filling up the DagBag from /home/airflow/.local/lib/python3.7/site-packages/airflow/example_dags/tutorial_taskflow_api_etl_virtualenv.py
[2022-11-30 04:02:27,745] {processor.py:654} INFO - DAG(s) dict_keys(['tutorial_taskflow_api_etl_virtualenv']) retrieved from /home/airflow/.local/lib/python3.7/site-packages/airflow/example_dags/tutorial_taskflow_api_etl_virtualenv.py
[2022-11-30 04:02:28,094] {logging_mixin.py:109} INFO - [2022-11-30 04:02:28,094] {dag.py:2398} INFO - Sync 1 DAGs
[2022-11-30 04:02:28,133] {logging_mixin.py:109} INFO - [2022-11-30 04:02:28,132] {dag.py:2937} INFO - Setting next_dagrun for tutorial_taskflow_api_etl_virtualenv to None
[2022-11-30 04:02:28,145] {processor.py:171} INFO - Processing /home/airflow/.local/lib/python3.7/site-packages/airflow/example_dags/tutorial_taskflow_api_etl_virtualenv.py took 0.477 seconds
[2022-11-30 04:02:59,055] {processor.py:163} INFO - Started process (PID=4236) to work on /home/airflow/.local/lib/python3.7/site-packages/airflow/example_dags/tutorial_taskflow_api_etl_virtualenv.py
[2022-11-30 04:02:59,056] {processor.py:642} INFO - Processing file /home/airflow/.local/lib/python3.7/site-packages/airflow/example_dags/tutorial_taskflow_api_etl_virtualenv.py for tasks to queue
[2022-11-30 04:02:59,057] {logging_mixin.py:109} INFO - [2022-11-30 04:02:59,057] {dagbag.py:500} INFO - Filling up the DagBag from /home/airflow/.local/lib/python3.7/site-packages/airflow/example_dags/tutorial_taskflow_api_etl_virtualenv.py
[2022-11-30 04:02:59,091] {processor.py:654} INFO - DAG(s) dict_keys(['tutorial_taskflow_api_etl_virtualenv']) retrieved from /home/airflow/.local/lib/python3.7/site-packages/airflow/example_dags/tutorial_taskflow_api_etl_virtualenv.py
[2022-11-30 04:02:59,253] {logging_mixin.py:109} INFO - [2022-11-30 04:02:59,253] {dag.py:2398} INFO - Sync 1 DAGs
[2022-11-30 04:02:59,266] {logging_mixin.py:109} INFO - [2022-11-30 04:02:59,265] {dag.py:2937} INFO - Setting next_dagrun for tutorial_taskflow_api_etl_virtualenv to None
[2022-11-30 04:02:59,275] {processor.py:171} INFO - Processing /home/airflow/.local/lib/python3.7/site-packages/airflow/example_dags/tutorial_taskflow_api_etl_virtualenv.py took 0.223 seconds
[2022-11-30 04:03:29,817] {processor.py:163} INFO - Started process (PID=4320) to work on /home/airflow/.local/lib/python3.7/site-packages/airflow/example_dags/tutorial_taskflow_api_etl_virtualenv.py
[2022-11-30 04:03:29,819] {processor.py:642} INFO - Processing file /home/airflow/.local/lib/python3.7/site-packages/airflow/example_dags/tutorial_taskflow_api_etl_virtualenv.py for tasks to queue
[2022-11-30 04:03:29,820] {logging_mixin.py:109} INFO - [2022-11-30 04:03:29,820] {dagbag.py:500} INFO - Filling up the DagBag from /home/airflow/.local/lib/python3.7/site-packages/airflow/example_dags/tutorial_taskflow_api_etl_virtualenv.py
[2022-11-30 04:03:29,849] {processor.py:654} INFO - DAG(s) dict_keys(['tutorial_taskflow_api_etl_virtualenv']) retrieved from /home/airflow/.local/lib/python3.7/site-packages/airflow/example_dags/tutorial_taskflow_api_etl_virtualenv.py
[2022-11-30 04:03:30,059] {logging_mixin.py:109} INFO - [2022-11-30 04:03:30,058] {dag.py:2398} INFO - Sync 1 DAGs
[2022-11-30 04:03:30,075] {logging_mixin.py:109} INFO - [2022-11-30 04:03:30,075] {dag.py:2937} INFO - Setting next_dagrun for tutorial_taskflow_api_etl_virtualenv to None
[2022-11-30 04:03:30,088] {processor.py:171} INFO - Processing /home/airflow/.local/lib/python3.7/site-packages/airflow/example_dags/tutorial_taskflow_api_etl_virtualenv.py took 0.274 seconds
[2022-11-30 04:04:00,135] {processor.py:163} INFO - Started process (PID=4397) to work on /home/airflow/.local/lib/python3.7/site-packages/airflow/example_dags/tutorial_taskflow_api_etl_virtualenv.py
[2022-11-30 04:04:00,136] {processor.py:642} INFO - Processing file /home/airflow/.local/lib/python3.7/site-packages/airflow/example_dags/tutorial_taskflow_api_etl_virtualenv.py for tasks to queue
[2022-11-30 04:04:00,136] {logging_mixin.py:109} INFO - [2022-11-30 04:04:00,136] {dagbag.py:500} INFO - Filling up the DagBag from /home/airflow/.local/lib/python3.7/site-packages/airflow/example_dags/tutorial_taskflow_api_etl_virtualenv.py
[2022-11-30 04:04:00,175] {processor.py:654} INFO - DAG(s) dict_keys(['tutorial_taskflow_api_etl_virtualenv']) retrieved from /home/airflow/.local/lib/python3.7/site-packages/airflow/example_dags/tutorial_taskflow_api_etl_virtualenv.py
[2022-11-30 04:04:00,403] {logging_mixin.py:109} INFO - [2022-11-30 04:04:00,403] {dag.py:2398} INFO - Sync 1 DAGs
[2022-11-30 04:04:00,418] {logging_mixin.py:109} INFO - [2022-11-30 04:04:00,418] {dag.py:2937} INFO - Setting next_dagrun for tutorial_taskflow_api_etl_virtualenv to None
[2022-11-30 04:04:00,428] {processor.py:171} INFO - Processing /home/airflow/.local/lib/python3.7/site-packages/airflow/example_dags/tutorial_taskflow_api_etl_virtualenv.py took 0.297 seconds
[2022-11-30 04:04:31,481] {processor.py:163} INFO - Started process (PID=4483) to work on /home/airflow/.local/lib/python3.7/site-packages/airflow/example_dags/tutorial_taskflow_api_etl_virtualenv.py
[2022-11-30 04:04:31,483] {processor.py:642} INFO - Processing file /home/airflow/.local/lib/python3.7/site-packages/airflow/example_dags/tutorial_taskflow_api_etl_virtualenv.py for tasks to queue
[2022-11-30 04:04:31,483] {logging_mixin.py:109} INFO - [2022-11-30 04:04:31,483] {dagbag.py:500} INFO - Filling up the DagBag from /home/airflow/.local/lib/python3.7/site-packages/airflow/example_dags/tutorial_taskflow_api_etl_virtualenv.py
[2022-11-30 04:04:31,512] {processor.py:654} INFO - DAG(s) dict_keys(['tutorial_taskflow_api_etl_virtualenv']) retrieved from /home/airflow/.local/lib/python3.7/site-packages/airflow/example_dags/tutorial_taskflow_api_etl_virtualenv.py
[2022-11-30 04:04:31,686] {logging_mixin.py:109} INFO - [2022-11-30 04:04:31,686] {dag.py:2398} INFO - Sync 1 DAGs
[2022-11-30 04:04:31,698] {logging_mixin.py:109} INFO - [2022-11-30 04:04:31,698] {dag.py:2937} INFO - Setting next_dagrun for tutorial_taskflow_api_etl_virtualenv to None
[2022-11-30 04:04:31,710] {processor.py:171} INFO - Processing /home/airflow/.local/lib/python3.7/site-packages/airflow/example_dags/tutorial_taskflow_api_etl_virtualenv.py took 0.232 seconds
[2022-11-30 04:05:02,915] {processor.py:163} INFO - Started process (PID=4560) to work on /home/airflow/.local/lib/python3.7/site-packages/airflow/example_dags/tutorial_taskflow_api_etl_virtualenv.py
[2022-11-30 04:05:02,916] {processor.py:642} INFO - Processing file /home/airflow/.local/lib/python3.7/site-packages/airflow/example_dags/tutorial_taskflow_api_etl_virtualenv.py for tasks to queue
[2022-11-30 04:05:02,917] {logging_mixin.py:109} INFO - [2022-11-30 04:05:02,917] {dagbag.py:500} INFO - Filling up the DagBag from /home/airflow/.local/lib/python3.7/site-packages/airflow/example_dags/tutorial_taskflow_api_etl_virtualenv.py
[2022-11-30 04:05:02,950] {processor.py:654} INFO - DAG(s) dict_keys(['tutorial_taskflow_api_etl_virtualenv']) retrieved from /home/airflow/.local/lib/python3.7/site-packages/airflow/example_dags/tutorial_taskflow_api_etl_virtualenv.py
[2022-11-30 04:05:03,129] {logging_mixin.py:109} INFO - [2022-11-30 04:05:03,129] {dag.py:2398} INFO - Sync 1 DAGs
[2022-11-30 04:05:03,140] {logging_mixin.py:109} INFO - [2022-11-30 04:05:03,140] {dag.py:2937} INFO - Setting next_dagrun for tutorial_taskflow_api_etl_virtualenv to None
[2022-11-30 04:05:03,150] {processor.py:171} INFO - Processing /home/airflow/.local/lib/python3.7/site-packages/airflow/example_dags/tutorial_taskflow_api_etl_virtualenv.py took 0.239 seconds
[2022-11-30 04:05:34,335] {processor.py:163} INFO - Started process (PID=4646) to work on /home/airflow/.local/lib/python3.7/site-packages/airflow/example_dags/tutorial_taskflow_api_etl_virtualenv.py
[2022-11-30 04:05:34,336] {processor.py:642} INFO - Processing file /home/airflow/.local/lib/python3.7/site-packages/airflow/example_dags/tutorial_taskflow_api_etl_virtualenv.py for tasks to queue
[2022-11-30 04:05:34,337] {logging_mixin.py:109} INFO - [2022-11-30 04:05:34,337] {dagbag.py:500} INFO - Filling up the DagBag from /home/airflow/.local/lib/python3.7/site-packages/airflow/example_dags/tutorial_taskflow_api_etl_virtualenv.py
[2022-11-30 04:05:34,366] {processor.py:654} INFO - DAG(s) dict_keys(['tutorial_taskflow_api_etl_virtualenv']) retrieved from /home/airflow/.local/lib/python3.7/site-packages/airflow/example_dags/tutorial_taskflow_api_etl_virtualenv.py
[2022-11-30 04:05:34,538] {logging_mixin.py:109} INFO - [2022-11-30 04:05:34,538] {dag.py:2398} INFO - Sync 1 DAGs
[2022-11-30 04:05:34,552] {logging_mixin.py:109} INFO - [2022-11-30 04:05:34,552] {dag.py:2937} INFO - Setting next_dagrun for tutorial_taskflow_api_etl_virtualenv to None
[2022-11-30 04:05:34,564] {processor.py:171} INFO - Processing /home/airflow/.local/lib/python3.7/site-packages/airflow/example_dags/tutorial_taskflow_api_etl_virtualenv.py took 0.232 seconds
[2022-11-30 04:06:05,671] {processor.py:163} INFO - Started process (PID=4723) to work on /home/airflow/.local/lib/python3.7/site-packages/airflow/example_dags/tutorial_taskflow_api_etl_virtualenv.py
[2022-11-30 04:06:05,672] {processor.py:642} INFO - Processing file /home/airflow/.local/lib/python3.7/site-packages/airflow/example_dags/tutorial_taskflow_api_etl_virtualenv.py for tasks to queue
[2022-11-30 04:06:05,672] {logging_mixin.py:109} INFO - [2022-11-30 04:06:05,672] {dagbag.py:500} INFO - Filling up the DagBag from /home/airflow/.local/lib/python3.7/site-packages/airflow/example_dags/tutorial_taskflow_api_etl_virtualenv.py
[2022-11-30 04:06:05,699] {processor.py:654} INFO - DAG(s) dict_keys(['tutorial_taskflow_api_etl_virtualenv']) retrieved from /home/airflow/.local/lib/python3.7/site-packages/airflow/example_dags/tutorial_taskflow_api_etl_virtualenv.py
[2022-11-30 04:06:05,849] {logging_mixin.py:109} INFO - [2022-11-30 04:06:05,849] {dag.py:2398} INFO - Sync 1 DAGs
[2022-11-30 04:06:05,861] {logging_mixin.py:109} INFO - [2022-11-30 04:06:05,861] {dag.py:2937} INFO - Setting next_dagrun for tutorial_taskflow_api_etl_virtualenv to None
[2022-11-30 04:06:05,871] {processor.py:171} INFO - Processing /home/airflow/.local/lib/python3.7/site-packages/airflow/example_dags/tutorial_taskflow_api_etl_virtualenv.py took 0.203 seconds
[2022-11-30 04:06:37,314] {processor.py:163} INFO - Started process (PID=4809) to work on /home/airflow/.local/lib/python3.7/site-packages/airflow/example_dags/tutorial_taskflow_api_etl_virtualenv.py
[2022-11-30 04:06:37,317] {processor.py:642} INFO - Processing file /home/airflow/.local/lib/python3.7/site-packages/airflow/example_dags/tutorial_taskflow_api_etl_virtualenv.py for tasks to queue
[2022-11-30 04:06:37,318] {logging_mixin.py:109} INFO - [2022-11-30 04:06:37,318] {dagbag.py:500} INFO - Filling up the DagBag from /home/airflow/.local/lib/python3.7/site-packages/airflow/example_dags/tutorial_taskflow_api_etl_virtualenv.py
[2022-11-30 04:06:37,349] {processor.py:654} INFO - DAG(s) dict_keys(['tutorial_taskflow_api_etl_virtualenv']) retrieved from /home/airflow/.local/lib/python3.7/site-packages/airflow/example_dags/tutorial_taskflow_api_etl_virtualenv.py
[2022-11-30 04:06:37,503] {logging_mixin.py:109} INFO - [2022-11-30 04:06:37,503] {dag.py:2398} INFO - Sync 1 DAGs
[2022-11-30 04:06:37,516] {logging_mixin.py:109} INFO - [2022-11-30 04:06:37,515] {dag.py:2937} INFO - Setting next_dagrun for tutorial_taskflow_api_etl_virtualenv to None
[2022-11-30 04:06:37,524] {processor.py:171} INFO - Processing /home/airflow/.local/lib/python3.7/site-packages/airflow/example_dags/tutorial_taskflow_api_etl_virtualenv.py took 0.215 seconds
[2022-11-30 04:07:08,759] {processor.py:163} INFO - Started process (PID=4886) to work on /home/airflow/.local/lib/python3.7/site-packages/airflow/example_dags/tutorial_taskflow_api_etl_virtualenv.py
[2022-11-30 04:07:08,759] {processor.py:642} INFO - Processing file /home/airflow/.local/lib/python3.7/site-packages/airflow/example_dags/tutorial_taskflow_api_etl_virtualenv.py for tasks to queue
[2022-11-30 04:07:08,760] {logging_mixin.py:109} INFO - [2022-11-30 04:07:08,760] {dagbag.py:500} INFO - Filling up the DagBag from /home/airflow/.local/lib/python3.7/site-packages/airflow/example_dags/tutorial_taskflow_api_etl_virtualenv.py
[2022-11-30 04:07:08,787] {processor.py:654} INFO - DAG(s) dict_keys(['tutorial_taskflow_api_etl_virtualenv']) retrieved from /home/airflow/.local/lib/python3.7/site-packages/airflow/example_dags/tutorial_taskflow_api_etl_virtualenv.py
[2022-11-30 04:07:08,950] {logging_mixin.py:109} INFO - [2022-11-30 04:07:08,950] {dag.py:2398} INFO - Sync 1 DAGs
[2022-11-30 04:07:08,962] {logging_mixin.py:109} INFO - [2022-11-30 04:07:08,962] {dag.py:2937} INFO - Setting next_dagrun for tutorial_taskflow_api_etl_virtualenv to None
[2022-11-30 04:07:08,972] {processor.py:171} INFO - Processing /home/airflow/.local/lib/python3.7/site-packages/airflow/example_dags/tutorial_taskflow_api_etl_virtualenv.py took 0.216 seconds
[2022-11-30 04:07:40,284] {processor.py:163} INFO - Started process (PID=4972) to work on /home/airflow/.local/lib/python3.7/site-packages/airflow/example_dags/tutorial_taskflow_api_etl_virtualenv.py
[2022-11-30 04:07:40,285] {processor.py:642} INFO - Processing file /home/airflow/.local/lib/python3.7/site-packages/airflow/example_dags/tutorial_taskflow_api_etl_virtualenv.py for tasks to queue
[2022-11-30 04:07:40,286] {logging_mixin.py:109} INFO - [2022-11-30 04:07:40,285] {dagbag.py:500} INFO - Filling up the DagBag from /home/airflow/.local/lib/python3.7/site-packages/airflow/example_dags/tutorial_taskflow_api_etl_virtualenv.py
[2022-11-30 04:07:40,320] {processor.py:654} INFO - DAG(s) dict_keys(['tutorial_taskflow_api_etl_virtualenv']) retrieved from /home/airflow/.local/lib/python3.7/site-packages/airflow/example_dags/tutorial_taskflow_api_etl_virtualenv.py
[2022-11-30 04:07:40,494] {logging_mixin.py:109} INFO - [2022-11-30 04:07:40,494] {dag.py:2398} INFO - Sync 1 DAGs
[2022-11-30 04:07:40,505] {logging_mixin.py:109} INFO - [2022-11-30 04:07:40,505] {dag.py:2937} INFO - Setting next_dagrun for tutorial_taskflow_api_etl_virtualenv to None
[2022-11-30 04:07:40,515] {processor.py:171} INFO - Processing /home/airflow/.local/lib/python3.7/site-packages/airflow/example_dags/tutorial_taskflow_api_etl_virtualenv.py took 0.234 seconds
[2022-11-30 04:08:11,667] {processor.py:163} INFO - Started process (PID=5049) to work on /home/airflow/.local/lib/python3.7/site-packages/airflow/example_dags/tutorial_taskflow_api_etl_virtualenv.py
[2022-11-30 04:08:11,668] {processor.py:642} INFO - Processing file /home/airflow/.local/lib/python3.7/site-packages/airflow/example_dags/tutorial_taskflow_api_etl_virtualenv.py for tasks to queue
[2022-11-30 04:08:11,669] {logging_mixin.py:109} INFO - [2022-11-30 04:08:11,668] {dagbag.py:500} INFO - Filling up the DagBag from /home/airflow/.local/lib/python3.7/site-packages/airflow/example_dags/tutorial_taskflow_api_etl_virtualenv.py
[2022-11-30 04:08:11,697] {processor.py:654} INFO - DAG(s) dict_keys(['tutorial_taskflow_api_etl_virtualenv']) retrieved from /home/airflow/.local/lib/python3.7/site-packages/airflow/example_dags/tutorial_taskflow_api_etl_virtualenv.py
[2022-11-30 04:08:11,864] {logging_mixin.py:109} INFO - [2022-11-30 04:08:11,864] {dag.py:2398} INFO - Sync 1 DAGs
[2022-11-30 04:08:11,874] {logging_mixin.py:109} INFO - [2022-11-30 04:08:11,874] {dag.py:2937} INFO - Setting next_dagrun for tutorial_taskflow_api_etl_virtualenv to None
[2022-11-30 04:08:11,884] {processor.py:171} INFO - Processing /home/airflow/.local/lib/python3.7/site-packages/airflow/example_dags/tutorial_taskflow_api_etl_virtualenv.py took 0.219 seconds
[2022-11-30 04:08:43,279] {processor.py:163} INFO - Started process (PID=5135) to work on /home/airflow/.local/lib/python3.7/site-packages/airflow/example_dags/tutorial_taskflow_api_etl_virtualenv.py
[2022-11-30 04:08:43,280] {processor.py:642} INFO - Processing file /home/airflow/.local/lib/python3.7/site-packages/airflow/example_dags/tutorial_taskflow_api_etl_virtualenv.py for tasks to queue
[2022-11-30 04:08:43,281] {logging_mixin.py:109} INFO - [2022-11-30 04:08:43,281] {dagbag.py:500} INFO - Filling up the DagBag from /home/airflow/.local/lib/python3.7/site-packages/airflow/example_dags/tutorial_taskflow_api_etl_virtualenv.py
[2022-11-30 04:08:43,310] {processor.py:654} INFO - DAG(s) dict_keys(['tutorial_taskflow_api_etl_virtualenv']) retrieved from /home/airflow/.local/lib/python3.7/site-packages/airflow/example_dags/tutorial_taskflow_api_etl_virtualenv.py
[2022-11-30 04:08:43,471] {logging_mixin.py:109} INFO - [2022-11-30 04:08:43,471] {dag.py:2398} INFO - Sync 1 DAGs
[2022-11-30 04:08:43,486] {logging_mixin.py:109} INFO - [2022-11-30 04:08:43,486] {dag.py:2937} INFO - Setting next_dagrun for tutorial_taskflow_api_etl_virtualenv to None
[2022-11-30 04:08:43,498] {processor.py:171} INFO - Processing /home/airflow/.local/lib/python3.7/site-packages/airflow/example_dags/tutorial_taskflow_api_etl_virtualenv.py took 0.222 seconds
[2022-11-30 04:09:13,620] {processor.py:163} INFO - Started process (PID=5213) to work on /home/airflow/.local/lib/python3.7/site-packages/airflow/example_dags/tutorial_taskflow_api_etl_virtualenv.py
[2022-11-30 04:09:13,621] {processor.py:642} INFO - Processing file /home/airflow/.local/lib/python3.7/site-packages/airflow/example_dags/tutorial_taskflow_api_etl_virtualenv.py for tasks to queue
[2022-11-30 04:09:13,621] {logging_mixin.py:109} INFO - [2022-11-30 04:09:13,621] {dagbag.py:500} INFO - Filling up the DagBag from /home/airflow/.local/lib/python3.7/site-packages/airflow/example_dags/tutorial_taskflow_api_etl_virtualenv.py
[2022-11-30 04:09:13,649] {processor.py:654} INFO - DAG(s) dict_keys(['tutorial_taskflow_api_etl_virtualenv']) retrieved from /home/airflow/.local/lib/python3.7/site-packages/airflow/example_dags/tutorial_taskflow_api_etl_virtualenv.py
[2022-11-30 04:09:13,820] {logging_mixin.py:109} INFO - [2022-11-30 04:09:13,820] {dag.py:2398} INFO - Sync 1 DAGs
[2022-11-30 04:09:13,832] {logging_mixin.py:109} INFO - [2022-11-30 04:09:13,832] {dag.py:2937} INFO - Setting next_dagrun for tutorial_taskflow_api_etl_virtualenv to None
[2022-11-30 04:09:13,843] {processor.py:171} INFO - Processing /home/airflow/.local/lib/python3.7/site-packages/airflow/example_dags/tutorial_taskflow_api_etl_virtualenv.py took 0.226 seconds
[2022-11-30 04:09:45,114] {processor.py:163} INFO - Started process (PID=5300) to work on /home/airflow/.local/lib/python3.7/site-packages/airflow/example_dags/tutorial_taskflow_api_etl_virtualenv.py
[2022-11-30 04:09:45,115] {processor.py:642} INFO - Processing file /home/airflow/.local/lib/python3.7/site-packages/airflow/example_dags/tutorial_taskflow_api_etl_virtualenv.py for tasks to queue
[2022-11-30 04:09:45,116] {logging_mixin.py:109} INFO - [2022-11-30 04:09:45,115] {dagbag.py:500} INFO - Filling up the DagBag from /home/airflow/.local/lib/python3.7/site-packages/airflow/example_dags/tutorial_taskflow_api_etl_virtualenv.py
[2022-11-30 04:09:45,146] {processor.py:654} INFO - DAG(s) dict_keys(['tutorial_taskflow_api_etl_virtualenv']) retrieved from /home/airflow/.local/lib/python3.7/site-packages/airflow/example_dags/tutorial_taskflow_api_etl_virtualenv.py
[2022-11-30 04:09:45,337] {logging_mixin.py:109} INFO - [2022-11-30 04:09:45,337] {dag.py:2398} INFO - Sync 1 DAGs
[2022-11-30 04:09:45,349] {logging_mixin.py:109} INFO - [2022-11-30 04:09:45,349] {dag.py:2937} INFO - Setting next_dagrun for tutorial_taskflow_api_etl_virtualenv to None
[2022-11-30 04:09:45,359] {processor.py:171} INFO - Processing /home/airflow/.local/lib/python3.7/site-packages/airflow/example_dags/tutorial_taskflow_api_etl_virtualenv.py took 0.247 seconds
[2022-11-30 04:10:15,929] {processor.py:163} INFO - Started process (PID=5377) to work on /home/airflow/.local/lib/python3.7/site-packages/airflow/example_dags/tutorial_taskflow_api_etl_virtualenv.py
[2022-11-30 04:10:15,931] {processor.py:642} INFO - Processing file /home/airflow/.local/lib/python3.7/site-packages/airflow/example_dags/tutorial_taskflow_api_etl_virtualenv.py for tasks to queue
[2022-11-30 04:10:15,931] {logging_mixin.py:109} INFO - [2022-11-30 04:10:15,931] {dagbag.py:500} INFO - Filling up the DagBag from /home/airflow/.local/lib/python3.7/site-packages/airflow/example_dags/tutorial_taskflow_api_etl_virtualenv.py
[2022-11-30 04:10:15,961] {processor.py:654} INFO - DAG(s) dict_keys(['tutorial_taskflow_api_etl_virtualenv']) retrieved from /home/airflow/.local/lib/python3.7/site-packages/airflow/example_dags/tutorial_taskflow_api_etl_virtualenv.py
[2022-11-30 04:10:16,167] {logging_mixin.py:109} INFO - [2022-11-30 04:10:16,167] {dag.py:2398} INFO - Sync 1 DAGs
[2022-11-30 04:10:16,188] {logging_mixin.py:109} INFO - [2022-11-30 04:10:16,187] {dag.py:2937} INFO - Setting next_dagrun for tutorial_taskflow_api_etl_virtualenv to None
[2022-11-30 04:10:16,202] {processor.py:171} INFO - Processing /home/airflow/.local/lib/python3.7/site-packages/airflow/example_dags/tutorial_taskflow_api_etl_virtualenv.py took 0.275 seconds
[2022-11-30 04:10:47,446] {processor.py:163} INFO - Started process (PID=5463) to work on /home/airflow/.local/lib/python3.7/site-packages/airflow/example_dags/tutorial_taskflow_api_etl_virtualenv.py
[2022-11-30 04:10:47,447] {processor.py:642} INFO - Processing file /home/airflow/.local/lib/python3.7/site-packages/airflow/example_dags/tutorial_taskflow_api_etl_virtualenv.py for tasks to queue
[2022-11-30 04:10:47,448] {logging_mixin.py:109} INFO - [2022-11-30 04:10:47,448] {dagbag.py:500} INFO - Filling up the DagBag from /home/airflow/.local/lib/python3.7/site-packages/airflow/example_dags/tutorial_taskflow_api_etl_virtualenv.py
[2022-11-30 04:10:47,483] {processor.py:654} INFO - DAG(s) dict_keys(['tutorial_taskflow_api_etl_virtualenv']) retrieved from /home/airflow/.local/lib/python3.7/site-packages/airflow/example_dags/tutorial_taskflow_api_etl_virtualenv.py
[2022-11-30 04:10:47,709] {logging_mixin.py:109} INFO - [2022-11-30 04:10:47,709] {dag.py:2398} INFO - Sync 1 DAGs
[2022-11-30 04:10:47,725] {logging_mixin.py:109} INFO - [2022-11-30 04:10:47,725] {dag.py:2937} INFO - Setting next_dagrun for tutorial_taskflow_api_etl_virtualenv to None
[2022-11-30 04:10:47,736] {processor.py:171} INFO - Processing /home/airflow/.local/lib/python3.7/site-packages/airflow/example_dags/tutorial_taskflow_api_etl_virtualenv.py took 0.293 seconds
[2022-11-30 04:11:18,828] {processor.py:163} INFO - Started process (PID=5540) to work on /home/airflow/.local/lib/python3.7/site-packages/airflow/example_dags/tutorial_taskflow_api_etl_virtualenv.py
[2022-11-30 04:11:18,829] {processor.py:642} INFO - Processing file /home/airflow/.local/lib/python3.7/site-packages/airflow/example_dags/tutorial_taskflow_api_etl_virtualenv.py for tasks to queue
[2022-11-30 04:11:18,830] {logging_mixin.py:109} INFO - [2022-11-30 04:11:18,829] {dagbag.py:500} INFO - Filling up the DagBag from /home/airflow/.local/lib/python3.7/site-packages/airflow/example_dags/tutorial_taskflow_api_etl_virtualenv.py
[2022-11-30 04:11:18,867] {processor.py:654} INFO - DAG(s) dict_keys(['tutorial_taskflow_api_etl_virtualenv']) retrieved from /home/airflow/.local/lib/python3.7/site-packages/airflow/example_dags/tutorial_taskflow_api_etl_virtualenv.py
[2022-11-30 04:11:19,077] {logging_mixin.py:109} INFO - [2022-11-30 04:11:19,077] {dag.py:2398} INFO - Sync 1 DAGs
[2022-11-30 04:11:19,107] {logging_mixin.py:109} INFO - [2022-11-30 04:11:19,107] {dag.py:2937} INFO - Setting next_dagrun for tutorial_taskflow_api_etl_virtualenv to None
[2022-11-30 04:11:19,128] {processor.py:171} INFO - Processing /home/airflow/.local/lib/python3.7/site-packages/airflow/example_dags/tutorial_taskflow_api_etl_virtualenv.py took 0.302 seconds
[2022-11-30 04:11:50,415] {processor.py:163} INFO - Started process (PID=5626) to work on /home/airflow/.local/lib/python3.7/site-packages/airflow/example_dags/tutorial_taskflow_api_etl_virtualenv.py
[2022-11-30 04:11:50,416] {processor.py:642} INFO - Processing file /home/airflow/.local/lib/python3.7/site-packages/airflow/example_dags/tutorial_taskflow_api_etl_virtualenv.py for tasks to queue
[2022-11-30 04:11:50,417] {logging_mixin.py:109} INFO - [2022-11-30 04:11:50,417] {dagbag.py:500} INFO - Filling up the DagBag from /home/airflow/.local/lib/python3.7/site-packages/airflow/example_dags/tutorial_taskflow_api_etl_virtualenv.py
[2022-11-30 04:11:50,446] {processor.py:654} INFO - DAG(s) dict_keys(['tutorial_taskflow_api_etl_virtualenv']) retrieved from /home/airflow/.local/lib/python3.7/site-packages/airflow/example_dags/tutorial_taskflow_api_etl_virtualenv.py
[2022-11-30 04:11:50,648] {logging_mixin.py:109} INFO - [2022-11-30 04:11:50,648] {dag.py:2398} INFO - Sync 1 DAGs
[2022-11-30 04:11:50,663] {logging_mixin.py:109} INFO - [2022-11-30 04:11:50,663] {dag.py:2937} INFO - Setting next_dagrun for tutorial_taskflow_api_etl_virtualenv to None
[2022-11-30 04:11:50,675] {processor.py:171} INFO - Processing /home/airflow/.local/lib/python3.7/site-packages/airflow/example_dags/tutorial_taskflow_api_etl_virtualenv.py took 0.262 seconds
[2022-11-30 04:12:20,986] {processor.py:163} INFO - Started process (PID=5703) to work on /home/airflow/.local/lib/python3.7/site-packages/airflow/example_dags/tutorial_taskflow_api_etl_virtualenv.py
[2022-11-30 04:12:20,987] {processor.py:642} INFO - Processing file /home/airflow/.local/lib/python3.7/site-packages/airflow/example_dags/tutorial_taskflow_api_etl_virtualenv.py for tasks to queue
[2022-11-30 04:12:20,988] {logging_mixin.py:109} INFO - [2022-11-30 04:12:20,988] {dagbag.py:500} INFO - Filling up the DagBag from /home/airflow/.local/lib/python3.7/site-packages/airflow/example_dags/tutorial_taskflow_api_etl_virtualenv.py
[2022-11-30 04:12:21,017] {processor.py:654} INFO - DAG(s) dict_keys(['tutorial_taskflow_api_etl_virtualenv']) retrieved from /home/airflow/.local/lib/python3.7/site-packages/airflow/example_dags/tutorial_taskflow_api_etl_virtualenv.py
[2022-11-30 04:12:21,175] {logging_mixin.py:109} INFO - [2022-11-30 04:12:21,175] {dag.py:2398} INFO - Sync 1 DAGs
[2022-11-30 04:12:21,189] {logging_mixin.py:109} INFO - [2022-11-30 04:12:21,189] {dag.py:2937} INFO - Setting next_dagrun for tutorial_taskflow_api_etl_virtualenv to None
[2022-11-30 04:12:21,202] {processor.py:171} INFO - Processing /home/airflow/.local/lib/python3.7/site-packages/airflow/example_dags/tutorial_taskflow_api_etl_virtualenv.py took 0.219 seconds
[2022-11-30 04:12:52,407] {processor.py:163} INFO - Started process (PID=5789) to work on /home/airflow/.local/lib/python3.7/site-packages/airflow/example_dags/tutorial_taskflow_api_etl_virtualenv.py
[2022-11-30 04:12:52,408] {processor.py:642} INFO - Processing file /home/airflow/.local/lib/python3.7/site-packages/airflow/example_dags/tutorial_taskflow_api_etl_virtualenv.py for tasks to queue
[2022-11-30 04:12:52,408] {logging_mixin.py:109} INFO - [2022-11-30 04:12:52,408] {dagbag.py:500} INFO - Filling up the DagBag from /home/airflow/.local/lib/python3.7/site-packages/airflow/example_dags/tutorial_taskflow_api_etl_virtualenv.py
[2022-11-30 04:12:52,440] {processor.py:654} INFO - DAG(s) dict_keys(['tutorial_taskflow_api_etl_virtualenv']) retrieved from /home/airflow/.local/lib/python3.7/site-packages/airflow/example_dags/tutorial_taskflow_api_etl_virtualenv.py
[2022-11-30 04:12:52,448] {logging_mixin.py:109} INFO - [2022-11-30 04:12:52,448] {dag.py:2398} INFO - Sync 1 DAGs
[2022-11-30 04:12:52,465] {logging_mixin.py:109} INFO - [2022-11-30 04:12:52,465] {dag.py:2937} INFO - Setting next_dagrun for tutorial_taskflow_api_etl_virtualenv to None
[2022-11-30 04:12:52,474] {processor.py:171} INFO - Processing /home/airflow/.local/lib/python3.7/site-packages/airflow/example_dags/tutorial_taskflow_api_etl_virtualenv.py took 0.071 seconds
[2022-11-30 04:13:23,703] {processor.py:163} INFO - Started process (PID=5867) to work on /home/airflow/.local/lib/python3.7/site-packages/airflow/example_dags/tutorial_taskflow_api_etl_virtualenv.py
[2022-11-30 04:13:23,705] {processor.py:642} INFO - Processing file /home/airflow/.local/lib/python3.7/site-packages/airflow/example_dags/tutorial_taskflow_api_etl_virtualenv.py for tasks to queue
[2022-11-30 04:13:23,705] {logging_mixin.py:109} INFO - [2022-11-30 04:13:23,705] {dagbag.py:500} INFO - Filling up the DagBag from /home/airflow/.local/lib/python3.7/site-packages/airflow/example_dags/tutorial_taskflow_api_etl_virtualenv.py
[2022-11-30 04:13:23,770] {processor.py:654} INFO - DAG(s) dict_keys(['tutorial_taskflow_api_etl_virtualenv']) retrieved from /home/airflow/.local/lib/python3.7/site-packages/airflow/example_dags/tutorial_taskflow_api_etl_virtualenv.py
[2022-11-30 04:13:23,943] {logging_mixin.py:109} INFO - [2022-11-30 04:13:23,943] {dag.py:2398} INFO - Sync 1 DAGs
[2022-11-30 04:13:23,956] {logging_mixin.py:109} INFO - [2022-11-30 04:13:23,956] {dag.py:2937} INFO - Setting next_dagrun for tutorial_taskflow_api_etl_virtualenv to None
[2022-11-30 04:13:23,965] {processor.py:171} INFO - Processing /home/airflow/.local/lib/python3.7/site-packages/airflow/example_dags/tutorial_taskflow_api_etl_virtualenv.py took 0.265 seconds
[2022-11-30 04:13:55,730] {processor.py:163} INFO - Started process (PID=5953) to work on /home/airflow/.local/lib/python3.7/site-packages/airflow/example_dags/tutorial_taskflow_api_etl_virtualenv.py
[2022-11-30 04:13:55,731] {processor.py:642} INFO - Processing file /home/airflow/.local/lib/python3.7/site-packages/airflow/example_dags/tutorial_taskflow_api_etl_virtualenv.py for tasks to queue
[2022-11-30 04:13:55,732] {logging_mixin.py:109} INFO - [2022-11-30 04:13:55,732] {dagbag.py:500} INFO - Filling up the DagBag from /home/airflow/.local/lib/python3.7/site-packages/airflow/example_dags/tutorial_taskflow_api_etl_virtualenv.py
[2022-11-30 04:13:55,761] {processor.py:654} INFO - DAG(s) dict_keys(['tutorial_taskflow_api_etl_virtualenv']) retrieved from /home/airflow/.local/lib/python3.7/site-packages/airflow/example_dags/tutorial_taskflow_api_etl_virtualenv.py
[2022-11-30 04:13:55,930] {logging_mixin.py:109} INFO - [2022-11-30 04:13:55,930] {dag.py:2398} INFO - Sync 1 DAGs
[2022-11-30 04:13:55,943] {logging_mixin.py:109} INFO - [2022-11-30 04:13:55,942] {dag.py:2937} INFO - Setting next_dagrun for tutorial_taskflow_api_etl_virtualenv to None
[2022-11-30 04:13:55,953] {processor.py:171} INFO - Processing /home/airflow/.local/lib/python3.7/site-packages/airflow/example_dags/tutorial_taskflow_api_etl_virtualenv.py took 0.225 seconds
[2022-11-30 04:14:26,328] {processor.py:163} INFO - Started process (PID=6030) to work on /home/airflow/.local/lib/python3.7/site-packages/airflow/example_dags/tutorial_taskflow_api_etl_virtualenv.py
[2022-11-30 04:14:26,329] {processor.py:642} INFO - Processing file /home/airflow/.local/lib/python3.7/site-packages/airflow/example_dags/tutorial_taskflow_api_etl_virtualenv.py for tasks to queue
[2022-11-30 04:14:26,330] {logging_mixin.py:109} INFO - [2022-11-30 04:14:26,330] {dagbag.py:500} INFO - Filling up the DagBag from /home/airflow/.local/lib/python3.7/site-packages/airflow/example_dags/tutorial_taskflow_api_etl_virtualenv.py
[2022-11-30 04:14:26,358] {processor.py:654} INFO - DAG(s) dict_keys(['tutorial_taskflow_api_etl_virtualenv']) retrieved from /home/airflow/.local/lib/python3.7/site-packages/airflow/example_dags/tutorial_taskflow_api_etl_virtualenv.py
[2022-11-30 04:14:26,520] {logging_mixin.py:109} INFO - [2022-11-30 04:14:26,520] {dag.py:2398} INFO - Sync 1 DAGs
[2022-11-30 04:14:26,533] {logging_mixin.py:109} INFO - [2022-11-30 04:14:26,533] {dag.py:2937} INFO - Setting next_dagrun for tutorial_taskflow_api_etl_virtualenv to None
[2022-11-30 04:14:26,544] {processor.py:171} INFO - Processing /home/airflow/.local/lib/python3.7/site-packages/airflow/example_dags/tutorial_taskflow_api_etl_virtualenv.py took 0.219 seconds
[2022-11-30 04:14:57,935] {processor.py:163} INFO - Started process (PID=6116) to work on /home/airflow/.local/lib/python3.7/site-packages/airflow/example_dags/tutorial_taskflow_api_etl_virtualenv.py
[2022-11-30 04:14:57,936] {processor.py:642} INFO - Processing file /home/airflow/.local/lib/python3.7/site-packages/airflow/example_dags/tutorial_taskflow_api_etl_virtualenv.py for tasks to queue
[2022-11-30 04:14:57,937] {logging_mixin.py:109} INFO - [2022-11-30 04:14:57,937] {dagbag.py:500} INFO - Filling up the DagBag from /home/airflow/.local/lib/python3.7/site-packages/airflow/example_dags/tutorial_taskflow_api_etl_virtualenv.py
[2022-11-30 04:14:57,980] {processor.py:654} INFO - DAG(s) dict_keys(['tutorial_taskflow_api_etl_virtualenv']) retrieved from /home/airflow/.local/lib/python3.7/site-packages/airflow/example_dags/tutorial_taskflow_api_etl_virtualenv.py
[2022-11-30 04:14:58,182] {logging_mixin.py:109} INFO - [2022-11-30 04:14:58,182] {dag.py:2398} INFO - Sync 1 DAGs
[2022-11-30 04:14:58,195] {logging_mixin.py:109} INFO - [2022-11-30 04:14:58,195] {dag.py:2937} INFO - Setting next_dagrun for tutorial_taskflow_api_etl_virtualenv to None
[2022-11-30 04:14:58,206] {processor.py:171} INFO - Processing /home/airflow/.local/lib/python3.7/site-packages/airflow/example_dags/tutorial_taskflow_api_etl_virtualenv.py took 0.274 seconds
[2022-11-30 04:15:28,751] {processor.py:163} INFO - Started process (PID=6193) to work on /home/airflow/.local/lib/python3.7/site-packages/airflow/example_dags/tutorial_taskflow_api_etl_virtualenv.py
[2022-11-30 04:15:28,752] {processor.py:642} INFO - Processing file /home/airflow/.local/lib/python3.7/site-packages/airflow/example_dags/tutorial_taskflow_api_etl_virtualenv.py for tasks to queue
[2022-11-30 04:15:28,753] {logging_mixin.py:109} INFO - [2022-11-30 04:15:28,753] {dagbag.py:500} INFO - Filling up the DagBag from /home/airflow/.local/lib/python3.7/site-packages/airflow/example_dags/tutorial_taskflow_api_etl_virtualenv.py
[2022-11-30 04:15:28,785] {processor.py:654} INFO - DAG(s) dict_keys(['tutorial_taskflow_api_etl_virtualenv']) retrieved from /home/airflow/.local/lib/python3.7/site-packages/airflow/example_dags/tutorial_taskflow_api_etl_virtualenv.py
[2022-11-30 04:15:29,008] {logging_mixin.py:109} INFO - [2022-11-30 04:15:29,008] {dag.py:2398} INFO - Sync 1 DAGs
[2022-11-30 04:15:29,024] {logging_mixin.py:109} INFO - [2022-11-30 04:15:29,024] {dag.py:2937} INFO - Setting next_dagrun for tutorial_taskflow_api_etl_virtualenv to None
[2022-11-30 04:15:29,037] {processor.py:171} INFO - Processing /home/airflow/.local/lib/python3.7/site-packages/airflow/example_dags/tutorial_taskflow_api_etl_virtualenv.py took 0.289 seconds
[2022-11-30 04:15:59,495] {processor.py:163} INFO - Started process (PID=6281) to work on /home/airflow/.local/lib/python3.7/site-packages/airflow/example_dags/tutorial_taskflow_api_etl_virtualenv.py
[2022-11-30 04:15:59,496] {processor.py:642} INFO - Processing file /home/airflow/.local/lib/python3.7/site-packages/airflow/example_dags/tutorial_taskflow_api_etl_virtualenv.py for tasks to queue
[2022-11-30 04:15:59,496] {logging_mixin.py:109} INFO - [2022-11-30 04:15:59,496] {dagbag.py:500} INFO - Filling up the DagBag from /home/airflow/.local/lib/python3.7/site-packages/airflow/example_dags/tutorial_taskflow_api_etl_virtualenv.py
[2022-11-30 04:15:59,532] {processor.py:654} INFO - DAG(s) dict_keys(['tutorial_taskflow_api_etl_virtualenv']) retrieved from /home/airflow/.local/lib/python3.7/site-packages/airflow/example_dags/tutorial_taskflow_api_etl_virtualenv.py
[2022-11-30 04:15:59,723] {logging_mixin.py:109} INFO - [2022-11-30 04:15:59,723] {dag.py:2398} INFO - Sync 1 DAGs
[2022-11-30 04:15:59,738] {logging_mixin.py:109} INFO - [2022-11-30 04:15:59,738] {dag.py:2937} INFO - Setting next_dagrun for tutorial_taskflow_api_etl_virtualenv to None
[2022-11-30 04:15:59,749] {processor.py:171} INFO - Processing /home/airflow/.local/lib/python3.7/site-packages/airflow/example_dags/tutorial_taskflow_api_etl_virtualenv.py took 0.257 seconds
[2022-11-30 04:16:30,245] {processor.py:163} INFO - Started process (PID=6356) to work on /home/airflow/.local/lib/python3.7/site-packages/airflow/example_dags/tutorial_taskflow_api_etl_virtualenv.py
[2022-11-30 04:16:30,246] {processor.py:642} INFO - Processing file /home/airflow/.local/lib/python3.7/site-packages/airflow/example_dags/tutorial_taskflow_api_etl_virtualenv.py for tasks to queue
[2022-11-30 04:16:30,247] {logging_mixin.py:109} INFO - [2022-11-30 04:16:30,247] {dagbag.py:500} INFO - Filling up the DagBag from /home/airflow/.local/lib/python3.7/site-packages/airflow/example_dags/tutorial_taskflow_api_etl_virtualenv.py
[2022-11-30 04:16:30,283] {processor.py:654} INFO - DAG(s) dict_keys(['tutorial_taskflow_api_etl_virtualenv']) retrieved from /home/airflow/.local/lib/python3.7/site-packages/airflow/example_dags/tutorial_taskflow_api_etl_virtualenv.py
[2022-11-30 04:16:30,486] {logging_mixin.py:109} INFO - [2022-11-30 04:16:30,486] {dag.py:2398} INFO - Sync 1 DAGs
[2022-11-30 04:16:30,498] {logging_mixin.py:109} INFO - [2022-11-30 04:16:30,498] {dag.py:2937} INFO - Setting next_dagrun for tutorial_taskflow_api_etl_virtualenv to None
[2022-11-30 04:16:30,508] {processor.py:171} INFO - Processing /home/airflow/.local/lib/python3.7/site-packages/airflow/example_dags/tutorial_taskflow_api_etl_virtualenv.py took 0.265 seconds
[2022-11-30 04:17:00,952] {processor.py:163} INFO - Started process (PID=6433) to work on /home/airflow/.local/lib/python3.7/site-packages/airflow/example_dags/tutorial_taskflow_api_etl_virtualenv.py
[2022-11-30 04:17:00,954] {processor.py:642} INFO - Processing file /home/airflow/.local/lib/python3.7/site-packages/airflow/example_dags/tutorial_taskflow_api_etl_virtualenv.py for tasks to queue
[2022-11-30 04:17:00,954] {logging_mixin.py:109} INFO - [2022-11-30 04:17:00,954] {dagbag.py:500} INFO - Filling up the DagBag from /home/airflow/.local/lib/python3.7/site-packages/airflow/example_dags/tutorial_taskflow_api_etl_virtualenv.py
[2022-11-30 04:17:00,981] {processor.py:654} INFO - DAG(s) dict_keys(['tutorial_taskflow_api_etl_virtualenv']) retrieved from /home/airflow/.local/lib/python3.7/site-packages/airflow/example_dags/tutorial_taskflow_api_etl_virtualenv.py
[2022-11-30 04:17:01,169] {logging_mixin.py:109} INFO - [2022-11-30 04:17:01,169] {dag.py:2398} INFO - Sync 1 DAGs
[2022-11-30 04:17:01,190] {logging_mixin.py:109} INFO - [2022-11-30 04:17:01,190] {dag.py:2937} INFO - Setting next_dagrun for tutorial_taskflow_api_etl_virtualenv to None
[2022-11-30 04:17:01,203] {processor.py:171} INFO - Processing /home/airflow/.local/lib/python3.7/site-packages/airflow/example_dags/tutorial_taskflow_api_etl_virtualenv.py took 0.254 seconds
[2022-11-30 04:17:31,834] {processor.py:163} INFO - Started process (PID=6520) to work on /home/airflow/.local/lib/python3.7/site-packages/airflow/example_dags/tutorial_taskflow_api_etl_virtualenv.py
[2022-11-30 04:17:31,835] {processor.py:642} INFO - Processing file /home/airflow/.local/lib/python3.7/site-packages/airflow/example_dags/tutorial_taskflow_api_etl_virtualenv.py for tasks to queue
[2022-11-30 04:17:31,836] {logging_mixin.py:109} INFO - [2022-11-30 04:17:31,836] {dagbag.py:500} INFO - Filling up the DagBag from /home/airflow/.local/lib/python3.7/site-packages/airflow/example_dags/tutorial_taskflow_api_etl_virtualenv.py
[2022-11-30 04:17:31,865] {processor.py:654} INFO - DAG(s) dict_keys(['tutorial_taskflow_api_etl_virtualenv']) retrieved from /home/airflow/.local/lib/python3.7/site-packages/airflow/example_dags/tutorial_taskflow_api_etl_virtualenv.py
[2022-11-30 04:17:32,031] {logging_mixin.py:109} INFO - [2022-11-30 04:17:32,031] {dag.py:2398} INFO - Sync 1 DAGs
[2022-11-30 04:17:32,044] {logging_mixin.py:109} INFO - [2022-11-30 04:17:32,044] {dag.py:2937} INFO - Setting next_dagrun for tutorial_taskflow_api_etl_virtualenv to None
[2022-11-30 04:17:32,054] {processor.py:171} INFO - Processing /home/airflow/.local/lib/python3.7/site-packages/airflow/example_dags/tutorial_taskflow_api_etl_virtualenv.py took 0.223 seconds
[2022-11-30 04:18:03,193] {processor.py:163} INFO - Started process (PID=6596) to work on /home/airflow/.local/lib/python3.7/site-packages/airflow/example_dags/tutorial_taskflow_api_etl_virtualenv.py
[2022-11-30 04:18:03,193] {processor.py:642} INFO - Processing file /home/airflow/.local/lib/python3.7/site-packages/airflow/example_dags/tutorial_taskflow_api_etl_virtualenv.py for tasks to queue
[2022-11-30 04:18:03,194] {logging_mixin.py:109} INFO - [2022-11-30 04:18:03,194] {dagbag.py:500} INFO - Filling up the DagBag from /home/airflow/.local/lib/python3.7/site-packages/airflow/example_dags/tutorial_taskflow_api_etl_virtualenv.py
[2022-11-30 04:18:03,223] {processor.py:654} INFO - DAG(s) dict_keys(['tutorial_taskflow_api_etl_virtualenv']) retrieved from /home/airflow/.local/lib/python3.7/site-packages/airflow/example_dags/tutorial_taskflow_api_etl_virtualenv.py
[2022-11-30 04:18:03,399] {logging_mixin.py:109} INFO - [2022-11-30 04:18:03,399] {dag.py:2398} INFO - Sync 1 DAGs
[2022-11-30 04:18:03,411] {logging_mixin.py:109} INFO - [2022-11-30 04:18:03,411] {dag.py:2937} INFO - Setting next_dagrun for tutorial_taskflow_api_etl_virtualenv to None
[2022-11-30 04:18:03,421] {processor.py:171} INFO - Processing /home/airflow/.local/lib/python3.7/site-packages/airflow/example_dags/tutorial_taskflow_api_etl_virtualenv.py took 0.231 seconds
[2022-11-30 04:18:34,772] {processor.py:163} INFO - Started process (PID=6682) to work on /home/airflow/.local/lib/python3.7/site-packages/airflow/example_dags/tutorial_taskflow_api_etl_virtualenv.py
[2022-11-30 04:18:34,773] {processor.py:642} INFO - Processing file /home/airflow/.local/lib/python3.7/site-packages/airflow/example_dags/tutorial_taskflow_api_etl_virtualenv.py for tasks to queue
[2022-11-30 04:18:34,774] {logging_mixin.py:109} INFO - [2022-11-30 04:18:34,773] {dagbag.py:500} INFO - Filling up the DagBag from /home/airflow/.local/lib/python3.7/site-packages/airflow/example_dags/tutorial_taskflow_api_etl_virtualenv.py
[2022-11-30 04:18:34,800] {processor.py:654} INFO - DAG(s) dict_keys(['tutorial_taskflow_api_etl_virtualenv']) retrieved from /home/airflow/.local/lib/python3.7/site-packages/airflow/example_dags/tutorial_taskflow_api_etl_virtualenv.py
[2022-11-30 04:18:34,985] {logging_mixin.py:109} INFO - [2022-11-30 04:18:34,985] {dag.py:2398} INFO - Sync 1 DAGs
[2022-11-30 04:18:34,997] {logging_mixin.py:109} INFO - [2022-11-30 04:18:34,997] {dag.py:2937} INFO - Setting next_dagrun for tutorial_taskflow_api_etl_virtualenv to None
[2022-11-30 04:18:35,007] {processor.py:171} INFO - Processing /home/airflow/.local/lib/python3.7/site-packages/airflow/example_dags/tutorial_taskflow_api_etl_virtualenv.py took 0.238 seconds
[2022-11-30 04:19:05,497] {processor.py:163} INFO - Started process (PID=6759) to work on /home/airflow/.local/lib/python3.7/site-packages/airflow/example_dags/tutorial_taskflow_api_etl_virtualenv.py
[2022-11-30 04:19:05,498] {processor.py:642} INFO - Processing file /home/airflow/.local/lib/python3.7/site-packages/airflow/example_dags/tutorial_taskflow_api_etl_virtualenv.py for tasks to queue
[2022-11-30 04:19:05,499] {logging_mixin.py:109} INFO - [2022-11-30 04:19:05,498] {dagbag.py:500} INFO - Filling up the DagBag from /home/airflow/.local/lib/python3.7/site-packages/airflow/example_dags/tutorial_taskflow_api_etl_virtualenv.py
[2022-11-30 04:19:05,532] {processor.py:654} INFO - DAG(s) dict_keys(['tutorial_taskflow_api_etl_virtualenv']) retrieved from /home/airflow/.local/lib/python3.7/site-packages/airflow/example_dags/tutorial_taskflow_api_etl_virtualenv.py
[2022-11-30 04:19:05,738] {logging_mixin.py:109} INFO - [2022-11-30 04:19:05,738] {dag.py:2398} INFO - Sync 1 DAGs
[2022-11-30 04:19:05,756] {logging_mixin.py:109} INFO - [2022-11-30 04:19:05,756] {dag.py:2937} INFO - Setting next_dagrun for tutorial_taskflow_api_etl_virtualenv to None
[2022-11-30 04:19:05,769] {processor.py:171} INFO - Processing /home/airflow/.local/lib/python3.7/site-packages/airflow/example_dags/tutorial_taskflow_api_etl_virtualenv.py took 0.275 seconds
[2022-11-30 04:19:36,772] {processor.py:163} INFO - Started process (PID=6845) to work on /home/airflow/.local/lib/python3.7/site-packages/airflow/example_dags/tutorial_taskflow_api_etl_virtualenv.py
[2022-11-30 04:19:36,773] {processor.py:642} INFO - Processing file /home/airflow/.local/lib/python3.7/site-packages/airflow/example_dags/tutorial_taskflow_api_etl_virtualenv.py for tasks to queue
[2022-11-30 04:19:36,774] {logging_mixin.py:109} INFO - [2022-11-30 04:19:36,774] {dagbag.py:500} INFO - Filling up the DagBag from /home/airflow/.local/lib/python3.7/site-packages/airflow/example_dags/tutorial_taskflow_api_etl_virtualenv.py
[2022-11-30 04:19:36,802] {processor.py:654} INFO - DAG(s) dict_keys(['tutorial_taskflow_api_etl_virtualenv']) retrieved from /home/airflow/.local/lib/python3.7/site-packages/airflow/example_dags/tutorial_taskflow_api_etl_virtualenv.py
[2022-11-30 04:19:36,810] {logging_mixin.py:109} INFO - [2022-11-30 04:19:36,810] {dag.py:2398} INFO - Sync 1 DAGs
[2022-11-30 04:19:36,823] {logging_mixin.py:109} INFO - [2022-11-30 04:19:36,823] {dag.py:2937} INFO - Setting next_dagrun for tutorial_taskflow_api_etl_virtualenv to None
[2022-11-30 04:19:36,831] {processor.py:171} INFO - Processing /home/airflow/.local/lib/python3.7/site-packages/airflow/example_dags/tutorial_taskflow_api_etl_virtualenv.py took 0.061 seconds
[2022-11-30 04:20:08,237] {processor.py:163} INFO - Started process (PID=6925) to work on /home/airflow/.local/lib/python3.7/site-packages/airflow/example_dags/tutorial_taskflow_api_etl_virtualenv.py
[2022-11-30 04:20:08,238] {processor.py:642} INFO - Processing file /home/airflow/.local/lib/python3.7/site-packages/airflow/example_dags/tutorial_taskflow_api_etl_virtualenv.py for tasks to queue
[2022-11-30 04:20:08,239] {logging_mixin.py:109} INFO - [2022-11-30 04:20:08,239] {dagbag.py:500} INFO - Filling up the DagBag from /home/airflow/.local/lib/python3.7/site-packages/airflow/example_dags/tutorial_taskflow_api_etl_virtualenv.py
[2022-11-30 04:20:08,267] {processor.py:654} INFO - DAG(s) dict_keys(['tutorial_taskflow_api_etl_virtualenv']) retrieved from /home/airflow/.local/lib/python3.7/site-packages/airflow/example_dags/tutorial_taskflow_api_etl_virtualenv.py
[2022-11-30 04:20:08,428] {logging_mixin.py:109} INFO - [2022-11-30 04:20:08,427] {dag.py:2398} INFO - Sync 1 DAGs
[2022-11-30 04:20:08,440] {logging_mixin.py:109} INFO - [2022-11-30 04:20:08,440] {dag.py:2937} INFO - Setting next_dagrun for tutorial_taskflow_api_etl_virtualenv to None
[2022-11-30 04:20:08,452] {processor.py:171} INFO - Processing /home/airflow/.local/lib/python3.7/site-packages/airflow/example_dags/tutorial_taskflow_api_etl_virtualenv.py took 0.218 seconds
[2022-11-30 04:20:39,729] {processor.py:163} INFO - Started process (PID=7011) to work on /home/airflow/.local/lib/python3.7/site-packages/airflow/example_dags/tutorial_taskflow_api_etl_virtualenv.py
[2022-11-30 04:20:39,730] {processor.py:642} INFO - Processing file /home/airflow/.local/lib/python3.7/site-packages/airflow/example_dags/tutorial_taskflow_api_etl_virtualenv.py for tasks to queue
[2022-11-30 04:20:39,730] {logging_mixin.py:109} INFO - [2022-11-30 04:20:39,730] {dagbag.py:500} INFO - Filling up the DagBag from /home/airflow/.local/lib/python3.7/site-packages/airflow/example_dags/tutorial_taskflow_api_etl_virtualenv.py
[2022-11-30 04:20:39,761] {processor.py:654} INFO - DAG(s) dict_keys(['tutorial_taskflow_api_etl_virtualenv']) retrieved from /home/airflow/.local/lib/python3.7/site-packages/airflow/example_dags/tutorial_taskflow_api_etl_virtualenv.py
[2022-11-30 04:20:39,990] {logging_mixin.py:109} INFO - [2022-11-30 04:20:39,990] {dag.py:2398} INFO - Sync 1 DAGs
[2022-11-30 04:20:40,004] {logging_mixin.py:109} INFO - [2022-11-30 04:20:40,004] {dag.py:2937} INFO - Setting next_dagrun for tutorial_taskflow_api_etl_virtualenv to None
[2022-11-30 04:20:40,016] {processor.py:171} INFO - Processing /home/airflow/.local/lib/python3.7/site-packages/airflow/example_dags/tutorial_taskflow_api_etl_virtualenv.py took 0.290 seconds
[2022-11-30 04:21:10,708] {processor.py:163} INFO - Started process (PID=7088) to work on /home/airflow/.local/lib/python3.7/site-packages/airflow/example_dags/tutorial_taskflow_api_etl_virtualenv.py
[2022-11-30 04:21:10,709] {processor.py:642} INFO - Processing file /home/airflow/.local/lib/python3.7/site-packages/airflow/example_dags/tutorial_taskflow_api_etl_virtualenv.py for tasks to queue
[2022-11-30 04:21:10,709] {logging_mixin.py:109} INFO - [2022-11-30 04:21:10,709] {dagbag.py:500} INFO - Filling up the DagBag from /home/airflow/.local/lib/python3.7/site-packages/airflow/example_dags/tutorial_taskflow_api_etl_virtualenv.py
[2022-11-30 04:21:10,741] {processor.py:654} INFO - DAG(s) dict_keys(['tutorial_taskflow_api_etl_virtualenv']) retrieved from /home/airflow/.local/lib/python3.7/site-packages/airflow/example_dags/tutorial_taskflow_api_etl_virtualenv.py
[2022-11-30 04:21:11,014] {logging_mixin.py:109} INFO - [2022-11-30 04:21:11,014] {dag.py:2398} INFO - Sync 1 DAGs
[2022-11-30 04:21:11,031] {logging_mixin.py:109} INFO - [2022-11-30 04:21:11,031] {dag.py:2937} INFO - Setting next_dagrun for tutorial_taskflow_api_etl_virtualenv to None
[2022-11-30 04:21:11,044] {processor.py:171} INFO - Processing /home/airflow/.local/lib/python3.7/site-packages/airflow/example_dags/tutorial_taskflow_api_etl_virtualenv.py took 0.340 seconds
[2022-11-30 04:21:41,631] {processor.py:163} INFO - Started process (PID=7174) to work on /home/airflow/.local/lib/python3.7/site-packages/airflow/example_dags/tutorial_taskflow_api_etl_virtualenv.py
[2022-11-30 04:21:41,632] {processor.py:642} INFO - Processing file /home/airflow/.local/lib/python3.7/site-packages/airflow/example_dags/tutorial_taskflow_api_etl_virtualenv.py for tasks to queue
[2022-11-30 04:21:41,633] {logging_mixin.py:109} INFO - [2022-11-30 04:21:41,633] {dagbag.py:500} INFO - Filling up the DagBag from /home/airflow/.local/lib/python3.7/site-packages/airflow/example_dags/tutorial_taskflow_api_etl_virtualenv.py
[2022-11-30 04:21:41,659] {processor.py:654} INFO - DAG(s) dict_keys(['tutorial_taskflow_api_etl_virtualenv']) retrieved from /home/airflow/.local/lib/python3.7/site-packages/airflow/example_dags/tutorial_taskflow_api_etl_virtualenv.py
[2022-11-30 04:21:41,838] {logging_mixin.py:109} INFO - [2022-11-30 04:21:41,838] {dag.py:2398} INFO - Sync 1 DAGs
[2022-11-30 04:21:41,853] {logging_mixin.py:109} INFO - [2022-11-30 04:21:41,852] {dag.py:2937} INFO - Setting next_dagrun for tutorial_taskflow_api_etl_virtualenv to None
[2022-11-30 04:21:41,863] {processor.py:171} INFO - Processing /home/airflow/.local/lib/python3.7/site-packages/airflow/example_dags/tutorial_taskflow_api_etl_virtualenv.py took 0.234 seconds
[2022-11-30 04:22:12,005] {processor.py:163} INFO - Started process (PID=7252) to work on /home/airflow/.local/lib/python3.7/site-packages/airflow/example_dags/tutorial_taskflow_api_etl_virtualenv.py
[2022-11-30 04:22:12,006] {processor.py:642} INFO - Processing file /home/airflow/.local/lib/python3.7/site-packages/airflow/example_dags/tutorial_taskflow_api_etl_virtualenv.py for tasks to queue
[2022-11-30 04:22:12,006] {logging_mixin.py:109} INFO - [2022-11-30 04:22:12,006] {dagbag.py:500} INFO - Filling up the DagBag from /home/airflow/.local/lib/python3.7/site-packages/airflow/example_dags/tutorial_taskflow_api_etl_virtualenv.py
[2022-11-30 04:22:12,035] {processor.py:654} INFO - DAG(s) dict_keys(['tutorial_taskflow_api_etl_virtualenv']) retrieved from /home/airflow/.local/lib/python3.7/site-packages/airflow/example_dags/tutorial_taskflow_api_etl_virtualenv.py
[2022-11-30 04:22:12,203] {logging_mixin.py:109} INFO - [2022-11-30 04:22:12,203] {dag.py:2398} INFO - Sync 1 DAGs
[2022-11-30 04:22:12,215] {logging_mixin.py:109} INFO - [2022-11-30 04:22:12,215] {dag.py:2937} INFO - Setting next_dagrun for tutorial_taskflow_api_etl_virtualenv to None
[2022-11-30 04:22:12,224] {processor.py:171} INFO - Processing /home/airflow/.local/lib/python3.7/site-packages/airflow/example_dags/tutorial_taskflow_api_etl_virtualenv.py took 0.223 seconds
