[2022-11-30 03:58:19,211] {processor.py:163} INFO - Started process (PID=3508) to work on /home/airflow/.local/lib/python3.7/site-packages/airflow/example_dags/tutorial_taskflow_api_etl.py
[2022-11-30 03:58:19,222] {processor.py:642} INFO - Processing file /home/airflow/.local/lib/python3.7/site-packages/airflow/example_dags/tutorial_taskflow_api_etl.py for tasks to queue
[2022-11-30 03:58:19,223] {logging_mixin.py:109} INFO - [2022-11-30 03:58:19,223] {dagbag.py:500} INFO - Filling up the DagBag from /home/airflow/.local/lib/python3.7/site-packages/airflow/example_dags/tutorial_taskflow_api_etl.py
[2022-11-30 03:58:19,324] {processor.py:654} INFO - DAG(s) dict_keys(['tutorial_taskflow_api_etl']) retrieved from /home/airflow/.local/lib/python3.7/site-packages/airflow/example_dags/tutorial_taskflow_api_etl.py
[2022-11-30 03:58:19,788] {logging_mixin.py:109} INFO - [2022-11-30 03:58:19,788] {dag.py:2398} INFO - Sync 1 DAGs
[2022-11-30 03:58:19,813] {logging_mixin.py:109} INFO - [2022-11-30 03:58:19,813] {dag.py:2937} INFO - Setting next_dagrun for tutorial_taskflow_api_etl to None
[2022-11-30 03:58:19,832] {processor.py:171} INFO - Processing /home/airflow/.local/lib/python3.7/site-packages/airflow/example_dags/tutorial_taskflow_api_etl.py took 0.627 seconds
[2022-11-30 03:58:50,768] {processor.py:163} INFO - Started process (PID=3587) to work on /home/airflow/.local/lib/python3.7/site-packages/airflow/example_dags/tutorial_taskflow_api_etl.py
[2022-11-30 03:58:50,769] {processor.py:642} INFO - Processing file /home/airflow/.local/lib/python3.7/site-packages/airflow/example_dags/tutorial_taskflow_api_etl.py for tasks to queue
[2022-11-30 03:58:50,770] {logging_mixin.py:109} INFO - [2022-11-30 03:58:50,770] {dagbag.py:500} INFO - Filling up the DagBag from /home/airflow/.local/lib/python3.7/site-packages/airflow/example_dags/tutorial_taskflow_api_etl.py
[2022-11-30 03:58:50,797] {processor.py:654} INFO - DAG(s) dict_keys(['tutorial_taskflow_api_etl']) retrieved from /home/airflow/.local/lib/python3.7/site-packages/airflow/example_dags/tutorial_taskflow_api_etl.py
[2022-11-30 03:58:50,995] {logging_mixin.py:109} INFO - [2022-11-30 03:58:50,995] {dag.py:2398} INFO - Sync 1 DAGs
[2022-11-30 03:58:51,008] {logging_mixin.py:109} INFO - [2022-11-30 03:58:51,008] {dag.py:2937} INFO - Setting next_dagrun for tutorial_taskflow_api_etl to None
[2022-11-30 03:58:51,017] {processor.py:171} INFO - Processing /home/airflow/.local/lib/python3.7/site-packages/airflow/example_dags/tutorial_taskflow_api_etl.py took 0.252 seconds
[2022-11-30 03:59:21,571] {processor.py:163} INFO - Started process (PID=3673) to work on /home/airflow/.local/lib/python3.7/site-packages/airflow/example_dags/tutorial_taskflow_api_etl.py
[2022-11-30 03:59:21,572] {processor.py:642} INFO - Processing file /home/airflow/.local/lib/python3.7/site-packages/airflow/example_dags/tutorial_taskflow_api_etl.py for tasks to queue
[2022-11-30 03:59:21,573] {logging_mixin.py:109} INFO - [2022-11-30 03:59:21,573] {dagbag.py:500} INFO - Filling up the DagBag from /home/airflow/.local/lib/python3.7/site-packages/airflow/example_dags/tutorial_taskflow_api_etl.py
[2022-11-30 03:59:21,608] {processor.py:654} INFO - DAG(s) dict_keys(['tutorial_taskflow_api_etl']) retrieved from /home/airflow/.local/lib/python3.7/site-packages/airflow/example_dags/tutorial_taskflow_api_etl.py
[2022-11-30 03:59:21,853] {logging_mixin.py:109} INFO - [2022-11-30 03:59:21,852] {dag.py:2398} INFO - Sync 1 DAGs
[2022-11-30 03:59:21,872] {logging_mixin.py:109} INFO - [2022-11-30 03:59:21,872] {dag.py:2937} INFO - Setting next_dagrun for tutorial_taskflow_api_etl to None
[2022-11-30 03:59:21,886] {processor.py:171} INFO - Processing /home/airflow/.local/lib/python3.7/site-packages/airflow/example_dags/tutorial_taskflow_api_etl.py took 0.319 seconds
[2022-11-30 03:59:52,107] {processor.py:163} INFO - Started process (PID=3750) to work on /home/airflow/.local/lib/python3.7/site-packages/airflow/example_dags/tutorial_taskflow_api_etl.py
[2022-11-30 03:59:52,108] {processor.py:642} INFO - Processing file /home/airflow/.local/lib/python3.7/site-packages/airflow/example_dags/tutorial_taskflow_api_etl.py for tasks to queue
[2022-11-30 03:59:52,108] {logging_mixin.py:109} INFO - [2022-11-30 03:59:52,108] {dagbag.py:500} INFO - Filling up the DagBag from /home/airflow/.local/lib/python3.7/site-packages/airflow/example_dags/tutorial_taskflow_api_etl.py
[2022-11-30 03:59:52,138] {processor.py:654} INFO - DAG(s) dict_keys(['tutorial_taskflow_api_etl']) retrieved from /home/airflow/.local/lib/python3.7/site-packages/airflow/example_dags/tutorial_taskflow_api_etl.py
[2022-11-30 03:59:52,303] {logging_mixin.py:109} INFO - [2022-11-30 03:59:52,302] {dag.py:2398} INFO - Sync 1 DAGs
[2022-11-30 03:59:52,314] {logging_mixin.py:109} INFO - [2022-11-30 03:59:52,314] {dag.py:2937} INFO - Setting next_dagrun for tutorial_taskflow_api_etl to None
[2022-11-30 03:59:52,324] {processor.py:171} INFO - Processing /home/airflow/.local/lib/python3.7/site-packages/airflow/example_dags/tutorial_taskflow_api_etl.py took 0.220 seconds
[2022-11-30 04:00:22,405] {processor.py:163} INFO - Started process (PID=3836) to work on /home/airflow/.local/lib/python3.7/site-packages/airflow/example_dags/tutorial_taskflow_api_etl.py
[2022-11-30 04:00:22,406] {processor.py:642} INFO - Processing file /home/airflow/.local/lib/python3.7/site-packages/airflow/example_dags/tutorial_taskflow_api_etl.py for tasks to queue
[2022-11-30 04:00:22,406] {logging_mixin.py:109} INFO - [2022-11-30 04:00:22,406] {dagbag.py:500} INFO - Filling up the DagBag from /home/airflow/.local/lib/python3.7/site-packages/airflow/example_dags/tutorial_taskflow_api_etl.py
[2022-11-30 04:00:22,442] {processor.py:654} INFO - DAG(s) dict_keys(['tutorial_taskflow_api_etl']) retrieved from /home/airflow/.local/lib/python3.7/site-packages/airflow/example_dags/tutorial_taskflow_api_etl.py
[2022-11-30 04:00:22,688] {logging_mixin.py:109} INFO - [2022-11-30 04:00:22,688] {dag.py:2398} INFO - Sync 1 DAGs
[2022-11-30 04:00:22,706] {logging_mixin.py:109} INFO - [2022-11-30 04:00:22,706] {dag.py:2937} INFO - Setting next_dagrun for tutorial_taskflow_api_etl to None
[2022-11-30 04:00:22,719] {processor.py:171} INFO - Processing /home/airflow/.local/lib/python3.7/site-packages/airflow/example_dags/tutorial_taskflow_api_etl.py took 0.317 seconds
[2022-11-30 04:00:53,097] {processor.py:163} INFO - Started process (PID=3913) to work on /home/airflow/.local/lib/python3.7/site-packages/airflow/example_dags/tutorial_taskflow_api_etl.py
[2022-11-30 04:00:53,099] {processor.py:642} INFO - Processing file /home/airflow/.local/lib/python3.7/site-packages/airflow/example_dags/tutorial_taskflow_api_etl.py for tasks to queue
[2022-11-30 04:00:53,099] {logging_mixin.py:109} INFO - [2022-11-30 04:00:53,099] {dagbag.py:500} INFO - Filling up the DagBag from /home/airflow/.local/lib/python3.7/site-packages/airflow/example_dags/tutorial_taskflow_api_etl.py
[2022-11-30 04:00:53,128] {processor.py:654} INFO - DAG(s) dict_keys(['tutorial_taskflow_api_etl']) retrieved from /home/airflow/.local/lib/python3.7/site-packages/airflow/example_dags/tutorial_taskflow_api_etl.py
[2022-11-30 04:00:53,361] {logging_mixin.py:109} INFO - [2022-11-30 04:00:53,361] {dag.py:2398} INFO - Sync 1 DAGs
[2022-11-30 04:00:53,380] {logging_mixin.py:109} INFO - [2022-11-30 04:00:53,380] {dag.py:2937} INFO - Setting next_dagrun for tutorial_taskflow_api_etl to None
[2022-11-30 04:00:53,398] {processor.py:171} INFO - Processing /home/airflow/.local/lib/python3.7/site-packages/airflow/example_dags/tutorial_taskflow_api_etl.py took 0.303 seconds
[2022-11-30 04:01:23,621] {processor.py:163} INFO - Started process (PID=3990) to work on /home/airflow/.local/lib/python3.7/site-packages/airflow/example_dags/tutorial_taskflow_api_etl.py
[2022-11-30 04:01:23,622] {processor.py:642} INFO - Processing file /home/airflow/.local/lib/python3.7/site-packages/airflow/example_dags/tutorial_taskflow_api_etl.py for tasks to queue
[2022-11-30 04:01:23,623] {logging_mixin.py:109} INFO - [2022-11-30 04:01:23,623] {dagbag.py:500} INFO - Filling up the DagBag from /home/airflow/.local/lib/python3.7/site-packages/airflow/example_dags/tutorial_taskflow_api_etl.py
[2022-11-30 04:01:23,652] {processor.py:654} INFO - DAG(s) dict_keys(['tutorial_taskflow_api_etl']) retrieved from /home/airflow/.local/lib/python3.7/site-packages/airflow/example_dags/tutorial_taskflow_api_etl.py
[2022-11-30 04:01:23,819] {logging_mixin.py:109} INFO - [2022-11-30 04:01:23,819] {dag.py:2398} INFO - Sync 1 DAGs
[2022-11-30 04:01:23,832] {logging_mixin.py:109} INFO - [2022-11-30 04:01:23,832] {dag.py:2937} INFO - Setting next_dagrun for tutorial_taskflow_api_etl to None
[2022-11-30 04:01:23,843] {processor.py:171} INFO - Processing /home/airflow/.local/lib/python3.7/site-packages/airflow/example_dags/tutorial_taskflow_api_etl.py took 0.224 seconds
[2022-11-30 04:01:54,453] {processor.py:163} INFO - Started process (PID=4076) to work on /home/airflow/.local/lib/python3.7/site-packages/airflow/example_dags/tutorial_taskflow_api_etl.py
[2022-11-30 04:01:54,454] {processor.py:642} INFO - Processing file /home/airflow/.local/lib/python3.7/site-packages/airflow/example_dags/tutorial_taskflow_api_etl.py for tasks to queue
[2022-11-30 04:01:54,454] {logging_mixin.py:109} INFO - [2022-11-30 04:01:54,454] {dagbag.py:500} INFO - Filling up the DagBag from /home/airflow/.local/lib/python3.7/site-packages/airflow/example_dags/tutorial_taskflow_api_etl.py
[2022-11-30 04:01:54,483] {processor.py:654} INFO - DAG(s) dict_keys(['tutorial_taskflow_api_etl']) retrieved from /home/airflow/.local/lib/python3.7/site-packages/airflow/example_dags/tutorial_taskflow_api_etl.py
[2022-11-30 04:01:54,685] {logging_mixin.py:109} INFO - [2022-11-30 04:01:54,685] {dag.py:2398} INFO - Sync 1 DAGs
[2022-11-30 04:01:54,699] {logging_mixin.py:109} INFO - [2022-11-30 04:01:54,699] {dag.py:2937} INFO - Setting next_dagrun for tutorial_taskflow_api_etl to None
[2022-11-30 04:01:54,711] {processor.py:171} INFO - Processing /home/airflow/.local/lib/python3.7/site-packages/airflow/example_dags/tutorial_taskflow_api_etl.py took 0.261 seconds
[2022-11-30 04:02:27,009] {processor.py:163} INFO - Started process (PID=4151) to work on /home/airflow/.local/lib/python3.7/site-packages/airflow/example_dags/tutorial_taskflow_api_etl.py
[2022-11-30 04:02:27,015] {processor.py:642} INFO - Processing file /home/airflow/.local/lib/python3.7/site-packages/airflow/example_dags/tutorial_taskflow_api_etl.py for tasks to queue
[2022-11-30 04:02:27,015] {logging_mixin.py:109} INFO - [2022-11-30 04:02:27,015] {dagbag.py:500} INFO - Filling up the DagBag from /home/airflow/.local/lib/python3.7/site-packages/airflow/example_dags/tutorial_taskflow_api_etl.py
[2022-11-30 04:02:27,126] {processor.py:654} INFO - DAG(s) dict_keys(['tutorial_taskflow_api_etl']) retrieved from /home/airflow/.local/lib/python3.7/site-packages/airflow/example_dags/tutorial_taskflow_api_etl.py
[2022-11-30 04:02:27,148] {logging_mixin.py:109} INFO - [2022-11-30 04:02:27,148] {dag.py:2398} INFO - Sync 1 DAGs
[2022-11-30 04:02:27,184] {logging_mixin.py:109} INFO - [2022-11-30 04:02:27,184] {dag.py:2937} INFO - Setting next_dagrun for tutorial_taskflow_api_etl to None
[2022-11-30 04:02:27,205] {processor.py:171} INFO - Processing /home/airflow/.local/lib/python3.7/site-packages/airflow/example_dags/tutorial_taskflow_api_etl.py took 0.200 seconds
[2022-11-30 04:02:57,614] {processor.py:163} INFO - Started process (PID=4228) to work on /home/airflow/.local/lib/python3.7/site-packages/airflow/example_dags/tutorial_taskflow_api_etl.py
[2022-11-30 04:02:57,615] {processor.py:642} INFO - Processing file /home/airflow/.local/lib/python3.7/site-packages/airflow/example_dags/tutorial_taskflow_api_etl.py for tasks to queue
[2022-11-30 04:02:57,616] {logging_mixin.py:109} INFO - [2022-11-30 04:02:57,616] {dagbag.py:500} INFO - Filling up the DagBag from /home/airflow/.local/lib/python3.7/site-packages/airflow/example_dags/tutorial_taskflow_api_etl.py
[2022-11-30 04:02:57,651] {processor.py:654} INFO - DAG(s) dict_keys(['tutorial_taskflow_api_etl']) retrieved from /home/airflow/.local/lib/python3.7/site-packages/airflow/example_dags/tutorial_taskflow_api_etl.py
[2022-11-30 04:02:57,851] {logging_mixin.py:109} INFO - [2022-11-30 04:02:57,851] {dag.py:2398} INFO - Sync 1 DAGs
[2022-11-30 04:02:57,864] {logging_mixin.py:109} INFO - [2022-11-30 04:02:57,864] {dag.py:2937} INFO - Setting next_dagrun for tutorial_taskflow_api_etl to None
[2022-11-30 04:02:57,875] {processor.py:171} INFO - Processing /home/airflow/.local/lib/python3.7/site-packages/airflow/example_dags/tutorial_taskflow_api_etl.py took 0.264 seconds
[2022-11-30 04:03:29,448] {processor.py:163} INFO - Started process (PID=4314) to work on /home/airflow/.local/lib/python3.7/site-packages/airflow/example_dags/tutorial_taskflow_api_etl.py
[2022-11-30 04:03:29,449] {processor.py:642} INFO - Processing file /home/airflow/.local/lib/python3.7/site-packages/airflow/example_dags/tutorial_taskflow_api_etl.py for tasks to queue
[2022-11-30 04:03:29,450] {logging_mixin.py:109} INFO - [2022-11-30 04:03:29,450] {dagbag.py:500} INFO - Filling up the DagBag from /home/airflow/.local/lib/python3.7/site-packages/airflow/example_dags/tutorial_taskflow_api_etl.py
[2022-11-30 04:03:29,480] {processor.py:654} INFO - DAG(s) dict_keys(['tutorial_taskflow_api_etl']) retrieved from /home/airflow/.local/lib/python3.7/site-packages/airflow/example_dags/tutorial_taskflow_api_etl.py
[2022-11-30 04:03:29,693] {logging_mixin.py:109} INFO - [2022-11-30 04:03:29,692] {dag.py:2398} INFO - Sync 1 DAGs
[2022-11-30 04:03:29,708] {logging_mixin.py:109} INFO - [2022-11-30 04:03:29,708] {dag.py:2937} INFO - Setting next_dagrun for tutorial_taskflow_api_etl to None
[2022-11-30 04:03:29,719] {processor.py:171} INFO - Processing /home/airflow/.local/lib/python3.7/site-packages/airflow/example_dags/tutorial_taskflow_api_etl.py took 0.274 seconds
[2022-11-30 04:03:59,938] {processor.py:163} INFO - Started process (PID=4393) to work on /home/airflow/.local/lib/python3.7/site-packages/airflow/example_dags/tutorial_taskflow_api_etl.py
[2022-11-30 04:03:59,939] {processor.py:642} INFO - Processing file /home/airflow/.local/lib/python3.7/site-packages/airflow/example_dags/tutorial_taskflow_api_etl.py for tasks to queue
[2022-11-30 04:03:59,940] {logging_mixin.py:109} INFO - [2022-11-30 04:03:59,940] {dagbag.py:500} INFO - Filling up the DagBag from /home/airflow/.local/lib/python3.7/site-packages/airflow/example_dags/tutorial_taskflow_api_etl.py
[2022-11-30 04:03:59,970] {processor.py:654} INFO - DAG(s) dict_keys(['tutorial_taskflow_api_etl']) retrieved from /home/airflow/.local/lib/python3.7/site-packages/airflow/example_dags/tutorial_taskflow_api_etl.py
[2022-11-30 04:03:59,982] {logging_mixin.py:109} INFO - [2022-11-30 04:03:59,982] {dag.py:2398} INFO - Sync 1 DAGs
[2022-11-30 04:04:00,001] {logging_mixin.py:109} INFO - [2022-11-30 04:04:00,001] {dag.py:2937} INFO - Setting next_dagrun for tutorial_taskflow_api_etl to None
[2022-11-30 04:04:00,015] {processor.py:171} INFO - Processing /home/airflow/.local/lib/python3.7/site-packages/airflow/example_dags/tutorial_taskflow_api_etl.py took 0.080 seconds
[2022-11-30 04:04:31,133] {processor.py:163} INFO - Started process (PID=4477) to work on /home/airflow/.local/lib/python3.7/site-packages/airflow/example_dags/tutorial_taskflow_api_etl.py
[2022-11-30 04:04:31,134] {processor.py:642} INFO - Processing file /home/airflow/.local/lib/python3.7/site-packages/airflow/example_dags/tutorial_taskflow_api_etl.py for tasks to queue
[2022-11-30 04:04:31,134] {logging_mixin.py:109} INFO - [2022-11-30 04:04:31,134] {dagbag.py:500} INFO - Filling up the DagBag from /home/airflow/.local/lib/python3.7/site-packages/airflow/example_dags/tutorial_taskflow_api_etl.py
[2022-11-30 04:04:31,166] {processor.py:654} INFO - DAG(s) dict_keys(['tutorial_taskflow_api_etl']) retrieved from /home/airflow/.local/lib/python3.7/site-packages/airflow/example_dags/tutorial_taskflow_api_etl.py
[2022-11-30 04:04:31,381] {logging_mixin.py:109} INFO - [2022-11-30 04:04:31,381] {dag.py:2398} INFO - Sync 1 DAGs
[2022-11-30 04:04:31,393] {logging_mixin.py:109} INFO - [2022-11-30 04:04:31,393] {dag.py:2937} INFO - Setting next_dagrun for tutorial_taskflow_api_etl to None
[2022-11-30 04:04:31,403] {processor.py:171} INFO - Processing /home/airflow/.local/lib/python3.7/site-packages/airflow/example_dags/tutorial_taskflow_api_etl.py took 0.273 seconds
[2022-11-30 04:05:02,607] {processor.py:163} INFO - Started process (PID=4554) to work on /home/airflow/.local/lib/python3.7/site-packages/airflow/example_dags/tutorial_taskflow_api_etl.py
[2022-11-30 04:05:02,608] {processor.py:642} INFO - Processing file /home/airflow/.local/lib/python3.7/site-packages/airflow/example_dags/tutorial_taskflow_api_etl.py for tasks to queue
[2022-11-30 04:05:02,608] {logging_mixin.py:109} INFO - [2022-11-30 04:05:02,608] {dagbag.py:500} INFO - Filling up the DagBag from /home/airflow/.local/lib/python3.7/site-packages/airflow/example_dags/tutorial_taskflow_api_etl.py
[2022-11-30 04:05:02,637] {processor.py:654} INFO - DAG(s) dict_keys(['tutorial_taskflow_api_etl']) retrieved from /home/airflow/.local/lib/python3.7/site-packages/airflow/example_dags/tutorial_taskflow_api_etl.py
[2022-11-30 04:05:02,802] {logging_mixin.py:109} INFO - [2022-11-30 04:05:02,802] {dag.py:2398} INFO - Sync 1 DAGs
[2022-11-30 04:05:02,815] {logging_mixin.py:109} INFO - [2022-11-30 04:05:02,815] {dag.py:2937} INFO - Setting next_dagrun for tutorial_taskflow_api_etl to None
[2022-11-30 04:05:02,824] {processor.py:171} INFO - Processing /home/airflow/.local/lib/python3.7/site-packages/airflow/example_dags/tutorial_taskflow_api_etl.py took 0.220 seconds
[2022-11-30 04:05:34,026] {processor.py:163} INFO - Started process (PID=4640) to work on /home/airflow/.local/lib/python3.7/site-packages/airflow/example_dags/tutorial_taskflow_api_etl.py
[2022-11-30 04:05:34,027] {processor.py:642} INFO - Processing file /home/airflow/.local/lib/python3.7/site-packages/airflow/example_dags/tutorial_taskflow_api_etl.py for tasks to queue
[2022-11-30 04:05:34,028] {logging_mixin.py:109} INFO - [2022-11-30 04:05:34,028] {dagbag.py:500} INFO - Filling up the DagBag from /home/airflow/.local/lib/python3.7/site-packages/airflow/example_dags/tutorial_taskflow_api_etl.py
[2022-11-30 04:05:34,055] {processor.py:654} INFO - DAG(s) dict_keys(['tutorial_taskflow_api_etl']) retrieved from /home/airflow/.local/lib/python3.7/site-packages/airflow/example_dags/tutorial_taskflow_api_etl.py
[2022-11-30 04:05:34,227] {logging_mixin.py:109} INFO - [2022-11-30 04:05:34,227] {dag.py:2398} INFO - Sync 1 DAGs
[2022-11-30 04:05:34,240] {logging_mixin.py:109} INFO - [2022-11-30 04:05:34,240] {dag.py:2937} INFO - Setting next_dagrun for tutorial_taskflow_api_etl to None
[2022-11-30 04:05:34,249] {processor.py:171} INFO - Processing /home/airflow/.local/lib/python3.7/site-packages/airflow/example_dags/tutorial_taskflow_api_etl.py took 0.226 seconds
[2022-11-30 04:06:05,392] {processor.py:163} INFO - Started process (PID=4717) to work on /home/airflow/.local/lib/python3.7/site-packages/airflow/example_dags/tutorial_taskflow_api_etl.py
[2022-11-30 04:06:05,393] {processor.py:642} INFO - Processing file /home/airflow/.local/lib/python3.7/site-packages/airflow/example_dags/tutorial_taskflow_api_etl.py for tasks to queue
[2022-11-30 04:06:05,393] {logging_mixin.py:109} INFO - [2022-11-30 04:06:05,393] {dagbag.py:500} INFO - Filling up the DagBag from /home/airflow/.local/lib/python3.7/site-packages/airflow/example_dags/tutorial_taskflow_api_etl.py
[2022-11-30 04:06:05,418] {processor.py:654} INFO - DAG(s) dict_keys(['tutorial_taskflow_api_etl']) retrieved from /home/airflow/.local/lib/python3.7/site-packages/airflow/example_dags/tutorial_taskflow_api_etl.py
[2022-11-30 04:06:05,581] {logging_mixin.py:109} INFO - [2022-11-30 04:06:05,581] {dag.py:2398} INFO - Sync 1 DAGs
[2022-11-30 04:06:05,593] {logging_mixin.py:109} INFO - [2022-11-30 04:06:05,593] {dag.py:2937} INFO - Setting next_dagrun for tutorial_taskflow_api_etl to None
[2022-11-30 04:06:05,603] {processor.py:171} INFO - Processing /home/airflow/.local/lib/python3.7/site-packages/airflow/example_dags/tutorial_taskflow_api_etl.py took 0.214 seconds
[2022-11-30 04:06:36,903] {processor.py:163} INFO - Started process (PID=4803) to work on /home/airflow/.local/lib/python3.7/site-packages/airflow/example_dags/tutorial_taskflow_api_etl.py
[2022-11-30 04:06:36,904] {processor.py:642} INFO - Processing file /home/airflow/.local/lib/python3.7/site-packages/airflow/example_dags/tutorial_taskflow_api_etl.py for tasks to queue
[2022-11-30 04:06:36,905] {logging_mixin.py:109} INFO - [2022-11-30 04:06:36,905] {dagbag.py:500} INFO - Filling up the DagBag from /home/airflow/.local/lib/python3.7/site-packages/airflow/example_dags/tutorial_taskflow_api_etl.py
[2022-11-30 04:06:36,943] {processor.py:654} INFO - DAG(s) dict_keys(['tutorial_taskflow_api_etl']) retrieved from /home/airflow/.local/lib/python3.7/site-packages/airflow/example_dags/tutorial_taskflow_api_etl.py
[2022-11-30 04:06:37,151] {logging_mixin.py:109} INFO - [2022-11-30 04:06:37,151] {dag.py:2398} INFO - Sync 1 DAGs
[2022-11-30 04:06:37,167] {logging_mixin.py:109} INFO - [2022-11-30 04:06:37,167] {dag.py:2937} INFO - Setting next_dagrun for tutorial_taskflow_api_etl to None
[2022-11-30 04:06:37,179] {processor.py:171} INFO - Processing /home/airflow/.local/lib/python3.7/site-packages/airflow/example_dags/tutorial_taskflow_api_etl.py took 0.280 seconds
[2022-11-30 04:07:08,449] {processor.py:163} INFO - Started process (PID=4880) to work on /home/airflow/.local/lib/python3.7/site-packages/airflow/example_dags/tutorial_taskflow_api_etl.py
[2022-11-30 04:07:08,450] {processor.py:642} INFO - Processing file /home/airflow/.local/lib/python3.7/site-packages/airflow/example_dags/tutorial_taskflow_api_etl.py for tasks to queue
[2022-11-30 04:07:08,452] {logging_mixin.py:109} INFO - [2022-11-30 04:07:08,451] {dagbag.py:500} INFO - Filling up the DagBag from /home/airflow/.local/lib/python3.7/site-packages/airflow/example_dags/tutorial_taskflow_api_etl.py
[2022-11-30 04:07:08,489] {processor.py:654} INFO - DAG(s) dict_keys(['tutorial_taskflow_api_etl']) retrieved from /home/airflow/.local/lib/python3.7/site-packages/airflow/example_dags/tutorial_taskflow_api_etl.py
[2022-11-30 04:07:08,663] {logging_mixin.py:109} INFO - [2022-11-30 04:07:08,663] {dag.py:2398} INFO - Sync 1 DAGs
[2022-11-30 04:07:08,674] {logging_mixin.py:109} INFO - [2022-11-30 04:07:08,674] {dag.py:2937} INFO - Setting next_dagrun for tutorial_taskflow_api_etl to None
[2022-11-30 04:07:08,683] {processor.py:171} INFO - Processing /home/airflow/.local/lib/python3.7/site-packages/airflow/example_dags/tutorial_taskflow_api_etl.py took 0.237 seconds
[2022-11-30 04:07:39,975] {processor.py:163} INFO - Started process (PID=4968) to work on /home/airflow/.local/lib/python3.7/site-packages/airflow/example_dags/tutorial_taskflow_api_etl.py
[2022-11-30 04:07:39,976] {processor.py:642} INFO - Processing file /home/airflow/.local/lib/python3.7/site-packages/airflow/example_dags/tutorial_taskflow_api_etl.py for tasks to queue
[2022-11-30 04:07:39,977] {logging_mixin.py:109} INFO - [2022-11-30 04:07:39,977] {dagbag.py:500} INFO - Filling up the DagBag from /home/airflow/.local/lib/python3.7/site-packages/airflow/example_dags/tutorial_taskflow_api_etl.py
[2022-11-30 04:07:40,020] {processor.py:654} INFO - DAG(s) dict_keys(['tutorial_taskflow_api_etl']) retrieved from /home/airflow/.local/lib/python3.7/site-packages/airflow/example_dags/tutorial_taskflow_api_etl.py
[2022-11-30 04:07:40,244] {logging_mixin.py:109} INFO - [2022-11-30 04:07:40,244] {dag.py:2398} INFO - Sync 1 DAGs
[2022-11-30 04:07:40,259] {logging_mixin.py:109} INFO - [2022-11-30 04:07:40,259] {dag.py:2937} INFO - Setting next_dagrun for tutorial_taskflow_api_etl to None
[2022-11-30 04:07:40,269] {processor.py:171} INFO - Processing /home/airflow/.local/lib/python3.7/site-packages/airflow/example_dags/tutorial_taskflow_api_etl.py took 0.297 seconds
[2022-11-30 04:08:11,586] {processor.py:163} INFO - Started process (PID=5047) to work on /home/airflow/.local/lib/python3.7/site-packages/airflow/example_dags/tutorial_taskflow_api_etl.py
[2022-11-30 04:08:11,587] {processor.py:642} INFO - Processing file /home/airflow/.local/lib/python3.7/site-packages/airflow/example_dags/tutorial_taskflow_api_etl.py for tasks to queue
[2022-11-30 04:08:11,587] {logging_mixin.py:109} INFO - [2022-11-30 04:08:11,587] {dagbag.py:500} INFO - Filling up the DagBag from /home/airflow/.local/lib/python3.7/site-packages/airflow/example_dags/tutorial_taskflow_api_etl.py
[2022-11-30 04:08:11,613] {processor.py:654} INFO - DAG(s) dict_keys(['tutorial_taskflow_api_etl']) retrieved from /home/airflow/.local/lib/python3.7/site-packages/airflow/example_dags/tutorial_taskflow_api_etl.py
[2022-11-30 04:08:11,775] {logging_mixin.py:109} INFO - [2022-11-30 04:08:11,775] {dag.py:2398} INFO - Sync 1 DAGs
[2022-11-30 04:08:11,788] {logging_mixin.py:109} INFO - [2022-11-30 04:08:11,788] {dag.py:2937} INFO - Setting next_dagrun for tutorial_taskflow_api_etl to None
[2022-11-30 04:08:11,798] {processor.py:171} INFO - Processing /home/airflow/.local/lib/python3.7/site-packages/airflow/example_dags/tutorial_taskflow_api_etl.py took 0.214 seconds
[2022-11-30 04:08:43,241] {processor.py:163} INFO - Started process (PID=5134) to work on /home/airflow/.local/lib/python3.7/site-packages/airflow/example_dags/tutorial_taskflow_api_etl.py
[2022-11-30 04:08:43,242] {processor.py:642} INFO - Processing file /home/airflow/.local/lib/python3.7/site-packages/airflow/example_dags/tutorial_taskflow_api_etl.py for tasks to queue
[2022-11-30 04:08:43,242] {logging_mixin.py:109} INFO - [2022-11-30 04:08:43,242] {dagbag.py:500} INFO - Filling up the DagBag from /home/airflow/.local/lib/python3.7/site-packages/airflow/example_dags/tutorial_taskflow_api_etl.py
[2022-11-30 04:08:43,278] {processor.py:654} INFO - DAG(s) dict_keys(['tutorial_taskflow_api_etl']) retrieved from /home/airflow/.local/lib/python3.7/site-packages/airflow/example_dags/tutorial_taskflow_api_etl.py
[2022-11-30 04:08:43,456] {logging_mixin.py:109} INFO - [2022-11-30 04:08:43,456] {dag.py:2398} INFO - Sync 1 DAGs
[2022-11-30 04:08:43,471] {logging_mixin.py:109} INFO - [2022-11-30 04:08:43,471] {dag.py:2937} INFO - Setting next_dagrun for tutorial_taskflow_api_etl to None
[2022-11-30 04:08:43,483] {processor.py:171} INFO - Processing /home/airflow/.local/lib/python3.7/site-packages/airflow/example_dags/tutorial_taskflow_api_etl.py took 0.245 seconds
[2022-11-30 04:09:13,576] {processor.py:163} INFO - Started process (PID=5212) to work on /home/airflow/.local/lib/python3.7/site-packages/airflow/example_dags/tutorial_taskflow_api_etl.py
[2022-11-30 04:09:13,577] {processor.py:642} INFO - Processing file /home/airflow/.local/lib/python3.7/site-packages/airflow/example_dags/tutorial_taskflow_api_etl.py for tasks to queue
[2022-11-30 04:09:13,578] {logging_mixin.py:109} INFO - [2022-11-30 04:09:13,578] {dagbag.py:500} INFO - Filling up the DagBag from /home/airflow/.local/lib/python3.7/site-packages/airflow/example_dags/tutorial_taskflow_api_etl.py
[2022-11-30 04:09:13,614] {processor.py:654} INFO - DAG(s) dict_keys(['tutorial_taskflow_api_etl']) retrieved from /home/airflow/.local/lib/python3.7/site-packages/airflow/example_dags/tutorial_taskflow_api_etl.py
[2022-11-30 04:09:13,798] {logging_mixin.py:109} INFO - [2022-11-30 04:09:13,798] {dag.py:2398} INFO - Sync 1 DAGs
[2022-11-30 04:09:13,810] {logging_mixin.py:109} INFO - [2022-11-30 04:09:13,810] {dag.py:2937} INFO - Setting next_dagrun for tutorial_taskflow_api_etl to None
[2022-11-30 04:09:13,819] {processor.py:171} INFO - Processing /home/airflow/.local/lib/python3.7/site-packages/airflow/example_dags/tutorial_taskflow_api_etl.py took 0.247 seconds
[2022-11-30 04:09:45,112] {processor.py:163} INFO - Started process (PID=5299) to work on /home/airflow/.local/lib/python3.7/site-packages/airflow/example_dags/tutorial_taskflow_api_etl.py
[2022-11-30 04:09:45,113] {processor.py:642} INFO - Processing file /home/airflow/.local/lib/python3.7/site-packages/airflow/example_dags/tutorial_taskflow_api_etl.py for tasks to queue
[2022-11-30 04:09:45,113] {logging_mixin.py:109} INFO - [2022-11-30 04:09:45,113] {dagbag.py:500} INFO - Filling up the DagBag from /home/airflow/.local/lib/python3.7/site-packages/airflow/example_dags/tutorial_taskflow_api_etl.py
[2022-11-30 04:09:45,145] {processor.py:654} INFO - DAG(s) dict_keys(['tutorial_taskflow_api_etl']) retrieved from /home/airflow/.local/lib/python3.7/site-packages/airflow/example_dags/tutorial_taskflow_api_etl.py
[2022-11-30 04:09:45,332] {logging_mixin.py:109} INFO - [2022-11-30 04:09:45,332] {dag.py:2398} INFO - Sync 1 DAGs
[2022-11-30 04:09:45,344] {logging_mixin.py:109} INFO - [2022-11-30 04:09:45,344] {dag.py:2937} INFO - Setting next_dagrun for tutorial_taskflow_api_etl to None
[2022-11-30 04:09:45,354] {processor.py:171} INFO - Processing /home/airflow/.local/lib/python3.7/site-packages/airflow/example_dags/tutorial_taskflow_api_etl.py took 0.245 seconds
[2022-11-30 04:10:15,927] {processor.py:163} INFO - Started process (PID=5376) to work on /home/airflow/.local/lib/python3.7/site-packages/airflow/example_dags/tutorial_taskflow_api_etl.py
[2022-11-30 04:10:15,928] {processor.py:642} INFO - Processing file /home/airflow/.local/lib/python3.7/site-packages/airflow/example_dags/tutorial_taskflow_api_etl.py for tasks to queue
[2022-11-30 04:10:15,928] {logging_mixin.py:109} INFO - [2022-11-30 04:10:15,928] {dagbag.py:500} INFO - Filling up the DagBag from /home/airflow/.local/lib/python3.7/site-packages/airflow/example_dags/tutorial_taskflow_api_etl.py
[2022-11-30 04:10:15,959] {processor.py:654} INFO - DAG(s) dict_keys(['tutorial_taskflow_api_etl']) retrieved from /home/airflow/.local/lib/python3.7/site-packages/airflow/example_dags/tutorial_taskflow_api_etl.py
[2022-11-30 04:10:16,182] {logging_mixin.py:109} INFO - [2022-11-30 04:10:16,182] {dag.py:2398} INFO - Sync 1 DAGs
[2022-11-30 04:10:16,200] {logging_mixin.py:109} INFO - [2022-11-30 04:10:16,200] {dag.py:2937} INFO - Setting next_dagrun for tutorial_taskflow_api_etl to None
[2022-11-30 04:10:16,214] {processor.py:171} INFO - Processing /home/airflow/.local/lib/python3.7/site-packages/airflow/example_dags/tutorial_taskflow_api_etl.py took 0.289 seconds
[2022-11-30 04:10:47,398] {processor.py:163} INFO - Started process (PID=5462) to work on /home/airflow/.local/lib/python3.7/site-packages/airflow/example_dags/tutorial_taskflow_api_etl.py
[2022-11-30 04:10:47,399] {processor.py:642} INFO - Processing file /home/airflow/.local/lib/python3.7/site-packages/airflow/example_dags/tutorial_taskflow_api_etl.py for tasks to queue
[2022-11-30 04:10:47,400] {logging_mixin.py:109} INFO - [2022-11-30 04:10:47,399] {dagbag.py:500} INFO - Filling up the DagBag from /home/airflow/.local/lib/python3.7/site-packages/airflow/example_dags/tutorial_taskflow_api_etl.py
[2022-11-30 04:10:47,430] {processor.py:654} INFO - DAG(s) dict_keys(['tutorial_taskflow_api_etl']) retrieved from /home/airflow/.local/lib/python3.7/site-packages/airflow/example_dags/tutorial_taskflow_api_etl.py
[2022-11-30 04:10:47,649] {logging_mixin.py:109} INFO - [2022-11-30 04:10:47,649] {dag.py:2398} INFO - Sync 1 DAGs
[2022-11-30 04:10:47,664] {logging_mixin.py:109} INFO - [2022-11-30 04:10:47,664] {dag.py:2937} INFO - Setting next_dagrun for tutorial_taskflow_api_etl to None
[2022-11-30 04:10:47,675] {processor.py:171} INFO - Processing /home/airflow/.local/lib/python3.7/site-packages/airflow/example_dags/tutorial_taskflow_api_etl.py took 0.280 seconds
[2022-11-30 04:11:18,766] {processor.py:163} INFO - Started process (PID=5539) to work on /home/airflow/.local/lib/python3.7/site-packages/airflow/example_dags/tutorial_taskflow_api_etl.py
[2022-11-30 04:11:18,767] {processor.py:642} INFO - Processing file /home/airflow/.local/lib/python3.7/site-packages/airflow/example_dags/tutorial_taskflow_api_etl.py for tasks to queue
[2022-11-30 04:11:18,767] {logging_mixin.py:109} INFO - [2022-11-30 04:11:18,767] {dagbag.py:500} INFO - Filling up the DagBag from /home/airflow/.local/lib/python3.7/site-packages/airflow/example_dags/tutorial_taskflow_api_etl.py
[2022-11-30 04:11:18,795] {processor.py:654} INFO - DAG(s) dict_keys(['tutorial_taskflow_api_etl']) retrieved from /home/airflow/.local/lib/python3.7/site-packages/airflow/example_dags/tutorial_taskflow_api_etl.py
[2022-11-30 04:11:18,978] {logging_mixin.py:109} INFO - [2022-11-30 04:11:18,977] {dag.py:2398} INFO - Sync 1 DAGs
[2022-11-30 04:11:18,989] {logging_mixin.py:109} INFO - [2022-11-30 04:11:18,989] {dag.py:2937} INFO - Setting next_dagrun for tutorial_taskflow_api_etl to None
[2022-11-30 04:11:19,001] {processor.py:171} INFO - Processing /home/airflow/.local/lib/python3.7/site-packages/airflow/example_dags/tutorial_taskflow_api_etl.py took 0.238 seconds
[2022-11-30 04:11:50,352] {processor.py:163} INFO - Started process (PID=5625) to work on /home/airflow/.local/lib/python3.7/site-packages/airflow/example_dags/tutorial_taskflow_api_etl.py
[2022-11-30 04:11:50,353] {processor.py:642} INFO - Processing file /home/airflow/.local/lib/python3.7/site-packages/airflow/example_dags/tutorial_taskflow_api_etl.py for tasks to queue
[2022-11-30 04:11:50,353] {logging_mixin.py:109} INFO - [2022-11-30 04:11:50,353] {dagbag.py:500} INFO - Filling up the DagBag from /home/airflow/.local/lib/python3.7/site-packages/airflow/example_dags/tutorial_taskflow_api_etl.py
[2022-11-30 04:11:50,384] {processor.py:654} INFO - DAG(s) dict_keys(['tutorial_taskflow_api_etl']) retrieved from /home/airflow/.local/lib/python3.7/site-packages/airflow/example_dags/tutorial_taskflow_api_etl.py
[2022-11-30 04:11:50,570] {logging_mixin.py:109} INFO - [2022-11-30 04:11:50,570] {dag.py:2398} INFO - Sync 1 DAGs
[2022-11-30 04:11:50,586] {logging_mixin.py:109} INFO - [2022-11-30 04:11:50,585] {dag.py:2937} INFO - Setting next_dagrun for tutorial_taskflow_api_etl to None
[2022-11-30 04:11:50,599] {processor.py:171} INFO - Processing /home/airflow/.local/lib/python3.7/site-packages/airflow/example_dags/tutorial_taskflow_api_etl.py took 0.250 seconds
[2022-11-30 04:12:20,693] {processor.py:163} INFO - Started process (PID=5697) to work on /home/airflow/.local/lib/python3.7/site-packages/airflow/example_dags/tutorial_taskflow_api_etl.py
[2022-11-30 04:12:20,694] {processor.py:642} INFO - Processing file /home/airflow/.local/lib/python3.7/site-packages/airflow/example_dags/tutorial_taskflow_api_etl.py for tasks to queue
[2022-11-30 04:12:20,695] {logging_mixin.py:109} INFO - [2022-11-30 04:12:20,695] {dagbag.py:500} INFO - Filling up the DagBag from /home/airflow/.local/lib/python3.7/site-packages/airflow/example_dags/tutorial_taskflow_api_etl.py
[2022-11-30 04:12:20,721] {processor.py:654} INFO - DAG(s) dict_keys(['tutorial_taskflow_api_etl']) retrieved from /home/airflow/.local/lib/python3.7/site-packages/airflow/example_dags/tutorial_taskflow_api_etl.py
[2022-11-30 04:12:20,873] {logging_mixin.py:109} INFO - [2022-11-30 04:12:20,873] {dag.py:2398} INFO - Sync 1 DAGs
[2022-11-30 04:12:20,889] {logging_mixin.py:109} INFO - [2022-11-30 04:12:20,889] {dag.py:2937} INFO - Setting next_dagrun for tutorial_taskflow_api_etl to None
[2022-11-30 04:12:20,899] {processor.py:171} INFO - Processing /home/airflow/.local/lib/python3.7/site-packages/airflow/example_dags/tutorial_taskflow_api_etl.py took 0.208 seconds
[2022-11-30 04:12:52,044] {processor.py:163} INFO - Started process (PID=5783) to work on /home/airflow/.local/lib/python3.7/site-packages/airflow/example_dags/tutorial_taskflow_api_etl.py
[2022-11-30 04:12:52,045] {processor.py:642} INFO - Processing file /home/airflow/.local/lib/python3.7/site-packages/airflow/example_dags/tutorial_taskflow_api_etl.py for tasks to queue
[2022-11-30 04:12:52,046] {logging_mixin.py:109} INFO - [2022-11-30 04:12:52,045] {dagbag.py:500} INFO - Filling up the DagBag from /home/airflow/.local/lib/python3.7/site-packages/airflow/example_dags/tutorial_taskflow_api_etl.py
[2022-11-30 04:12:52,076] {processor.py:654} INFO - DAG(s) dict_keys(['tutorial_taskflow_api_etl']) retrieved from /home/airflow/.local/lib/python3.7/site-packages/airflow/example_dags/tutorial_taskflow_api_etl.py
[2022-11-30 04:12:52,274] {logging_mixin.py:109} INFO - [2022-11-30 04:12:52,274] {dag.py:2398} INFO - Sync 1 DAGs
[2022-11-30 04:12:52,290] {logging_mixin.py:109} INFO - [2022-11-30 04:12:52,290] {dag.py:2937} INFO - Setting next_dagrun for tutorial_taskflow_api_etl to None
[2022-11-30 04:12:52,303] {processor.py:171} INFO - Processing /home/airflow/.local/lib/python3.7/site-packages/airflow/example_dags/tutorial_taskflow_api_etl.py took 0.263 seconds
[2022-11-30 04:13:23,393] {processor.py:163} INFO - Started process (PID=5861) to work on /home/airflow/.local/lib/python3.7/site-packages/airflow/example_dags/tutorial_taskflow_api_etl.py
[2022-11-30 04:13:23,394] {processor.py:642} INFO - Processing file /home/airflow/.local/lib/python3.7/site-packages/airflow/example_dags/tutorial_taskflow_api_etl.py for tasks to queue
[2022-11-30 04:13:23,395] {logging_mixin.py:109} INFO - [2022-11-30 04:13:23,395] {dagbag.py:500} INFO - Filling up the DagBag from /home/airflow/.local/lib/python3.7/site-packages/airflow/example_dags/tutorial_taskflow_api_etl.py
[2022-11-30 04:13:23,423] {processor.py:654} INFO - DAG(s) dict_keys(['tutorial_taskflow_api_etl']) retrieved from /home/airflow/.local/lib/python3.7/site-packages/airflow/example_dags/tutorial_taskflow_api_etl.py
[2022-11-30 04:13:23,585] {logging_mixin.py:109} INFO - [2022-11-30 04:13:23,585] {dag.py:2398} INFO - Sync 1 DAGs
[2022-11-30 04:13:23,599] {logging_mixin.py:109} INFO - [2022-11-30 04:13:23,599] {dag.py:2937} INFO - Setting next_dagrun for tutorial_taskflow_api_etl to None
[2022-11-30 04:13:23,610] {processor.py:171} INFO - Processing /home/airflow/.local/lib/python3.7/site-packages/airflow/example_dags/tutorial_taskflow_api_etl.py took 0.219 seconds
[2022-11-30 04:13:55,245] {processor.py:163} INFO - Started process (PID=5947) to work on /home/airflow/.local/lib/python3.7/site-packages/airflow/example_dags/tutorial_taskflow_api_etl.py
[2022-11-30 04:13:55,246] {processor.py:642} INFO - Processing file /home/airflow/.local/lib/python3.7/site-packages/airflow/example_dags/tutorial_taskflow_api_etl.py for tasks to queue
[2022-11-30 04:13:55,247] {logging_mixin.py:109} INFO - [2022-11-30 04:13:55,247] {dagbag.py:500} INFO - Filling up the DagBag from /home/airflow/.local/lib/python3.7/site-packages/airflow/example_dags/tutorial_taskflow_api_etl.py
[2022-11-30 04:13:55,363] {processor.py:654} INFO - DAG(s) dict_keys(['tutorial_taskflow_api_etl']) retrieved from /home/airflow/.local/lib/python3.7/site-packages/airflow/example_dags/tutorial_taskflow_api_etl.py
[2022-11-30 04:13:55,599] {logging_mixin.py:109} INFO - [2022-11-30 04:13:55,599] {dag.py:2398} INFO - Sync 1 DAGs
[2022-11-30 04:13:55,619] {logging_mixin.py:109} INFO - [2022-11-30 04:13:55,619] {dag.py:2937} INFO - Setting next_dagrun for tutorial_taskflow_api_etl to None
[2022-11-30 04:13:55,630] {processor.py:171} INFO - Processing /home/airflow/.local/lib/python3.7/site-packages/airflow/example_dags/tutorial_taskflow_api_etl.py took 0.388 seconds
[2022-11-30 04:14:25,916] {processor.py:163} INFO - Started process (PID=6024) to work on /home/airflow/.local/lib/python3.7/site-packages/airflow/example_dags/tutorial_taskflow_api_etl.py
[2022-11-30 04:14:25,917] {processor.py:642} INFO - Processing file /home/airflow/.local/lib/python3.7/site-packages/airflow/example_dags/tutorial_taskflow_api_etl.py for tasks to queue
[2022-11-30 04:14:25,917] {logging_mixin.py:109} INFO - [2022-11-30 04:14:25,917] {dagbag.py:500} INFO - Filling up the DagBag from /home/airflow/.local/lib/python3.7/site-packages/airflow/example_dags/tutorial_taskflow_api_etl.py
[2022-11-30 04:14:25,950] {processor.py:654} INFO - DAG(s) dict_keys(['tutorial_taskflow_api_etl']) retrieved from /home/airflow/.local/lib/python3.7/site-packages/airflow/example_dags/tutorial_taskflow_api_etl.py
[2022-11-30 04:14:26,104] {logging_mixin.py:109} INFO - [2022-11-30 04:14:26,103] {dag.py:2398} INFO - Sync 1 DAGs
[2022-11-30 04:14:26,116] {logging_mixin.py:109} INFO - [2022-11-30 04:14:26,116] {dag.py:2937} INFO - Setting next_dagrun for tutorial_taskflow_api_etl to None
[2022-11-30 04:14:26,125] {processor.py:171} INFO - Processing /home/airflow/.local/lib/python3.7/site-packages/airflow/example_dags/tutorial_taskflow_api_etl.py took 0.211 seconds
[2022-11-30 04:14:57,576] {processor.py:163} INFO - Started process (PID=6110) to work on /home/airflow/.local/lib/python3.7/site-packages/airflow/example_dags/tutorial_taskflow_api_etl.py
[2022-11-30 04:14:57,577] {processor.py:642} INFO - Processing file /home/airflow/.local/lib/python3.7/site-packages/airflow/example_dags/tutorial_taskflow_api_etl.py for tasks to queue
[2022-11-30 04:14:57,578] {logging_mixin.py:109} INFO - [2022-11-30 04:14:57,578] {dagbag.py:500} INFO - Filling up the DagBag from /home/airflow/.local/lib/python3.7/site-packages/airflow/example_dags/tutorial_taskflow_api_etl.py
[2022-11-30 04:14:57,614] {processor.py:654} INFO - DAG(s) dict_keys(['tutorial_taskflow_api_etl']) retrieved from /home/airflow/.local/lib/python3.7/site-packages/airflow/example_dags/tutorial_taskflow_api_etl.py
[2022-11-30 04:14:57,808] {logging_mixin.py:109} INFO - [2022-11-30 04:14:57,807] {dag.py:2398} INFO - Sync 1 DAGs
[2022-11-30 04:14:57,823] {logging_mixin.py:109} INFO - [2022-11-30 04:14:57,822] {dag.py:2937} INFO - Setting next_dagrun for tutorial_taskflow_api_etl to None
[2022-11-30 04:14:57,834] {processor.py:171} INFO - Processing /home/airflow/.local/lib/python3.7/site-packages/airflow/example_dags/tutorial_taskflow_api_etl.py took 0.261 seconds
[2022-11-30 04:15:28,400] {processor.py:163} INFO - Started process (PID=6187) to work on /home/airflow/.local/lib/python3.7/site-packages/airflow/example_dags/tutorial_taskflow_api_etl.py
[2022-11-30 04:15:28,402] {processor.py:642} INFO - Processing file /home/airflow/.local/lib/python3.7/site-packages/airflow/example_dags/tutorial_taskflow_api_etl.py for tasks to queue
[2022-11-30 04:15:28,403] {logging_mixin.py:109} INFO - [2022-11-30 04:15:28,403] {dagbag.py:500} INFO - Filling up the DagBag from /home/airflow/.local/lib/python3.7/site-packages/airflow/example_dags/tutorial_taskflow_api_etl.py
[2022-11-30 04:15:28,438] {processor.py:654} INFO - DAG(s) dict_keys(['tutorial_taskflow_api_etl']) retrieved from /home/airflow/.local/lib/python3.7/site-packages/airflow/example_dags/tutorial_taskflow_api_etl.py
[2022-11-30 04:15:28,638] {logging_mixin.py:109} INFO - [2022-11-30 04:15:28,638] {dag.py:2398} INFO - Sync 1 DAGs
[2022-11-30 04:15:28,651] {logging_mixin.py:109} INFO - [2022-11-30 04:15:28,651] {dag.py:2937} INFO - Setting next_dagrun for tutorial_taskflow_api_etl to None
[2022-11-30 04:15:28,661] {processor.py:171} INFO - Processing /home/airflow/.local/lib/python3.7/site-packages/airflow/example_dags/tutorial_taskflow_api_etl.py took 0.264 seconds
[2022-11-30 04:15:59,077] {processor.py:163} INFO - Started process (PID=6271) to work on /home/airflow/.local/lib/python3.7/site-packages/airflow/example_dags/tutorial_taskflow_api_etl.py
[2022-11-30 04:15:59,077] {processor.py:642} INFO - Processing file /home/airflow/.local/lib/python3.7/site-packages/airflow/example_dags/tutorial_taskflow_api_etl.py for tasks to queue
[2022-11-30 04:15:59,078] {logging_mixin.py:109} INFO - [2022-11-30 04:15:59,078] {dagbag.py:500} INFO - Filling up the DagBag from /home/airflow/.local/lib/python3.7/site-packages/airflow/example_dags/tutorial_taskflow_api_etl.py
[2022-11-30 04:15:59,111] {processor.py:654} INFO - DAG(s) dict_keys(['tutorial_taskflow_api_etl']) retrieved from /home/airflow/.local/lib/python3.7/site-packages/airflow/example_dags/tutorial_taskflow_api_etl.py
[2022-11-30 04:15:59,301] {logging_mixin.py:109} INFO - [2022-11-30 04:15:59,301] {dag.py:2398} INFO - Sync 1 DAGs
[2022-11-30 04:15:59,313] {logging_mixin.py:109} INFO - [2022-11-30 04:15:59,313] {dag.py:2937} INFO - Setting next_dagrun for tutorial_taskflow_api_etl to None
[2022-11-30 04:15:59,324] {processor.py:171} INFO - Processing /home/airflow/.local/lib/python3.7/site-packages/airflow/example_dags/tutorial_taskflow_api_etl.py took 0.250 seconds
[2022-11-30 04:16:29,923] {processor.py:163} INFO - Started process (PID=6352) to work on /home/airflow/.local/lib/python3.7/site-packages/airflow/example_dags/tutorial_taskflow_api_etl.py
[2022-11-30 04:16:29,925] {processor.py:642} INFO - Processing file /home/airflow/.local/lib/python3.7/site-packages/airflow/example_dags/tutorial_taskflow_api_etl.py for tasks to queue
[2022-11-30 04:16:29,926] {logging_mixin.py:109} INFO - [2022-11-30 04:16:29,926] {dagbag.py:500} INFO - Filling up the DagBag from /home/airflow/.local/lib/python3.7/site-packages/airflow/example_dags/tutorial_taskflow_api_etl.py
[2022-11-30 04:16:29,963] {processor.py:654} INFO - DAG(s) dict_keys(['tutorial_taskflow_api_etl']) retrieved from /home/airflow/.local/lib/python3.7/site-packages/airflow/example_dags/tutorial_taskflow_api_etl.py
[2022-11-30 04:16:30,201] {logging_mixin.py:109} INFO - [2022-11-30 04:16:30,201] {dag.py:2398} INFO - Sync 1 DAGs
[2022-11-30 04:16:30,217] {logging_mixin.py:109} INFO - [2022-11-30 04:16:30,217] {dag.py:2937} INFO - Setting next_dagrun for tutorial_taskflow_api_etl to None
[2022-11-30 04:16:30,230] {processor.py:171} INFO - Processing /home/airflow/.local/lib/python3.7/site-packages/airflow/example_dags/tutorial_taskflow_api_etl.py took 0.311 seconds
[2022-11-30 04:17:00,592] {processor.py:163} INFO - Started process (PID=6427) to work on /home/airflow/.local/lib/python3.7/site-packages/airflow/example_dags/tutorial_taskflow_api_etl.py
[2022-11-30 04:17:00,593] {processor.py:642} INFO - Processing file /home/airflow/.local/lib/python3.7/site-packages/airflow/example_dags/tutorial_taskflow_api_etl.py for tasks to queue
[2022-11-30 04:17:00,593] {logging_mixin.py:109} INFO - [2022-11-30 04:17:00,593] {dagbag.py:500} INFO - Filling up the DagBag from /home/airflow/.local/lib/python3.7/site-packages/airflow/example_dags/tutorial_taskflow_api_etl.py
[2022-11-30 04:17:00,623] {processor.py:654} INFO - DAG(s) dict_keys(['tutorial_taskflow_api_etl']) retrieved from /home/airflow/.local/lib/python3.7/site-packages/airflow/example_dags/tutorial_taskflow_api_etl.py
[2022-11-30 04:17:00,781] {logging_mixin.py:109} INFO - [2022-11-30 04:17:00,781] {dag.py:2398} INFO - Sync 1 DAGs
[2022-11-30 04:17:00,793] {logging_mixin.py:109} INFO - [2022-11-30 04:17:00,793] {dag.py:2937} INFO - Setting next_dagrun for tutorial_taskflow_api_etl to None
[2022-11-30 04:17:00,803] {processor.py:171} INFO - Processing /home/airflow/.local/lib/python3.7/site-packages/airflow/example_dags/tutorial_taskflow_api_etl.py took 0.214 seconds
[2022-11-30 04:17:31,492] {processor.py:163} INFO - Started process (PID=6513) to work on /home/airflow/.local/lib/python3.7/site-packages/airflow/example_dags/tutorial_taskflow_api_etl.py
[2022-11-30 04:17:31,493] {processor.py:642} INFO - Processing file /home/airflow/.local/lib/python3.7/site-packages/airflow/example_dags/tutorial_taskflow_api_etl.py for tasks to queue
[2022-11-30 04:17:31,494] {logging_mixin.py:109} INFO - [2022-11-30 04:17:31,494] {dagbag.py:500} INFO - Filling up the DagBag from /home/airflow/.local/lib/python3.7/site-packages/airflow/example_dags/tutorial_taskflow_api_etl.py
[2022-11-30 04:17:31,530] {processor.py:654} INFO - DAG(s) dict_keys(['tutorial_taskflow_api_etl']) retrieved from /home/airflow/.local/lib/python3.7/site-packages/airflow/example_dags/tutorial_taskflow_api_etl.py
[2022-11-30 04:17:31,721] {logging_mixin.py:109} INFO - [2022-11-30 04:17:31,721] {dag.py:2398} INFO - Sync 1 DAGs
[2022-11-30 04:17:31,735] {logging_mixin.py:109} INFO - [2022-11-30 04:17:31,735] {dag.py:2937} INFO - Setting next_dagrun for tutorial_taskflow_api_etl to None
[2022-11-30 04:17:31,746] {processor.py:171} INFO - Processing /home/airflow/.local/lib/python3.7/site-packages/airflow/example_dags/tutorial_taskflow_api_etl.py took 0.257 seconds
[2022-11-30 04:18:03,042] {processor.py:163} INFO - Started process (PID=6593) to work on /home/airflow/.local/lib/python3.7/site-packages/airflow/example_dags/tutorial_taskflow_api_etl.py
[2022-11-30 04:18:03,043] {processor.py:642} INFO - Processing file /home/airflow/.local/lib/python3.7/site-packages/airflow/example_dags/tutorial_taskflow_api_etl.py for tasks to queue
[2022-11-30 04:18:03,043] {logging_mixin.py:109} INFO - [2022-11-30 04:18:03,043] {dagbag.py:500} INFO - Filling up the DagBag from /home/airflow/.local/lib/python3.7/site-packages/airflow/example_dags/tutorial_taskflow_api_etl.py
[2022-11-30 04:18:03,069] {processor.py:654} INFO - DAG(s) dict_keys(['tutorial_taskflow_api_etl']) retrieved from /home/airflow/.local/lib/python3.7/site-packages/airflow/example_dags/tutorial_taskflow_api_etl.py
[2022-11-30 04:18:03,240] {logging_mixin.py:109} INFO - [2022-11-30 04:18:03,240] {dag.py:2398} INFO - Sync 1 DAGs
[2022-11-30 04:18:03,251] {logging_mixin.py:109} INFO - [2022-11-30 04:18:03,251] {dag.py:2937} INFO - Setting next_dagrun for tutorial_taskflow_api_etl to None
[2022-11-30 04:18:03,259] {processor.py:171} INFO - Processing /home/airflow/.local/lib/python3.7/site-packages/airflow/example_dags/tutorial_taskflow_api_etl.py took 0.220 seconds
[2022-11-30 04:18:34,488] {processor.py:163} INFO - Started process (PID=6676) to work on /home/airflow/.local/lib/python3.7/site-packages/airflow/example_dags/tutorial_taskflow_api_etl.py
[2022-11-30 04:18:34,489] {processor.py:642} INFO - Processing file /home/airflow/.local/lib/python3.7/site-packages/airflow/example_dags/tutorial_taskflow_api_etl.py for tasks to queue
[2022-11-30 04:18:34,489] {logging_mixin.py:109} INFO - [2022-11-30 04:18:34,489] {dagbag.py:500} INFO - Filling up the DagBag from /home/airflow/.local/lib/python3.7/site-packages/airflow/example_dags/tutorial_taskflow_api_etl.py
[2022-11-30 04:18:34,517] {processor.py:654} INFO - DAG(s) dict_keys(['tutorial_taskflow_api_etl']) retrieved from /home/airflow/.local/lib/python3.7/site-packages/airflow/example_dags/tutorial_taskflow_api_etl.py
[2022-11-30 04:18:34,685] {logging_mixin.py:109} INFO - [2022-11-30 04:18:34,685] {dag.py:2398} INFO - Sync 1 DAGs
[2022-11-30 04:18:34,699] {logging_mixin.py:109} INFO - [2022-11-30 04:18:34,698] {dag.py:2937} INFO - Setting next_dagrun for tutorial_taskflow_api_etl to None
[2022-11-30 04:18:34,708] {processor.py:171} INFO - Processing /home/airflow/.local/lib/python3.7/site-packages/airflow/example_dags/tutorial_taskflow_api_etl.py took 0.223 seconds
[2022-11-30 04:19:05,201] {processor.py:163} INFO - Started process (PID=6753) to work on /home/airflow/.local/lib/python3.7/site-packages/airflow/example_dags/tutorial_taskflow_api_etl.py
[2022-11-30 04:19:05,201] {processor.py:642} INFO - Processing file /home/airflow/.local/lib/python3.7/site-packages/airflow/example_dags/tutorial_taskflow_api_etl.py for tasks to queue
[2022-11-30 04:19:05,202] {logging_mixin.py:109} INFO - [2022-11-30 04:19:05,202] {dagbag.py:500} INFO - Filling up the DagBag from /home/airflow/.local/lib/python3.7/site-packages/airflow/example_dags/tutorial_taskflow_api_etl.py
[2022-11-30 04:19:05,231] {processor.py:654} INFO - DAG(s) dict_keys(['tutorial_taskflow_api_etl']) retrieved from /home/airflow/.local/lib/python3.7/site-packages/airflow/example_dags/tutorial_taskflow_api_etl.py
[2022-11-30 04:19:05,396] {logging_mixin.py:109} INFO - [2022-11-30 04:19:05,396] {dag.py:2398} INFO - Sync 1 DAGs
[2022-11-30 04:19:05,407] {logging_mixin.py:109} INFO - [2022-11-30 04:19:05,407] {dag.py:2937} INFO - Setting next_dagrun for tutorial_taskflow_api_etl to None
[2022-11-30 04:19:05,418] {processor.py:171} INFO - Processing /home/airflow/.local/lib/python3.7/site-packages/airflow/example_dags/tutorial_taskflow_api_etl.py took 0.220 seconds
[2022-11-30 04:19:36,469] {processor.py:163} INFO - Started process (PID=6839) to work on /home/airflow/.local/lib/python3.7/site-packages/airflow/example_dags/tutorial_taskflow_api_etl.py
[2022-11-30 04:19:36,471] {processor.py:642} INFO - Processing file /home/airflow/.local/lib/python3.7/site-packages/airflow/example_dags/tutorial_taskflow_api_etl.py for tasks to queue
[2022-11-30 04:19:36,471] {logging_mixin.py:109} INFO - [2022-11-30 04:19:36,471] {dagbag.py:500} INFO - Filling up the DagBag from /home/airflow/.local/lib/python3.7/site-packages/airflow/example_dags/tutorial_taskflow_api_etl.py
[2022-11-30 04:19:36,501] {processor.py:654} INFO - DAG(s) dict_keys(['tutorial_taskflow_api_etl']) retrieved from /home/airflow/.local/lib/python3.7/site-packages/airflow/example_dags/tutorial_taskflow_api_etl.py
[2022-11-30 04:19:36,665] {logging_mixin.py:109} INFO - [2022-11-30 04:19:36,665] {dag.py:2398} INFO - Sync 1 DAGs
[2022-11-30 04:19:36,677] {logging_mixin.py:109} INFO - [2022-11-30 04:19:36,677] {dag.py:2937} INFO - Setting next_dagrun for tutorial_taskflow_api_etl to None
[2022-11-30 04:19:36,686] {processor.py:171} INFO - Processing /home/airflow/.local/lib/python3.7/site-packages/airflow/example_dags/tutorial_taskflow_api_etl.py took 0.220 seconds
[2022-11-30 04:20:07,811] {processor.py:163} INFO - Started process (PID=6916) to work on /home/airflow/.local/lib/python3.7/site-packages/airflow/example_dags/tutorial_taskflow_api_etl.py
[2022-11-30 04:20:07,812] {processor.py:642} INFO - Processing file /home/airflow/.local/lib/python3.7/site-packages/airflow/example_dags/tutorial_taskflow_api_etl.py for tasks to queue
[2022-11-30 04:20:07,813] {logging_mixin.py:109} INFO - [2022-11-30 04:20:07,813] {dagbag.py:500} INFO - Filling up the DagBag from /home/airflow/.local/lib/python3.7/site-packages/airflow/example_dags/tutorial_taskflow_api_etl.py
[2022-11-30 04:20:07,843] {processor.py:654} INFO - DAG(s) dict_keys(['tutorial_taskflow_api_etl']) retrieved from /home/airflow/.local/lib/python3.7/site-packages/airflow/example_dags/tutorial_taskflow_api_etl.py
[2022-11-30 04:20:08,021] {logging_mixin.py:109} INFO - [2022-11-30 04:20:08,020] {dag.py:2398} INFO - Sync 1 DAGs
[2022-11-30 04:20:08,034] {logging_mixin.py:109} INFO - [2022-11-30 04:20:08,034] {dag.py:2937} INFO - Setting next_dagrun for tutorial_taskflow_api_etl to None
[2022-11-30 04:20:08,043] {processor.py:171} INFO - Processing /home/airflow/.local/lib/python3.7/site-packages/airflow/example_dags/tutorial_taskflow_api_etl.py took 0.236 seconds
[2022-11-30 04:20:39,326] {processor.py:163} INFO - Started process (PID=7002) to work on /home/airflow/.local/lib/python3.7/site-packages/airflow/example_dags/tutorial_taskflow_api_etl.py
[2022-11-30 04:20:39,327] {processor.py:642} INFO - Processing file /home/airflow/.local/lib/python3.7/site-packages/airflow/example_dags/tutorial_taskflow_api_etl.py for tasks to queue
[2022-11-30 04:20:39,327] {logging_mixin.py:109} INFO - [2022-11-30 04:20:39,327] {dagbag.py:500} INFO - Filling up the DagBag from /home/airflow/.local/lib/python3.7/site-packages/airflow/example_dags/tutorial_taskflow_api_etl.py
[2022-11-30 04:20:39,354] {processor.py:654} INFO - DAG(s) dict_keys(['tutorial_taskflow_api_etl']) retrieved from /home/airflow/.local/lib/python3.7/site-packages/airflow/example_dags/tutorial_taskflow_api_etl.py
[2022-11-30 04:20:39,531] {logging_mixin.py:109} INFO - [2022-11-30 04:20:39,531] {dag.py:2398} INFO - Sync 1 DAGs
[2022-11-30 04:20:39,543] {logging_mixin.py:109} INFO - [2022-11-30 04:20:39,543] {dag.py:2937} INFO - Setting next_dagrun for tutorial_taskflow_api_etl to None
[2022-11-30 04:20:39,552] {processor.py:171} INFO - Processing /home/airflow/.local/lib/python3.7/site-packages/airflow/example_dags/tutorial_taskflow_api_etl.py took 0.229 seconds
[2022-11-30 04:21:10,292] {processor.py:163} INFO - Started process (PID=7082) to work on /home/airflow/.local/lib/python3.7/site-packages/airflow/example_dags/tutorial_taskflow_api_etl.py
[2022-11-30 04:21:10,293] {processor.py:642} INFO - Processing file /home/airflow/.local/lib/python3.7/site-packages/airflow/example_dags/tutorial_taskflow_api_etl.py for tasks to queue
[2022-11-30 04:21:10,293] {logging_mixin.py:109} INFO - [2022-11-30 04:21:10,293] {dagbag.py:500} INFO - Filling up the DagBag from /home/airflow/.local/lib/python3.7/site-packages/airflow/example_dags/tutorial_taskflow_api_etl.py
[2022-11-30 04:21:10,329] {processor.py:654} INFO - DAG(s) dict_keys(['tutorial_taskflow_api_etl']) retrieved from /home/airflow/.local/lib/python3.7/site-packages/airflow/example_dags/tutorial_taskflow_api_etl.py
[2022-11-30 04:21:10,561] {logging_mixin.py:109} INFO - [2022-11-30 04:21:10,561] {dag.py:2398} INFO - Sync 1 DAGs
[2022-11-30 04:21:10,583] {logging_mixin.py:109} INFO - [2022-11-30 04:21:10,583] {dag.py:2937} INFO - Setting next_dagrun for tutorial_taskflow_api_etl to None
[2022-11-30 04:21:10,598] {processor.py:171} INFO - Processing /home/airflow/.local/lib/python3.7/site-packages/airflow/example_dags/tutorial_taskflow_api_etl.py took 0.309 seconds
[2022-11-30 04:21:41,252] {processor.py:163} INFO - Started process (PID=7168) to work on /home/airflow/.local/lib/python3.7/site-packages/airflow/example_dags/tutorial_taskflow_api_etl.py
[2022-11-30 04:21:41,253] {processor.py:642} INFO - Processing file /home/airflow/.local/lib/python3.7/site-packages/airflow/example_dags/tutorial_taskflow_api_etl.py for tasks to queue
[2022-11-30 04:21:41,254] {logging_mixin.py:109} INFO - [2022-11-30 04:21:41,254] {dagbag.py:500} INFO - Filling up the DagBag from /home/airflow/.local/lib/python3.7/site-packages/airflow/example_dags/tutorial_taskflow_api_etl.py
[2022-11-30 04:21:41,291] {processor.py:654} INFO - DAG(s) dict_keys(['tutorial_taskflow_api_etl']) retrieved from /home/airflow/.local/lib/python3.7/site-packages/airflow/example_dags/tutorial_taskflow_api_etl.py
[2022-11-30 04:21:41,529] {logging_mixin.py:109} INFO - [2022-11-30 04:21:41,529] {dag.py:2398} INFO - Sync 1 DAGs
[2022-11-30 04:21:41,541] {logging_mixin.py:109} INFO - [2022-11-30 04:21:41,541] {dag.py:2937} INFO - Setting next_dagrun for tutorial_taskflow_api_etl to None
[2022-11-30 04:21:41,550] {processor.py:171} INFO - Processing /home/airflow/.local/lib/python3.7/site-packages/airflow/example_dags/tutorial_taskflow_api_etl.py took 0.302 seconds
[2022-11-30 04:22:11,756] {processor.py:163} INFO - Started process (PID=7247) to work on /home/airflow/.local/lib/python3.7/site-packages/airflow/example_dags/tutorial_taskflow_api_etl.py
[2022-11-30 04:22:11,757] {processor.py:642} INFO - Processing file /home/airflow/.local/lib/python3.7/site-packages/airflow/example_dags/tutorial_taskflow_api_etl.py for tasks to queue
[2022-11-30 04:22:11,758] {logging_mixin.py:109} INFO - [2022-11-30 04:22:11,758] {dagbag.py:500} INFO - Filling up the DagBag from /home/airflow/.local/lib/python3.7/site-packages/airflow/example_dags/tutorial_taskflow_api_etl.py
[2022-11-30 04:22:11,788] {processor.py:654} INFO - DAG(s) dict_keys(['tutorial_taskflow_api_etl']) retrieved from /home/airflow/.local/lib/python3.7/site-packages/airflow/example_dags/tutorial_taskflow_api_etl.py
[2022-11-30 04:22:11,967] {logging_mixin.py:109} INFO - [2022-11-30 04:22:11,967] {dag.py:2398} INFO - Sync 1 DAGs
[2022-11-30 04:22:11,980] {logging_mixin.py:109} INFO - [2022-11-30 04:22:11,980] {dag.py:2937} INFO - Setting next_dagrun for tutorial_taskflow_api_etl to None
[2022-11-30 04:22:11,990] {processor.py:171} INFO - Processing /home/airflow/.local/lib/python3.7/site-packages/airflow/example_dags/tutorial_taskflow_api_etl.py took 0.237 seconds
