[2022-11-29 12:42:31,624] {taskinstance.py:1037} INFO - Dependencies all met for <TaskInstance: Covid_dags.transformData manual__2022-11-29T12:42:28.815592+00:00 [queued]>
[2022-11-29 12:42:31,634] {taskinstance.py:1037} INFO - Dependencies all met for <TaskInstance: Covid_dags.transformData manual__2022-11-29T12:42:28.815592+00:00 [queued]>
[2022-11-29 12:42:31,635] {taskinstance.py:1243} INFO - 
--------------------------------------------------------------------------------
[2022-11-29 12:42:31,635] {taskinstance.py:1244} INFO - Starting attempt 1 of 2
[2022-11-29 12:42:31,635] {taskinstance.py:1245} INFO - 
--------------------------------------------------------------------------------
[2022-11-29 12:42:31,648] {taskinstance.py:1264} INFO - Executing <Task(PythonOperator): transformData> on 2022-11-29 12:42:28.815592+00:00
[2022-11-29 12:42:31,652] {standard_task_runner.py:52} INFO - Started process 83 to run task
[2022-11-29 12:42:31,656] {standard_task_runner.py:76} INFO - Running: ['***', 'tasks', 'run', 'Covid_dags', 'transformData', 'manual__2022-11-29T12:42:28.815592+00:00', '--job-id', '1108', '--raw', '--subdir', 'DAGS_FOLDER/covid.py', '--cfg-path', '/tmp/tmpe0hlhc68', '--error-file', '/tmp/tmp4fzph7to']
[2022-11-29 12:42:31,657] {standard_task_runner.py:77} INFO - Job 1108: Subtask transformData
[2022-11-29 12:42:31,726] {logging_mixin.py:109} INFO - Running <TaskInstance: Covid_dags.transformData manual__2022-11-29T12:42:28.815592+00:00 [running]> on host acb48b0a6e0d
[2022-11-29 12:42:31,858] {taskinstance.py:1431} INFO - Exporting the following env vars:
AIRFLOW_CTX_DAG_OWNER=***
AIRFLOW_CTX_DAG_ID=Covid_dags
AIRFLOW_CTX_TASK_ID=transformData
AIRFLOW_CTX_EXECUTION_DATE=2022-11-29T12:42:28.815592+00:00
AIRFLOW_CTX_DAG_RUN_ID=manual__2022-11-29T12:42:28.815592+00:00
[2022-11-29 12:42:31,960] {python.py:175} INFO - Done. Returned value was: None
[2022-11-29 12:42:31,977] {taskinstance.py:1282} INFO - Marking task as SUCCESS. dag_id=Covid_dags, task_id=transformData, execution_date=20221129T124228, start_date=20221129T124231, end_date=20221129T124231
[2022-11-29 12:42:32,029] {local_task_job.py:154} INFO - Task exited with return code 0
[2022-11-29 12:42:32,072] {local_task_job.py:264} INFO - 1 downstream tasks scheduled from follow-on schedule check
