[2022-11-29 04:09:54,443] {taskinstance.py:1037} INFO - Dependencies all met for <TaskInstance: Covid_dags.creatableLoad manual__2022-11-29T04:04:44.940328+00:00 [queued]>
[2022-11-29 04:09:54,453] {taskinstance.py:1037} INFO - Dependencies all met for <TaskInstance: Covid_dags.creatableLoad manual__2022-11-29T04:04:44.940328+00:00 [queued]>
[2022-11-29 04:09:54,454] {taskinstance.py:1243} INFO - 
--------------------------------------------------------------------------------
[2022-11-29 04:09:54,454] {taskinstance.py:1244} INFO - Starting attempt 2 of 2
[2022-11-29 04:09:54,454] {taskinstance.py:1245} INFO - 
--------------------------------------------------------------------------------
[2022-11-29 04:09:54,466] {taskinstance.py:1264} INFO - Executing <Task(PythonOperator): creatableLoad> on 2022-11-29 04:04:44.940328+00:00
[2022-11-29 04:09:54,471] {standard_task_runner.py:52} INFO - Started process 5721 to run task
[2022-11-29 04:09:54,474] {standard_task_runner.py:76} INFO - Running: ['***', 'tasks', 'run', 'Covid_dags', 'creatableLoad', 'manual__2022-11-29T04:04:44.940328+00:00', '--job-id', '1031', '--raw', '--subdir', 'DAGS_FOLDER/dbtest.py', '--cfg-path', '/tmp/tmpjjcr8azu', '--error-file', '/tmp/tmpeqt6lhl7']
[2022-11-29 04:09:54,475] {standard_task_runner.py:77} INFO - Job 1031: Subtask creatableLoad
[2022-11-29 04:09:54,524] {logging_mixin.py:109} INFO - Running <TaskInstance: Covid_dags.creatableLoad manual__2022-11-29T04:04:44.940328+00:00 [running]> on host acb48b0a6e0d
[2022-11-29 04:09:54,568] {taskinstance.py:1431} INFO - Exporting the following env vars:
AIRFLOW_CTX_DAG_OWNER=***
AIRFLOW_CTX_DAG_ID=Covid_dags
AIRFLOW_CTX_TASK_ID=creatableLoad
AIRFLOW_CTX_EXECUTION_DATE=2022-11-29T04:04:44.940328+00:00
AIRFLOW_CTX_DAG_RUN_ID=manual__2022-11-29T04:04:44.940328+00:00
[2022-11-29 04:09:54,720] {python.py:175} INFO - Done. Returned value was: None
[2022-11-29 04:09:54,729] {taskinstance.py:1282} INFO - Marking task as SUCCESS. dag_id=Covid_dags, task_id=creatableLoad, execution_date=20221129T040444, start_date=20221129T040954, end_date=20221129T040954
[2022-11-29 04:09:54,766] {local_task_job.py:154} INFO - Task exited with return code 0
[2022-11-29 04:09:54,789] {local_task_job.py:264} INFO - 0 downstream tasks scheduled from follow-on schedule check
