[2022-11-30 07:33:01,784] {taskinstance.py:1037} INFO - Dependencies all met for <TaskInstance: hello_world_dag.hello_world_task scheduled__2022-11-30T07:32:00+00:00 [queued]>
[2022-11-30 07:33:01,790] {taskinstance.py:1037} INFO - Dependencies all met for <TaskInstance: hello_world_dag.hello_world_task scheduled__2022-11-30T07:32:00+00:00 [queued]>
[2022-11-30 07:33:01,790] {taskinstance.py:1243} INFO - 
--------------------------------------------------------------------------------
[2022-11-30 07:33:01,790] {taskinstance.py:1244} INFO - Starting attempt 1 of 4
[2022-11-30 07:33:01,790] {taskinstance.py:1245} INFO - 
--------------------------------------------------------------------------------
[2022-11-30 07:33:01,799] {taskinstance.py:1264} INFO - Executing <Task(PythonOperator): hello_world_task> on 2022-11-30 07:32:00+00:00
[2022-11-30 07:33:01,802] {standard_task_runner.py:52} INFO - Started process 10725 to run task
[2022-11-30 07:33:01,804] {standard_task_runner.py:76} INFO - Running: ['***', 'tasks', 'run', 'hello_world_dag', 'hello_world_task', 'scheduled__2022-11-30T07:32:00+00:00', '--job-id', '1512', '--raw', '--subdir', 'DAGS_FOLDER/test.py', '--cfg-path', '/tmp/tmp3q7w4g_5', '--error-file', '/tmp/tmpado4kx64']
[2022-11-30 07:33:01,804] {standard_task_runner.py:77} INFO - Job 1512: Subtask hello_world_task
[2022-11-30 07:33:01,848] {logging_mixin.py:109} INFO - Running <TaskInstance: hello_world_dag.hello_world_task scheduled__2022-11-30T07:32:00+00:00 [running]> on host acb48b0a6e0d
[2022-11-30 07:33:01,894] {taskinstance.py:1431} INFO - Exporting the following env vars:
AIRFLOW_CTX_DAG_OWNER=Ranga
AIRFLOW_CTX_DAG_ID=hello_world_dag
AIRFLOW_CTX_TASK_ID=hello_world_task
AIRFLOW_CTX_EXECUTION_DATE=2022-11-30T07:32:00+00:00
AIRFLOW_CTX_DAG_RUN_ID=scheduled__2022-11-30T07:32:00+00:00
[2022-11-30 07:33:01,895] {python.py:175} INFO - Done. Returned value was: Hello World!
[2022-11-30 07:33:01,915] {taskinstance.py:1282} INFO - Marking task as SUCCESS. dag_id=hello_world_dag, task_id=hello_world_task, execution_date=20221130T073200, start_date=20221130T073301, end_date=20221130T073301
[2022-11-30 07:33:01,936] {local_task_job.py:154} INFO - Task exited with return code 0
[2022-11-30 07:33:01,965] {local_task_job.py:264} INFO - 1 downstream tasks scheduled from follow-on schedule check
