[2022-11-29 15:36:58,175] {taskinstance.py:1037} INFO - Dependencies all met for <TaskInstance: Covid_dags.creatableLoad manual__2022-11-29T15:36:53.271786+00:00 [queued]>
[2022-11-29 15:36:58,193] {taskinstance.py:1037} INFO - Dependencies all met for <TaskInstance: Covid_dags.creatableLoad manual__2022-11-29T15:36:53.271786+00:00 [queued]>
[2022-11-29 15:36:58,194] {taskinstance.py:1243} INFO - 
--------------------------------------------------------------------------------
[2022-11-29 15:36:58,194] {taskinstance.py:1244} INFO - Starting attempt 1 of 2
[2022-11-29 15:36:58,194] {taskinstance.py:1245} INFO - 
--------------------------------------------------------------------------------
[2022-11-29 15:36:58,235] {taskinstance.py:1264} INFO - Executing <Task(PythonOperator): creatableLoad> on 2022-11-29 15:36:53.271786+00:00
[2022-11-29 15:36:58,247] {standard_task_runner.py:52} INFO - Started process 97 to run task
[2022-11-29 15:36:58,254] {standard_task_runner.py:76} INFO - Running: ['***', 'tasks', 'run', 'Covid_dags', 'creatableLoad', 'manual__2022-11-29T15:36:53.271786+00:00', '--job-id', '1264', '--raw', '--subdir', 'DAGS_FOLDER/covid.py', '--cfg-path', '/tmp/tmp2vo7y1nc', '--error-file', '/tmp/tmpatxxc3ho']
[2022-11-29 15:36:58,255] {standard_task_runner.py:77} INFO - Job 1264: Subtask creatableLoad
[2022-11-29 15:36:58,462] {logging_mixin.py:109} INFO - Running <TaskInstance: Covid_dags.creatableLoad manual__2022-11-29T15:36:53.271786+00:00 [running]> on host acb48b0a6e0d
[2022-11-29 15:36:58,559] {taskinstance.py:1431} INFO - Exporting the following env vars:
AIRFLOW_CTX_DAG_OWNER=***
AIRFLOW_CTX_DAG_ID=Covid_dags
AIRFLOW_CTX_TASK_ID=creatableLoad
AIRFLOW_CTX_EXECUTION_DATE=2022-11-29T15:36:53.271786+00:00
AIRFLOW_CTX_DAG_RUN_ID=manual__2022-11-29T15:36:53.271786+00:00
[2022-11-29 15:36:58,891] {python.py:175} INFO - Done. Returned value was: None
[2022-11-29 15:36:58,910] {taskinstance.py:1282} INFO - Marking task as SUCCESS. dag_id=Covid_dags, task_id=creatableLoad, execution_date=20221129T153653, start_date=20221129T153658, end_date=20221129T153658
[2022-11-29 15:36:58,950] {local_task_job.py:154} INFO - Task exited with return code 0
[2022-11-29 15:36:58,996] {local_task_job.py:264} INFO - 0 downstream tasks scheduled from follow-on schedule check
