[2022-11-29 02:20:06,561] {taskinstance.py:1037} INFO - Dependencies all met for <TaskInstance: Covid_dags.transformData manual__2022-11-29T02:20:01.709615+00:00 [queued]>
[2022-11-29 02:20:06,568] {taskinstance.py:1037} INFO - Dependencies all met for <TaskInstance: Covid_dags.transformData manual__2022-11-29T02:20:01.709615+00:00 [queued]>
[2022-11-29 02:20:06,568] {taskinstance.py:1243} INFO - 
--------------------------------------------------------------------------------
[2022-11-29 02:20:06,568] {taskinstance.py:1244} INFO - Starting attempt 1 of 2
[2022-11-29 02:20:06,568] {taskinstance.py:1245} INFO - 
--------------------------------------------------------------------------------
[2022-11-29 02:20:06,576] {taskinstance.py:1264} INFO - Executing <Task(PythonOperator): transformData> on 2022-11-29 02:20:01.709615+00:00
[2022-11-29 02:20:06,580] {standard_task_runner.py:52} INFO - Started process 590 to run task
[2022-11-29 02:20:06,583] {standard_task_runner.py:76} INFO - Running: ['***', 'tasks', 'run', 'Covid_dags', 'transformData', 'manual__2022-11-29T02:20:01.709615+00:00', '--job-id', '857', '--raw', '--subdir', 'DAGS_FOLDER/dbtest.py', '--cfg-path', '/tmp/tmpx0t_5o93', '--error-file', '/tmp/tmphxmlsxj6']
[2022-11-29 02:20:06,583] {standard_task_runner.py:77} INFO - Job 857: Subtask transformData
[2022-11-29 02:20:06,624] {logging_mixin.py:109} INFO - Running <TaskInstance: Covid_dags.transformData manual__2022-11-29T02:20:01.709615+00:00 [running]> on host acb48b0a6e0d
[2022-11-29 02:20:06,663] {taskinstance.py:1431} INFO - Exporting the following env vars:
AIRFLOW_CTX_DAG_OWNER=***
AIRFLOW_CTX_DAG_ID=Covid_dags
AIRFLOW_CTX_TASK_ID=transformData
AIRFLOW_CTX_EXECUTION_DATE=2022-11-29T02:20:01.709615+00:00
AIRFLOW_CTX_DAG_RUN_ID=manual__2022-11-29T02:20:01.709615+00:00
[2022-11-29 02:20:06,737] {python.py:175} INFO - Done. Returned value was: None
[2022-11-29 02:20:06,747] {taskinstance.py:1282} INFO - Marking task as SUCCESS. dag_id=Covid_dags, task_id=transformData, execution_date=20221129T022001, start_date=20221129T022006, end_date=20221129T022006
[2022-11-29 02:20:06,796] {local_task_job.py:154} INFO - Task exited with return code 0
[2022-11-29 02:20:06,936] {local_task_job.py:264} INFO - 1 downstream tasks scheduled from follow-on schedule check
