[2022-11-30 03:58:15,150] {processor.py:163} INFO - Started process (PID=3471) to work on /opt/airflow/dags/vaccine.py
[2022-11-30 03:58:15,152] {processor.py:642} INFO - Processing file /opt/airflow/dags/vaccine.py for tasks to queue
[2022-11-30 03:58:15,153] {logging_mixin.py:109} INFO - [2022-11-30 03:58:15,153] {dagbag.py:500} INFO - Filling up the DagBag from /opt/airflow/dags/vaccine.py
[2022-11-30 03:58:16,517] {processor.py:654} INFO - DAG(s) dict_keys(['vaccine_dags']) retrieved from /opt/airflow/dags/vaccine.py
[2022-11-30 03:58:17,142] {logging_mixin.py:109} INFO - [2022-11-30 03:58:17,142] {dag.py:2398} INFO - Sync 1 DAGs
[2022-11-30 03:58:17,184] {logging_mixin.py:109} INFO - [2022-11-30 03:58:17,184] {dag.py:2937} INFO - Setting next_dagrun for vaccine_dags to None
[2022-11-30 03:58:17,280] {processor.py:171} INFO - Processing /opt/airflow/dags/vaccine.py took 2.136 seconds
[2022-11-30 03:58:47,786] {processor.py:163} INFO - Started process (PID=3561) to work on /opt/airflow/dags/vaccine.py
[2022-11-30 03:58:47,787] {processor.py:642} INFO - Processing file /opt/airflow/dags/vaccine.py for tasks to queue
[2022-11-30 03:58:47,788] {logging_mixin.py:109} INFO - [2022-11-30 03:58:47,787] {dagbag.py:500} INFO - Filling up the DagBag from /opt/airflow/dags/vaccine.py
[2022-11-30 03:58:48,315] {processor.py:654} INFO - DAG(s) dict_keys(['vaccine_dags']) retrieved from /opt/airflow/dags/vaccine.py
[2022-11-30 03:58:48,322] {logging_mixin.py:109} INFO - [2022-11-30 03:58:48,321] {dag.py:2398} INFO - Sync 1 DAGs
[2022-11-30 03:58:48,334] {logging_mixin.py:109} INFO - [2022-11-30 03:58:48,334] {dag.py:2937} INFO - Setting next_dagrun for vaccine_dags to None
[2022-11-30 03:58:48,342] {processor.py:171} INFO - Processing /opt/airflow/dags/vaccine.py took 0.560 seconds
[2022-11-30 03:59:18,434] {processor.py:163} INFO - Started process (PID=3650) to work on /opt/airflow/dags/vaccine.py
[2022-11-30 03:59:18,436] {processor.py:642} INFO - Processing file /opt/airflow/dags/vaccine.py for tasks to queue
[2022-11-30 03:59:18,437] {logging_mixin.py:109} INFO - [2022-11-30 03:59:18,436] {dagbag.py:500} INFO - Filling up the DagBag from /opt/airflow/dags/vaccine.py
[2022-11-30 03:59:19,044] {processor.py:654} INFO - DAG(s) dict_keys(['vaccine_dags']) retrieved from /opt/airflow/dags/vaccine.py
[2022-11-30 03:59:19,053] {logging_mixin.py:109} INFO - [2022-11-30 03:59:19,053] {dag.py:2398} INFO - Sync 1 DAGs
[2022-11-30 03:59:19,069] {logging_mixin.py:109} INFO - [2022-11-30 03:59:19,069] {dag.py:2937} INFO - Setting next_dagrun for vaccine_dags to None
[2022-11-30 03:59:19,080] {processor.py:171} INFO - Processing /opt/airflow/dags/vaccine.py took 0.649 seconds
[2022-11-30 03:59:49,196] {processor.py:163} INFO - Started process (PID=3727) to work on /opt/airflow/dags/vaccine.py
[2022-11-30 03:59:49,197] {processor.py:642} INFO - Processing file /opt/airflow/dags/vaccine.py for tasks to queue
[2022-11-30 03:59:49,197] {logging_mixin.py:109} INFO - [2022-11-30 03:59:49,197] {dagbag.py:500} INFO - Filling up the DagBag from /opt/airflow/dags/vaccine.py
[2022-11-30 03:59:49,686] {processor.py:654} INFO - DAG(s) dict_keys(['vaccine_dags']) retrieved from /opt/airflow/dags/vaccine.py
[2022-11-30 03:59:49,693] {logging_mixin.py:109} INFO - [2022-11-30 03:59:49,693] {dag.py:2398} INFO - Sync 1 DAGs
[2022-11-30 03:59:49,705] {logging_mixin.py:109} INFO - [2022-11-30 03:59:49,704] {dag.py:2937} INFO - Setting next_dagrun for vaccine_dags to None
[2022-11-30 03:59:49,712] {processor.py:171} INFO - Processing /opt/airflow/dags/vaccine.py took 0.518 seconds
[2022-11-30 04:00:20,219] {processor.py:163} INFO - Started process (PID=3791) to work on /opt/airflow/dags/vaccine.py
[2022-11-30 04:00:20,220] {processor.py:642} INFO - Processing file /opt/airflow/dags/vaccine.py for tasks to queue
[2022-11-30 04:00:20,221] {logging_mixin.py:109} INFO - [2022-11-30 04:00:20,221] {dagbag.py:500} INFO - Filling up the DagBag from /opt/airflow/dags/vaccine.py
[2022-11-30 04:00:20,741] {processor.py:654} INFO - DAG(s) dict_keys(['vaccine_dags']) retrieved from /opt/airflow/dags/vaccine.py
[2022-11-30 04:00:20,748] {logging_mixin.py:109} INFO - [2022-11-30 04:00:20,748] {dag.py:2398} INFO - Sync 1 DAGs
[2022-11-30 04:00:20,759] {logging_mixin.py:109} INFO - [2022-11-30 04:00:20,759] {dag.py:2937} INFO - Setting next_dagrun for vaccine_dags to None
[2022-11-30 04:00:20,768] {processor.py:171} INFO - Processing /opt/airflow/dags/vaccine.py took 0.552 seconds
[2022-11-30 04:00:50,867] {processor.py:163} INFO - Started process (PID=3877) to work on /opt/airflow/dags/vaccine.py
[2022-11-30 04:00:50,868] {processor.py:642} INFO - Processing file /opt/airflow/dags/vaccine.py for tasks to queue
[2022-11-30 04:00:50,869] {logging_mixin.py:109} INFO - [2022-11-30 04:00:50,869] {dagbag.py:500} INFO - Filling up the DagBag from /opt/airflow/dags/vaccine.py
[2022-11-30 04:00:51,416] {processor.py:654} INFO - DAG(s) dict_keys(['vaccine_dags']) retrieved from /opt/airflow/dags/vaccine.py
[2022-11-30 04:00:51,424] {logging_mixin.py:109} INFO - [2022-11-30 04:00:51,424] {dag.py:2398} INFO - Sync 1 DAGs
[2022-11-30 04:00:51,438] {logging_mixin.py:109} INFO - [2022-11-30 04:00:51,438] {dag.py:2937} INFO - Setting next_dagrun for vaccine_dags to None
[2022-11-30 04:00:51,451] {processor.py:171} INFO - Processing /opt/airflow/dags/vaccine.py took 0.586 seconds
[2022-11-30 04:01:21,486] {processor.py:163} INFO - Started process (PID=3954) to work on /opt/airflow/dags/vaccine.py
[2022-11-30 04:01:21,487] {processor.py:642} INFO - Processing file /opt/airflow/dags/vaccine.py for tasks to queue
[2022-11-30 04:01:21,488] {logging_mixin.py:109} INFO - [2022-11-30 04:01:21,487] {dagbag.py:500} INFO - Filling up the DagBag from /opt/airflow/dags/vaccine.py
[2022-11-30 04:01:22,014] {processor.py:654} INFO - DAG(s) dict_keys(['vaccine_dags']) retrieved from /opt/airflow/dags/vaccine.py
[2022-11-30 04:01:22,022] {logging_mixin.py:109} INFO - [2022-11-30 04:01:22,022] {dag.py:2398} INFO - Sync 1 DAGs
[2022-11-30 04:01:22,034] {logging_mixin.py:109} INFO - [2022-11-30 04:01:22,034] {dag.py:2937} INFO - Setting next_dagrun for vaccine_dags to None
[2022-11-30 04:01:22,043] {processor.py:171} INFO - Processing /opt/airflow/dags/vaccine.py took 0.559 seconds
[2022-11-30 04:01:52,784] {processor.py:163} INFO - Started process (PID=4040) to work on /opt/airflow/dags/vaccine.py
[2022-11-30 04:01:52,785] {processor.py:642} INFO - Processing file /opt/airflow/dags/vaccine.py for tasks to queue
[2022-11-30 04:01:52,786] {logging_mixin.py:109} INFO - [2022-11-30 04:01:52,786] {dagbag.py:500} INFO - Filling up the DagBag from /opt/airflow/dags/vaccine.py
[2022-11-30 04:01:53,504] {processor.py:654} INFO - DAG(s) dict_keys(['vaccine_dags']) retrieved from /opt/airflow/dags/vaccine.py
[2022-11-30 04:01:53,527] {logging_mixin.py:109} INFO - [2022-11-30 04:01:53,526] {dag.py:2398} INFO - Sync 1 DAGs
[2022-11-30 04:01:53,564] {logging_mixin.py:109} INFO - [2022-11-30 04:01:53,564] {dag.py:2937} INFO - Setting next_dagrun for vaccine_dags to None
[2022-11-30 04:01:53,575] {processor.py:171} INFO - Processing /opt/airflow/dags/vaccine.py took 0.795 seconds
[2022-11-30 04:02:24,208] {processor.py:163} INFO - Started process (PID=4117) to work on /opt/airflow/dags/vaccine.py
[2022-11-30 04:02:24,219] {processor.py:642} INFO - Processing file /opt/airflow/dags/vaccine.py for tasks to queue
[2022-11-30 04:02:24,220] {logging_mixin.py:109} INFO - [2022-11-30 04:02:24,220] {dagbag.py:500} INFO - Filling up the DagBag from /opt/airflow/dags/vaccine.py
[2022-11-30 04:02:25,484] {processor.py:654} INFO - DAG(s) dict_keys(['vaccine_dags']) retrieved from /opt/airflow/dags/vaccine.py
[2022-11-30 04:02:25,502] {logging_mixin.py:109} INFO - [2022-11-30 04:02:25,501] {dag.py:2398} INFO - Sync 1 DAGs
[2022-11-30 04:02:25,545] {logging_mixin.py:109} INFO - [2022-11-30 04:02:25,538] {dag.py:2937} INFO - Setting next_dagrun for vaccine_dags to None
[2022-11-30 04:02:25,554] {processor.py:171} INFO - Processing /opt/airflow/dags/vaccine.py took 1.350 seconds
[2022-11-30 04:02:56,405] {processor.py:163} INFO - Started process (PID=4194) to work on /opt/airflow/dags/vaccine.py
[2022-11-30 04:02:56,407] {processor.py:642} INFO - Processing file /opt/airflow/dags/vaccine.py for tasks to queue
[2022-11-30 04:02:56,408] {logging_mixin.py:109} INFO - [2022-11-30 04:02:56,407] {dagbag.py:500} INFO - Filling up the DagBag from /opt/airflow/dags/vaccine.py
[2022-11-30 04:02:57,011] {processor.py:654} INFO - DAG(s) dict_keys(['vaccine_dags']) retrieved from /opt/airflow/dags/vaccine.py
[2022-11-30 04:02:57,020] {logging_mixin.py:109} INFO - [2022-11-30 04:02:57,019] {dag.py:2398} INFO - Sync 1 DAGs
[2022-11-30 04:02:57,033] {logging_mixin.py:109} INFO - [2022-11-30 04:02:57,033] {dag.py:2937} INFO - Setting next_dagrun for vaccine_dags to None
[2022-11-30 04:02:57,042] {processor.py:171} INFO - Processing /opt/airflow/dags/vaccine.py took 0.640 seconds
[2022-11-30 04:03:27,974] {processor.py:163} INFO - Started process (PID=4280) to work on /opt/airflow/dags/vaccine.py
[2022-11-30 04:03:27,975] {processor.py:642} INFO - Processing file /opt/airflow/dags/vaccine.py for tasks to queue
[2022-11-30 04:03:27,975] {logging_mixin.py:109} INFO - [2022-11-30 04:03:27,975] {dagbag.py:500} INFO - Filling up the DagBag from /opt/airflow/dags/vaccine.py
[2022-11-30 04:03:28,705] {processor.py:654} INFO - DAG(s) dict_keys(['vaccine_dags']) retrieved from /opt/airflow/dags/vaccine.py
[2022-11-30 04:03:28,720] {logging_mixin.py:109} INFO - [2022-11-30 04:03:28,719] {dag.py:2398} INFO - Sync 1 DAGs
[2022-11-30 04:03:28,744] {logging_mixin.py:109} INFO - [2022-11-30 04:03:28,744] {dag.py:2937} INFO - Setting next_dagrun for vaccine_dags to None
[2022-11-30 04:03:28,755] {processor.py:171} INFO - Processing /opt/airflow/dags/vaccine.py took 0.785 seconds
[2022-11-30 04:03:58,838] {processor.py:163} INFO - Started process (PID=4357) to work on /opt/airflow/dags/vaccine.py
[2022-11-30 04:03:58,839] {processor.py:642} INFO - Processing file /opt/airflow/dags/vaccine.py for tasks to queue
[2022-11-30 04:03:58,840] {logging_mixin.py:109} INFO - [2022-11-30 04:03:58,839] {dagbag.py:500} INFO - Filling up the DagBag from /opt/airflow/dags/vaccine.py
[2022-11-30 04:03:59,334] {processor.py:654} INFO - DAG(s) dict_keys(['vaccine_dags']) retrieved from /opt/airflow/dags/vaccine.py
[2022-11-30 04:03:59,342] {logging_mixin.py:109} INFO - [2022-11-30 04:03:59,342] {dag.py:2398} INFO - Sync 1 DAGs
[2022-11-30 04:03:59,353] {logging_mixin.py:109} INFO - [2022-11-30 04:03:59,353] {dag.py:2937} INFO - Setting next_dagrun for vaccine_dags to None
[2022-11-30 04:03:59,360] {processor.py:171} INFO - Processing /opt/airflow/dags/vaccine.py took 0.524 seconds
[2022-11-30 04:04:30,069] {processor.py:163} INFO - Started process (PID=4443) to work on /opt/airflow/dags/vaccine.py
[2022-11-30 04:04:30,071] {processor.py:642} INFO - Processing file /opt/airflow/dags/vaccine.py for tasks to queue
[2022-11-30 04:04:30,072] {logging_mixin.py:109} INFO - [2022-11-30 04:04:30,072] {dagbag.py:500} INFO - Filling up the DagBag from /opt/airflow/dags/vaccine.py
[2022-11-30 04:04:30,607] {processor.py:654} INFO - DAG(s) dict_keys(['vaccine_dags']) retrieved from /opt/airflow/dags/vaccine.py
[2022-11-30 04:04:30,616] {logging_mixin.py:109} INFO - [2022-11-30 04:04:30,615] {dag.py:2398} INFO - Sync 1 DAGs
[2022-11-30 04:04:30,627] {logging_mixin.py:109} INFO - [2022-11-30 04:04:30,627] {dag.py:2937} INFO - Setting next_dagrun for vaccine_dags to None
[2022-11-30 04:04:30,636] {processor.py:171} INFO - Processing /opt/airflow/dags/vaccine.py took 0.570 seconds
[2022-11-30 04:05:01,545] {processor.py:163} INFO - Started process (PID=4520) to work on /opt/airflow/dags/vaccine.py
[2022-11-30 04:05:01,546] {processor.py:642} INFO - Processing file /opt/airflow/dags/vaccine.py for tasks to queue
[2022-11-30 04:05:01,546] {logging_mixin.py:109} INFO - [2022-11-30 04:05:01,546] {dagbag.py:500} INFO - Filling up the DagBag from /opt/airflow/dags/vaccine.py
[2022-11-30 04:05:02,050] {processor.py:654} INFO - DAG(s) dict_keys(['vaccine_dags']) retrieved from /opt/airflow/dags/vaccine.py
[2022-11-30 04:05:02,058] {logging_mixin.py:109} INFO - [2022-11-30 04:05:02,058] {dag.py:2398} INFO - Sync 1 DAGs
[2022-11-30 04:05:02,071] {logging_mixin.py:109} INFO - [2022-11-30 04:05:02,071] {dag.py:2937} INFO - Setting next_dagrun for vaccine_dags to None
[2022-11-30 04:05:02,079] {processor.py:171} INFO - Processing /opt/airflow/dags/vaccine.py took 0.536 seconds
[2022-11-30 04:05:32,964] {processor.py:163} INFO - Started process (PID=4606) to work on /opt/airflow/dags/vaccine.py
[2022-11-30 04:05:32,966] {processor.py:642} INFO - Processing file /opt/airflow/dags/vaccine.py for tasks to queue
[2022-11-30 04:05:32,966] {logging_mixin.py:109} INFO - [2022-11-30 04:05:32,966] {dagbag.py:500} INFO - Filling up the DagBag from /opt/airflow/dags/vaccine.py
[2022-11-30 04:05:33,486] {processor.py:654} INFO - DAG(s) dict_keys(['vaccine_dags']) retrieved from /opt/airflow/dags/vaccine.py
[2022-11-30 04:05:33,495] {logging_mixin.py:109} INFO - [2022-11-30 04:05:33,495] {dag.py:2398} INFO - Sync 1 DAGs
[2022-11-30 04:05:33,509] {logging_mixin.py:109} INFO - [2022-11-30 04:05:33,508] {dag.py:2937} INFO - Setting next_dagrun for vaccine_dags to None
[2022-11-30 04:05:33,519] {processor.py:171} INFO - Processing /opt/airflow/dags/vaccine.py took 0.557 seconds
[2022-11-30 04:06:04,414] {processor.py:163} INFO - Started process (PID=4683) to work on /opt/airflow/dags/vaccine.py
[2022-11-30 04:06:04,416] {processor.py:642} INFO - Processing file /opt/airflow/dags/vaccine.py for tasks to queue
[2022-11-30 04:06:04,416] {logging_mixin.py:109} INFO - [2022-11-30 04:06:04,416] {dagbag.py:500} INFO - Filling up the DagBag from /opt/airflow/dags/vaccine.py
[2022-11-30 04:06:04,895] {processor.py:654} INFO - DAG(s) dict_keys(['vaccine_dags']) retrieved from /opt/airflow/dags/vaccine.py
[2022-11-30 04:06:04,904] {logging_mixin.py:109} INFO - [2022-11-30 04:06:04,903] {dag.py:2398} INFO - Sync 1 DAGs
[2022-11-30 04:06:04,919] {logging_mixin.py:109} INFO - [2022-11-30 04:06:04,919] {dag.py:2937} INFO - Setting next_dagrun for vaccine_dags to None
[2022-11-30 04:06:04,927] {processor.py:171} INFO - Processing /opt/airflow/dags/vaccine.py took 0.515 seconds
[2022-11-30 04:06:35,659] {processor.py:163} INFO - Started process (PID=4769) to work on /opt/airflow/dags/vaccine.py
[2022-11-30 04:06:35,663] {processor.py:642} INFO - Processing file /opt/airflow/dags/vaccine.py for tasks to queue
[2022-11-30 04:06:35,663] {logging_mixin.py:109} INFO - [2022-11-30 04:06:35,663] {dagbag.py:500} INFO - Filling up the DagBag from /opt/airflow/dags/vaccine.py
[2022-11-30 04:06:36,269] {processor.py:654} INFO - DAG(s) dict_keys(['vaccine_dags']) retrieved from /opt/airflow/dags/vaccine.py
[2022-11-30 04:06:36,277] {logging_mixin.py:109} INFO - [2022-11-30 04:06:36,276] {dag.py:2398} INFO - Sync 1 DAGs
[2022-11-30 04:06:36,293] {logging_mixin.py:109} INFO - [2022-11-30 04:06:36,292] {dag.py:2937} INFO - Setting next_dagrun for vaccine_dags to None
[2022-11-30 04:06:36,301] {processor.py:171} INFO - Processing /opt/airflow/dags/vaccine.py took 0.647 seconds
[2022-11-30 04:07:07,251] {processor.py:163} INFO - Started process (PID=4846) to work on /opt/airflow/dags/vaccine.py
[2022-11-30 04:07:07,253] {processor.py:642} INFO - Processing file /opt/airflow/dags/vaccine.py for tasks to queue
[2022-11-30 04:07:07,253] {logging_mixin.py:109} INFO - [2022-11-30 04:07:07,253] {dagbag.py:500} INFO - Filling up the DagBag from /opt/airflow/dags/vaccine.py
[2022-11-30 04:07:07,726] {processor.py:654} INFO - DAG(s) dict_keys(['vaccine_dags']) retrieved from /opt/airflow/dags/vaccine.py
[2022-11-30 04:07:07,734] {logging_mixin.py:109} INFO - [2022-11-30 04:07:07,733] {dag.py:2398} INFO - Sync 1 DAGs
[2022-11-30 04:07:07,744] {logging_mixin.py:109} INFO - [2022-11-30 04:07:07,744] {dag.py:2937} INFO - Setting next_dagrun for vaccine_dags to None
[2022-11-30 04:07:07,754] {processor.py:171} INFO - Processing /opt/airflow/dags/vaccine.py took 0.506 seconds
[2022-11-30 04:07:38,647] {processor.py:163} INFO - Started process (PID=4932) to work on /opt/airflow/dags/vaccine.py
[2022-11-30 04:07:38,648] {processor.py:642} INFO - Processing file /opt/airflow/dags/vaccine.py for tasks to queue
[2022-11-30 04:07:38,649] {logging_mixin.py:109} INFO - [2022-11-30 04:07:38,649] {dagbag.py:500} INFO - Filling up the DagBag from /opt/airflow/dags/vaccine.py
[2022-11-30 04:07:39,318] {processor.py:654} INFO - DAG(s) dict_keys(['vaccine_dags']) retrieved from /opt/airflow/dags/vaccine.py
[2022-11-30 04:07:39,327] {logging_mixin.py:109} INFO - [2022-11-30 04:07:39,326] {dag.py:2398} INFO - Sync 1 DAGs
[2022-11-30 04:07:39,341] {logging_mixin.py:109} INFO - [2022-11-30 04:07:39,341] {dag.py:2937} INFO - Setting next_dagrun for vaccine_dags to None
[2022-11-30 04:07:39,349] {processor.py:171} INFO - Processing /opt/airflow/dags/vaccine.py took 0.706 seconds
[2022-11-30 04:08:10,273] {processor.py:163} INFO - Started process (PID=5009) to work on /opt/airflow/dags/vaccine.py
[2022-11-30 04:08:10,275] {processor.py:642} INFO - Processing file /opt/airflow/dags/vaccine.py for tasks to queue
[2022-11-30 04:08:10,276] {logging_mixin.py:109} INFO - [2022-11-30 04:08:10,276] {dagbag.py:500} INFO - Filling up the DagBag from /opt/airflow/dags/vaccine.py
[2022-11-30 04:08:10,907] {processor.py:654} INFO - DAG(s) dict_keys(['vaccine_dags']) retrieved from /opt/airflow/dags/vaccine.py
[2022-11-30 04:08:10,916] {logging_mixin.py:109} INFO - [2022-11-30 04:08:10,915] {dag.py:2398} INFO - Sync 1 DAGs
[2022-11-30 04:08:10,928] {logging_mixin.py:109} INFO - [2022-11-30 04:08:10,928] {dag.py:2937} INFO - Setting next_dagrun for vaccine_dags to None
[2022-11-30 04:08:10,937] {processor.py:171} INFO - Processing /opt/airflow/dags/vaccine.py took 0.667 seconds
[2022-11-30 04:08:41,769] {processor.py:163} INFO - Started process (PID=5095) to work on /opt/airflow/dags/vaccine.py
[2022-11-30 04:08:41,770] {processor.py:642} INFO - Processing file /opt/airflow/dags/vaccine.py for tasks to queue
[2022-11-30 04:08:41,771] {logging_mixin.py:109} INFO - [2022-11-30 04:08:41,771] {dagbag.py:500} INFO - Filling up the DagBag from /opt/airflow/dags/vaccine.py
[2022-11-30 04:08:42,260] {processor.py:654} INFO - DAG(s) dict_keys(['vaccine_dags']) retrieved from /opt/airflow/dags/vaccine.py
[2022-11-30 04:08:42,268] {logging_mixin.py:109} INFO - [2022-11-30 04:08:42,267] {dag.py:2398} INFO - Sync 1 DAGs
[2022-11-30 04:08:42,280] {logging_mixin.py:109} INFO - [2022-11-30 04:08:42,280] {dag.py:2937} INFO - Setting next_dagrun for vaccine_dags to None
[2022-11-30 04:08:42,289] {processor.py:171} INFO - Processing /opt/airflow/dags/vaccine.py took 0.522 seconds
[2022-11-30 04:09:12,351] {processor.py:163} INFO - Started process (PID=5173) to work on /opt/airflow/dags/vaccine.py
[2022-11-30 04:09:12,352] {processor.py:642} INFO - Processing file /opt/airflow/dags/vaccine.py for tasks to queue
[2022-11-30 04:09:12,353] {logging_mixin.py:109} INFO - [2022-11-30 04:09:12,353] {dagbag.py:500} INFO - Filling up the DagBag from /opt/airflow/dags/vaccine.py
[2022-11-30 04:09:12,821] {processor.py:654} INFO - DAG(s) dict_keys(['vaccine_dags']) retrieved from /opt/airflow/dags/vaccine.py
[2022-11-30 04:09:12,829] {logging_mixin.py:109} INFO - [2022-11-30 04:09:12,828] {dag.py:2398} INFO - Sync 1 DAGs
[2022-11-30 04:09:12,841] {logging_mixin.py:109} INFO - [2022-11-30 04:09:12,841] {dag.py:2937} INFO - Setting next_dagrun for vaccine_dags to None
[2022-11-30 04:09:12,850] {processor.py:171} INFO - Processing /opt/airflow/dags/vaccine.py took 0.501 seconds
[2022-11-30 04:09:43,768] {processor.py:163} INFO - Started process (PID=5260) to work on /opt/airflow/dags/vaccine.py
[2022-11-30 04:09:43,769] {processor.py:642} INFO - Processing file /opt/airflow/dags/vaccine.py for tasks to queue
[2022-11-30 04:09:43,769] {logging_mixin.py:109} INFO - [2022-11-30 04:09:43,769] {dagbag.py:500} INFO - Filling up the DagBag from /opt/airflow/dags/vaccine.py
[2022-11-30 04:09:44,285] {processor.py:654} INFO - DAG(s) dict_keys(['vaccine_dags']) retrieved from /opt/airflow/dags/vaccine.py
[2022-11-30 04:09:44,295] {logging_mixin.py:109} INFO - [2022-11-30 04:09:44,294] {dag.py:2398} INFO - Sync 1 DAGs
[2022-11-30 04:09:44,310] {logging_mixin.py:109} INFO - [2022-11-30 04:09:44,310] {dag.py:2937} INFO - Setting next_dagrun for vaccine_dags to None
[2022-11-30 04:09:44,320] {processor.py:171} INFO - Processing /opt/airflow/dags/vaccine.py took 0.555 seconds
[2022-11-30 04:10:14,508] {processor.py:163} INFO - Started process (PID=5337) to work on /opt/airflow/dags/vaccine.py
[2022-11-30 04:10:14,509] {processor.py:642} INFO - Processing file /opt/airflow/dags/vaccine.py for tasks to queue
[2022-11-30 04:10:14,509] {logging_mixin.py:109} INFO - [2022-11-30 04:10:14,509] {dagbag.py:500} INFO - Filling up the DagBag from /opt/airflow/dags/vaccine.py
[2022-11-30 04:10:15,112] {processor.py:654} INFO - DAG(s) dict_keys(['vaccine_dags']) retrieved from /opt/airflow/dags/vaccine.py
[2022-11-30 04:10:15,123] {logging_mixin.py:109} INFO - [2022-11-30 04:10:15,123] {dag.py:2398} INFO - Sync 1 DAGs
[2022-11-30 04:10:15,139] {logging_mixin.py:109} INFO - [2022-11-30 04:10:15,139] {dag.py:2937} INFO - Setting next_dagrun for vaccine_dags to None
[2022-11-30 04:10:15,149] {processor.py:171} INFO - Processing /opt/airflow/dags/vaccine.py took 0.646 seconds
[2022-11-30 04:10:46,074] {processor.py:163} INFO - Started process (PID=5423) to work on /opt/airflow/dags/vaccine.py
[2022-11-30 04:10:46,075] {processor.py:642} INFO - Processing file /opt/airflow/dags/vaccine.py for tasks to queue
[2022-11-30 04:10:46,075] {logging_mixin.py:109} INFO - [2022-11-30 04:10:46,075] {dagbag.py:500} INFO - Filling up the DagBag from /opt/airflow/dags/vaccine.py
[2022-11-30 04:10:46,698] {processor.py:654} INFO - DAG(s) dict_keys(['vaccine_dags']) retrieved from /opt/airflow/dags/vaccine.py
[2022-11-30 04:10:46,706] {logging_mixin.py:109} INFO - [2022-11-30 04:10:46,705] {dag.py:2398} INFO - Sync 1 DAGs
[2022-11-30 04:10:46,717] {logging_mixin.py:109} INFO - [2022-11-30 04:10:46,716] {dag.py:2937} INFO - Setting next_dagrun for vaccine_dags to None
[2022-11-30 04:10:46,723] {processor.py:171} INFO - Processing /opt/airflow/dags/vaccine.py took 0.652 seconds
[2022-11-30 04:11:17,610] {processor.py:163} INFO - Started process (PID=5500) to work on /opt/airflow/dags/vaccine.py
[2022-11-30 04:11:17,612] {processor.py:642} INFO - Processing file /opt/airflow/dags/vaccine.py for tasks to queue
[2022-11-30 04:11:17,613] {logging_mixin.py:109} INFO - [2022-11-30 04:11:17,613] {dagbag.py:500} INFO - Filling up the DagBag from /opt/airflow/dags/vaccine.py
[2022-11-30 04:11:18,101] {processor.py:654} INFO - DAG(s) dict_keys(['vaccine_dags']) retrieved from /opt/airflow/dags/vaccine.py
[2022-11-30 04:11:18,108] {logging_mixin.py:109} INFO - [2022-11-30 04:11:18,108] {dag.py:2398} INFO - Sync 1 DAGs
[2022-11-30 04:11:18,120] {logging_mixin.py:109} INFO - [2022-11-30 04:11:18,120] {dag.py:2937} INFO - Setting next_dagrun for vaccine_dags to None
[2022-11-30 04:11:18,130] {processor.py:171} INFO - Processing /opt/airflow/dags/vaccine.py took 0.522 seconds
[2022-11-30 04:11:49,012] {processor.py:163} INFO - Started process (PID=5586) to work on /opt/airflow/dags/vaccine.py
[2022-11-30 04:11:49,013] {processor.py:642} INFO - Processing file /opt/airflow/dags/vaccine.py for tasks to queue
[2022-11-30 04:11:49,013] {logging_mixin.py:109} INFO - [2022-11-30 04:11:49,013] {dagbag.py:500} INFO - Filling up the DagBag from /opt/airflow/dags/vaccine.py
[2022-11-30 04:11:49,550] {processor.py:654} INFO - DAG(s) dict_keys(['vaccine_dags']) retrieved from /opt/airflow/dags/vaccine.py
[2022-11-30 04:11:49,560] {logging_mixin.py:109} INFO - [2022-11-30 04:11:49,560] {dag.py:2398} INFO - Sync 1 DAGs
[2022-11-30 04:11:49,578] {logging_mixin.py:109} INFO - [2022-11-30 04:11:49,578] {dag.py:2937} INFO - Setting next_dagrun for vaccine_dags to None
[2022-11-30 04:11:49,585] {processor.py:171} INFO - Processing /opt/airflow/dags/vaccine.py took 0.576 seconds
[2022-11-30 04:12:19,639] {processor.py:163} INFO - Started process (PID=5675) to work on /opt/airflow/dags/vaccine.py
[2022-11-30 04:12:19,647] {processor.py:642} INFO - Processing file /opt/airflow/dags/vaccine.py for tasks to queue
[2022-11-30 04:12:19,648] {logging_mixin.py:109} INFO - [2022-11-30 04:12:19,648] {dagbag.py:500} INFO - Filling up the DagBag from /opt/airflow/dags/vaccine.py
[2022-11-30 04:12:20,154] {processor.py:654} INFO - DAG(s) dict_keys(['vaccine_dags']) retrieved from /opt/airflow/dags/vaccine.py
[2022-11-30 04:12:20,163] {logging_mixin.py:109} INFO - [2022-11-30 04:12:20,163] {dag.py:2398} INFO - Sync 1 DAGs
[2022-11-30 04:12:20,182] {logging_mixin.py:109} INFO - [2022-11-30 04:12:20,182] {dag.py:2937} INFO - Setting next_dagrun for vaccine_dags to None
[2022-11-30 04:12:20,190] {processor.py:171} INFO - Processing /opt/airflow/dags/vaccine.py took 0.554 seconds
[2022-11-30 04:12:50,990] {processor.py:163} INFO - Started process (PID=5749) to work on /opt/airflow/dags/vaccine.py
[2022-11-30 04:12:50,991] {processor.py:642} INFO - Processing file /opt/airflow/dags/vaccine.py for tasks to queue
[2022-11-30 04:12:50,991] {logging_mixin.py:109} INFO - [2022-11-30 04:12:50,991] {dagbag.py:500} INFO - Filling up the DagBag from /opt/airflow/dags/vaccine.py
[2022-11-30 04:12:51,534] {processor.py:654} INFO - DAG(s) dict_keys(['vaccine_dags']) retrieved from /opt/airflow/dags/vaccine.py
[2022-11-30 04:12:51,542] {logging_mixin.py:109} INFO - [2022-11-30 04:12:51,542] {dag.py:2398} INFO - Sync 1 DAGs
[2022-11-30 04:12:51,556] {logging_mixin.py:109} INFO - [2022-11-30 04:12:51,556] {dag.py:2937} INFO - Setting next_dagrun for vaccine_dags to None
[2022-11-30 04:12:51,565] {processor.py:171} INFO - Processing /opt/airflow/dags/vaccine.py took 0.580 seconds
[2022-11-30 04:13:22,387] {processor.py:163} INFO - Started process (PID=5827) to work on /opt/airflow/dags/vaccine.py
[2022-11-30 04:13:22,388] {processor.py:642} INFO - Processing file /opt/airflow/dags/vaccine.py for tasks to queue
[2022-11-30 04:13:22,389] {logging_mixin.py:109} INFO - [2022-11-30 04:13:22,389] {dagbag.py:500} INFO - Filling up the DagBag from /opt/airflow/dags/vaccine.py
[2022-11-30 04:13:22,880] {processor.py:654} INFO - DAG(s) dict_keys(['vaccine_dags']) retrieved from /opt/airflow/dags/vaccine.py
[2022-11-30 04:13:22,889] {logging_mixin.py:109} INFO - [2022-11-30 04:13:22,889] {dag.py:2398} INFO - Sync 1 DAGs
[2022-11-30 04:13:22,904] {logging_mixin.py:109} INFO - [2022-11-30 04:13:22,904] {dag.py:2937} INFO - Setting next_dagrun for vaccine_dags to None
[2022-11-30 04:13:22,914] {processor.py:171} INFO - Processing /opt/airflow/dags/vaccine.py took 0.529 seconds
[2022-11-30 04:13:53,759] {processor.py:163} INFO - Started process (PID=5913) to work on /opt/airflow/dags/vaccine.py
[2022-11-30 04:13:53,760] {processor.py:642} INFO - Processing file /opt/airflow/dags/vaccine.py for tasks to queue
[2022-11-30 04:13:53,761] {logging_mixin.py:109} INFO - [2022-11-30 04:13:53,761] {dagbag.py:500} INFO - Filling up the DagBag from /opt/airflow/dags/vaccine.py
[2022-11-30 04:13:54,494] {processor.py:654} INFO - DAG(s) dict_keys(['vaccine_dags']) retrieved from /opt/airflow/dags/vaccine.py
[2022-11-30 04:13:54,505] {logging_mixin.py:109} INFO - [2022-11-30 04:13:54,505] {dag.py:2398} INFO - Sync 1 DAGs
[2022-11-30 04:13:54,524] {logging_mixin.py:109} INFO - [2022-11-30 04:13:54,524] {dag.py:2937} INFO - Setting next_dagrun for vaccine_dags to None
[2022-11-30 04:13:54,534] {processor.py:171} INFO - Processing /opt/airflow/dags/vaccine.py took 0.779 seconds
[2022-11-30 04:14:24,880] {processor.py:163} INFO - Started process (PID=5990) to work on /opt/airflow/dags/vaccine.py
[2022-11-30 04:14:24,882] {processor.py:642} INFO - Processing file /opt/airflow/dags/vaccine.py for tasks to queue
[2022-11-30 04:14:24,882] {logging_mixin.py:109} INFO - [2022-11-30 04:14:24,882] {dagbag.py:500} INFO - Filling up the DagBag from /opt/airflow/dags/vaccine.py
[2022-11-30 04:14:25,403] {processor.py:654} INFO - DAG(s) dict_keys(['vaccine_dags']) retrieved from /opt/airflow/dags/vaccine.py
[2022-11-30 04:14:25,409] {logging_mixin.py:109} INFO - [2022-11-30 04:14:25,409] {dag.py:2398} INFO - Sync 1 DAGs
[2022-11-30 04:14:25,421] {logging_mixin.py:109} INFO - [2022-11-30 04:14:25,421] {dag.py:2937} INFO - Setting next_dagrun for vaccine_dags to None
[2022-11-30 04:14:25,428] {processor.py:171} INFO - Processing /opt/airflow/dags/vaccine.py took 0.551 seconds
[2022-11-30 04:14:56,302] {processor.py:163} INFO - Started process (PID=6074) to work on /opt/airflow/dags/vaccine.py
[2022-11-30 04:14:56,303] {processor.py:642} INFO - Processing file /opt/airflow/dags/vaccine.py for tasks to queue
[2022-11-30 04:14:56,304] {logging_mixin.py:109} INFO - [2022-11-30 04:14:56,304] {dagbag.py:500} INFO - Filling up the DagBag from /opt/airflow/dags/vaccine.py
[2022-11-30 04:14:56,918] {processor.py:654} INFO - DAG(s) dict_keys(['vaccine_dags']) retrieved from /opt/airflow/dags/vaccine.py
[2022-11-30 04:14:56,928] {logging_mixin.py:109} INFO - [2022-11-30 04:14:56,927] {dag.py:2398} INFO - Sync 1 DAGs
[2022-11-30 04:14:56,945] {logging_mixin.py:109} INFO - [2022-11-30 04:14:56,945] {dag.py:2937} INFO - Setting next_dagrun for vaccine_dags to None
[2022-11-30 04:14:56,952] {processor.py:171} INFO - Processing /opt/airflow/dags/vaccine.py took 0.654 seconds
[2022-11-30 04:15:27,162] {processor.py:163} INFO - Started process (PID=6153) to work on /opt/airflow/dags/vaccine.py
[2022-11-30 04:15:27,164] {processor.py:642} INFO - Processing file /opt/airflow/dags/vaccine.py for tasks to queue
[2022-11-30 04:15:27,164] {logging_mixin.py:109} INFO - [2022-11-30 04:15:27,164] {dagbag.py:500} INFO - Filling up the DagBag from /opt/airflow/dags/vaccine.py
[2022-11-30 04:15:27,654] {processor.py:654} INFO - DAG(s) dict_keys(['vaccine_dags']) retrieved from /opt/airflow/dags/vaccine.py
[2022-11-30 04:15:27,660] {logging_mixin.py:109} INFO - [2022-11-30 04:15:27,659] {dag.py:2398} INFO - Sync 1 DAGs
[2022-11-30 04:15:27,673] {logging_mixin.py:109} INFO - [2022-11-30 04:15:27,672] {dag.py:2937} INFO - Setting next_dagrun for vaccine_dags to None
[2022-11-30 04:15:27,681] {processor.py:171} INFO - Processing /opt/airflow/dags/vaccine.py took 0.522 seconds
[2022-11-30 04:15:57,788] {processor.py:163} INFO - Started process (PID=6230) to work on /opt/airflow/dags/vaccine.py
[2022-11-30 04:15:57,790] {processor.py:642} INFO - Processing file /opt/airflow/dags/vaccine.py for tasks to queue
[2022-11-30 04:15:57,790] {logging_mixin.py:109} INFO - [2022-11-30 04:15:57,790] {dagbag.py:500} INFO - Filling up the DagBag from /opt/airflow/dags/vaccine.py
[2022-11-30 04:15:58,269] {processor.py:654} INFO - DAG(s) dict_keys(['vaccine_dags']) retrieved from /opt/airflow/dags/vaccine.py
[2022-11-30 04:15:58,277] {logging_mixin.py:109} INFO - [2022-11-30 04:15:58,277] {dag.py:2398} INFO - Sync 1 DAGs
[2022-11-30 04:15:58,293] {logging_mixin.py:109} INFO - [2022-11-30 04:15:58,293] {dag.py:2937} INFO - Setting next_dagrun for vaccine_dags to None
[2022-11-30 04:15:58,302] {processor.py:171} INFO - Processing /opt/airflow/dags/vaccine.py took 0.516 seconds
[2022-11-30 04:16:28,655] {processor.py:163} INFO - Started process (PID=6316) to work on /opt/airflow/dags/vaccine.py
[2022-11-30 04:16:28,656] {processor.py:642} INFO - Processing file /opt/airflow/dags/vaccine.py for tasks to queue
[2022-11-30 04:16:28,657] {logging_mixin.py:109} INFO - [2022-11-30 04:16:28,657] {dagbag.py:500} INFO - Filling up the DagBag from /opt/airflow/dags/vaccine.py
[2022-11-30 04:16:29,186] {processor.py:654} INFO - DAG(s) dict_keys(['vaccine_dags']) retrieved from /opt/airflow/dags/vaccine.py
[2022-11-30 04:16:29,196] {logging_mixin.py:109} INFO - [2022-11-30 04:16:29,195] {dag.py:2398} INFO - Sync 1 DAGs
[2022-11-30 04:16:29,210] {logging_mixin.py:109} INFO - [2022-11-30 04:16:29,210] {dag.py:2937} INFO - Setting next_dagrun for vaccine_dags to None
[2022-11-30 04:16:29,220] {processor.py:171} INFO - Processing /opt/airflow/dags/vaccine.py took 0.570 seconds
[2022-11-30 04:16:59,251] {processor.py:163} INFO - Started process (PID=6393) to work on /opt/airflow/dags/vaccine.py
[2022-11-30 04:16:59,252] {processor.py:642} INFO - Processing file /opt/airflow/dags/vaccine.py for tasks to queue
[2022-11-30 04:16:59,252] {logging_mixin.py:109} INFO - [2022-11-30 04:16:59,252] {dagbag.py:500} INFO - Filling up the DagBag from /opt/airflow/dags/vaccine.py
[2022-11-30 04:16:59,675] {processor.py:654} INFO - DAG(s) dict_keys(['vaccine_dags']) retrieved from /opt/airflow/dags/vaccine.py
[2022-11-30 04:16:59,681] {logging_mixin.py:109} INFO - [2022-11-30 04:16:59,681] {dag.py:2398} INFO - Sync 1 DAGs
[2022-11-30 04:16:59,691] {logging_mixin.py:109} INFO - [2022-11-30 04:16:59,690] {dag.py:2937} INFO - Setting next_dagrun for vaccine_dags to None
[2022-11-30 04:16:59,697] {processor.py:171} INFO - Processing /opt/airflow/dags/vaccine.py took 0.449 seconds
[2022-11-30 04:17:30,377] {processor.py:163} INFO - Started process (PID=6479) to work on /opt/airflow/dags/vaccine.py
[2022-11-30 04:17:30,378] {processor.py:642} INFO - Processing file /opt/airflow/dags/vaccine.py for tasks to queue
[2022-11-30 04:17:30,379] {logging_mixin.py:109} INFO - [2022-11-30 04:17:30,379] {dagbag.py:500} INFO - Filling up the DagBag from /opt/airflow/dags/vaccine.py
[2022-11-30 04:17:30,862] {processor.py:654} INFO - DAG(s) dict_keys(['vaccine_dags']) retrieved from /opt/airflow/dags/vaccine.py
[2022-11-30 04:17:30,869] {logging_mixin.py:109} INFO - [2022-11-30 04:17:30,869] {dag.py:2398} INFO - Sync 1 DAGs
[2022-11-30 04:17:30,880] {logging_mixin.py:109} INFO - [2022-11-30 04:17:30,880] {dag.py:2937} INFO - Setting next_dagrun for vaccine_dags to None
[2022-11-30 04:17:30,888] {processor.py:171} INFO - Processing /opt/airflow/dags/vaccine.py took 0.514 seconds
[2022-11-30 04:18:01,741] {processor.py:163} INFO - Started process (PID=6556) to work on /opt/airflow/dags/vaccine.py
[2022-11-30 04:18:01,742] {processor.py:642} INFO - Processing file /opt/airflow/dags/vaccine.py for tasks to queue
[2022-11-30 04:18:01,743] {logging_mixin.py:109} INFO - [2022-11-30 04:18:01,743] {dagbag.py:500} INFO - Filling up the DagBag from /opt/airflow/dags/vaccine.py
[2022-11-30 04:18:02,337] {processor.py:654} INFO - DAG(s) dict_keys(['vaccine_dags']) retrieved from /opt/airflow/dags/vaccine.py
[2022-11-30 04:18:02,345] {logging_mixin.py:109} INFO - [2022-11-30 04:18:02,345] {dag.py:2398} INFO - Sync 1 DAGs
[2022-11-30 04:18:02,361] {logging_mixin.py:109} INFO - [2022-11-30 04:18:02,361] {dag.py:2937} INFO - Setting next_dagrun for vaccine_dags to None
[2022-11-30 04:18:02,370] {processor.py:171} INFO - Processing /opt/airflow/dags/vaccine.py took 0.633 seconds
[2022-11-30 04:18:33,272] {processor.py:163} INFO - Started process (PID=6642) to work on /opt/airflow/dags/vaccine.py
[2022-11-30 04:18:33,273] {processor.py:642} INFO - Processing file /opt/airflow/dags/vaccine.py for tasks to queue
[2022-11-30 04:18:33,273] {logging_mixin.py:109} INFO - [2022-11-30 04:18:33,273] {dagbag.py:500} INFO - Filling up the DagBag from /opt/airflow/dags/vaccine.py
[2022-11-30 04:18:33,783] {processor.py:654} INFO - DAG(s) dict_keys(['vaccine_dags']) retrieved from /opt/airflow/dags/vaccine.py
[2022-11-30 04:18:33,790] {logging_mixin.py:109} INFO - [2022-11-30 04:18:33,789] {dag.py:2398} INFO - Sync 1 DAGs
[2022-11-30 04:18:33,802] {logging_mixin.py:109} INFO - [2022-11-30 04:18:33,802] {dag.py:2937} INFO - Setting next_dagrun for vaccine_dags to None
[2022-11-30 04:18:33,811] {processor.py:171} INFO - Processing /opt/airflow/dags/vaccine.py took 0.542 seconds
[2022-11-30 04:19:04,126] {processor.py:163} INFO - Started process (PID=6719) to work on /opt/airflow/dags/vaccine.py
[2022-11-30 04:19:04,128] {processor.py:642} INFO - Processing file /opt/airflow/dags/vaccine.py for tasks to queue
[2022-11-30 04:19:04,128] {logging_mixin.py:109} INFO - [2022-11-30 04:19:04,128] {dagbag.py:500} INFO - Filling up the DagBag from /opt/airflow/dags/vaccine.py
[2022-11-30 04:19:04,636] {processor.py:654} INFO - DAG(s) dict_keys(['vaccine_dags']) retrieved from /opt/airflow/dags/vaccine.py
[2022-11-30 04:19:04,642] {logging_mixin.py:109} INFO - [2022-11-30 04:19:04,642] {dag.py:2398} INFO - Sync 1 DAGs
[2022-11-30 04:19:04,653] {logging_mixin.py:109} INFO - [2022-11-30 04:19:04,653] {dag.py:2937} INFO - Setting next_dagrun for vaccine_dags to None
[2022-11-30 04:19:04,661] {processor.py:171} INFO - Processing /opt/airflow/dags/vaccine.py took 0.537 seconds
[2022-11-30 04:19:35,440] {processor.py:163} INFO - Started process (PID=6805) to work on /opt/airflow/dags/vaccine.py
[2022-11-30 04:19:35,440] {processor.py:642} INFO - Processing file /opt/airflow/dags/vaccine.py for tasks to queue
[2022-11-30 04:19:35,441] {logging_mixin.py:109} INFO - [2022-11-30 04:19:35,441] {dagbag.py:500} INFO - Filling up the DagBag from /opt/airflow/dags/vaccine.py
[2022-11-30 04:19:35,928] {processor.py:654} INFO - DAG(s) dict_keys(['vaccine_dags']) retrieved from /opt/airflow/dags/vaccine.py
[2022-11-30 04:19:35,935] {logging_mixin.py:109} INFO - [2022-11-30 04:19:35,935] {dag.py:2398} INFO - Sync 1 DAGs
[2022-11-30 04:19:35,946] {logging_mixin.py:109} INFO - [2022-11-30 04:19:35,946] {dag.py:2937} INFO - Setting next_dagrun for vaccine_dags to None
[2022-11-30 04:19:35,954] {processor.py:171} INFO - Processing /opt/airflow/dags/vaccine.py took 0.517 seconds
[2022-11-30 04:20:06,781] {processor.py:163} INFO - Started process (PID=6882) to work on /opt/airflow/dags/vaccine.py
[2022-11-30 04:20:06,782] {processor.py:642} INFO - Processing file /opt/airflow/dags/vaccine.py for tasks to queue
[2022-11-30 04:20:06,783] {logging_mixin.py:109} INFO - [2022-11-30 04:20:06,783] {dagbag.py:500} INFO - Filling up the DagBag from /opt/airflow/dags/vaccine.py
[2022-11-30 04:20:07,302] {processor.py:654} INFO - DAG(s) dict_keys(['vaccine_dags']) retrieved from /opt/airflow/dags/vaccine.py
[2022-11-30 04:20:07,309] {logging_mixin.py:109} INFO - [2022-11-30 04:20:07,309] {dag.py:2398} INFO - Sync 1 DAGs
[2022-11-30 04:20:07,324] {logging_mixin.py:109} INFO - [2022-11-30 04:20:07,323] {dag.py:2937} INFO - Setting next_dagrun for vaccine_dags to None
[2022-11-30 04:20:07,334] {processor.py:171} INFO - Processing /opt/airflow/dags/vaccine.py took 0.555 seconds
[2022-11-30 04:20:38,141] {processor.py:163} INFO - Started process (PID=6968) to work on /opt/airflow/dags/vaccine.py
[2022-11-30 04:20:38,143] {processor.py:642} INFO - Processing file /opt/airflow/dags/vaccine.py for tasks to queue
[2022-11-30 04:20:38,144] {logging_mixin.py:109} INFO - [2022-11-30 04:20:38,144] {dagbag.py:500} INFO - Filling up the DagBag from /opt/airflow/dags/vaccine.py
[2022-11-30 04:20:38,799] {processor.py:654} INFO - DAG(s) dict_keys(['vaccine_dags']) retrieved from /opt/airflow/dags/vaccine.py
[2022-11-30 04:20:38,808] {logging_mixin.py:109} INFO - [2022-11-30 04:20:38,808] {dag.py:2398} INFO - Sync 1 DAGs
[2022-11-30 04:20:38,824] {logging_mixin.py:109} INFO - [2022-11-30 04:20:38,824] {dag.py:2937} INFO - Setting next_dagrun for vaccine_dags to None
[2022-11-30 04:20:38,832] {processor.py:171} INFO - Processing /opt/airflow/dags/vaccine.py took 0.694 seconds
[2022-11-30 04:21:09,347] {processor.py:163} INFO - Started process (PID=7058) to work on /opt/airflow/dags/vaccine.py
[2022-11-30 04:21:09,348] {processor.py:642} INFO - Processing file /opt/airflow/dags/vaccine.py for tasks to queue
[2022-11-30 04:21:09,349] {logging_mixin.py:109} INFO - [2022-11-30 04:21:09,349] {dagbag.py:500} INFO - Filling up the DagBag from /opt/airflow/dags/vaccine.py
[2022-11-30 04:21:09,886] {processor.py:654} INFO - DAG(s) dict_keys(['vaccine_dags']) retrieved from /opt/airflow/dags/vaccine.py
[2022-11-30 04:21:09,893] {logging_mixin.py:109} INFO - [2022-11-30 04:21:09,892] {dag.py:2398} INFO - Sync 1 DAGs
[2022-11-30 04:21:09,906] {logging_mixin.py:109} INFO - [2022-11-30 04:21:09,906] {dag.py:2937} INFO - Setting next_dagrun for vaccine_dags to None
[2022-11-30 04:21:09,916] {processor.py:171} INFO - Processing /opt/airflow/dags/vaccine.py took 0.572 seconds
[2022-11-30 04:21:40,334] {processor.py:163} INFO - Started process (PID=7147) to work on /opt/airflow/dags/vaccine.py
[2022-11-30 04:21:40,334] {processor.py:642} INFO - Processing file /opt/airflow/dags/vaccine.py for tasks to queue
[2022-11-30 04:21:40,335] {logging_mixin.py:109} INFO - [2022-11-30 04:21:40,335] {dagbag.py:500} INFO - Filling up the DagBag from /opt/airflow/dags/vaccine.py
[2022-11-30 04:21:40,979] {processor.py:654} INFO - DAG(s) dict_keys(['vaccine_dags']) retrieved from /opt/airflow/dags/vaccine.py
[2022-11-30 04:21:40,988] {logging_mixin.py:109} INFO - [2022-11-30 04:21:40,988] {dag.py:2398} INFO - Sync 1 DAGs
[2022-11-30 04:21:41,001] {logging_mixin.py:109} INFO - [2022-11-30 04:21:41,001] {dag.py:2937} INFO - Setting next_dagrun for vaccine_dags to None
[2022-11-30 04:21:41,008] {processor.py:171} INFO - Processing /opt/airflow/dags/vaccine.py took 0.678 seconds
[2022-11-30 04:22:11,138] {processor.py:163} INFO - Started process (PID=7227) to work on /opt/airflow/dags/vaccine.py
[2022-11-30 04:22:11,139] {processor.py:642} INFO - Processing file /opt/airflow/dags/vaccine.py for tasks to queue
[2022-11-30 04:22:11,139] {logging_mixin.py:109} INFO - [2022-11-30 04:22:11,139] {dagbag.py:500} INFO - Filling up the DagBag from /opt/airflow/dags/vaccine.py
[2022-11-30 04:22:11,593] {processor.py:654} INFO - DAG(s) dict_keys(['vaccine_dags']) retrieved from /opt/airflow/dags/vaccine.py
[2022-11-30 04:22:11,602] {logging_mixin.py:109} INFO - [2022-11-30 04:22:11,601] {dag.py:2398} INFO - Sync 1 DAGs
[2022-11-30 04:22:11,616] {logging_mixin.py:109} INFO - [2022-11-30 04:22:11,615] {dag.py:2937} INFO - Setting next_dagrun for vaccine_dags to None
[2022-11-30 04:22:11,624] {processor.py:171} INFO - Processing /opt/airflow/dags/vaccine.py took 0.489 seconds
